[32mI[16:27:43,685] [main]Main:[m Hello, I am 172.10.10.0:10000
[32mI[16:27:43,973] [main]BroadcastApp:[m Waiting...
[32mI[16:27:44,967] [100-CyclonMembership]CyclonMembership:[m Channel Metrics:
In channels:
Out channels:
[32mI[16:27:44,976] [100-CyclonMembership]CyclonMembership:[m Membership Metrics:
Membership: []
ProtocolMetrics{totalEvents=2, messagesIn=0, messagesFailed=0, messagesSent=0, timers=1, notifications=0, requests=0, replies=0, customChannelEvents=1}
[32mI[16:27:45,956] [100-CyclonMembership]CyclonMembership:[m Channel Metrics:
In channels:
Out channels:
[32mI[16:27:45,975] [100-CyclonMembership]CyclonMembership:[m Membership Metrics:
Membership: []
ProtocolMetrics{totalEvents=4, messagesIn=0, messagesFailed=0, messagesSent=0, timers=2, notifications=0, requests=0, replies=0, customChannelEvents=2}
[32mI[16:27:46,956] [100-CyclonMembership]CyclonMembership:[m Channel Metrics:
In channels:
Out channels:
[32mI[16:27:46,976] [100-CyclonMembership]CyclonMembership:[m Membership Metrics:
Membership: []
ProtocolMetrics{totalEvents=7, messagesIn=0, messagesFailed=0, messagesSent=0, timers=4, notifications=0, requests=0, replies=0, customChannelEvents=3}
[32mI[16:27:47,956] [100-CyclonMembership]CyclonMembership:[m Channel Metrics:
In channels:
Out channels:
[32mI[16:27:47,976] [100-CyclonMembership]CyclonMembership:[m Membership Metrics:
Membership: []
ProtocolMetrics{totalEvents=9, messagesIn=0, messagesFailed=0, messagesSent=0, timers=5, notifications=0, requests=0, replies=0, customChannelEvents=4}
[32mI[16:27:48,956] [100-CyclonMembership]CyclonMembership:[m Channel Metrics:
In channels:
Out channels:
[32mI[16:27:48,974] [300-BroadcastApp]BroadcastApp:[m Starting
[32mI[16:27:48,976] [100-CyclonMembership]CyclonMembership:[m Membership Metrics:
Membership: []
ProtocolMetrics{totalEvents=11, messagesIn=0, messagesFailed=0, messagesSent=0, timers=6, notifications=0, requests=0, replies=0, customChannelEvents=5}
[32mI[16:27:48,984] [300-BroadcastApp]BroadcastApp:[m Sending: 6b490042-40e7-4b4b-af69-4eefc2bca01f - CQZDPHORFI (10)
[32mI[16:27:48,986] [300-BroadcastApp]BroadcastApp:[m Received 6b490042-40e7-4b4b-af69-4eefc2bca01f - CQZDPHORFI (10) from 172.10.10.0:10000
[32mI[16:27:49,956] [100-CyclonMembership]CyclonMembership:[m Channel Metrics:
In channels:
Out channels:
[32mI[16:27:49,976] [100-CyclonMembership]CyclonMembership:[m Membership Metrics:
Membership: []
ProtocolMetrics{totalEvents=14, messagesIn=0, messagesFailed=0, messagesSent=0, timers=8, notifications=0, requests=0, replies=0, customChannelEvents=6}
[32mI[16:27:49,977] [300-BroadcastApp]BroadcastApp:[m Sending: a28d0929-733b-4f1c-af9e-d271cbb80c43 - IUONMSFZHE (10)
[32mI[16:27:49,977] [300-BroadcastApp]BroadcastApp:[m Received a28d0929-733b-4f1c-af9e-d271cbb80c43 - IUONMSFZHE (10) from 172.10.10.0:10000
[32mI[16:27:50,956] [100-CyclonMembership]CyclonMembership:[m Channel Metrics:
In channels:
Out channels:
[32mI[16:27:50,977] [100-CyclonMembership]CyclonMembership:[m Membership Metrics:
Membership: []
ProtocolMetrics{totalEvents=16, messagesIn=0, messagesFailed=0, messagesSent=0, timers=9, notifications=0, requests=0, replies=0, customChannelEvents=7}
[32mI[16:27:50,977] [300-BroadcastApp]BroadcastApp:[m Sending: 7b66a337-5c1c-4fd5-85cf-c180519b37b4 - JGMIDHBZDP (10)
[32mI[16:27:50,978] [300-BroadcastApp]BroadcastApp:[m Received 7b66a337-5c1c-4fd5-85cf-c180519b37b4 - JGMIDHBZDP (10) from 172.10.10.0:10000
[32mI[16:27:51,956] [100-CyclonMembership]CyclonMembership:[m Channel Metrics:
In channels:
Out channels:
[32mI[16:27:51,976] [100-CyclonMembership]CyclonMembership:[m Membership Metrics:
Membership: []
ProtocolMetrics{totalEvents=18, messagesIn=0, messagesFailed=0, messagesSent=0, timers=10, notifications=0, requests=0, replies=0, customChannelEvents=8}
[32mI[16:27:51,977] [300-BroadcastApp]BroadcastApp:[m Sending: ae113783-687a-4af8-b88b-fc47139f61b9 - FKYYQZEKZF (10)
[32mI[16:27:51,978] [300-BroadcastApp]BroadcastApp:[m Received ae113783-687a-4af8-b88b-fc47139f61b9 - FKYYQZEKZF (10) from 172.10.10.0:10000
[32mI[16:27:52,956] [100-CyclonMembership]CyclonMembership:[m Channel Metrics:
In channels:
Out channels:
[32mI[16:27:52,977] [100-CyclonMembership]CyclonMembership:[m Membership Metrics:
Membership: []
ProtocolMetrics{totalEvents=21, messagesIn=0, messagesFailed=0, messagesSent=0, timers=12, notifications=0, requests=0, replies=0, customChannelEvents=9}
[32mI[16:27:52,978] [300-BroadcastApp]BroadcastApp:[m Sending: c8bbdffb-be7b-4d49-8f1d-bcac4f2bd98a - APLUYZYQCR (10)
[32mI[16:27:52,978] [300-BroadcastApp]BroadcastApp:[m Received c8bbdffb-be7b-4d49-8f1d-bcac4f2bd98a - APLUYZYQCR (10) from 172.10.10.0:10000
[32mI[16:27:53,956] [100-CyclonMembership]CyclonMembership:[m Channel Metrics:
In channels:
Out channels:
[32mI[16:27:53,977] [100-CyclonMembership]CyclonMembership:[m Membership Metrics:
Membership: []
ProtocolMetrics{totalEvents=23, messagesIn=0, messagesFailed=0, messagesSent=0, timers=13, notifications=0, requests=0, replies=0, customChannelEvents=10}
[32mI[16:27:53,977] [300-BroadcastApp]BroadcastApp:[m Sending: 2af4771c-8c0e-4aa8-830b-eced7fb54acd - UVVBYPDYNK (10)
[32mI[16:27:53,977] [300-BroadcastApp]BroadcastApp:[m Received 2af4771c-8c0e-4aa8-830b-eced7fb54acd - UVVBYPDYNK (10) from 172.10.10.0:10000
[32mI[16:27:54,956] [100-CyclonMembership]CyclonMembership:[m Channel Metrics:
In channels:
Out channels:
[32mI[16:27:54,976] [100-CyclonMembership]CyclonMembership:[m Membership Metrics:
Membership: []
ProtocolMetrics{totalEvents=25, messagesIn=0, messagesFailed=0, messagesSent=0, timers=14, notifications=0, requests=0, replies=0, customChannelEvents=11}
[32mI[16:27:54,977] [300-BroadcastApp]BroadcastApp:[m Sending: 81adafae-3926-4e56-812d-b6c9d288fcac - AXSTUVSBMR (10)
[32mI[16:27:54,978] [300-BroadcastApp]BroadcastApp:[m Received 81adafae-3926-4e56-812d-b6c9d288fcac - AXSTUVSBMR (10) from 172.10.10.0:10000
[32mI[16:27:55,956] [100-CyclonMembership]CyclonMembership:[m Channel Metrics:
In channels:
Out channels:
[32mI[16:27:55,976] [100-CyclonMembership]CyclonMembership:[m Membership Metrics:
Membership: []
ProtocolMetrics{totalEvents=28, messagesIn=0, messagesFailed=0, messagesSent=0, timers=16, notifications=0, requests=0, replies=0, customChannelEvents=12}
[32mI[16:27:55,978] [300-BroadcastApp]BroadcastApp:[m Sending: d6c99e48-ab6d-4109-9331-f1d8bef66d49 - GKMIYARMHC (10)
[32mI[16:27:55,979] [300-BroadcastApp]BroadcastApp:[m Received d6c99e48-ab6d-4109-9331-f1d8bef66d49 - GKMIYARMHC (10) from 172.10.10.0:10000
[32mI[16:27:56,956] [100-CyclonMembership]CyclonMembership:[m Channel Metrics:
In channels:
Out channels:
[32mI[16:27:56,977] [100-CyclonMembership]CyclonMembership:[m Membership Metrics:
Membership: []
ProtocolMetrics{totalEvents=30, messagesIn=0, messagesFailed=0, messagesSent=0, timers=17, notifications=0, requests=0, replies=0, customChannelEvents=13}
[32mI[16:27:56,977] [300-BroadcastApp]BroadcastApp:[m Sending: 6fa4cde4-990b-4ffc-9662-52d1e531e51f - OIOSRBQYLC (10)
[32mI[16:27:56,977] [300-BroadcastApp]BroadcastApp:[m Received 6fa4cde4-990b-4ffc-9662-52d1e531e51f - OIOSRBQYLC (10) from 172.10.10.0:10000
[32mI[16:27:57,956] [100-CyclonMembership]CyclonMembership:[m Channel Metrics:
In channels:
Out channels:
[32mI[16:27:57,977] [100-CyclonMembership]CyclonMembership:[m Membership Metrics:
Membership: []
ProtocolMetrics{totalEvents=32, messagesIn=0, messagesFailed=0, messagesSent=0, timers=18, notifications=0, requests=0, replies=0, customChannelEvents=14}
[32mI[16:27:57,977] [300-BroadcastApp]BroadcastApp:[m Sending: 0f376bf3-4a81-4450-b085-6531b4b8debd - BNMWTYCPVM (10)
[32mI[16:27:57,978] [300-BroadcastApp]BroadcastApp:[m Received 0f376bf3-4a81-4450-b085-6531b4b8debd - BNMWTYCPVM (10) from 172.10.10.0:10000
[32mI[16:27:58,956] [100-CyclonMembership]CyclonMembership:[m Channel Metrics:
In channels:
Out channels:
[32mI[16:27:58,977] [100-CyclonMembership]CyclonMembership:[m Membership Metrics:
Membership: []
ProtocolMetrics{totalEvents=35, messagesIn=0, messagesFailed=0, messagesSent=0, timers=20, notifications=0, requests=0, replies=0, customChannelEvents=15}
[32mI[16:27:58,977] [300-BroadcastApp]BroadcastApp:[m Sending: c69baa0c-3b07-4c8d-9814-d7918f2e6c0d - GDXZYBFANH (10)
[32mI[16:27:58,978] [300-BroadcastApp]BroadcastApp:[m Received c69baa0c-3b07-4c8d-9814-d7918f2e6c0d - GDXZYBFANH (10) from 172.10.10.0:10000
[32mI[16:27:59,956] [100-CyclonMembership]CyclonMembership:[m Channel Metrics:
In channels:
Out channels:
[32mI[16:27:59,978] [100-CyclonMembership]CyclonMembership:[m Membership Metrics:
Membership: []
ProtocolMetrics{totalEvents=37, messagesIn=0, messagesFailed=0, messagesSent=0, timers=21, notifications=0, requests=0, replies=0, customChannelEvents=16}
[32mI[16:27:59,978] [300-BroadcastApp]BroadcastApp:[m Sending: bed7cdd8-17c3-40b0-be9f-83ba05861192 - PQJYQFLASK (10)
[32mI[16:27:59,979] [300-BroadcastApp]BroadcastApp:[m Received bed7cdd8-17c3-40b0-be9f-83ba05861192 - PQJYQFLASK (10) from 172.10.10.0:10000
[32mI[16:28:00,956] [100-CyclonMembership]CyclonMembership:[m Channel Metrics:
In channels:
Out channels:
[32mI[16:28:00,978] [100-CyclonMembership]CyclonMembership:[m Membership Metrics:
Membership: []
ProtocolMetrics{totalEvents=39, messagesIn=0, messagesFailed=0, messagesSent=0, timers=22, notifications=0, requests=0, replies=0, customChannelEvents=17}
[32mI[16:28:00,978] [300-BroadcastApp]BroadcastApp:[m Sending: cdb6f000-35a1-43fc-aa5e-77e0af5df12f - WBYOHQXLTN (10)
[32mI[16:28:00,978] [300-BroadcastApp]BroadcastApp:[m Received cdb6f000-35a1-43fc-aa5e-77e0af5df12f - WBYOHQXLTN (10) from 172.10.10.0:10000
[32mI[16:28:01,956] [100-CyclonMembership]CyclonMembership:[m Channel Metrics:
In channels:
Out channels:
[32mI[16:28:01,977] [300-BroadcastApp]BroadcastApp:[m Sending: 6908f050-f5d3-4ea1-8bc8-f2d869331210 - PBGJNQONQG (10)
[32mI[16:28:01,978] [300-BroadcastApp]BroadcastApp:[m Received 6908f050-f5d3-4ea1-8bc8-f2d869331210 - PBGJNQONQG (10) from 172.10.10.0:10000
[32mI[16:28:01,978] [100-CyclonMembership]CyclonMembership:[m Membership Metrics:
Membership: []
ProtocolMetrics{totalEvents=42, messagesIn=0, messagesFailed=0, messagesSent=0, timers=24, notifications=0, requests=0, replies=0, customChannelEvents=18}
[32mI[16:28:02,956] [100-CyclonMembership]CyclonMembership:[m Channel Metrics:
In channels:
Out channels:
[32mI[16:28:02,978] [300-BroadcastApp]BroadcastApp:[m Sending: d5f57c0b-65ea-4b7b-91b0-3ff4483a140d - GPEGCMFSPA (10)
[32mI[16:28:02,979] [300-BroadcastApp]BroadcastApp:[m Received d5f57c0b-65ea-4b7b-91b0-3ff4483a140d - GPEGCMFSPA (10) from 172.10.10.0:10000
[32mI[16:28:02,979] [100-CyclonMembership]CyclonMembership:[m Membership Metrics:
Membership: []
ProtocolMetrics{totalEvents=44, messagesIn=0, messagesFailed=0, messagesSent=0, timers=25, notifications=0, requests=0, replies=0, customChannelEvents=19}
[32mI[16:28:03,956] [100-CyclonMembership]CyclonMembership:[m Channel Metrics:
In channels:
Out channels:
[32mI[16:28:03,978] [300-BroadcastApp]BroadcastApp:[m Sending: d5c631d9-9b0b-496f-bf63-f0f0a02c7309 - XPQMTEXYRV (10)
[32mI[16:28:03,978] [100-CyclonMembership]CyclonMembership:[m Membership Metrics:
Membership: []
ProtocolMetrics{totalEvents=46, messagesIn=0, messagesFailed=0, messagesSent=0, timers=26, notifications=0, requests=0, replies=0, customChannelEvents=20}
[32mI[16:28:03,978] [300-BroadcastApp]BroadcastApp:[m Received d5c631d9-9b0b-496f-bf63-f0f0a02c7309 - XPQMTEXYRV (10) from 172.10.10.0:10000
[32mI[16:28:04,956] [100-CyclonMembership]CyclonMembership:[m Channel Metrics:
In channels:
Out channels:
[32mI[16:28:04,977] [300-BroadcastApp]BroadcastApp:[m Sending: 6ed3f9b3-8411-42e8-9f22-151f1240b4c6 - QUXYZBFDWB (10)
[32mI[16:28:04,978] [300-BroadcastApp]BroadcastApp:[m Received 6ed3f9b3-8411-42e8-9f22-151f1240b4c6 - QUXYZBFDWB (10) from 172.10.10.0:10000
[32mI[16:28:04,978] [100-CyclonMembership]CyclonMembership:[m Membership Metrics:
Membership: []
ProtocolMetrics{totalEvents=49, messagesIn=0, messagesFailed=0, messagesSent=0, timers=28, notifications=0, requests=0, replies=0, customChannelEvents=21}
[32mI[16:28:05,956] [100-CyclonMembership]CyclonMembership:[m Channel Metrics:
In channels:
Out channels:
[32mI[16:28:05,977] [300-BroadcastApp]BroadcastApp:[m Sending: 8ac60d04-befa-4ea9-9653-c12300ced0d8 - EIOYCFYKJR (10)
[32mI[16:28:05,978] [300-BroadcastApp]BroadcastApp:[m Received 8ac60d04-befa-4ea9-9653-c12300ced0d8 - EIOYCFYKJR (10) from 172.10.10.0:10000
[32mI[16:28:05,978] [100-CyclonMembership]CyclonMembership:[m Membership Metrics:
Membership: []
ProtocolMetrics{totalEvents=51, messagesIn=0, messagesFailed=0, messagesSent=0, timers=29, notifications=0, requests=0, replies=0, customChannelEvents=22}
[32mI[16:28:06,956] [100-CyclonMembership]CyclonMembership:[m Channel Metrics:
In channels:
Out channels:
[32mI[16:28:06,978] [300-BroadcastApp]BroadcastApp:[m Sending: 3a2ed5ae-aa58-4051-9eda-c224bf402aed - NXNBIIUTWE (10)
[32mI[16:28:06,978] [300-BroadcastApp]BroadcastApp:[m Received 3a2ed5ae-aa58-4051-9eda-c224bf402aed - NXNBIIUTWE (10) from 172.10.10.0:10000
[32mI[16:28:06,979] [100-CyclonMembership]CyclonMembership:[m Membership Metrics:
Membership: []
ProtocolMetrics{totalEvents=53, messagesIn=0, messagesFailed=0, messagesSent=0, timers=30, notifications=0, requests=0, replies=0, customChannelEvents=23}
[32mI[16:28:07,956] [100-CyclonMembership]CyclonMembership:[m Channel Metrics:
In channels:
Out channels:
[32mI[16:28:07,977] [300-BroadcastApp]BroadcastApp:[m Sending: e9e2d8ef-5e2b-4529-b09d-543bd8bccb1a - VZPVSWIVLZ (10)
[32mI[16:28:07,978] [300-BroadcastApp]BroadcastApp:[m Received e9e2d8ef-5e2b-4529-b09d-543bd8bccb1a - VZPVSWIVLZ (10) from 172.10.10.0:10000
[32mI[16:28:07,978] [100-CyclonMembership]CyclonMembership:[m Membership Metrics:
Membership: []
ProtocolMetrics{totalEvents=56, messagesIn=0, messagesFailed=0, messagesSent=0, timers=32, notifications=0, requests=0, replies=0, customChannelEvents=24}
[32mI[16:28:08,956] [100-CyclonMembership]CyclonMembership:[m Channel Metrics:
In channels:
Out channels:
[32mI[16:28:08,977] [300-BroadcastApp]BroadcastApp:[m Sending: 7c171a4f-7081-40ec-845b-131135d2d567 - EUBGAXBNUT (10)
[32mI[16:28:08,978] [300-BroadcastApp]BroadcastApp:[m Received 7c171a4f-7081-40ec-845b-131135d2d567 - EUBGAXBNUT (10) from 172.10.10.0:10000
[32mI[16:28:08,978] [100-CyclonMembership]CyclonMembership:[m Membership Metrics:
Membership: []
ProtocolMetrics{totalEvents=58, messagesIn=0, messagesFailed=0, messagesSent=0, timers=33, notifications=0, requests=0, replies=0, customChannelEvents=25}
[32mI[16:28:09,956] [100-CyclonMembership]CyclonMembership:[m Channel Metrics:
In channels:
Out channels:
[32mI[16:28:09,978] [300-BroadcastApp]BroadcastApp:[m Sending: 07d2ba3b-40d7-4a05-b4fd-e3dbd8fc708c - LJRAVTSSSP (10)
[32mI[16:28:09,978] [300-BroadcastApp]BroadcastApp:[m Received 07d2ba3b-40d7-4a05-b4fd-e3dbd8fc708c - LJRAVTSSSP (10) from 172.10.10.0:10000
[32mI[16:28:09,979] [100-CyclonMembership]CyclonMembership:[m Membership Metrics:
Membership: []
ProtocolMetrics{totalEvents=60, messagesIn=0, messagesFailed=0, messagesSent=0, timers=34, notifications=0, requests=0, replies=0, customChannelEvents=26}
[32mI[16:28:10,956] [100-CyclonMembership]CyclonMembership:[m Channel Metrics:
In channels:
Out channels:
[32mI[16:28:10,977] [300-BroadcastApp]BroadcastApp:[m Sending: 3c34e5fc-ec39-46d3-81f3-2124d21a7b54 - PPDIQYVGWL (10)
[32mI[16:28:10,978] [300-BroadcastApp]BroadcastApp:[m Received 3c34e5fc-ec39-46d3-81f3-2124d21a7b54 - PPDIQYVGWL (10) from 172.10.10.0:10000
[32mI[16:28:10,979] [100-CyclonMembership]CyclonMembership:[m Membership Metrics:
Membership: []
ProtocolMetrics{totalEvents=63, messagesIn=0, messagesFailed=0, messagesSent=0, timers=36, notifications=0, requests=0, replies=0, customChannelEvents=27}
[32mI[16:28:11,956] [100-CyclonMembership]CyclonMembership:[m Channel Metrics:
In channels:
Out channels:
[32mI[16:28:11,978] [300-BroadcastApp]BroadcastApp:[m Sending: c4b000b0-207c-46a6-b3d8-6319bc81fa46 - KOIQMWKHYY (10)
[32mI[16:28:11,978] [300-BroadcastApp]BroadcastApp:[m Received c4b000b0-207c-46a6-b3d8-6319bc81fa46 - KOIQMWKHYY (10) from 172.10.10.0:10000
[32mI[16:28:11,980] [100-CyclonMembership]CyclonMembership:[m Membership Metrics:
Membership: []
ProtocolMetrics{totalEvents=65, messagesIn=0, messagesFailed=0, messagesSent=0, timers=37, notifications=0, requests=0, replies=0, customChannelEvents=28}
[32mI[16:28:12,956] [100-CyclonMembership]CyclonMembership:[m Channel Metrics:
In channels:
Out channels:
[32mI[16:28:12,978] [300-BroadcastApp]BroadcastApp:[m Sending: bcdcbd22-3525-4632-b996-ccccaf73893f - FCYLWUBOYK (10)
[32mI[16:28:12,978] [300-BroadcastApp]BroadcastApp:[m Received bcdcbd22-3525-4632-b996-ccccaf73893f - FCYLWUBOYK (10) from 172.10.10.0:10000
[32mI[16:28:12,979] [100-CyclonMembership]CyclonMembership:[m Membership Metrics:
Membership: []
ProtocolMetrics{totalEvents=67, messagesIn=0, messagesFailed=0, messagesSent=0, timers=38, notifications=0, requests=0, replies=0, customChannelEvents=29}
[32mI[16:28:13,956] [100-CyclonMembership]CyclonMembership:[m Channel Metrics:
In channels:
Out channels:
[32mI[16:28:13,977] [300-BroadcastApp]BroadcastApp:[m Sending: dabdf3c6-6d9c-489f-902c-0fe10898c549 - CCUIDNVUMC (10)
[32mI[16:28:13,978] [300-BroadcastApp]BroadcastApp:[m Received dabdf3c6-6d9c-489f-902c-0fe10898c549 - CCUIDNVUMC (10) from 172.10.10.0:10000
[32mI[16:28:13,979] [100-CyclonMembership]CyclonMembership:[m Membership Metrics:
Membership: []
ProtocolMetrics{totalEvents=70, messagesIn=0, messagesFailed=0, messagesSent=0, timers=40, notifications=0, requests=0, replies=0, customChannelEvents=30}
[32mI[16:28:14,956] [100-CyclonMembership]CyclonMembership:[m Channel Metrics:
In channels:
Out channels:
[32mI[16:28:14,978] [300-BroadcastApp]BroadcastApp:[m Sending: d10fa29c-0703-4932-8812-5b8f2291a63d - UQNQVBTKXL (10)
[32mI[16:28:14,978] [300-BroadcastApp]BroadcastApp:[m Received d10fa29c-0703-4932-8812-5b8f2291a63d - UQNQVBTKXL (10) from 172.10.10.0:10000
[32mI[16:28:14,979] [100-CyclonMembership]CyclonMembership:[m Membership Metrics:
Membership: []
ProtocolMetrics{totalEvents=72, messagesIn=0, messagesFailed=0, messagesSent=0, timers=41, notifications=0, requests=0, replies=0, customChannelEvents=31}
[32mI[16:28:15,956] [100-CyclonMembership]CyclonMembership:[m Channel Metrics:
In channels:
Out channels:
[32mI[16:28:15,978] [300-BroadcastApp]BroadcastApp:[m Sending: 80c2d502-bd20-44bc-b5f2-012c60e349bc - ZDNRUOZXTX (10)
[32mI[16:28:15,978] [300-BroadcastApp]BroadcastApp:[m Received 80c2d502-bd20-44bc-b5f2-012c60e349bc - ZDNRUOZXTX (10) from 172.10.10.0:10000
[32mI[16:28:15,980] [100-CyclonMembership]CyclonMembership:[m Membership Metrics:
Membership: []
ProtocolMetrics{totalEvents=74, messagesIn=0, messagesFailed=0, messagesSent=0, timers=42, notifications=0, requests=0, replies=0, customChannelEvents=32}
[32mI[16:28:16,956] [100-CyclonMembership]CyclonMembership:[m Channel Metrics:
In channels:
Out channels:
[32mI[16:28:16,977] [300-BroadcastApp]BroadcastApp:[m Sending: 95e9d6e7-b8ea-4c06-9562-d2e830d976ba - NWERBTXFMN (10)
[32mI[16:28:16,978] [300-BroadcastApp]BroadcastApp:[m Received 95e9d6e7-b8ea-4c06-9562-d2e830d976ba - NWERBTXFMN (10) from 172.10.10.0:10000
[32mI[16:28:16,980] [100-CyclonMembership]CyclonMembership:[m Membership Metrics:
Membership: []
ProtocolMetrics{totalEvents=77, messagesIn=0, messagesFailed=0, messagesSent=0, timers=44, notifications=0, requests=0, replies=0, customChannelEvents=33}
[32mI[16:28:17,956] [100-CyclonMembership]CyclonMembership:[m Channel Metrics:
In channels:
Out channels:
[32mI[16:28:17,978] [300-BroadcastApp]BroadcastApp:[m Sending: 6f090553-6926-409a-9ef7-d98ea25b373a - TSYGOCWQNS (10)
[32mI[16:28:17,978] [300-BroadcastApp]BroadcastApp:[m Received 6f090553-6926-409a-9ef7-d98ea25b373a - TSYGOCWQNS (10) from 172.10.10.0:10000
[32mI[16:28:17,981] [100-CyclonMembership]CyclonMembership:[m Membership Metrics:
Membership: []
ProtocolMetrics{totalEvents=79, messagesIn=0, messagesFailed=0, messagesSent=0, timers=45, notifications=0, requests=0, replies=0, customChannelEvents=34}
[32mI[16:28:18,956] [100-CyclonMembership]CyclonMembership:[m Channel Metrics:
In channels:
Out channels:
[32mI[16:28:18,978] [300-BroadcastApp]BroadcastApp:[m Sending: c755f993-bf2a-42fb-aee4-5a291ec269cb - REYCDKAGMW (10)
[32mI[16:28:18,978] [300-BroadcastApp]BroadcastApp:[m Received c755f993-bf2a-42fb-aee4-5a291ec269cb - REYCDKAGMW (10) from 172.10.10.0:10000
[32mI[16:28:18,980] [100-CyclonMembership]CyclonMembership:[m Membership Metrics:
Membership: []
ProtocolMetrics{totalEvents=81, messagesIn=0, messagesFailed=0, messagesSent=0, timers=46, notifications=0, requests=0, replies=0, customChannelEvents=35}
[32mI[16:28:19,956] [100-CyclonMembership]CyclonMembership:[m Channel Metrics:
In channels:
Out channels:
[32mI[16:28:19,978] [300-BroadcastApp]BroadcastApp:[m Sending: 58cb6928-6703-4a7a-9542-e271808fdada - REEKAMNGLI (10)
[32mI[16:28:19,978] [300-BroadcastApp]BroadcastApp:[m Received 58cb6928-6703-4a7a-9542-e271808fdada - REEKAMNGLI (10) from 172.10.10.0:10000
[32mI[16:28:19,981] [100-CyclonMembership]CyclonMembership:[m Membership Metrics:
Membership: []
ProtocolMetrics{totalEvents=84, messagesIn=0, messagesFailed=0, messagesSent=0, timers=48, notifications=0, requests=0, replies=0, customChannelEvents=36}
[32mI[16:28:20,956] [100-CyclonMembership]CyclonMembership:[m Channel Metrics:
In channels:
Out channels:
[32mI[16:28:20,978] [300-BroadcastApp]BroadcastApp:[m Sending: 4b5a56a9-d648-42a4-b0bf-2610e1cfb35e - GENSOXUAHP (10)
[32mI[16:28:20,978] [300-BroadcastApp]BroadcastApp:[m Received 4b5a56a9-d648-42a4-b0bf-2610e1cfb35e - GENSOXUAHP (10) from 172.10.10.0:10000
[32mI[16:28:20,980] [100-CyclonMembership]CyclonMembership:[m Membership Metrics:
Membership: []
ProtocolMetrics{totalEvents=86, messagesIn=0, messagesFailed=0, messagesSent=0, timers=49, notifications=0, requests=0, replies=0, customChannelEvents=37}
[32mI[16:28:21,956] [100-CyclonMembership]CyclonMembership:[m Channel Metrics:
In channels:
Out channels:
[32mI[16:28:21,977] [300-BroadcastApp]BroadcastApp:[m Sending: 87310a8e-6f42-4430-bcfa-8278bc87ff53 - MWWAWKTJRZ (10)
[32mI[16:28:21,978] [300-BroadcastApp]BroadcastApp:[m Received 87310a8e-6f42-4430-bcfa-8278bc87ff53 - MWWAWKTJRZ (10) from 172.10.10.0:10000
[32mI[16:28:21,980] [100-CyclonMembership]CyclonMembership:[m Membership Metrics:
Membership: []
ProtocolMetrics{totalEvents=88, messagesIn=0, messagesFailed=0, messagesSent=0, timers=50, notifications=0, requests=0, replies=0, customChannelEvents=38}
[32mI[16:28:22,956] [100-CyclonMembership]CyclonMembership:[m Channel Metrics:
In channels:
Out channels:
[32mI[16:28:22,978] [300-BroadcastApp]BroadcastApp:[m Sending: 33269884-6995-450a-af05-cfe43dcd5eeb - FLFVWGUMOZ (10)
[32mI[16:28:22,978] [300-BroadcastApp]BroadcastApp:[m Received 33269884-6995-450a-af05-cfe43dcd5eeb - FLFVWGUMOZ (10) from 172.10.10.0:10000
[32mI[16:28:22,981] [100-CyclonMembership]CyclonMembership:[m Membership Metrics:
Membership: []
ProtocolMetrics{totalEvents=91, messagesIn=0, messagesFailed=0, messagesSent=0, timers=52, notifications=0, requests=0, replies=0, customChannelEvents=39}
[32mI[16:28:23,956] [100-CyclonMembership]CyclonMembership:[m Channel Metrics:
In channels:
Out channels:
[32mI[16:28:23,978] [300-BroadcastApp]BroadcastApp:[m Sending: d77bca6e-3384-47e5-a674-f4bde342b467 - HFFSUEJYFA (10)
[32mI[16:28:23,979] [300-BroadcastApp]BroadcastApp:[m Received d77bca6e-3384-47e5-a674-f4bde342b467 - HFFSUEJYFA (10) from 172.10.10.0:10000
[32mI[16:28:23,980] [100-CyclonMembership]CyclonMembership:[m Membership Metrics:
Membership: []
ProtocolMetrics{totalEvents=93, messagesIn=0, messagesFailed=0, messagesSent=0, timers=53, notifications=0, requests=0, replies=0, customChannelEvents=40}
[32mI[16:28:24,956] [100-CyclonMembership]CyclonMembership:[m Channel Metrics:
In channels:
Out channels:
[32mI[16:28:24,978] [300-BroadcastApp]BroadcastApp:[m Sending: b6f89044-da8d-41fa-9438-192c2a2c280b - YOOVJEBACB (10)
[32mI[16:28:24,979] [300-BroadcastApp]BroadcastApp:[m Received b6f89044-da8d-41fa-9438-192c2a2c280b - YOOVJEBACB (10) from 172.10.10.0:10000
[32mI[16:28:24,980] [100-CyclonMembership]CyclonMembership:[m Membership Metrics:
Membership: []
ProtocolMetrics{totalEvents=95, messagesIn=0, messagesFailed=0, messagesSent=0, timers=54, notifications=0, requests=0, replies=0, customChannelEvents=41}
[32mI[16:28:25,956] [100-CyclonMembership]CyclonMembership:[m Channel Metrics:
In channels:
Out channels:
[32mI[16:28:25,979] [300-BroadcastApp]BroadcastApp:[m Sending: c54ae747-587c-4657-8f1f-56b9cd23d13c - BTLLBLVCQU (10)
[32mI[16:28:25,980] [300-BroadcastApp]BroadcastApp:[m Received c54ae747-587c-4657-8f1f-56b9cd23d13c - BTLLBLVCQU (10) from 172.10.10.0:10000
[32mI[16:28:25,981] [100-CyclonMembership]CyclonMembership:[m Membership Metrics:
Membership: []
ProtocolMetrics{totalEvents=98, messagesIn=0, messagesFailed=0, messagesSent=0, timers=56, notifications=0, requests=0, replies=0, customChannelEvents=42}
[32mI[16:28:26,956] [100-CyclonMembership]CyclonMembership:[m Channel Metrics:
In channels:
Out channels:
[32mI[16:28:26,978] [300-BroadcastApp]BroadcastApp:[m Sending: 3689eca8-dfc5-4ad8-a849-35bd82e1cbf7 - IOLQRUZLWM (10)
[32mI[16:28:26,978] [300-BroadcastApp]BroadcastApp:[m Received 3689eca8-dfc5-4ad8-a849-35bd82e1cbf7 - IOLQRUZLWM (10) from 172.10.10.0:10000
[32mI[16:28:26,980] [100-CyclonMembership]CyclonMembership:[m Membership Metrics:
Membership: []
ProtocolMetrics{totalEvents=100, messagesIn=0, messagesFailed=0, messagesSent=0, timers=57, notifications=0, requests=0, replies=0, customChannelEvents=43}
[32mI[16:28:27,956] [100-CyclonMembership]CyclonMembership:[m Channel Metrics:
In channels:
Out channels:
[32mI[16:28:27,978] [300-BroadcastApp]BroadcastApp:[m Sending: b09569f0-a2ea-45bc-99ce-9eb9b753f39b - SIMQRIZXJO (10)
[32mI[16:28:27,979] [300-BroadcastApp]BroadcastApp:[m Received b09569f0-a2ea-45bc-99ce-9eb9b753f39b - SIMQRIZXJO (10) from 172.10.10.0:10000
[32mI[16:28:27,980] [100-CyclonMembership]CyclonMembership:[m Membership Metrics:
Membership: []
ProtocolMetrics{totalEvents=102, messagesIn=0, messagesFailed=0, messagesSent=0, timers=58, notifications=0, requests=0, replies=0, customChannelEvents=44}
[32mI[16:28:28,956] [100-CyclonMembership]CyclonMembership:[m Channel Metrics:
In channels:
Out channels:
[32mI[16:28:28,979] [300-BroadcastApp]BroadcastApp:[m Sending: 9117745e-7d9c-43a5-8755-cd9a49535c79 - PBNQVQXBPR (10)
[32mI[16:28:28,979] [300-BroadcastApp]BroadcastApp:[m Received 9117745e-7d9c-43a5-8755-cd9a49535c79 - PBNQVQXBPR (10) from 172.10.10.0:10000
[32mI[16:28:28,980] [100-CyclonMembership]CyclonMembership:[m Membership Metrics:
Membership: []
ProtocolMetrics{totalEvents=105, messagesIn=0, messagesFailed=0, messagesSent=0, timers=60, notifications=0, requests=0, replies=0, customChannelEvents=45}
[32mI[16:28:29,956] [100-CyclonMembership]CyclonMembership:[m Channel Metrics:
In channels:
Out channels:
[32mI[16:28:29,979] [300-BroadcastApp]BroadcastApp:[m Sending: 38d151dd-852c-4621-9c99-e00164e255f2 - OPNCZIRQLS (10)
[32mI[16:28:29,979] [300-BroadcastApp]BroadcastApp:[m Received 38d151dd-852c-4621-9c99-e00164e255f2 - OPNCZIRQLS (10) from 172.10.10.0:10000
[32mI[16:28:29,980] [100-CyclonMembership]CyclonMembership:[m Membership Metrics:
Membership: []
ProtocolMetrics{totalEvents=107, messagesIn=0, messagesFailed=0, messagesSent=0, timers=61, notifications=0, requests=0, replies=0, customChannelEvents=46}
[32mI[16:28:30,956] [100-CyclonMembership]CyclonMembership:[m Channel Metrics:
In channels:
Out channels:
[32mI[16:28:30,979] [300-BroadcastApp]BroadcastApp:[m Sending: f47a7eec-4b4f-4656-874d-9258efbb0e5b - OREWRQNLQQ (10)
[32mI[16:28:30,980] [300-BroadcastApp]BroadcastApp:[m Received f47a7eec-4b4f-4656-874d-9258efbb0e5b - OREWRQNLQQ (10) from 172.10.10.0:10000
[32mI[16:28:30,980] [100-CyclonMembership]CyclonMembership:[m Membership Metrics:
Membership: []
ProtocolMetrics{totalEvents=109, messagesIn=0, messagesFailed=0, messagesSent=0, timers=62, notifications=0, requests=0, replies=0, customChannelEvents=47}
[32mI[16:28:31,956] [100-CyclonMembership]CyclonMembership:[m Channel Metrics:
In channels:
Out channels:
[32mI[16:28:31,980] [300-BroadcastApp]BroadcastApp:[m Sending: c436a1d5-4321-4bf1-8cfd-ce24d185b405 - GVOZGMXAKN (10)
[32mI[16:28:31,980] [300-BroadcastApp]BroadcastApp:[m Received c436a1d5-4321-4bf1-8cfd-ce24d185b405 - GVOZGMXAKN (10) from 172.10.10.0:10000
[32mI[16:28:31,980] [100-CyclonMembership]CyclonMembership:[m Membership Metrics:
Membership: []
ProtocolMetrics{totalEvents=112, messagesIn=0, messagesFailed=0, messagesSent=0, timers=64, notifications=0, requests=0, replies=0, customChannelEvents=48}
[32mI[16:28:32,956] [100-CyclonMembership]CyclonMembership:[m Channel Metrics:
In channels:
Out channels:
[32mI[16:28:32,980] [300-BroadcastApp]BroadcastApp:[m Sending: 7a6a4c4b-d739-4394-86fe-fa35441fbc59 - ZZQKOJQRBZ (10)
[32mI[16:28:32,980] [300-BroadcastApp]BroadcastApp:[m Received 7a6a4c4b-d739-4394-86fe-fa35441fbc59 - ZZQKOJQRBZ (10) from 172.10.10.0:10000
[32mI[16:28:32,981] [100-CyclonMembership]CyclonMembership:[m Membership Metrics:
Membership: []
ProtocolMetrics{totalEvents=114, messagesIn=0, messagesFailed=0, messagesSent=0, timers=65, notifications=0, requests=0, replies=0, customChannelEvents=49}
[32mI[16:28:33,956] [100-CyclonMembership]CyclonMembership:[m Channel Metrics:
In channels:
Out channels:
[32mI[16:28:33,979] [300-BroadcastApp]BroadcastApp:[m Sending: d5d586cf-7373-4b6e-bbac-58ce25b00856 - IVMLZLXQMV (10)
[32mI[16:28:33,980] [300-BroadcastApp]BroadcastApp:[m Received d5d586cf-7373-4b6e-bbac-58ce25b00856 - IVMLZLXQMV (10) from 172.10.10.0:10000
[32mI[16:28:33,981] [100-CyclonMembership]CyclonMembership:[m Membership Metrics:
Membership: []
ProtocolMetrics{totalEvents=116, messagesIn=0, messagesFailed=0, messagesSent=0, timers=66, notifications=0, requests=0, replies=0, customChannelEvents=50}
[32mI[16:28:34,956] [100-CyclonMembership]CyclonMembership:[m Channel Metrics:
In channels:
Out channels:
[32mI[16:28:34,980] [300-BroadcastApp]BroadcastApp:[m Sending: 19f67333-f1c1-42b6-93d5-9a02e6433e2c - PYFJQXZYYS (10)
[32mI[16:28:34,980] [300-BroadcastApp]BroadcastApp:[m Received 19f67333-f1c1-42b6-93d5-9a02e6433e2c - PYFJQXZYYS (10) from 172.10.10.0:10000
[32mI[16:28:34,981] [100-CyclonMembership]CyclonMembership:[m Membership Metrics:
Membership: []
ProtocolMetrics{totalEvents=119, messagesIn=0, messagesFailed=0, messagesSent=0, timers=68, notifications=0, requests=0, replies=0, customChannelEvents=51}
[32mI[16:28:35,956] [100-CyclonMembership]CyclonMembership:[m Channel Metrics:
In channels:
Out channels:
[32mI[16:28:35,980] [300-BroadcastApp]BroadcastApp:[m Sending: 21b2a05e-88ef-4c94-894a-6da473bb0185 - YZOFUJBUIC (10)
[32mI[16:28:35,980] [300-BroadcastApp]BroadcastApp:[m Received 21b2a05e-88ef-4c94-894a-6da473bb0185 - YZOFUJBUIC (10) from 172.10.10.0:10000
[32mI[16:28:35,982] [100-CyclonMembership]CyclonMembership:[m Membership Metrics:
Membership: []
ProtocolMetrics{totalEvents=121, messagesIn=0, messagesFailed=0, messagesSent=0, timers=69, notifications=0, requests=0, replies=0, customChannelEvents=52}
[32mI[16:28:36,956] [100-CyclonMembership]CyclonMembership:[m Channel Metrics:
In channels:
Out channels:
[32mI[16:28:36,979] [300-BroadcastApp]BroadcastApp:[m Sending: 260a54f0-d388-49e0-a2ad-c159ba2cb20e - KGSQCRVGBS (10)
[32mI[16:28:36,980] [300-BroadcastApp]BroadcastApp:[m Received 260a54f0-d388-49e0-a2ad-c159ba2cb20e - KGSQCRVGBS (10) from 172.10.10.0:10000
[32mI[16:28:36,982] [100-CyclonMembership]CyclonMembership:[m Membership Metrics:
Membership: []
ProtocolMetrics{totalEvents=123, messagesIn=0, messagesFailed=0, messagesSent=0, timers=70, notifications=0, requests=0, replies=0, customChannelEvents=53}
[32mI[16:28:37,956] [100-CyclonMembership]CyclonMembership:[m Channel Metrics:
In channels:
Out channels:
[32mI[16:28:37,980] [300-BroadcastApp]BroadcastApp:[m Sending: 52acd954-d95a-405e-adf1-1cca64c14469 - CBNCRJHOXF (10)
[32mI[16:28:37,980] [300-BroadcastApp]BroadcastApp:[m Received 52acd954-d95a-405e-adf1-1cca64c14469 - CBNCRJHOXF (10) from 172.10.10.0:10000
[32mI[16:28:37,982] [100-CyclonMembership]CyclonMembership:[m Membership Metrics:
Membership: []
ProtocolMetrics{totalEvents=126, messagesIn=0, messagesFailed=0, messagesSent=0, timers=72, notifications=0, requests=0, replies=0, customChannelEvents=54}
[32mI[16:28:38,956] [100-CyclonMembership]CyclonMembership:[m Channel Metrics:
In channels:
Out channels:
[32mI[16:28:38,980] [300-BroadcastApp]BroadcastApp:[m Sending: 335ad3db-9548-4ffe-bfa4-ee33aa058786 - WACDOWTOID (10)
[32mI[16:28:38,980] [300-BroadcastApp]BroadcastApp:[m Received 335ad3db-9548-4ffe-bfa4-ee33aa058786 - WACDOWTOID (10) from 172.10.10.0:10000
[32mI[16:28:38,983] [100-CyclonMembership]CyclonMembership:[m Membership Metrics:
Membership: []
ProtocolMetrics{totalEvents=128, messagesIn=0, messagesFailed=0, messagesSent=0, timers=73, notifications=0, requests=0, replies=0, customChannelEvents=55}
[32mI[16:28:39,956] [100-CyclonMembership]CyclonMembership:[m Channel Metrics:
In channels:
Out channels:
[32mI[16:28:39,979] [300-BroadcastApp]BroadcastApp:[m Sending: f9f803ec-c89d-4ed5-92c9-80ece3a500e5 - LIVDBLNHVJ (10)
[32mI[16:28:39,980] [300-BroadcastApp]BroadcastApp:[m Received f9f803ec-c89d-4ed5-92c9-80ece3a500e5 - LIVDBLNHVJ (10) from 172.10.10.0:10000
[32mI[16:28:39,983] [100-CyclonMembership]CyclonMembership:[m Membership Metrics:
Membership: []
ProtocolMetrics{totalEvents=130, messagesIn=0, messagesFailed=0, messagesSent=0, timers=74, notifications=0, requests=0, replies=0, customChannelEvents=56}
[32mI[16:28:40,956] [100-CyclonMembership]CyclonMembership:[m Channel Metrics:
In channels:
Out channels:
[32mI[16:28:40,980] [300-BroadcastApp]BroadcastApp:[m Sending: ca10f036-3ce0-4a2a-8de8-2d81871d3e18 - YLAWUHTLZU (10)
[32mI[16:28:40,980] [300-BroadcastApp]BroadcastApp:[m Received ca10f036-3ce0-4a2a-8de8-2d81871d3e18 - YLAWUHTLZU (10) from 172.10.10.0:10000
[32mI[16:28:40,983] [100-CyclonMembership]CyclonMembership:[m Membership Metrics:
Membership: []
ProtocolMetrics{totalEvents=133, messagesIn=0, messagesFailed=0, messagesSent=0, timers=76, notifications=0, requests=0, replies=0, customChannelEvents=57}
[32mI[16:28:41,956] [100-CyclonMembership]CyclonMembership:[m Channel Metrics:
In channels:
Out channels:
[32mI[16:28:41,980] [300-BroadcastApp]BroadcastApp:[m Sending: 288fb5b4-51e8-4a7e-97bd-498af2f875a7 - WYNSLQFMZO (10)
[32mI[16:28:41,980] [300-BroadcastApp]BroadcastApp:[m Received 288fb5b4-51e8-4a7e-97bd-498af2f875a7 - WYNSLQFMZO (10) from 172.10.10.0:10000
[32mI[16:28:41,983] [100-CyclonMembership]CyclonMembership:[m Membership Metrics:
Membership: []
ProtocolMetrics{totalEvents=135, messagesIn=0, messagesFailed=0, messagesSent=0, timers=77, notifications=0, requests=0, replies=0, customChannelEvents=58}
[32mI[16:28:42,956] [100-CyclonMembership]CyclonMembership:[m Channel Metrics:
In channels:
Out channels:
[32mI[16:28:42,979] [300-BroadcastApp]BroadcastApp:[m Sending: 24d6e4f7-eabb-42dc-b8ff-ade359245b09 - NUOLQTWYVT (10)
[32mI[16:28:42,980] [300-BroadcastApp]BroadcastApp:[m Received 24d6e4f7-eabb-42dc-b8ff-ade359245b09 - NUOLQTWYVT (10) from 172.10.10.0:10000
[32mI[16:28:42,983] [100-CyclonMembership]CyclonMembership:[m Membership Metrics:
Membership: []
ProtocolMetrics{totalEvents=137, messagesIn=0, messagesFailed=0, messagesSent=0, timers=78, notifications=0, requests=0, replies=0, customChannelEvents=59}
[32mI[16:28:43,956] [100-CyclonMembership]CyclonMembership:[m Channel Metrics:
In channels:
Out channels:
[32mI[16:28:43,980] [300-BroadcastApp]BroadcastApp:[m Sending: bbf606d6-31bd-4756-87f1-f8c623a88459 - BUPOFIWKWK (10)
[32mI[16:28:43,980] [300-BroadcastApp]BroadcastApp:[m Received bbf606d6-31bd-4756-87f1-f8c623a88459 - BUPOFIWKWK (10) from 172.10.10.0:10000
[32mI[16:28:43,984] [100-CyclonMembership]CyclonMembership:[m Membership Metrics:
Membership: []
ProtocolMetrics{totalEvents=140, messagesIn=0, messagesFailed=0, messagesSent=0, timers=80, notifications=0, requests=0, replies=0, customChannelEvents=60}
[32mI[16:28:44,956] [100-CyclonMembership]CyclonMembership:[m Channel Metrics:
In channels:
Out channels:
[32mI[16:28:44,980] [300-BroadcastApp]BroadcastApp:[m Sending: 8fce1364-4f9c-4be7-a1a2-341761a2aa2c - ATWCXJIZTK (10)
[32mI[16:28:44,981] [300-BroadcastApp]BroadcastApp:[m Received 8fce1364-4f9c-4be7-a1a2-341761a2aa2c - ATWCXJIZTK (10) from 172.10.10.0:10000
[32mI[16:28:44,983] [100-CyclonMembership]CyclonMembership:[m Membership Metrics:
Membership: []
ProtocolMetrics{totalEvents=142, messagesIn=0, messagesFailed=0, messagesSent=0, timers=81, notifications=0, requests=0, replies=0, customChannelEvents=61}
[32mI[16:28:45,956] [100-CyclonMembership]CyclonMembership:[m Channel Metrics:
In channels:
Out channels:
[32mI[16:28:45,980] [300-BroadcastApp]BroadcastApp:[m Sending: 6ec7676e-1f71-4243-9351-e398beda3172 - OZNPDVSBBS (10)
[32mI[16:28:45,981] [300-BroadcastApp]BroadcastApp:[m Received 6ec7676e-1f71-4243-9351-e398beda3172 - OZNPDVSBBS (10) from 172.10.10.0:10000
[32mI[16:28:45,983] [100-CyclonMembership]CyclonMembership:[m Membership Metrics:
Membership: []
ProtocolMetrics{totalEvents=144, messagesIn=0, messagesFailed=0, messagesSent=0, timers=82, notifications=0, requests=0, replies=0, customChannelEvents=62}
[32mI[16:28:46,956] [100-CyclonMembership]CyclonMembership:[m Channel Metrics:
In channels:
Out channels:
[32mI[16:28:46,981] [300-BroadcastApp]BroadcastApp:[m Sending: 598c09c7-81a1-4722-8c47-8ce3e1e4ce2b - TRYZEJJQYW (10)
[32mI[16:28:46,981] [300-BroadcastApp]BroadcastApp:[m Received 598c09c7-81a1-4722-8c47-8ce3e1e4ce2b - TRYZEJJQYW (10) from 172.10.10.0:10000
[32mI[16:28:46,984] [100-CyclonMembership]CyclonMembership:[m Membership Metrics:
Membership: []
ProtocolMetrics{totalEvents=147, messagesIn=0, messagesFailed=0, messagesSent=0, timers=84, notifications=0, requests=0, replies=0, customChannelEvents=63}
[32mI[16:28:47,956] [100-CyclonMembership]CyclonMembership:[m Channel Metrics:
In channels:
Out channels:
[32mI[16:28:47,980] [300-BroadcastApp]BroadcastApp:[m Sending: 0649f136-f450-44ce-965e-fec371b4f93e - VPIOMVJEHB (10)
[32mI[16:28:47,980] [300-BroadcastApp]BroadcastApp:[m Received 0649f136-f450-44ce-965e-fec371b4f93e - VPIOMVJEHB (10) from 172.10.10.0:10000
[32mI[16:28:47,984] [100-CyclonMembership]CyclonMembership:[m Membership Metrics:
Membership: []
ProtocolMetrics{totalEvents=149, messagesIn=0, messagesFailed=0, messagesSent=0, timers=85, notifications=0, requests=0, replies=0, customChannelEvents=64}
[32mI[16:28:48,956] [100-CyclonMembership]CyclonMembership:[m Channel Metrics:
In channels:
Out channels:
[32mI[16:28:48,976] [300-BroadcastApp]BroadcastApp:[m Stopping broadcasts
[32mI[16:28:48,984] [100-CyclonMembership]CyclonMembership:[m Membership Metrics:
Membership: []
ProtocolMetrics{totalEvents=151, messagesIn=0, messagesFailed=0, messagesSent=0, timers=86, notifications=0, requests=0, replies=0, customChannelEvents=65}
[32mI[16:28:49,956] [100-CyclonMembership]CyclonMembership:[m Channel Metrics:
In channels:
Out channels:
[32mI[16:28:49,984] [100-CyclonMembership]CyclonMembership:[m Membership Metrics:
Membership: []
ProtocolMetrics{totalEvents=154, messagesIn=0, messagesFailed=0, messagesSent=0, timers=88, notifications=0, requests=0, replies=0, customChannelEvents=66}
[32mI[16:28:50,956] [100-CyclonMembership]CyclonMembership:[m Channel Metrics:
In channels:
Out channels:
[32mI[16:28:50,984] [100-CyclonMembership]CyclonMembership:[m Membership Metrics:
Membership: []
ProtocolMetrics{totalEvents=156, messagesIn=0, messagesFailed=0, messagesSent=0, timers=89, notifications=0, requests=0, replies=0, customChannelEvents=67}
[32mI[16:28:51,956] [100-CyclonMembership]CyclonMembership:[m Channel Metrics:
In channels:
Out channels:
[32mI[16:28:51,984] [100-CyclonMembership]CyclonMembership:[m Membership Metrics:
Membership: []
ProtocolMetrics{totalEvents=158, messagesIn=0, messagesFailed=0, messagesSent=0, timers=90, notifications=0, requests=0, replies=0, customChannelEvents=68}
[32mI[16:28:52,956] [100-CyclonMembership]CyclonMembership:[m Channel Metrics:
In channels:
Out channels:
[32mI[16:28:52,984] [100-CyclonMembership]CyclonMembership:[m Membership Metrics:
Membership: []
ProtocolMetrics{totalEvents=161, messagesIn=0, messagesFailed=0, messagesSent=0, timers=92, notifications=0, requests=0, replies=0, customChannelEvents=69}
[32mI[16:28:53,956] [100-CyclonMembership]CyclonMembership:[m Channel Metrics:
In channels:
Out channels:
[32mI[16:28:53,977] [300-BroadcastApp]BroadcastApp:[m Exiting...
[32mI[16:28:53,978] [Thread-1]Main:[m Goodbye
