[32mI[16:55:28,569] [main]Main:[m Hello, I am 172.10.10.0:10000
[32mI[16:55:28,854] [main]BroadcastApp:[m Waiting...
[32mI[16:55:29,849] [100-CyclonMembership]CyclonMembership:[m Channel Metrics:
In channels:
Out channels:
[32mI[16:55:29,857] [100-CyclonMembership]CyclonMembership:[m Membership Metrics:
Membership: []
ProtocolMetrics{totalEvents=2, messagesIn=0, messagesFailed=0, messagesSent=0, timers=1, notifications=0, requests=0, replies=0, customChannelEvents=1}
[32mI[16:55:30,839] [100-CyclonMembership]CyclonMembership:[m Channel Metrics:
In channels:
Out channels:
[32mI[16:55:30,856] [100-CyclonMembership]CyclonMembership:[m Membership Metrics:
Membership: []
ProtocolMetrics{totalEvents=4, messagesIn=0, messagesFailed=0, messagesSent=0, timers=2, notifications=0, requests=0, replies=0, customChannelEvents=2}
[32mI[16:55:31,839] [100-CyclonMembership]CyclonMembership:[m Channel Metrics:
In channels:
Out channels:
[32mI[16:55:31,856] [100-CyclonMembership]CyclonMembership:[m Membership Metrics:
Membership: []
ProtocolMetrics{totalEvents=7, messagesIn=0, messagesFailed=0, messagesSent=0, timers=4, notifications=0, requests=0, replies=0, customChannelEvents=3}
[32mI[16:55:32,839] [100-CyclonMembership]CyclonMembership:[m Channel Metrics:
In channels:
Out channels:
[32mI[16:55:32,856] [100-CyclonMembership]CyclonMembership:[m Membership Metrics:
Membership: []
ProtocolMetrics{totalEvents=9, messagesIn=0, messagesFailed=0, messagesSent=0, timers=5, notifications=0, requests=0, replies=0, customChannelEvents=4}
[32mI[16:55:33,839] [100-CyclonMembership]CyclonMembership:[m Channel Metrics:
In channels:
Out channels:
[32mI[16:55:33,856] [300-BroadcastApp]BroadcastApp:[m Starting
[32mI[16:55:33,857] [100-CyclonMembership]CyclonMembership:[m Membership Metrics:
Membership: []
ProtocolMetrics{totalEvents=11, messagesIn=0, messagesFailed=0, messagesSent=0, timers=6, notifications=0, requests=0, replies=0, customChannelEvents=5}
[32mI[16:55:33,860] [300-BroadcastApp]BroadcastApp:[m Sending: 0eeac18b-68c5-462f-b4a2-6e9d82829b8f - BQPIJDMSDQ (10)
[32mI[16:55:33,861] [300-BroadcastApp]BroadcastApp:[m Received 0eeac18b-68c5-462f-b4a2-6e9d82829b8f - BQPIJDMSDQ (10) from 172.10.10.0:10000
[32mI[16:55:34,839] [100-CyclonMembership]CyclonMembership:[m Channel Metrics:
In channels:
Out channels:
[32mI[16:55:34,857] [100-CyclonMembership]CyclonMembership:[m Membership Metrics:
Membership: []
ProtocolMetrics{totalEvents=14, messagesIn=0, messagesFailed=0, messagesSent=0, timers=8, notifications=0, requests=0, replies=0, customChannelEvents=6}
[32mI[16:55:34,858] [300-BroadcastApp]BroadcastApp:[m Sending: c6f32421-9f37-4836-8e3a-91ff4c3ee491 - NGLERQNMEZ (10)
[32mI[16:55:34,858] [300-BroadcastApp]BroadcastApp:[m Received c6f32421-9f37-4836-8e3a-91ff4c3ee491 - NGLERQNMEZ (10) from 172.10.10.0:10000
[32mI[16:55:35,839] [100-CyclonMembership]CyclonMembership:[m Channel Metrics:
In channels:
Out channels:
[32mI[16:55:35,857] [100-CyclonMembership]CyclonMembership:[m Membership Metrics:
Membership: []
ProtocolMetrics{totalEvents=16, messagesIn=0, messagesFailed=0, messagesSent=0, timers=9, notifications=0, requests=0, replies=0, customChannelEvents=7}
[32mI[16:55:35,858] [300-BroadcastApp]BroadcastApp:[m Sending: b2532bab-aa35-4c26-9fb6-a868d0dac078 - YTQQTNYGAZ (10)
[32mI[16:55:35,858] [300-BroadcastApp]BroadcastApp:[m Received b2532bab-aa35-4c26-9fb6-a868d0dac078 - YTQQTNYGAZ (10) from 172.10.10.0:10000
[32mI[16:55:36,839] [100-CyclonMembership]CyclonMembership:[m Channel Metrics:
In channels:
Out channels:
[32mI[16:55:36,858] [100-CyclonMembership]CyclonMembership:[m Membership Metrics:
Membership: []
ProtocolMetrics{totalEvents=18, messagesIn=0, messagesFailed=0, messagesSent=0, timers=10, notifications=0, requests=0, replies=0, customChannelEvents=8}
[32mI[16:55:36,858] [300-BroadcastApp]BroadcastApp:[m Sending: 67624f60-e81a-4092-80a6-1ae3fca541fd - QMWJUMGDJK (10)
[32mI[16:55:36,858] [300-BroadcastApp]BroadcastApp:[m Received 67624f60-e81a-4092-80a6-1ae3fca541fd - QMWJUMGDJK (10) from 172.10.10.0:10000
[32mI[16:55:37,839] [100-CyclonMembership]CyclonMembership:[m Channel Metrics:
In channels:
Out channels:
[32mI[16:55:37,857] [100-CyclonMembership]CyclonMembership:[m Membership Metrics:
Membership: []
ProtocolMetrics{totalEvents=21, messagesIn=0, messagesFailed=0, messagesSent=0, timers=12, notifications=0, requests=0, replies=0, customChannelEvents=9}
[32mI[16:55:37,857] [300-BroadcastApp]BroadcastApp:[m Sending: ae06ad56-035e-43cf-9322-ab4a28862e66 - RIZQIKSSZC (10)
[32mI[16:55:37,858] [300-BroadcastApp]BroadcastApp:[m Received ae06ad56-035e-43cf-9322-ab4a28862e66 - RIZQIKSSZC (10) from 172.10.10.0:10000
[32mI[16:55:38,839] [100-CyclonMembership]CyclonMembership:[m Channel Metrics:
In channels:
Out channels:
[32mI[16:55:38,857] [100-CyclonMembership]CyclonMembership:[m Membership Metrics:
Membership: []
ProtocolMetrics{totalEvents=23, messagesIn=0, messagesFailed=0, messagesSent=0, timers=13, notifications=0, requests=0, replies=0, customChannelEvents=10}
[32mI[16:55:38,858] [300-BroadcastApp]BroadcastApp:[m Sending: c210d1e7-2fd5-4ca5-a0c2-d664f232d9d2 - XRNYXDTPTE (10)
[32mI[16:55:38,858] [300-BroadcastApp]BroadcastApp:[m Received c210d1e7-2fd5-4ca5-a0c2-d664f232d9d2 - XRNYXDTPTE (10) from 172.10.10.0:10000
[32mI[16:55:39,839] [100-CyclonMembership]CyclonMembership:[m Channel Metrics:
In channels:
Out channels:
[32mI[16:55:39,857] [100-CyclonMembership]CyclonMembership:[m Membership Metrics:
Membership: []
ProtocolMetrics{totalEvents=25, messagesIn=0, messagesFailed=0, messagesSent=0, timers=14, notifications=0, requests=0, replies=0, customChannelEvents=11}
[32mI[16:55:39,858] [300-BroadcastApp]BroadcastApp:[m Sending: 11e57922-f244-426b-b69c-269c755e46af - WUPVAANCJJ (10)
[32mI[16:55:39,859] [300-BroadcastApp]BroadcastApp:[m Received 11e57922-f244-426b-b69c-269c755e46af - WUPVAANCJJ (10) from 172.10.10.0:10000
[32mI[16:55:40,839] [100-CyclonMembership]CyclonMembership:[m Channel Metrics:
In channels:
Out channels:
[32mI[16:55:40,857] [100-CyclonMembership]CyclonMembership:[m Membership Metrics:
Membership: []
ProtocolMetrics{totalEvents=28, messagesIn=0, messagesFailed=0, messagesSent=0, timers=16, notifications=0, requests=0, replies=0, customChannelEvents=12}
[32mI[16:55:40,857] [300-BroadcastApp]BroadcastApp:[m Sending: 0b6bb4c5-9a7e-45f2-86a7-09c326f52ebb - UTJIKTBIAT (10)
[32mI[16:55:40,857] [300-BroadcastApp]BroadcastApp:[m Received 0b6bb4c5-9a7e-45f2-86a7-09c326f52ebb - UTJIKTBIAT (10) from 172.10.10.0:10000
[32mI[16:55:41,839] [100-CyclonMembership]CyclonMembership:[m Channel Metrics:
In channels:
Out channels:
[32mI[16:55:41,857] [100-CyclonMembership]CyclonMembership:[m Membership Metrics:
Membership: []
ProtocolMetrics{totalEvents=30, messagesIn=0, messagesFailed=0, messagesSent=0, timers=17, notifications=0, requests=0, replies=0, customChannelEvents=13}
[32mI[16:55:41,857] [300-BroadcastApp]BroadcastApp:[m Sending: f91757dd-175e-46b0-a3f1-bb6323f3898d - ZXNTJYYVGI (10)
[32mI[16:55:41,858] [300-BroadcastApp]BroadcastApp:[m Received f91757dd-175e-46b0-a3f1-bb6323f3898d - ZXNTJYYVGI (10) from 172.10.10.0:10000
[32mI[16:55:42,839] [100-CyclonMembership]CyclonMembership:[m Channel Metrics:
In channels:
Out channels:
[32mI[16:55:42,857] [100-CyclonMembership]CyclonMembership:[m Membership Metrics:
Membership: []
ProtocolMetrics{totalEvents=32, messagesIn=0, messagesFailed=0, messagesSent=0, timers=18, notifications=0, requests=0, replies=0, customChannelEvents=14}
[32mI[16:55:42,857] [300-BroadcastApp]BroadcastApp:[m Sending: d149dce1-4c29-4235-bead-9abf9658ca65 - TRCNLSJRXV (10)
[32mI[16:55:42,858] [300-BroadcastApp]BroadcastApp:[m Received d149dce1-4c29-4235-bead-9abf9658ca65 - TRCNLSJRXV (10) from 172.10.10.0:10000
[32mI[16:55:43,839] [100-CyclonMembership]CyclonMembership:[m Channel Metrics:
In channels:
Out channels:
[32mI[16:55:43,857] [100-CyclonMembership]CyclonMembership:[m Membership Metrics:
Membership: []
ProtocolMetrics{totalEvents=35, messagesIn=0, messagesFailed=0, messagesSent=0, timers=20, notifications=0, requests=0, replies=0, customChannelEvents=15}
[32mI[16:55:43,858] [300-BroadcastApp]BroadcastApp:[m Sending: 9ec1a846-9d64-41ee-8894-6620af5aad82 - TMTHKWDXSA (10)
[32mI[16:55:43,859] [300-BroadcastApp]BroadcastApp:[m Received 9ec1a846-9d64-41ee-8894-6620af5aad82 - TMTHKWDXSA (10) from 172.10.10.0:10000
[32mI[16:55:44,839] [100-CyclonMembership]CyclonMembership:[m Channel Metrics:
In channels:
Out channels:
[32mI[16:55:44,858] [100-CyclonMembership]CyclonMembership:[m Membership Metrics:
Membership: []
ProtocolMetrics{totalEvents=37, messagesIn=0, messagesFailed=0, messagesSent=0, timers=21, notifications=0, requests=0, replies=0, customChannelEvents=16}
[32mI[16:55:44,858] [300-BroadcastApp]BroadcastApp:[m Sending: 7c11afc5-ca65-4cee-ac75-c3f5df2b86df - CMHWRRZSXH (10)
[32mI[16:55:44,859] [300-BroadcastApp]BroadcastApp:[m Received 7c11afc5-ca65-4cee-ac75-c3f5df2b86df - CMHWRRZSXH (10) from 172.10.10.0:10000
[32mI[16:55:45,839] [100-CyclonMembership]CyclonMembership:[m Channel Metrics:
In channels:
Out channels:
[32mI[16:55:45,858] [100-CyclonMembership]CyclonMembership:[m Membership Metrics:
Membership: []
ProtocolMetrics{totalEvents=39, messagesIn=0, messagesFailed=0, messagesSent=0, timers=22, notifications=0, requests=0, replies=0, customChannelEvents=17}
[32mI[16:55:45,858] [300-BroadcastApp]BroadcastApp:[m Sending: eea5c249-be3e-42fd-b1b2-4eed7396418e - GLEPLPQFLK (10)
[32mI[16:55:45,858] [300-BroadcastApp]BroadcastApp:[m Received eea5c249-be3e-42fd-b1b2-4eed7396418e - GLEPLPQFLK (10) from 172.10.10.0:10000
[32mI[16:55:46,839] [100-CyclonMembership]CyclonMembership:[m Channel Metrics:
In channels:
Out channels:
[32mI[16:55:46,858] [100-CyclonMembership]CyclonMembership:[m Membership Metrics:
Membership: []
ProtocolMetrics{totalEvents=42, messagesIn=0, messagesFailed=0, messagesSent=0, timers=24, notifications=0, requests=0, replies=0, customChannelEvents=18}
[32mI[16:55:46,858] [300-BroadcastApp]BroadcastApp:[m Sending: 44550afb-f3bd-4107-9215-9ce8acdcab43 - OASBPPUBMQ (10)
[32mI[16:55:46,859] [300-BroadcastApp]BroadcastApp:[m Received 44550afb-f3bd-4107-9215-9ce8acdcab43 - OASBPPUBMQ (10) from 172.10.10.0:10000
[32mI[16:55:47,839] [100-CyclonMembership]CyclonMembership:[m Channel Metrics:
In channels:
Out channels:
[32mI[16:55:47,858] [100-CyclonMembership]CyclonMembership:[m Membership Metrics:
Membership: []
ProtocolMetrics{totalEvents=44, messagesIn=0, messagesFailed=0, messagesSent=0, timers=25, notifications=0, requests=0, replies=0, customChannelEvents=19}
[32mI[16:55:47,859] [300-BroadcastApp]BroadcastApp:[m Sending: 002f30a8-4746-4dc6-a00d-bbf0139c1861 - LCBUGQMXOT (10)
[32mI[16:55:47,859] [300-BroadcastApp]BroadcastApp:[m Received 002f30a8-4746-4dc6-a00d-bbf0139c1861 - LCBUGQMXOT (10) from 172.10.10.0:10000
[32mI[16:55:48,839] [100-CyclonMembership]CyclonMembership:[m Channel Metrics:
In channels:
Out channels:
[32mI[16:55:48,859] [100-CyclonMembership]CyclonMembership:[m Membership Metrics:
Membership: []
ProtocolMetrics{totalEvents=46, messagesIn=0, messagesFailed=0, messagesSent=0, timers=26, notifications=0, requests=0, replies=0, customChannelEvents=20}
[32mI[16:55:48,859] [300-BroadcastApp]BroadcastApp:[m Sending: cd4877ae-7a8a-4632-9718-8758c2aed3af - RZWJQVDQKL (10)
[32mI[16:55:48,860] [300-BroadcastApp]BroadcastApp:[m Received cd4877ae-7a8a-4632-9718-8758c2aed3af - RZWJQVDQKL (10) from 172.10.10.0:10000
[32mI[16:55:49,839] [100-CyclonMembership]CyclonMembership:[m Channel Metrics:
In channels:
Out channels:
[32mI[16:55:49,858] [100-CyclonMembership]CyclonMembership:[m Membership Metrics:
Membership: []
ProtocolMetrics{totalEvents=49, messagesIn=0, messagesFailed=0, messagesSent=0, timers=28, notifications=0, requests=0, replies=0, customChannelEvents=21}
[32mI[16:55:49,858] [300-BroadcastApp]BroadcastApp:[m Sending: 04762bbd-488d-4e37-a332-8b6fa89c8583 - JVGPIZEDVT (10)
[32mI[16:55:49,859] [300-BroadcastApp]BroadcastApp:[m Received 04762bbd-488d-4e37-a332-8b6fa89c8583 - JVGPIZEDVT (10) from 172.10.10.0:10000
[32mI[16:55:50,839] [100-CyclonMembership]CyclonMembership:[m Channel Metrics:
In channels:
Out channels:
[32mI[16:55:50,858] [100-CyclonMembership]CyclonMembership:[m Membership Metrics:
Membership: []
ProtocolMetrics{totalEvents=51, messagesIn=0, messagesFailed=0, messagesSent=0, timers=29, notifications=0, requests=0, replies=0, customChannelEvents=22}
[32mI[16:55:50,859] [300-BroadcastApp]BroadcastApp:[m Sending: bee2f661-8a1a-4ce9-9a99-00781bc2474c - JYBALKENFO (10)
[32mI[16:55:50,859] [300-BroadcastApp]BroadcastApp:[m Received bee2f661-8a1a-4ce9-9a99-00781bc2474c - JYBALKENFO (10) from 172.10.10.0:10000
[32mI[16:55:51,839] [100-CyclonMembership]CyclonMembership:[m Channel Metrics:
In channels:
Out channels:
[32mI[16:55:51,858] [100-CyclonMembership]CyclonMembership:[m Membership Metrics:
Membership: []
ProtocolMetrics{totalEvents=53, messagesIn=0, messagesFailed=0, messagesSent=0, timers=30, notifications=0, requests=0, replies=0, customChannelEvents=23}
[32mI[16:55:51,859] [300-BroadcastApp]BroadcastApp:[m Sending: fa960035-a168-4e48-8211-fe1c36a2c9ff - IPTJJMCJAI (10)
[32mI[16:55:51,859] [300-BroadcastApp]BroadcastApp:[m Received fa960035-a168-4e48-8211-fe1c36a2c9ff - IPTJJMCJAI (10) from 172.10.10.0:10000
[32mI[16:55:52,839] [100-CyclonMembership]CyclonMembership:[m Channel Metrics:
In channels:
Out channels:
[32mI[16:55:52,859] [100-CyclonMembership]CyclonMembership:[m Membership Metrics:
Membership: []
ProtocolMetrics{totalEvents=56, messagesIn=0, messagesFailed=0, messagesSent=0, timers=32, notifications=0, requests=0, replies=0, customChannelEvents=24}
[32mI[16:55:52,859] [300-BroadcastApp]BroadcastApp:[m Sending: 60db6629-2b71-4bc8-bbdc-73294ca744bf - JEGESDJUKQ (10)
[32mI[16:55:52,860] [300-BroadcastApp]BroadcastApp:[m Received 60db6629-2b71-4bc8-bbdc-73294ca744bf - JEGESDJUKQ (10) from 172.10.10.0:10000
[32mI[16:55:53,839] [100-CyclonMembership]CyclonMembership:[m Channel Metrics:
In channels:
Out channels:
[32mI[16:55:53,858] [300-BroadcastApp]BroadcastApp:[m Sending: a4982349-0b9c-4293-8413-7d743b3f7f7c - OQWFQFKPFU (10)
[32mI[16:55:53,859] [300-BroadcastApp]BroadcastApp:[m Received a4982349-0b9c-4293-8413-7d743b3f7f7c - OQWFQFKPFU (10) from 172.10.10.0:10000
[32mI[16:55:53,859] [100-CyclonMembership]CyclonMembership:[m Membership Metrics:
Membership: []
ProtocolMetrics{totalEvents=58, messagesIn=0, messagesFailed=0, messagesSent=0, timers=33, notifications=0, requests=0, replies=0, customChannelEvents=25}
[32mI[16:55:54,839] [100-CyclonMembership]CyclonMembership:[m Channel Metrics:
In channels:
Out channels:
[32mI[16:55:54,859] [300-BroadcastApp]BroadcastApp:[m Sending: a86a3df4-67f6-45cd-96a1-13196e79ff74 - JAWTAFIILZ (10)
[32mI[16:55:54,859] [300-BroadcastApp]BroadcastApp:[m Received a86a3df4-67f6-45cd-96a1-13196e79ff74 - JAWTAFIILZ (10) from 172.10.10.0:10000
[32mI[16:55:54,860] [100-CyclonMembership]CyclonMembership:[m Membership Metrics:
Membership: []
ProtocolMetrics{totalEvents=60, messagesIn=0, messagesFailed=0, messagesSent=0, timers=34, notifications=0, requests=0, replies=0, customChannelEvents=26}
[32mI[16:55:55,839] [100-CyclonMembership]CyclonMembership:[m Channel Metrics:
In channels:
Out channels:
[32mI[16:55:55,859] [100-CyclonMembership]CyclonMembership:[m Membership Metrics:
Membership: []
ProtocolMetrics{totalEvents=63, messagesIn=0, messagesFailed=0, messagesSent=0, timers=36, notifications=0, requests=0, replies=0, customChannelEvents=27}
[32mI[16:55:55,859] [300-BroadcastApp]BroadcastApp:[m Sending: 7bb8088c-4e47-4835-a2a6-53f723e79d65 - CKHFCLSRQH (10)
[32mI[16:55:55,859] [300-BroadcastApp]BroadcastApp:[m Received 7bb8088c-4e47-4835-a2a6-53f723e79d65 - CKHFCLSRQH (10) from 172.10.10.0:10000
[32mI[16:55:56,839] [100-CyclonMembership]CyclonMembership:[m Channel Metrics:
In channels:
Out channels:
[32mI[16:55:56,858] [300-BroadcastApp]BroadcastApp:[m Sending: a7c454b1-233e-4343-a7a2-b5d7de12b939 - GNFQXRGOYR (10)
[32mI[16:55:56,859] [300-BroadcastApp]BroadcastApp:[m Received a7c454b1-233e-4343-a7a2-b5d7de12b939 - GNFQXRGOYR (10) from 172.10.10.0:10000
[32mI[16:55:56,859] [100-CyclonMembership]CyclonMembership:[m Membership Metrics:
Membership: []
ProtocolMetrics{totalEvents=65, messagesIn=0, messagesFailed=0, messagesSent=0, timers=37, notifications=0, requests=0, replies=0, customChannelEvents=28}
[32mI[16:55:57,839] [100-CyclonMembership]CyclonMembership:[m Channel Metrics:
In channels:
Out channels:
[32mI[16:55:57,858] [300-BroadcastApp]BroadcastApp:[m Sending: 893d9222-8fe3-46c1-8162-f33e1bb24d78 - SEXLZMALUM (10)
[32mI[16:55:57,859] [300-BroadcastApp]BroadcastApp:[m Received 893d9222-8fe3-46c1-8162-f33e1bb24d78 - SEXLZMALUM (10) from 172.10.10.0:10000
[32mI[16:55:57,859] [100-CyclonMembership]CyclonMembership:[m Membership Metrics:
Membership: []
ProtocolMetrics{totalEvents=67, messagesIn=0, messagesFailed=0, messagesSent=0, timers=38, notifications=0, requests=0, replies=0, customChannelEvents=29}
[32mI[16:55:58,839] [100-CyclonMembership]CyclonMembership:[m Channel Metrics:
In channels:
Out channels:
[32mI[16:55:58,859] [300-BroadcastApp]BroadcastApp:[m Sending: 57db27a4-add2-43d5-913f-c5e93bdbd4cc - DAGBTFIFMP (10)
[32mI[16:55:58,859] [300-BroadcastApp]BroadcastApp:[m Received 57db27a4-add2-43d5-913f-c5e93bdbd4cc - DAGBTFIFMP (10) from 172.10.10.0:10000
[32mI[16:55:58,860] [100-CyclonMembership]CyclonMembership:[m Membership Metrics:
Membership: []
ProtocolMetrics{totalEvents=70, messagesIn=0, messagesFailed=0, messagesSent=0, timers=40, notifications=0, requests=0, replies=0, customChannelEvents=30}
[32mI[16:55:59,839] [100-CyclonMembership]CyclonMembership:[m Channel Metrics:
In channels:
Out channels:
[32mI[16:55:59,858] [300-BroadcastApp]BroadcastApp:[m Sending: 31cb7e47-67bb-46ba-a759-c5a8eb23d6b7 - SIGXWPAWHJ (10)
[32mI[16:55:59,859] [300-BroadcastApp]BroadcastApp:[m Received 31cb7e47-67bb-46ba-a759-c5a8eb23d6b7 - SIGXWPAWHJ (10) from 172.10.10.0:10000
[32mI[16:55:59,859] [100-CyclonMembership]CyclonMembership:[m Membership Metrics:
Membership: []
ProtocolMetrics{totalEvents=72, messagesIn=0, messagesFailed=0, messagesSent=0, timers=41, notifications=0, requests=0, replies=0, customChannelEvents=31}
[32mI[16:56:00,839] [100-CyclonMembership]CyclonMembership:[m Channel Metrics:
In channels:
Out channels:
[32mI[16:56:00,858] [300-BroadcastApp]BroadcastApp:[m Sending: cfbecfae-8248-414e-9d13-9eef78995667 - ORPYUZRDRS (10)
[32mI[16:56:00,859] [300-BroadcastApp]BroadcastApp:[m Received cfbecfae-8248-414e-9d13-9eef78995667 - ORPYUZRDRS (10) from 172.10.10.0:10000
[32mI[16:56:00,859] [100-CyclonMembership]CyclonMembership:[m Membership Metrics:
Membership: []
ProtocolMetrics{totalEvents=74, messagesIn=0, messagesFailed=0, messagesSent=0, timers=42, notifications=0, requests=0, replies=0, customChannelEvents=32}
[32mI[16:56:01,839] [100-CyclonMembership]CyclonMembership:[m Channel Metrics:
In channels:
Out channels:
[32mI[16:56:01,859] [300-BroadcastApp]BroadcastApp:[m Sending: 6670f444-52c4-49e6-831c-ed4f8aa67538 - SGPHBWXJHN (10)
[32mI[16:56:01,859] [300-BroadcastApp]BroadcastApp:[m Received 6670f444-52c4-49e6-831c-ed4f8aa67538 - SGPHBWXJHN (10) from 172.10.10.0:10000
[32mI[16:56:01,860] [100-CyclonMembership]CyclonMembership:[m Membership Metrics:
Membership: []
ProtocolMetrics{totalEvents=77, messagesIn=0, messagesFailed=0, messagesSent=0, timers=44, notifications=0, requests=0, replies=0, customChannelEvents=33}
[32mI[16:56:02,839] [100-CyclonMembership]CyclonMembership:[m Channel Metrics:
In channels:
Out channels:
[32mI[16:56:02,858] [300-BroadcastApp]BroadcastApp:[m Sending: 2ce41834-418d-4c54-a181-9f8b6d08b747 - XDFJULFUMI (10)
[32mI[16:56:02,859] [300-BroadcastApp]BroadcastApp:[m Received 2ce41834-418d-4c54-a181-9f8b6d08b747 - XDFJULFUMI (10) from 172.10.10.0:10000
[32mI[16:56:02,860] [100-CyclonMembership]CyclonMembership:[m Membership Metrics:
Membership: []
ProtocolMetrics{totalEvents=79, messagesIn=0, messagesFailed=0, messagesSent=0, timers=45, notifications=0, requests=0, replies=0, customChannelEvents=34}
[32mI[16:56:03,839] [100-CyclonMembership]CyclonMembership:[m Channel Metrics:
In channels:
Out channels:
[32mI[16:56:03,858] [300-BroadcastApp]BroadcastApp:[m Sending: c8c46ae1-aa1d-4733-82f4-2af3f691d961 - MBKKFCDHRQ (10)
[32mI[16:56:03,859] [300-BroadcastApp]BroadcastApp:[m Received c8c46ae1-aa1d-4733-82f4-2af3f691d961 - MBKKFCDHRQ (10) from 172.10.10.0:10000
[32mI[16:56:03,860] [100-CyclonMembership]CyclonMembership:[m Membership Metrics:
Membership: []
ProtocolMetrics{totalEvents=81, messagesIn=0, messagesFailed=0, messagesSent=0, timers=46, notifications=0, requests=0, replies=0, customChannelEvents=35}
[32mI[16:56:04,839] [100-CyclonMembership]CyclonMembership:[m Channel Metrics:
In channels:
Out channels:
[32mI[16:56:04,859] [300-BroadcastApp]BroadcastApp:[m Sending: 8f883292-1b5f-4961-80d8-60a0b75c38aa - DAIDTBJHUF (10)
[32mI[16:56:04,860] [300-BroadcastApp]BroadcastApp:[m Received 8f883292-1b5f-4961-80d8-60a0b75c38aa - DAIDTBJHUF (10) from 172.10.10.0:10000
[32mI[16:56:04,860] [100-CyclonMembership]CyclonMembership:[m Membership Metrics:
Membership: []
ProtocolMetrics{totalEvents=84, messagesIn=0, messagesFailed=0, messagesSent=0, timers=48, notifications=0, requests=0, replies=0, customChannelEvents=36}
[32mI[16:56:05,839] [100-CyclonMembership]CyclonMembership:[m Channel Metrics:
In channels:
Out channels:
[32mI[16:56:05,858] [300-BroadcastApp]BroadcastApp:[m Sending: 6a105af5-b58a-4ef2-b28f-25bb4ab1668e - ENOZAJDNXM (10)
[32mI[16:56:05,859] [300-BroadcastApp]BroadcastApp:[m Received 6a105af5-b58a-4ef2-b28f-25bb4ab1668e - ENOZAJDNXM (10) from 172.10.10.0:10000
[32mI[16:56:05,860] [100-CyclonMembership]CyclonMembership:[m Membership Metrics:
Membership: []
ProtocolMetrics{totalEvents=86, messagesIn=0, messagesFailed=0, messagesSent=0, timers=49, notifications=0, requests=0, replies=0, customChannelEvents=37}
[32mI[16:56:06,839] [100-CyclonMembership]CyclonMembership:[m Channel Metrics:
In channels:
Out channels:
[32mI[16:56:06,859] [300-BroadcastApp]BroadcastApp:[m Sending: 54e1cb61-3972-4bf2-8d65-868489b61990 - GFJEOHFUNM (10)
[32mI[16:56:06,859] [300-BroadcastApp]BroadcastApp:[m Received 54e1cb61-3972-4bf2-8d65-868489b61990 - GFJEOHFUNM (10) from 172.10.10.0:10000
[32mI[16:56:06,860] [100-CyclonMembership]CyclonMembership:[m Membership Metrics:
Membership: []
ProtocolMetrics{totalEvents=88, messagesIn=0, messagesFailed=0, messagesSent=0, timers=50, notifications=0, requests=0, replies=0, customChannelEvents=38}
[32mI[16:56:07,839] [100-CyclonMembership]CyclonMembership:[m Channel Metrics:
In channels:
Out channels:
[32mI[16:56:07,858] [300-BroadcastApp]BroadcastApp:[m Sending: cd5a07eb-9b31-4636-8abf-889258574cdf - PSHGJYYCYJ (10)
[32mI[16:56:07,858] [300-BroadcastApp]BroadcastApp:[m Received cd5a07eb-9b31-4636-8abf-889258574cdf - PSHGJYYCYJ (10) from 172.10.10.0:10000
[32mI[16:56:07,860] [100-CyclonMembership]CyclonMembership:[m Membership Metrics:
Membership: []
ProtocolMetrics{totalEvents=91, messagesIn=0, messagesFailed=0, messagesSent=0, timers=52, notifications=0, requests=0, replies=0, customChannelEvents=39}
[32mI[16:56:08,839] [100-CyclonMembership]CyclonMembership:[m Channel Metrics:
In channels:
Out channels:
[32mI[16:56:08,858] [300-BroadcastApp]BroadcastApp:[m Sending: 5709a0d1-03d9-4c66-8a90-bf179f11d43d - LPDUEWYKYF (10)
[32mI[16:56:08,859] [300-BroadcastApp]BroadcastApp:[m Received 5709a0d1-03d9-4c66-8a90-bf179f11d43d - LPDUEWYKYF (10) from 172.10.10.0:10000
[32mI[16:56:08,860] [100-CyclonMembership]CyclonMembership:[m Membership Metrics:
Membership: []
ProtocolMetrics{totalEvents=93, messagesIn=0, messagesFailed=0, messagesSent=0, timers=53, notifications=0, requests=0, replies=0, customChannelEvents=40}
[32mI[16:56:09,839] [100-CyclonMembership]CyclonMembership:[m Channel Metrics:
In channels:
Out channels:
[32mI[16:56:09,858] [300-BroadcastApp]BroadcastApp:[m Sending: e5287c6f-e185-416e-9e30-8d28faf63c3a - ZJOAZNEHMH (10)
[32mI[16:56:09,859] [300-BroadcastApp]BroadcastApp:[m Received e5287c6f-e185-416e-9e30-8d28faf63c3a - ZJOAZNEHMH (10) from 172.10.10.0:10000
[32mI[16:56:09,860] [100-CyclonMembership]CyclonMembership:[m Membership Metrics:
Membership: []
ProtocolMetrics{totalEvents=95, messagesIn=0, messagesFailed=0, messagesSent=0, timers=54, notifications=0, requests=0, replies=0, customChannelEvents=41}
[32mI[16:56:10,839] [100-CyclonMembership]CyclonMembership:[m Channel Metrics:
In channels:
Out channels:
[32mI[16:56:10,859] [300-BroadcastApp]BroadcastApp:[m Sending: a5b854a6-e945-483b-a1ad-398c1400e554 - IHYEMSIOTJ (10)
[32mI[16:56:10,860] [300-BroadcastApp]BroadcastApp:[m Received a5b854a6-e945-483b-a1ad-398c1400e554 - IHYEMSIOTJ (10) from 172.10.10.0:10000
[32mI[16:56:10,860] [100-CyclonMembership]CyclonMembership:[m Membership Metrics:
Membership: []
ProtocolMetrics{totalEvents=98, messagesIn=0, messagesFailed=0, messagesSent=0, timers=56, notifications=0, requests=0, replies=0, customChannelEvents=42}
[32mI[16:56:11,839] [100-CyclonMembership]CyclonMembership:[m Channel Metrics:
In channels:
Out channels:
[32mI[16:56:11,859] [300-BroadcastApp]BroadcastApp:[m Sending: 9c8369b7-a979-4b4e-bac7-ff06a6b1fb7e - ZMGFCKDFWW (10)
[32mI[16:56:11,860] [300-BroadcastApp]BroadcastApp:[m Received 9c8369b7-a979-4b4e-bac7-ff06a6b1fb7e - ZMGFCKDFWW (10) from 172.10.10.0:10000
[32mI[16:56:11,860] [100-CyclonMembership]CyclonMembership:[m Membership Metrics:
Membership: []
ProtocolMetrics{totalEvents=100, messagesIn=0, messagesFailed=0, messagesSent=0, timers=57, notifications=0, requests=0, replies=0, customChannelEvents=43}
[32mI[16:56:12,839] [100-CyclonMembership]CyclonMembership:[m Channel Metrics:
In channels:
Out channels:
[32mI[16:56:12,859] [300-BroadcastApp]BroadcastApp:[m Sending: f6c6e1bd-868d-4839-9df6-5410881ea7b6 - MVVTTAZGAJ (10)
[32mI[16:56:12,860] [300-BroadcastApp]BroadcastApp:[m Received f6c6e1bd-868d-4839-9df6-5410881ea7b6 - MVVTTAZGAJ (10) from 172.10.10.0:10000
[32mI[16:56:12,860] [100-CyclonMembership]CyclonMembership:[m Membership Metrics:
Membership: []
ProtocolMetrics{totalEvents=102, messagesIn=0, messagesFailed=0, messagesSent=0, timers=58, notifications=0, requests=0, replies=0, customChannelEvents=44}
[32mI[16:56:13,839] [100-CyclonMembership]CyclonMembership:[m Channel Metrics:
In channels:
Out channels:
[32mI[16:56:13,860] [100-CyclonMembership]CyclonMembership:[m Membership Metrics:
Membership: []
ProtocolMetrics{totalEvents=105, messagesIn=0, messagesFailed=0, messagesSent=0, timers=60, notifications=0, requests=0, replies=0, customChannelEvents=45}
[32mI[16:56:13,860] [300-BroadcastApp]BroadcastApp:[m Sending: 9d329bdd-6598-453c-8732-ebe4a87efc27 - GONAKKLZTE (10)
[32mI[16:56:13,861] [300-BroadcastApp]BroadcastApp:[m Received 9d329bdd-6598-453c-8732-ebe4a87efc27 - GONAKKLZTE (10) from 172.10.10.0:10000
[32mI[16:56:14,839] [100-CyclonMembership]CyclonMembership:[m Channel Metrics:
In channels:
Out channels:
[32mI[16:56:14,860] [100-CyclonMembership]CyclonMembership:[m Membership Metrics:
Membership: []
ProtocolMetrics{totalEvents=107, messagesIn=0, messagesFailed=0, messagesSent=0, timers=61, notifications=0, requests=0, replies=0, customChannelEvents=46}
[32mI[16:56:14,860] [300-BroadcastApp]BroadcastApp:[m Sending: a4bbf044-c731-4f56-834b-87ab6ac2ddc5 - WAAOYGEGTG (10)
[32mI[16:56:14,860] [300-BroadcastApp]BroadcastApp:[m Received a4bbf044-c731-4f56-834b-87ab6ac2ddc5 - WAAOYGEGTG (10) from 172.10.10.0:10000
[32mI[16:56:15,839] [100-CyclonMembership]CyclonMembership:[m Channel Metrics:
In channels:
Out channels:
[32mI[16:56:15,860] [100-CyclonMembership]CyclonMembership:[m Membership Metrics:
Membership: []
ProtocolMetrics{totalEvents=109, messagesIn=0, messagesFailed=0, messagesSent=0, timers=62, notifications=0, requests=0, replies=0, customChannelEvents=47}
[32mI[16:56:15,860] [300-BroadcastApp]BroadcastApp:[m Sending: 742f3685-cd7f-49fd-b396-100f143dbd71 - XVEMBBIMPI (10)
[32mI[16:56:15,861] [300-BroadcastApp]BroadcastApp:[m Received 742f3685-cd7f-49fd-b396-100f143dbd71 - XVEMBBIMPI (10) from 172.10.10.0:10000
[32mI[16:56:16,839] [100-CyclonMembership]CyclonMembership:[m Channel Metrics:
In channels:
Out channels:
[32mI[16:56:16,860] [100-CyclonMembership]CyclonMembership:[m Membership Metrics:
Membership: []
ProtocolMetrics{totalEvents=112, messagesIn=0, messagesFailed=0, messagesSent=0, timers=64, notifications=0, requests=0, replies=0, customChannelEvents=48}
[32mI[16:56:16,860] [300-BroadcastApp]BroadcastApp:[m Sending: 5b2bf0c2-e01f-49f6-adc9-61251c17ada1 - BUIYMISAZE (10)
[32mI[16:56:16,861] [300-BroadcastApp]BroadcastApp:[m Received 5b2bf0c2-e01f-49f6-adc9-61251c17ada1 - BUIYMISAZE (10) from 172.10.10.0:10000
[32mI[16:56:17,839] [100-CyclonMembership]CyclonMembership:[m Channel Metrics:
In channels:
Out channels:
[32mI[16:56:17,860] [100-CyclonMembership]CyclonMembership:[m Membership Metrics:
Membership: []
ProtocolMetrics{totalEvents=114, messagesIn=0, messagesFailed=0, messagesSent=0, timers=65, notifications=0, requests=0, replies=0, customChannelEvents=49}
[32mI[16:56:17,861] [300-BroadcastApp]BroadcastApp:[m Sending: 56a5a36b-6e0a-4f4b-bdfc-d8b98f6d858f - QQELXDCYZW (10)
[32mI[16:56:17,861] [300-BroadcastApp]BroadcastApp:[m Received 56a5a36b-6e0a-4f4b-bdfc-d8b98f6d858f - QQELXDCYZW (10) from 172.10.10.0:10000
[32mI[16:56:18,839] [100-CyclonMembership]CyclonMembership:[m Channel Metrics:
In channels:
Out channels:
[32mI[16:56:18,861] [300-BroadcastApp]BroadcastApp:[m Sending: e709ce7f-ae84-4983-8b8e-56c07f6ab8d5 - WVMXWTBDNX (10)
[32mI[16:56:18,860] [100-CyclonMembership]CyclonMembership:[m Membership Metrics:
Membership: []
ProtocolMetrics{totalEvents=116, messagesIn=0, messagesFailed=0, messagesSent=0, timers=66, notifications=0, requests=0, replies=0, customChannelEvents=50}
[32mI[16:56:18,861] [300-BroadcastApp]BroadcastApp:[m Received e709ce7f-ae84-4983-8b8e-56c07f6ab8d5 - WVMXWTBDNX (10) from 172.10.10.0:10000
[32mI[16:56:19,839] [100-CyclonMembership]CyclonMembership:[m Channel Metrics:
In channels:
Out channels:
[32mI[16:56:19,860] [100-CyclonMembership]CyclonMembership:[m Membership Metrics:
Membership: []
ProtocolMetrics{totalEvents=119, messagesIn=0, messagesFailed=0, messagesSent=0, timers=68, notifications=0, requests=0, replies=0, customChannelEvents=51}
[32mI[16:56:19,860] [300-BroadcastApp]BroadcastApp:[m Sending: fba9389e-4de5-46aa-b7a4-b0ca31ac426e - JQOPEQHJLV (10)
[32mI[16:56:19,860] [300-BroadcastApp]BroadcastApp:[m Received fba9389e-4de5-46aa-b7a4-b0ca31ac426e - JQOPEQHJLV (10) from 172.10.10.0:10000
[32mI[16:56:20,839] [100-CyclonMembership]CyclonMembership:[m Channel Metrics:
In channels:
Out channels:
[32mI[16:56:20,860] [100-CyclonMembership]CyclonMembership:[m Membership Metrics:
Membership: []
ProtocolMetrics{totalEvents=121, messagesIn=0, messagesFailed=0, messagesSent=0, timers=69, notifications=0, requests=0, replies=0, customChannelEvents=52}
[32mI[16:56:20,860] [300-BroadcastApp]BroadcastApp:[m Sending: e51e71c5-266e-4b0a-b6fa-d41ca55c450a - EGWOTCAAZB (10)
[32mI[16:56:20,861] [300-BroadcastApp]BroadcastApp:[m Received e51e71c5-266e-4b0a-b6fa-d41ca55c450a - EGWOTCAAZB (10) from 172.10.10.0:10000
[32mI[16:56:21,839] [100-CyclonMembership]CyclonMembership:[m Channel Metrics:
In channels:
Out channels:
[32mI[16:56:21,860] [100-CyclonMembership]CyclonMembership:[m Membership Metrics:
Membership: []
ProtocolMetrics{totalEvents=123, messagesIn=0, messagesFailed=0, messagesSent=0, timers=70, notifications=0, requests=0, replies=0, customChannelEvents=53}
[32mI[16:56:21,860] [300-BroadcastApp]BroadcastApp:[m Sending: b8c76492-9656-443c-a1a8-7fbc8adb02f8 - SMESPWXJKE (10)
[32mI[16:56:21,861] [300-BroadcastApp]BroadcastApp:[m Received b8c76492-9656-443c-a1a8-7fbc8adb02f8 - SMESPWXJKE (10) from 172.10.10.0:10000
[32mI[16:56:22,839] [100-CyclonMembership]CyclonMembership:[m Channel Metrics:
In channels:
Out channels:
[32mI[16:56:22,860] [100-CyclonMembership]CyclonMembership:[m Membership Metrics:
Membership: []
ProtocolMetrics{totalEvents=126, messagesIn=0, messagesFailed=0, messagesSent=0, timers=72, notifications=0, requests=0, replies=0, customChannelEvents=54}
[32mI[16:56:22,861] [300-BroadcastApp]BroadcastApp:[m Sending: de47e547-dd55-4f07-a0b6-5910b9bfcbee - SWZWRLTKGX (10)
[32mI[16:56:22,861] [300-BroadcastApp]BroadcastApp:[m Received de47e547-dd55-4f07-a0b6-5910b9bfcbee - SWZWRLTKGX (10) from 172.10.10.0:10000
[32mI[16:56:23,839] [100-CyclonMembership]CyclonMembership:[m Channel Metrics:
In channels:
Out channels:
[32mI[16:56:23,861] [100-CyclonMembership]CyclonMembership:[m Membership Metrics:
Membership: []
ProtocolMetrics{totalEvents=128, messagesIn=0, messagesFailed=0, messagesSent=0, timers=73, notifications=0, requests=0, replies=0, customChannelEvents=55}
[32mI[16:56:23,861] [300-BroadcastApp]BroadcastApp:[m Sending: f2329e8c-7042-43c5-9217-e0b331d16166 - VRMPOITMIX (10)
[32mI[16:56:23,861] [300-BroadcastApp]BroadcastApp:[m Received f2329e8c-7042-43c5-9217-e0b331d16166 - VRMPOITMIX (10) from 172.10.10.0:10000
[32mI[16:56:24,839] [100-CyclonMembership]CyclonMembership:[m Channel Metrics:
In channels:
Out channels:
[32mI[16:56:24,861] [100-CyclonMembership]CyclonMembership:[m Membership Metrics:
Membership: []
ProtocolMetrics{totalEvents=130, messagesIn=0, messagesFailed=0, messagesSent=0, timers=74, notifications=0, requests=0, replies=0, customChannelEvents=56}
[32mI[16:56:24,861] [300-BroadcastApp]BroadcastApp:[m Sending: 8c068924-6f47-4805-b393-807faff9236e - FIWUDBRVFZ (10)
[32mI[16:56:24,861] [300-BroadcastApp]BroadcastApp:[m Received 8c068924-6f47-4805-b393-807faff9236e - FIWUDBRVFZ (10) from 172.10.10.0:10000
[32mI[16:56:25,839] [100-CyclonMembership]CyclonMembership:[m Channel Metrics:
In channels:
Out channels:
[32mI[16:56:25,861] [100-CyclonMembership]CyclonMembership:[m Membership Metrics:
Membership: []
ProtocolMetrics{totalEvents=133, messagesIn=0, messagesFailed=0, messagesSent=0, timers=76, notifications=0, requests=0, replies=0, customChannelEvents=57}
[32mI[16:56:25,861] [300-BroadcastApp]BroadcastApp:[m Sending: 1f2b0d73-ef3a-4eee-8a45-eb9582a11a6b - XVRSTAZMAY (10)
[32mI[16:56:25,862] [300-BroadcastApp]BroadcastApp:[m Received 1f2b0d73-ef3a-4eee-8a45-eb9582a11a6b - XVRSTAZMAY (10) from 172.10.10.0:10000
[32mI[16:56:26,839] [100-CyclonMembership]CyclonMembership:[m Channel Metrics:
In channels:
Out channels:
[32mI[16:56:26,861] [100-CyclonMembership]CyclonMembership:[m Membership Metrics:
Membership: []
ProtocolMetrics{totalEvents=135, messagesIn=0, messagesFailed=0, messagesSent=0, timers=77, notifications=0, requests=0, replies=0, customChannelEvents=58}
[32mI[16:56:26,862] [300-BroadcastApp]BroadcastApp:[m Sending: 205d1037-e3db-43a0-866b-61fe521e8ed1 - DWVJFTXYGC (10)
[32mI[16:56:26,862] [300-BroadcastApp]BroadcastApp:[m Received 205d1037-e3db-43a0-866b-61fe521e8ed1 - DWVJFTXYGC (10) from 172.10.10.0:10000
[32mI[16:56:27,839] [100-CyclonMembership]CyclonMembership:[m Channel Metrics:
In channels:
Out channels:
[32mI[16:56:27,862] [100-CyclonMembership]CyclonMembership:[m Membership Metrics:
Membership: []
ProtocolMetrics{totalEvents=137, messagesIn=0, messagesFailed=0, messagesSent=0, timers=78, notifications=0, requests=0, replies=0, customChannelEvents=59}
[32mI[16:56:27,862] [300-BroadcastApp]BroadcastApp:[m Sending: 91d325e3-aa43-4dc9-9555-f3950868487c - RGTYBAWRGV (10)
[32mI[16:56:27,862] [300-BroadcastApp]BroadcastApp:[m Received 91d325e3-aa43-4dc9-9555-f3950868487c - RGTYBAWRGV (10) from 172.10.10.0:10000
[32mI[16:56:28,839] [100-CyclonMembership]CyclonMembership:[m Channel Metrics:
In channels:
Out channels:
[32mI[16:56:28,861] [100-CyclonMembership]CyclonMembership:[m Membership Metrics:
Membership: []
ProtocolMetrics{totalEvents=140, messagesIn=0, messagesFailed=0, messagesSent=0, timers=80, notifications=0, requests=0, replies=0, customChannelEvents=60}
[32mI[16:56:28,861] [300-BroadcastApp]BroadcastApp:[m Sending: 5e79022d-91bc-490e-a053-4091a51d55e1 - CTISYANHDU (10)
[32mI[16:56:28,861] [300-BroadcastApp]BroadcastApp:[m Received 5e79022d-91bc-490e-a053-4091a51d55e1 - CTISYANHDU (10) from 172.10.10.0:10000
[32mI[16:56:29,839] [100-CyclonMembership]CyclonMembership:[m Channel Metrics:
In channels:
Out channels:
[32mI[16:56:29,861] [100-CyclonMembership]CyclonMembership:[m Membership Metrics:
Membership: []
ProtocolMetrics{totalEvents=142, messagesIn=0, messagesFailed=0, messagesSent=0, timers=81, notifications=0, requests=0, replies=0, customChannelEvents=61}
[32mI[16:56:29,861] [300-BroadcastApp]BroadcastApp:[m Sending: 9fb6c547-eeea-47d5-9c03-2019ab1ba837 - RHNDNSOBKC (10)
[32mI[16:56:29,862] [300-BroadcastApp]BroadcastApp:[m Received 9fb6c547-eeea-47d5-9c03-2019ab1ba837 - RHNDNSOBKC (10) from 172.10.10.0:10000
[32mI[16:56:30,839] [100-CyclonMembership]CyclonMembership:[m Channel Metrics:
In channels:
Out channels:
[32mI[16:56:30,861] [100-CyclonMembership]CyclonMembership:[m Membership Metrics:
Membership: []
ProtocolMetrics{totalEvents=144, messagesIn=0, messagesFailed=0, messagesSent=0, timers=82, notifications=0, requests=0, replies=0, customChannelEvents=62}
[32mI[16:56:30,862] [300-BroadcastApp]BroadcastApp:[m Sending: d29a856a-bea0-41a9-a108-4417809d3b5f - ODJAQIRKLI (10)
[32mI[16:56:30,862] [300-BroadcastApp]BroadcastApp:[m Received d29a856a-bea0-41a9-a108-4417809d3b5f - ODJAQIRKLI (10) from 172.10.10.0:10000
[32mI[16:56:31,839] [100-CyclonMembership]CyclonMembership:[m Channel Metrics:
In channels:
Out channels:
[32mI[16:56:31,861] [100-CyclonMembership]CyclonMembership:[m Membership Metrics:
Membership: []
ProtocolMetrics{totalEvents=147, messagesIn=0, messagesFailed=0, messagesSent=0, timers=84, notifications=0, requests=0, replies=0, customChannelEvents=63}
[32mI[16:56:31,862] [300-BroadcastApp]BroadcastApp:[m Sending: fdab35d1-9c5e-4e37-a6b5-7ae603cfa52c - WNGFTYSKWZ (10)
[32mI[16:56:31,862] [300-BroadcastApp]BroadcastApp:[m Received fdab35d1-9c5e-4e37-a6b5-7ae603cfa52c - WNGFTYSKWZ (10) from 172.10.10.0:10000
[32mI[16:56:32,839] [100-CyclonMembership]CyclonMembership:[m Channel Metrics:
In channels:
Out channels:
[32mI[16:56:32,862] [100-CyclonMembership]CyclonMembership:[m Membership Metrics:
Membership: []
ProtocolMetrics{totalEvents=149, messagesIn=0, messagesFailed=0, messagesSent=0, timers=85, notifications=0, requests=0, replies=0, customChannelEvents=64}
[32mI[16:56:32,862] [300-BroadcastApp]BroadcastApp:[m Sending: 1de7cdf2-ea8d-4830-8339-36dcd43583cb - YRSKVBPBLJ (10)
[32mI[16:56:32,862] [300-BroadcastApp]BroadcastApp:[m Received 1de7cdf2-ea8d-4830-8339-36dcd43583cb - YRSKVBPBLJ (10) from 172.10.10.0:10000
[32mI[16:56:33,839] [100-CyclonMembership]CyclonMembership:[m Channel Metrics:
In channels:
Out channels:
[32mI[16:56:33,857] [300-BroadcastApp]BroadcastApp:[m Stopping broadcasts
[32mI[16:56:33,863] [100-CyclonMembership]CyclonMembership:[m Membership Metrics:
Membership: []
ProtocolMetrics{totalEvents=151, messagesIn=0, messagesFailed=0, messagesSent=0, timers=86, notifications=0, requests=0, replies=0, customChannelEvents=65}
[32mI[16:56:34,839] [100-CyclonMembership]CyclonMembership:[m Channel Metrics:
In channels:
Out channels:
[32mI[16:56:34,863] [100-CyclonMembership]CyclonMembership:[m Membership Metrics:
Membership: []
ProtocolMetrics{totalEvents=154, messagesIn=0, messagesFailed=0, messagesSent=0, timers=88, notifications=0, requests=0, replies=0, customChannelEvents=66}
[32mI[16:56:35,839] [100-CyclonMembership]CyclonMembership:[m Channel Metrics:
In channels:
Out channels:
[32mI[16:56:35,863] [100-CyclonMembership]CyclonMembership:[m Membership Metrics:
Membership: []
ProtocolMetrics{totalEvents=156, messagesIn=0, messagesFailed=0, messagesSent=0, timers=89, notifications=0, requests=0, replies=0, customChannelEvents=67}
[32mI[16:56:36,839] [100-CyclonMembership]CyclonMembership:[m Channel Metrics:
In channels:
Out channels:
[32mI[16:56:36,863] [100-CyclonMembership]CyclonMembership:[m Membership Metrics:
Membership: []
ProtocolMetrics{totalEvents=158, messagesIn=0, messagesFailed=0, messagesSent=0, timers=90, notifications=0, requests=0, replies=0, customChannelEvents=68}
[32mI[16:56:37,839] [100-CyclonMembership]CyclonMembership:[m Channel Metrics:
In channels:
Out channels:
[32mI[16:56:37,864] [100-CyclonMembership]CyclonMembership:[m Membership Metrics:
Membership: []
ProtocolMetrics{totalEvents=161, messagesIn=0, messagesFailed=0, messagesSent=0, timers=92, notifications=0, requests=0, replies=0, customChannelEvents=69}
[32mI[16:56:38,839] [100-CyclonMembership]CyclonMembership:[m Channel Metrics:
In channels:
Out channels:
[32mI[16:56:38,858] [300-BroadcastApp]BroadcastApp:[m Exiting...
[32mI[16:56:38,859] [Thread-1]Main:[m Goodbye
