[32mI[16:23:45,763] [main]Main:[m Hello, I am 172.10.10.0:10000
[32mI[16:23:46,050] [main]BroadcastApp:[m Waiting...
[32mI[16:23:47,046] [100-CyclonMembership]CyclonMembership:[m Channel Metrics:
In channels:
Out channels:
[32mI[16:23:47,054] [100-CyclonMembership]CyclonMembership:[m Membership Metrics:
Membership: []
ProtocolMetrics{totalEvents=2, messagesIn=0, messagesFailed=0, messagesSent=0, timers=1, notifications=0, requests=0, replies=0, customChannelEvents=1}
[32mI[16:23:48,036] [100-CyclonMembership]CyclonMembership:[m Channel Metrics:
In channels:
Out channels:
[32mI[16:23:48,053] [100-CyclonMembership]CyclonMembership:[m Membership Metrics:
Membership: []
ProtocolMetrics{totalEvents=4, messagesIn=0, messagesFailed=0, messagesSent=0, timers=2, notifications=0, requests=0, replies=0, customChannelEvents=2}
[32mI[16:23:49,035] [100-CyclonMembership]CyclonMembership:[m Channel Metrics:
In channels:
Out channels:
[32mI[16:23:49,053] [100-CyclonMembership]CyclonMembership:[m Membership Metrics:
Membership: []
ProtocolMetrics{totalEvents=7, messagesIn=0, messagesFailed=0, messagesSent=0, timers=4, notifications=0, requests=0, replies=0, customChannelEvents=3}
[32mI[16:23:50,036] [100-CyclonMembership]CyclonMembership:[m Channel Metrics:
In channels:
Out channels:
[32mI[16:23:50,053] [100-CyclonMembership]CyclonMembership:[m Membership Metrics:
Membership: []
ProtocolMetrics{totalEvents=9, messagesIn=0, messagesFailed=0, messagesSent=0, timers=5, notifications=0, requests=0, replies=0, customChannelEvents=4}
[32mI[16:23:51,036] [100-CyclonMembership]CyclonMembership:[m Channel Metrics:
In channels:
Out channels:
[32mI[16:23:51,051] [300-BroadcastApp]BroadcastApp:[m Starting
[32mI[16:23:51,054] [100-CyclonMembership]CyclonMembership:[m Membership Metrics:
Membership: []
ProtocolMetrics{totalEvents=11, messagesIn=0, messagesFailed=0, messagesSent=0, timers=6, notifications=0, requests=0, replies=0, customChannelEvents=5}
[32mI[16:23:51,057] [300-BroadcastApp]BroadcastApp:[m Sending: 86b1f27d-bbae-401e-a4a9-d4283d527174 - MJXWCQGWNB (10)
[32mI[16:23:51,058] [300-BroadcastApp]BroadcastApp:[m Received 86b1f27d-bbae-401e-a4a9-d4283d527174 - MJXWCQGWNB (10) from 172.10.10.0:10000
[32mI[16:23:52,036] [100-CyclonMembership]CyclonMembership:[m Channel Metrics:
In channels:
Out channels:
[32mI[16:23:52,052] [300-BroadcastApp]BroadcastApp:[m Sending: e7e107d1-a2c6-4f2c-acb7-b48f6f69707d - EGNJBFRQLS (10)
[32mI[16:23:52,053] [300-BroadcastApp]BroadcastApp:[m Received e7e107d1-a2c6-4f2c-acb7-b48f6f69707d - EGNJBFRQLS (10) from 172.10.10.0:10000
[32mI[16:23:52,054] [100-CyclonMembership]CyclonMembership:[m Membership Metrics:
Membership: []
ProtocolMetrics{totalEvents=14, messagesIn=0, messagesFailed=0, messagesSent=0, timers=8, notifications=0, requests=0, replies=0, customChannelEvents=6}
[32mI[16:23:53,036] [100-CyclonMembership]CyclonMembership:[m Channel Metrics:
In channels:
Out channels:
[32mI[16:23:53,053] [300-BroadcastApp]BroadcastApp:[m Sending: 9226063b-8242-4d85-8718-f243b66ddde9 - XQYSJWQHGG (10)
[32mI[16:23:53,053] [300-BroadcastApp]BroadcastApp:[m Received 9226063b-8242-4d85-8718-f243b66ddde9 - XQYSJWQHGG (10) from 172.10.10.0:10000
[32mI[16:23:53,055] [100-CyclonMembership]CyclonMembership:[m Membership Metrics:
Membership: []
ProtocolMetrics{totalEvents=16, messagesIn=0, messagesFailed=0, messagesSent=0, timers=9, notifications=0, requests=0, replies=0, customChannelEvents=7}
[32mI[16:23:54,036] [100-CyclonMembership]CyclonMembership:[m Channel Metrics:
In channels:
Out channels:
[32mI[16:23:54,052] [300-BroadcastApp]BroadcastApp:[m Sending: c0b351ce-1584-4a3d-8f1b-4d0837f30bef - USKGBOZAHH (10)
[32mI[16:23:54,053] [300-BroadcastApp]BroadcastApp:[m Received c0b351ce-1584-4a3d-8f1b-4d0837f30bef - USKGBOZAHH (10) from 172.10.10.0:10000
[32mI[16:23:54,054] [100-CyclonMembership]CyclonMembership:[m Membership Metrics:
Membership: []
ProtocolMetrics{totalEvents=18, messagesIn=0, messagesFailed=0, messagesSent=0, timers=10, notifications=0, requests=0, replies=0, customChannelEvents=8}
[32mI[16:23:55,035] [100-CyclonMembership]CyclonMembership:[m Channel Metrics:
In channels:
Out channels:
[32mI[16:23:55,052] [300-BroadcastApp]BroadcastApp:[m Sending: 2235b398-dc6e-46a9-9939-635552ef6413 - BQVEHOQIVC (10)
[32mI[16:23:55,053] [300-BroadcastApp]BroadcastApp:[m Received 2235b398-dc6e-46a9-9939-635552ef6413 - BQVEHOQIVC (10) from 172.10.10.0:10000
[32mI[16:23:55,055] [100-CyclonMembership]CyclonMembership:[m Membership Metrics:
Membership: []
ProtocolMetrics{totalEvents=21, messagesIn=0, messagesFailed=0, messagesSent=0, timers=12, notifications=0, requests=0, replies=0, customChannelEvents=9}
[32mI[16:23:56,036] [100-CyclonMembership]CyclonMembership:[m Channel Metrics:
In channels:
Out channels:
[32mI[16:23:56,053] [300-BroadcastApp]BroadcastApp:[m Sending: 1df1ba9b-d88b-4e02-9461-94ddcebec574 - BZCTKZGGEQ (10)
[32mI[16:23:56,053] [300-BroadcastApp]BroadcastApp:[m Received 1df1ba9b-d88b-4e02-9461-94ddcebec574 - BZCTKZGGEQ (10) from 172.10.10.0:10000
[32mI[16:23:56,054] [100-CyclonMembership]CyclonMembership:[m Membership Metrics:
Membership: []
ProtocolMetrics{totalEvents=23, messagesIn=0, messagesFailed=0, messagesSent=0, timers=13, notifications=0, requests=0, replies=0, customChannelEvents=10}
[32mI[16:23:57,036] [100-CyclonMembership]CyclonMembership:[m Channel Metrics:
In channels:
Out channels:
[32mI[16:23:57,053] [300-BroadcastApp]BroadcastApp:[m Sending: b7a8cf02-331f-4f79-81ed-9fe0d9adcffb - TXPPHRGRDW (10)
[32mI[16:23:57,054] [300-BroadcastApp]BroadcastApp:[m Received b7a8cf02-331f-4f79-81ed-9fe0d9adcffb - TXPPHRGRDW (10) from 172.10.10.0:10000
[32mI[16:23:57,054] [100-CyclonMembership]CyclonMembership:[m Membership Metrics:
Membership: []
ProtocolMetrics{totalEvents=25, messagesIn=0, messagesFailed=0, messagesSent=0, timers=14, notifications=0, requests=0, replies=0, customChannelEvents=11}
[32mI[16:23:58,036] [100-CyclonMembership]CyclonMembership:[m Channel Metrics:
In channels:
Out channels:
[32mI[16:23:58,054] [300-BroadcastApp]BroadcastApp:[m Sending: 198bf679-f423-4fce-8e4a-08ebc7c029c4 - PORYGVUGFQ (10)
[32mI[16:23:58,054] [300-BroadcastApp]BroadcastApp:[m Received 198bf679-f423-4fce-8e4a-08ebc7c029c4 - PORYGVUGFQ (10) from 172.10.10.0:10000
[32mI[16:23:58,055] [100-CyclonMembership]CyclonMembership:[m Membership Metrics:
Membership: []
ProtocolMetrics{totalEvents=28, messagesIn=0, messagesFailed=0, messagesSent=0, timers=16, notifications=0, requests=0, replies=0, customChannelEvents=12}
[32mI[16:23:59,036] [100-CyclonMembership]CyclonMembership:[m Channel Metrics:
In channels:
Out channels:
[32mI[16:23:59,054] [100-CyclonMembership]CyclonMembership:[m Membership Metrics:
Membership: []
ProtocolMetrics{totalEvents=30, messagesIn=0, messagesFailed=0, messagesSent=0, timers=17, notifications=0, requests=0, replies=0, customChannelEvents=13}
[32mI[16:23:59,054] [300-BroadcastApp]BroadcastApp:[m Sending: 79e3b025-a7e7-4c3e-bc70-cfc46b9e583d - ZOXGMNJEKJ (10)
[32mI[16:23:59,055] [300-BroadcastApp]BroadcastApp:[m Received 79e3b025-a7e7-4c3e-bc70-cfc46b9e583d - ZOXGMNJEKJ (10) from 172.10.10.0:10000
[32mI[16:24:00,036] [100-CyclonMembership]CyclonMembership:[m Channel Metrics:
In channels:
Out channels:
[32mI[16:24:00,054] [100-CyclonMembership]CyclonMembership:[m Membership Metrics:
Membership: []
ProtocolMetrics{totalEvents=32, messagesIn=0, messagesFailed=0, messagesSent=0, timers=18, notifications=0, requests=0, replies=0, customChannelEvents=14}
[32mI[16:24:00,054] [300-BroadcastApp]BroadcastApp:[m Sending: 1a32dfc4-e2c9-4a9d-96a9-9a142041df8e - YGBRBVAVPO (10)
[32mI[16:24:00,055] [300-BroadcastApp]BroadcastApp:[m Received 1a32dfc4-e2c9-4a9d-96a9-9a142041df8e - YGBRBVAVPO (10) from 172.10.10.0:10000
[32mI[16:24:01,036] [100-CyclonMembership]CyclonMembership:[m Channel Metrics:
In channels:
Out channels:
[32mI[16:24:01,054] [100-CyclonMembership]CyclonMembership:[m Membership Metrics:
Membership: []
ProtocolMetrics{totalEvents=35, messagesIn=0, messagesFailed=0, messagesSent=0, timers=20, notifications=0, requests=0, replies=0, customChannelEvents=15}
[32mI[16:24:01,055] [300-BroadcastApp]BroadcastApp:[m Sending: c1fb5887-692b-474b-9e56-6155194e589a - FSDDSXQORH (10)
[32mI[16:24:01,055] [300-BroadcastApp]BroadcastApp:[m Received c1fb5887-692b-474b-9e56-6155194e589a - FSDDSXQORH (10) from 172.10.10.0:10000
[32mI[16:24:02,036] [100-CyclonMembership]CyclonMembership:[m Channel Metrics:
In channels:
Out channels:
[32mI[16:24:02,055] [100-CyclonMembership]CyclonMembership:[m Membership Metrics:
Membership: []
ProtocolMetrics{totalEvents=37, messagesIn=0, messagesFailed=0, messagesSent=0, timers=21, notifications=0, requests=0, replies=0, customChannelEvents=16}
[32mI[16:24:02,055] [300-BroadcastApp]BroadcastApp:[m Sending: 406cf7db-8963-455d-8671-c54ef8a16204 - LHZUKIVDQZ (10)
[32mI[16:24:02,056] [300-BroadcastApp]BroadcastApp:[m Received 406cf7db-8963-455d-8671-c54ef8a16204 - LHZUKIVDQZ (10) from 172.10.10.0:10000
[32mI[16:24:03,036] [100-CyclonMembership]CyclonMembership:[m Channel Metrics:
In channels:
Out channels:
[32mI[16:24:03,055] [100-CyclonMembership]CyclonMembership:[m Membership Metrics:
Membership: []
ProtocolMetrics{totalEvents=39, messagesIn=0, messagesFailed=0, messagesSent=0, timers=22, notifications=0, requests=0, replies=0, customChannelEvents=17}
[32mI[16:24:03,055] [300-BroadcastApp]BroadcastApp:[m Sending: 4733a676-49a8-4b9f-8dce-60f5281de7b6 - DXVXAHFKRE (10)
[32mI[16:24:03,056] [300-BroadcastApp]BroadcastApp:[m Received 4733a676-49a8-4b9f-8dce-60f5281de7b6 - DXVXAHFKRE (10) from 172.10.10.0:10000
[32mI[16:24:04,036] [100-CyclonMembership]CyclonMembership:[m Channel Metrics:
In channels:
Out channels:
[32mI[16:24:04,054] [100-CyclonMembership]CyclonMembership:[m Membership Metrics:
Membership: []
ProtocolMetrics{totalEvents=42, messagesIn=0, messagesFailed=0, messagesSent=0, timers=24, notifications=0, requests=0, replies=0, customChannelEvents=18}
[32mI[16:24:04,055] [300-BroadcastApp]BroadcastApp:[m Sending: 7e239f19-1914-406f-b4b9-d42d000f5785 - FCOUZCHDQV (10)
[32mI[16:24:04,056] [300-BroadcastApp]BroadcastApp:[m Received 7e239f19-1914-406f-b4b9-d42d000f5785 - FCOUZCHDQV (10) from 172.10.10.0:10000
[32mI[16:24:05,036] [100-CyclonMembership]CyclonMembership:[m Channel Metrics:
In channels:
Out channels:
[32mI[16:24:05,054] [100-CyclonMembership]CyclonMembership:[m Membership Metrics:
Membership: []
ProtocolMetrics{totalEvents=44, messagesIn=0, messagesFailed=0, messagesSent=0, timers=25, notifications=0, requests=0, replies=0, customChannelEvents=19}
[32mI[16:24:05,056] [300-BroadcastApp]BroadcastApp:[m Sending: 8c0454ff-e264-4244-846a-6cae78164b19 - KGRTCNBADV (10)
[32mI[16:24:05,057] [300-BroadcastApp]BroadcastApp:[m Received 8c0454ff-e264-4244-846a-6cae78164b19 - KGRTCNBADV (10) from 172.10.10.0:10000
[32mI[16:24:06,036] [100-CyclonMembership]CyclonMembership:[m Channel Metrics:
In channels:
Out channels:
[32mI[16:24:06,055] [100-CyclonMembership]CyclonMembership:[m Membership Metrics:
Membership: []
ProtocolMetrics{totalEvents=46, messagesIn=0, messagesFailed=0, messagesSent=0, timers=26, notifications=0, requests=0, replies=0, customChannelEvents=20}
[32mI[16:24:06,055] [300-BroadcastApp]BroadcastApp:[m Sending: 801bb0ca-dbe6-453d-8f81-52f4f1b8a11b - KCAZBTMYXJ (10)
[32mI[16:24:06,056] [300-BroadcastApp]BroadcastApp:[m Received 801bb0ca-dbe6-453d-8f81-52f4f1b8a11b - KCAZBTMYXJ (10) from 172.10.10.0:10000
[32mI[16:24:07,036] [100-CyclonMembership]CyclonMembership:[m Channel Metrics:
In channels:
Out channels:
[32mI[16:24:07,055] [100-CyclonMembership]CyclonMembership:[m Membership Metrics:
Membership: []
ProtocolMetrics{totalEvents=49, messagesIn=0, messagesFailed=0, messagesSent=0, timers=28, notifications=0, requests=0, replies=0, customChannelEvents=21}
[32mI[16:24:07,056] [300-BroadcastApp]BroadcastApp:[m Sending: 17cc2c1c-4d97-49d8-aa46-f583d1fb8f42 - BGQZOHOUUO (10)
[32mI[16:24:07,056] [300-BroadcastApp]BroadcastApp:[m Received 17cc2c1c-4d97-49d8-aa46-f583d1fb8f42 - BGQZOHOUUO (10) from 172.10.10.0:10000
[32mI[16:24:08,035] [100-CyclonMembership]CyclonMembership:[m Channel Metrics:
In channels:
Out channels:
[32mI[16:24:08,055] [100-CyclonMembership]CyclonMembership:[m Membership Metrics:
Membership: []
ProtocolMetrics{totalEvents=51, messagesIn=0, messagesFailed=0, messagesSent=0, timers=29, notifications=0, requests=0, replies=0, customChannelEvents=22}
[32mI[16:24:08,056] [300-BroadcastApp]BroadcastApp:[m Sending: 945122a3-54a1-409d-a644-decddb9ba6b4 - PLKHTQWVLN (10)
[32mI[16:24:08,056] [300-BroadcastApp]BroadcastApp:[m Received 945122a3-54a1-409d-a644-decddb9ba6b4 - PLKHTQWVLN (10) from 172.10.10.0:10000
[32mI[16:24:09,036] [100-CyclonMembership]CyclonMembership:[m Channel Metrics:
In channels:
Out channels:
[32mI[16:24:09,056] [100-CyclonMembership]CyclonMembership:[m Membership Metrics:
Membership: []
ProtocolMetrics{totalEvents=53, messagesIn=0, messagesFailed=0, messagesSent=0, timers=30, notifications=0, requests=0, replies=0, customChannelEvents=23}
[32mI[16:24:09,056] [300-BroadcastApp]BroadcastApp:[m Sending: 6093a736-bdb6-4c49-93d3-6a3988d76e62 - MUKXTYYVNU (10)
[32mI[16:24:09,056] [300-BroadcastApp]BroadcastApp:[m Received 6093a736-bdb6-4c49-93d3-6a3988d76e62 - MUKXTYYVNU (10) from 172.10.10.0:10000
[32mI[16:24:10,036] [100-CyclonMembership]CyclonMembership:[m Channel Metrics:
In channels:
Out channels:
[32mI[16:24:10,055] [100-CyclonMembership]CyclonMembership:[m Membership Metrics:
Membership: []
ProtocolMetrics{totalEvents=56, messagesIn=0, messagesFailed=0, messagesSent=0, timers=32, notifications=0, requests=0, replies=0, customChannelEvents=24}
[32mI[16:24:10,055] [300-BroadcastApp]BroadcastApp:[m Sending: ee5bf5cf-e42a-4adf-8053-5065f5c7e8ec - JVHGQMIQLW (10)
[32mI[16:24:10,056] [300-BroadcastApp]BroadcastApp:[m Received ee5bf5cf-e42a-4adf-8053-5065f5c7e8ec - JVHGQMIQLW (10) from 172.10.10.0:10000
[32mI[16:24:11,036] [100-CyclonMembership]CyclonMembership:[m Channel Metrics:
In channels:
Out channels:
[32mI[16:24:11,055] [100-CyclonMembership]CyclonMembership:[m Membership Metrics:
Membership: []
ProtocolMetrics{totalEvents=58, messagesIn=0, messagesFailed=0, messagesSent=0, timers=33, notifications=0, requests=0, replies=0, customChannelEvents=25}
[32mI[16:24:11,055] [300-BroadcastApp]BroadcastApp:[m Sending: a849c03a-0cb3-4596-8e8c-0ac4175caab3 - YPBIOCOCHX (10)
[32mI[16:24:11,056] [300-BroadcastApp]BroadcastApp:[m Received a849c03a-0cb3-4596-8e8c-0ac4175caab3 - YPBIOCOCHX (10) from 172.10.10.0:10000
[32mI[16:24:12,036] [100-CyclonMembership]CyclonMembership:[m Channel Metrics:
In channels:
Out channels:
[32mI[16:24:12,055] [100-CyclonMembership]CyclonMembership:[m Membership Metrics:
Membership: []
ProtocolMetrics{totalEvents=60, messagesIn=0, messagesFailed=0, messagesSent=0, timers=34, notifications=0, requests=0, replies=0, customChannelEvents=26}
[32mI[16:24:12,056] [300-BroadcastApp]BroadcastApp:[m Sending: e5e5b142-f798-42af-8758-b250728ac1ce - JLGQSOXYIB (10)
[32mI[16:24:12,056] [300-BroadcastApp]BroadcastApp:[m Received e5e5b142-f798-42af-8758-b250728ac1ce - JLGQSOXYIB (10) from 172.10.10.0:10000
[32mI[16:24:13,036] [100-CyclonMembership]CyclonMembership:[m Channel Metrics:
In channels:
Out channels:
[32mI[16:24:13,055] [100-CyclonMembership]CyclonMembership:[m Membership Metrics:
Membership: []
ProtocolMetrics{totalEvents=63, messagesIn=0, messagesFailed=0, messagesSent=0, timers=36, notifications=0, requests=0, replies=0, customChannelEvents=27}
[32mI[16:24:13,056] [300-BroadcastApp]BroadcastApp:[m Sending: bcb640c4-a617-4ced-bf00-3668c7d4fdf3 - YKCAYZQSOE (10)
[32mI[16:24:13,057] [300-BroadcastApp]BroadcastApp:[m Received bcb640c4-a617-4ced-bf00-3668c7d4fdf3 - YKCAYZQSOE (10) from 172.10.10.0:10000
[32mI[16:24:14,036] [100-CyclonMembership]CyclonMembership:[m Channel Metrics:
In channels:
Out channels:
[32mI[16:24:14,056] [100-CyclonMembership]CyclonMembership:[m Membership Metrics:
Membership: []
ProtocolMetrics{totalEvents=65, messagesIn=0, messagesFailed=0, messagesSent=0, timers=37, notifications=0, requests=0, replies=0, customChannelEvents=28}
[32mI[16:24:14,056] [300-BroadcastApp]BroadcastApp:[m Sending: e80675e3-b860-4f0e-9c1d-b244ded2ac44 - OMEOTACAME (10)
[32mI[16:24:14,057] [300-BroadcastApp]BroadcastApp:[m Received e80675e3-b860-4f0e-9c1d-b244ded2ac44 - OMEOTACAME (10) from 172.10.10.0:10000
[32mI[16:24:15,036] [100-CyclonMembership]CyclonMembership:[m Channel Metrics:
In channels:
Out channels:
[32mI[16:24:15,055] [300-BroadcastApp]BroadcastApp:[m Sending: 58a2646c-e033-4f3e-aba8-4d79be7f1220 - JAVCTJXOUQ (10)
[32mI[16:24:15,056] [300-BroadcastApp]BroadcastApp:[m Received 58a2646c-e033-4f3e-aba8-4d79be7f1220 - JAVCTJXOUQ (10) from 172.10.10.0:10000
[32mI[16:24:15,056] [100-CyclonMembership]CyclonMembership:[m Membership Metrics:
Membership: []
ProtocolMetrics{totalEvents=67, messagesIn=0, messagesFailed=0, messagesSent=0, timers=38, notifications=0, requests=0, replies=0, customChannelEvents=29}
[32mI[16:24:16,035] [100-CyclonMembership]CyclonMembership:[m Channel Metrics:
In channels:
Out channels:
[32mI[16:24:16,055] [300-BroadcastApp]BroadcastApp:[m Sending: 5a4bf1bb-f97f-41a6-be65-3e7ebabbda96 - WQSCVMXFEX (10)
[32mI[16:24:16,056] [300-BroadcastApp]BroadcastApp:[m Received 5a4bf1bb-f97f-41a6-be65-3e7ebabbda96 - WQSCVMXFEX (10) from 172.10.10.0:10000
[32mI[16:24:16,056] [100-CyclonMembership]CyclonMembership:[m Membership Metrics:
Membership: []
ProtocolMetrics{totalEvents=70, messagesIn=0, messagesFailed=0, messagesSent=0, timers=40, notifications=0, requests=0, replies=0, customChannelEvents=30}
[32mI[16:24:17,036] [100-CyclonMembership]CyclonMembership:[m Channel Metrics:
In channels:
Out channels:
[32mI[16:24:17,056] [300-BroadcastApp]BroadcastApp:[m Sending: bae92a1a-12b4-4629-9f1b-a91f4fb62369 - XERXCSPXVF (10)
[32mI[16:24:17,056] [300-BroadcastApp]BroadcastApp:[m Received bae92a1a-12b4-4629-9f1b-a91f4fb62369 - XERXCSPXVF (10) from 172.10.10.0:10000
[32mI[16:24:17,057] [100-CyclonMembership]CyclonMembership:[m Membership Metrics:
Membership: []
ProtocolMetrics{totalEvents=72, messagesIn=0, messagesFailed=0, messagesSent=0, timers=41, notifications=0, requests=0, replies=0, customChannelEvents=31}
[32mI[16:24:18,036] [100-CyclonMembership]CyclonMembership:[m Channel Metrics:
In channels:
Out channels:
[32mI[16:24:18,056] [100-CyclonMembership]CyclonMembership:[m Membership Metrics:
Membership: []
ProtocolMetrics{totalEvents=74, messagesIn=0, messagesFailed=0, messagesSent=0, timers=42, notifications=0, requests=0, replies=0, customChannelEvents=32}
[32mI[16:24:18,056] [300-BroadcastApp]BroadcastApp:[m Sending: 679a0042-ce55-4571-8762-3fef4a57c35e - DGMGKYWBEU (10)
[32mI[16:24:18,056] [300-BroadcastApp]BroadcastApp:[m Received 679a0042-ce55-4571-8762-3fef4a57c35e - DGMGKYWBEU (10) from 172.10.10.0:10000
[32mI[16:24:19,036] [100-CyclonMembership]CyclonMembership:[m Channel Metrics:
In channels:
Out channels:
[32mI[16:24:19,055] [300-BroadcastApp]BroadcastApp:[m Sending: 2c675e3b-6e5e-4488-99f6-ad88f1e7b926 - KVPJDOXKPX (10)
[32mI[16:24:19,056] [300-BroadcastApp]BroadcastApp:[m Received 2c675e3b-6e5e-4488-99f6-ad88f1e7b926 - KVPJDOXKPX (10) from 172.10.10.0:10000
[32mI[16:24:19,056] [100-CyclonMembership]CyclonMembership:[m Membership Metrics:
Membership: []
ProtocolMetrics{totalEvents=77, messagesIn=0, messagesFailed=0, messagesSent=0, timers=44, notifications=0, requests=0, replies=0, customChannelEvents=33}
[32mI[16:24:20,036] [100-CyclonMembership]CyclonMembership:[m Channel Metrics:
In channels:
Out channels:
[32mI[16:24:20,056] [300-BroadcastApp]BroadcastApp:[m Sending: 9c8de03f-b6fd-4453-9670-819dffcca8db - JNOIICNNXQ (10)
[32mI[16:24:20,056] [300-BroadcastApp]BroadcastApp:[m Received 9c8de03f-b6fd-4453-9670-819dffcca8db - JNOIICNNXQ (10) from 172.10.10.0:10000
[32mI[16:24:20,057] [100-CyclonMembership]CyclonMembership:[m Membership Metrics:
Membership: []
ProtocolMetrics{totalEvents=79, messagesIn=0, messagesFailed=0, messagesSent=0, timers=45, notifications=0, requests=0, replies=0, customChannelEvents=34}
[32mI[16:24:21,036] [100-CyclonMembership]CyclonMembership:[m Channel Metrics:
In channels:
Out channels:
[32mI[16:24:21,056] [300-BroadcastApp]BroadcastApp:[m Sending: cc42bdb5-48d6-4532-849f-a3aacc71638e - XGMYPARCRD (10)
[32mI[16:24:21,056] [300-BroadcastApp]BroadcastApp:[m Received cc42bdb5-48d6-4532-849f-a3aacc71638e - XGMYPARCRD (10) from 172.10.10.0:10000
[32mI[16:24:21,057] [100-CyclonMembership]CyclonMembership:[m Membership Metrics:
Membership: []
ProtocolMetrics{totalEvents=81, messagesIn=0, messagesFailed=0, messagesSent=0, timers=46, notifications=0, requests=0, replies=0, customChannelEvents=35}
[32mI[16:24:22,036] [100-CyclonMembership]CyclonMembership:[m Channel Metrics:
In channels:
Out channels:
[32mI[16:24:22,055] [300-BroadcastApp]BroadcastApp:[m Sending: 1e926253-a819-4185-901c-56b991b44e21 - IKAADBITYU (10)
[32mI[16:24:22,056] [300-BroadcastApp]BroadcastApp:[m Received 1e926253-a819-4185-901c-56b991b44e21 - IKAADBITYU (10) from 172.10.10.0:10000
[32mI[16:24:22,057] [100-CyclonMembership]CyclonMembership:[m Membership Metrics:
Membership: []
ProtocolMetrics{totalEvents=84, messagesIn=0, messagesFailed=0, messagesSent=0, timers=48, notifications=0, requests=0, replies=0, customChannelEvents=36}
[32mI[16:24:23,036] [100-CyclonMembership]CyclonMembership:[m Channel Metrics:
In channels:
Out channels:
[32mI[16:24:23,056] [300-BroadcastApp]BroadcastApp:[m Sending: a0664902-b530-42d7-b7a7-a5ceef580661 - BKTHKHWMJH (10)
[32mI[16:24:23,056] [300-BroadcastApp]BroadcastApp:[m Received a0664902-b530-42d7-b7a7-a5ceef580661 - BKTHKHWMJH (10) from 172.10.10.0:10000
[32mI[16:24:23,058] [100-CyclonMembership]CyclonMembership:[m Membership Metrics:
Membership: []
ProtocolMetrics{totalEvents=86, messagesIn=0, messagesFailed=0, messagesSent=0, timers=49, notifications=0, requests=0, replies=0, customChannelEvents=37}
[32mI[16:24:24,036] [100-CyclonMembership]CyclonMembership:[m Channel Metrics:
In channels:
Out channels:
[32mI[16:24:24,055] [300-BroadcastApp]BroadcastApp:[m Sending: a681dca9-30fe-4047-870b-a323f9af4ca4 - PSXKTSFPQT (10)
[32mI[16:24:24,056] [300-BroadcastApp]BroadcastApp:[m Received a681dca9-30fe-4047-870b-a323f9af4ca4 - PSXKTSFPQT (10) from 172.10.10.0:10000
[32mI[16:24:24,058] [100-CyclonMembership]CyclonMembership:[m Membership Metrics:
Membership: []
ProtocolMetrics{totalEvents=88, messagesIn=0, messagesFailed=0, messagesSent=0, timers=50, notifications=0, requests=0, replies=0, customChannelEvents=38}
[32mI[16:24:25,035] [100-CyclonMembership]CyclonMembership:[m Channel Metrics:
In channels:
Out channels:
[32mI[16:24:25,055] [300-BroadcastApp]BroadcastApp:[m Sending: dbec16b3-6eb6-4363-a05b-662c86e106b1 - XRPJQTMHZG (10)
[32mI[16:24:25,056] [300-BroadcastApp]BroadcastApp:[m Received dbec16b3-6eb6-4363-a05b-662c86e106b1 - XRPJQTMHZG (10) from 172.10.10.0:10000
[32mI[16:24:25,058] [100-CyclonMembership]CyclonMembership:[m Membership Metrics:
Membership: []
ProtocolMetrics{totalEvents=91, messagesIn=0, messagesFailed=0, messagesSent=0, timers=52, notifications=0, requests=0, replies=0, customChannelEvents=39}
[32mI[16:24:26,036] [100-CyclonMembership]CyclonMembership:[m Channel Metrics:
In channels:
Out channels:
[32mI[16:24:26,056] [300-BroadcastApp]BroadcastApp:[m Sending: 1a20ffff-e468-4200-ab0a-c7c4c801b8b2 - ALXLQOLBOI (10)
[32mI[16:24:26,056] [300-BroadcastApp]BroadcastApp:[m Received 1a20ffff-e468-4200-ab0a-c7c4c801b8b2 - ALXLQOLBOI (10) from 172.10.10.0:10000
[32mI[16:24:26,059] [100-CyclonMembership]CyclonMembership:[m Membership Metrics:
Membership: []
ProtocolMetrics{totalEvents=93, messagesIn=0, messagesFailed=0, messagesSent=0, timers=53, notifications=0, requests=0, replies=0, customChannelEvents=40}
[32mI[16:24:27,036] [100-CyclonMembership]CyclonMembership:[m Channel Metrics:
In channels:
Out channels:
[32mI[16:24:27,056] [300-BroadcastApp]BroadcastApp:[m Sending: 9c401bf8-ca45-4bc4-a0e9-4ed0a863d30a - YXVOCECLUP (10)
[32mI[16:24:27,056] [300-BroadcastApp]BroadcastApp:[m Received 9c401bf8-ca45-4bc4-a0e9-4ed0a863d30a - YXVOCECLUP (10) from 172.10.10.0:10000
[32mI[16:24:27,058] [100-CyclonMembership]CyclonMembership:[m Membership Metrics:
Membership: []
ProtocolMetrics{totalEvents=95, messagesIn=0, messagesFailed=0, messagesSent=0, timers=54, notifications=0, requests=0, replies=0, customChannelEvents=41}
[32mI[16:24:28,036] [100-CyclonMembership]CyclonMembership:[m Channel Metrics:
In channels:
Out channels:
[32mI[16:24:28,057] [300-BroadcastApp]BroadcastApp:[m Sending: c08900ad-0e81-4bd8-b449-0731ab57ea3b - CNNEPLNSXA (10)
[32mI[16:24:28,057] [300-BroadcastApp]BroadcastApp:[m Received c08900ad-0e81-4bd8-b449-0731ab57ea3b - CNNEPLNSXA (10) from 172.10.10.0:10000
[32mI[16:24:28,058] [100-CyclonMembership]CyclonMembership:[m Membership Metrics:
Membership: []
ProtocolMetrics{totalEvents=98, messagesIn=0, messagesFailed=0, messagesSent=0, timers=56, notifications=0, requests=0, replies=0, customChannelEvents=42}
[32mI[16:24:29,036] [100-CyclonMembership]CyclonMembership:[m Channel Metrics:
In channels:
Out channels:
[32mI[16:24:29,057] [300-BroadcastApp]BroadcastApp:[m Sending: 4760917a-2a53-443e-8ab4-a422fdec54f3 - WJGLHKVEJF (10)
[32mI[16:24:29,057] [300-BroadcastApp]BroadcastApp:[m Received 4760917a-2a53-443e-8ab4-a422fdec54f3 - WJGLHKVEJF (10) from 172.10.10.0:10000
[32mI[16:24:29,059] [100-CyclonMembership]CyclonMembership:[m Membership Metrics:
Membership: []
ProtocolMetrics{totalEvents=100, messagesIn=0, messagesFailed=0, messagesSent=0, timers=57, notifications=0, requests=0, replies=0, customChannelEvents=43}
[32mI[16:24:30,036] [100-CyclonMembership]CyclonMembership:[m Channel Metrics:
In channels:
Out channels:
[32mI[16:24:30,056] [300-BroadcastApp]BroadcastApp:[m Sending: 435d5716-8872-4be6-8be8-12772c68db11 - WBGZPGCAYH (10)
[32mI[16:24:30,056] [300-BroadcastApp]BroadcastApp:[m Received 435d5716-8872-4be6-8be8-12772c68db11 - WBGZPGCAYH (10) from 172.10.10.0:10000
[32mI[16:24:30,058] [100-CyclonMembership]CyclonMembership:[m Membership Metrics:
Membership: []
ProtocolMetrics{totalEvents=102, messagesIn=0, messagesFailed=0, messagesSent=0, timers=58, notifications=0, requests=0, replies=0, customChannelEvents=44}
[32mI[16:24:31,035] [100-CyclonMembership]CyclonMembership:[m Channel Metrics:
In channels:
Out channels:
[32mI[16:24:31,056] [300-BroadcastApp]BroadcastApp:[m Sending: 7ff1b811-1638-43b8-a859-97fde46ff950 - WIEEEOBSHA (10)
[32mI[16:24:31,057] [300-BroadcastApp]BroadcastApp:[m Received 7ff1b811-1638-43b8-a859-97fde46ff950 - WIEEEOBSHA (10) from 172.10.10.0:10000
[32mI[16:24:31,058] [100-CyclonMembership]CyclonMembership:[m Membership Metrics:
Membership: []
ProtocolMetrics{totalEvents=105, messagesIn=0, messagesFailed=0, messagesSent=0, timers=60, notifications=0, requests=0, replies=0, customChannelEvents=45}
[32mI[16:24:32,036] [100-CyclonMembership]CyclonMembership:[m Channel Metrics:
In channels:
Out channels:
[32mI[16:24:32,057] [300-BroadcastApp]BroadcastApp:[m Sending: c60d0f9f-5c91-4d0d-bdce-f6a1fcaaf204 - YGBMYAGNTZ (10)
[32mI[16:24:32,057] [300-BroadcastApp]BroadcastApp:[m Received c60d0f9f-5c91-4d0d-bdce-f6a1fcaaf204 - YGBMYAGNTZ (10) from 172.10.10.0:10000
[32mI[16:24:32,058] [100-CyclonMembership]CyclonMembership:[m Membership Metrics:
Membership: []
ProtocolMetrics{totalEvents=107, messagesIn=0, messagesFailed=0, messagesSent=0, timers=61, notifications=0, requests=0, replies=0, customChannelEvents=46}
[32mI[16:24:33,035] [100-CyclonMembership]CyclonMembership:[m Channel Metrics:
In channels:
Out channels:
[32mI[16:24:33,057] [300-BroadcastApp]BroadcastApp:[m Sending: 9f4502d5-ad08-49fc-aaae-181e011d4f79 - FACSEUFSTJ (10)
[32mI[16:24:33,057] [300-BroadcastApp]BroadcastApp:[m Received 9f4502d5-ad08-49fc-aaae-181e011d4f79 - FACSEUFSTJ (10) from 172.10.10.0:10000
[32mI[16:24:33,058] [100-CyclonMembership]CyclonMembership:[m Membership Metrics:
Membership: []
ProtocolMetrics{totalEvents=109, messagesIn=0, messagesFailed=0, messagesSent=0, timers=62, notifications=0, requests=0, replies=0, customChannelEvents=47}
[32mI[16:24:34,036] [100-CyclonMembership]CyclonMembership:[m Channel Metrics:
In channels:
Out channels:
[32mI[16:24:34,056] [300-BroadcastApp]BroadcastApp:[m Sending: c079071e-9756-488f-bd0b-2b4bdaf79a07 - FAQPBGAEQS (10)
[32mI[16:24:34,057] [300-BroadcastApp]BroadcastApp:[m Received c079071e-9756-488f-bd0b-2b4bdaf79a07 - FAQPBGAEQS (10) from 172.10.10.0:10000
[32mI[16:24:34,058] [100-CyclonMembership]CyclonMembership:[m Membership Metrics:
Membership: []
ProtocolMetrics{totalEvents=112, messagesIn=0, messagesFailed=0, messagesSent=0, timers=64, notifications=0, requests=0, replies=0, customChannelEvents=48}
[32mI[16:24:35,035] [100-CyclonMembership]CyclonMembership:[m Channel Metrics:
In channels:
Out channels:
[32mI[16:24:35,056] [300-BroadcastApp]BroadcastApp:[m Sending: 0925ffdd-f181-4294-a91e-7c341d5e1728 - KYQJPYDVEB (10)
[32mI[16:24:35,057] [300-BroadcastApp]BroadcastApp:[m Received 0925ffdd-f181-4294-a91e-7c341d5e1728 - KYQJPYDVEB (10) from 172.10.10.0:10000
[32mI[16:24:35,058] [100-CyclonMembership]CyclonMembership:[m Membership Metrics:
Membership: []
ProtocolMetrics{totalEvents=114, messagesIn=0, messagesFailed=0, messagesSent=0, timers=65, notifications=0, requests=0, replies=0, customChannelEvents=49}
[32mI[16:24:36,035] [100-CyclonMembership]CyclonMembership:[m Channel Metrics:
In channels:
Out channels:
[32mI[16:24:36,057] [300-BroadcastApp]BroadcastApp:[m Sending: 567aee9f-48bf-4b44-8681-13fab9a8239c - UBRZBSWLBU (10)
[32mI[16:24:36,058] [300-BroadcastApp]BroadcastApp:[m Received 567aee9f-48bf-4b44-8681-13fab9a8239c - UBRZBSWLBU (10) from 172.10.10.0:10000
[32mI[16:24:36,059] [100-CyclonMembership]CyclonMembership:[m Membership Metrics:
Membership: []
ProtocolMetrics{totalEvents=116, messagesIn=0, messagesFailed=0, messagesSent=0, timers=66, notifications=0, requests=0, replies=0, customChannelEvents=50}
[32mI[16:24:37,036] [100-CyclonMembership]CyclonMembership:[m Channel Metrics:
In channels:
Out channels:
[32mI[16:24:37,056] [300-BroadcastApp]BroadcastApp:[m Sending: 886b5d87-6dbc-47b1-abcb-9e6ba91b91b0 - LJJEBQRFVU (10)
[32mI[16:24:37,057] [300-BroadcastApp]BroadcastApp:[m Received 886b5d87-6dbc-47b1-abcb-9e6ba91b91b0 - LJJEBQRFVU (10) from 172.10.10.0:10000
[32mI[16:24:37,058] [100-CyclonMembership]CyclonMembership:[m Membership Metrics:
Membership: []
ProtocolMetrics{totalEvents=119, messagesIn=0, messagesFailed=0, messagesSent=0, timers=68, notifications=0, requests=0, replies=0, customChannelEvents=51}
[32mI[16:24:38,036] [100-CyclonMembership]CyclonMembership:[m Channel Metrics:
In channels:
Out channels:
[32mI[16:24:38,056] [300-BroadcastApp]BroadcastApp:[m Sending: f00552c0-14d1-4e67-adf5-4de114285c7f - NQIXPQBRAA (10)
[32mI[16:24:38,057] [300-BroadcastApp]BroadcastApp:[m Received f00552c0-14d1-4e67-adf5-4de114285c7f - NQIXPQBRAA (10) from 172.10.10.0:10000
[32mI[16:24:38,058] [100-CyclonMembership]CyclonMembership:[m Membership Metrics:
Membership: []
ProtocolMetrics{totalEvents=121, messagesIn=0, messagesFailed=0, messagesSent=0, timers=69, notifications=0, requests=0, replies=0, customChannelEvents=52}
[32mI[16:24:39,036] [100-CyclonMembership]CyclonMembership:[m Channel Metrics:
In channels:
Out channels:
[32mI[16:24:39,057] [300-BroadcastApp]BroadcastApp:[m Sending: 458d8ee0-65ac-4f01-9d27-44ee17ac3bf2 - HBSQRZLRMT (10)
[32mI[16:24:39,057] [300-BroadcastApp]BroadcastApp:[m Received 458d8ee0-65ac-4f01-9d27-44ee17ac3bf2 - HBSQRZLRMT (10) from 172.10.10.0:10000
[32mI[16:24:39,059] [100-CyclonMembership]CyclonMembership:[m Membership Metrics:
Membership: []
ProtocolMetrics{totalEvents=123, messagesIn=0, messagesFailed=0, messagesSent=0, timers=70, notifications=0, requests=0, replies=0, customChannelEvents=53}
[32mI[16:24:40,035] [100-CyclonMembership]CyclonMembership:[m Channel Metrics:
In channels:
Out channels:
[32mI[16:24:40,056] [300-BroadcastApp]BroadcastApp:[m Sending: cc8be67a-0be9-4a6b-b4e7-7e5b4430b60e - IZZBZQKYGN (10)
[32mI[16:24:40,056] [300-BroadcastApp]BroadcastApp:[m Received cc8be67a-0be9-4a6b-b4e7-7e5b4430b60e - IZZBZQKYGN (10) from 172.10.10.0:10000
[32mI[16:24:40,058] [100-CyclonMembership]CyclonMembership:[m Membership Metrics:
Membership: []
ProtocolMetrics{totalEvents=126, messagesIn=0, messagesFailed=0, messagesSent=0, timers=72, notifications=0, requests=0, replies=0, customChannelEvents=54}
[32mI[16:24:41,035] [100-CyclonMembership]CyclonMembership:[m Channel Metrics:
In channels:
Out channels:
[32mI[16:24:41,056] [300-BroadcastApp]BroadcastApp:[m Sending: 69b0c0ca-e841-453c-8857-77d91e433300 - VIIUDEAKZV (10)
[32mI[16:24:41,057] [300-BroadcastApp]BroadcastApp:[m Received 69b0c0ca-e841-453c-8857-77d91e433300 - VIIUDEAKZV (10) from 172.10.10.0:10000
[32mI[16:24:41,058] [100-CyclonMembership]CyclonMembership:[m Membership Metrics:
Membership: []
ProtocolMetrics{totalEvents=128, messagesIn=0, messagesFailed=0, messagesSent=0, timers=73, notifications=0, requests=0, replies=0, customChannelEvents=55}
[32mI[16:24:42,036] [100-CyclonMembership]CyclonMembership:[m Channel Metrics:
In channels:
Out channels:
[32mI[16:24:42,057] [300-BroadcastApp]BroadcastApp:[m Sending: 5977d552-1d3a-420a-90d3-cff3f5d820e9 - PZVNMCFGEJ (10)
[32mI[16:24:42,057] [300-BroadcastApp]BroadcastApp:[m Received 5977d552-1d3a-420a-90d3-cff3f5d820e9 - PZVNMCFGEJ (10) from 172.10.10.0:10000
[32mI[16:24:42,059] [100-CyclonMembership]CyclonMembership:[m Membership Metrics:
Membership: []
ProtocolMetrics{totalEvents=130, messagesIn=0, messagesFailed=0, messagesSent=0, timers=74, notifications=0, requests=0, replies=0, customChannelEvents=56}
[32mI[16:24:43,035] [100-CyclonMembership]CyclonMembership:[m Channel Metrics:
In channels:
Out channels:
[32mI[16:24:43,056] [300-BroadcastApp]BroadcastApp:[m Sending: 8f975cd5-fb8b-4020-806e-947b9d1e2ae8 - RHVNSCAVIV (10)
[32mI[16:24:43,056] [300-BroadcastApp]BroadcastApp:[m Received 8f975cd5-fb8b-4020-806e-947b9d1e2ae8 - RHVNSCAVIV (10) from 172.10.10.0:10000
[32mI[16:24:43,058] [100-CyclonMembership]CyclonMembership:[m Membership Metrics:
Membership: []
ProtocolMetrics{totalEvents=133, messagesIn=0, messagesFailed=0, messagesSent=0, timers=76, notifications=0, requests=0, replies=0, customChannelEvents=57}
[32mI[16:24:44,036] [100-CyclonMembership]CyclonMembership:[m Channel Metrics:
In channels:
Out channels:
[32mI[16:24:44,056] [300-BroadcastApp]BroadcastApp:[m Sending: 0ed192ef-5ae8-4eba-ac55-1a3e153f3afa - UKQKXAEDZJ (10)
[32mI[16:24:44,057] [300-BroadcastApp]BroadcastApp:[m Received 0ed192ef-5ae8-4eba-ac55-1a3e153f3afa - UKQKXAEDZJ (10) from 172.10.10.0:10000
[32mI[16:24:44,058] [100-CyclonMembership]CyclonMembership:[m Membership Metrics:
Membership: []
ProtocolMetrics{totalEvents=135, messagesIn=0, messagesFailed=0, messagesSent=0, timers=77, notifications=0, requests=0, replies=0, customChannelEvents=58}
[32mI[16:24:45,035] [100-CyclonMembership]CyclonMembership:[m Channel Metrics:
In channels:
Out channels:
[32mI[16:24:45,057] [300-BroadcastApp]BroadcastApp:[m Sending: 09d668b0-f5f2-4528-b0c2-3002651a6258 - GIXNYNFDFW (10)
[32mI[16:24:45,057] [300-BroadcastApp]BroadcastApp:[m Received 09d668b0-f5f2-4528-b0c2-3002651a6258 - GIXNYNFDFW (10) from 172.10.10.0:10000
[32mI[16:24:45,058] [100-CyclonMembership]CyclonMembership:[m Membership Metrics:
Membership: []
ProtocolMetrics{totalEvents=137, messagesIn=0, messagesFailed=0, messagesSent=0, timers=78, notifications=0, requests=0, replies=0, customChannelEvents=59}
[32mI[16:24:46,035] [100-CyclonMembership]CyclonMembership:[m Channel Metrics:
In channels:
Out channels:
[32mI[16:24:46,057] [300-BroadcastApp]BroadcastApp:[m Sending: 96661ff1-918e-49eb-81cf-ae8270490265 - QGXRTLFFGJ (10)
[32mI[16:24:46,057] [300-BroadcastApp]BroadcastApp:[m Received 96661ff1-918e-49eb-81cf-ae8270490265 - QGXRTLFFGJ (10) from 172.10.10.0:10000
[32mI[16:24:46,058] [100-CyclonMembership]CyclonMembership:[m Membership Metrics:
Membership: []
ProtocolMetrics{totalEvents=140, messagesIn=0, messagesFailed=0, messagesSent=0, timers=80, notifications=0, requests=0, replies=0, customChannelEvents=60}
[32mI[16:24:47,036] [100-CyclonMembership]CyclonMembership:[m Channel Metrics:
In channels:
Out channels:
[32mI[16:24:47,057] [300-BroadcastApp]BroadcastApp:[m Sending: 9785be42-efee-43b3-b566-baeda9e35430 - JNRKKZBLJP (10)
[32mI[16:24:47,058] [300-BroadcastApp]BroadcastApp:[m Received 9785be42-efee-43b3-b566-baeda9e35430 - JNRKKZBLJP (10) from 172.10.10.0:10000
[32mI[16:24:47,058] [100-CyclonMembership]CyclonMembership:[m Membership Metrics:
Membership: []
ProtocolMetrics{totalEvents=142, messagesIn=0, messagesFailed=0, messagesSent=0, timers=81, notifications=0, requests=0, replies=0, customChannelEvents=61}
[32mI[16:24:48,035] [100-CyclonMembership]CyclonMembership:[m Channel Metrics:
In channels:
Out channels:
[32mI[16:24:48,057] [300-BroadcastApp]BroadcastApp:[m Sending: 4c6a0331-3f2a-478e-b79a-19ec1affe03c - JJNBHXZDHW (10)
[32mI[16:24:48,058] [300-BroadcastApp]BroadcastApp:[m Received 4c6a0331-3f2a-478e-b79a-19ec1affe03c - JJNBHXZDHW (10) from 172.10.10.0:10000
[32mI[16:24:48,058] [100-CyclonMembership]CyclonMembership:[m Membership Metrics:
Membership: []
ProtocolMetrics{totalEvents=144, messagesIn=0, messagesFailed=0, messagesSent=0, timers=82, notifications=0, requests=0, replies=0, customChannelEvents=62}
[32mI[16:24:49,036] [100-CyclonMembership]CyclonMembership:[m Channel Metrics:
In channels:
Out channels:
[32mI[16:24:49,058] [100-CyclonMembership]CyclonMembership:[m Membership Metrics:
Membership: []
ProtocolMetrics{totalEvents=147, messagesIn=0, messagesFailed=0, messagesSent=0, timers=84, notifications=0, requests=0, replies=0, customChannelEvents=63}
[32mI[16:24:49,058] [300-BroadcastApp]BroadcastApp:[m Sending: ce261e44-8e58-442c-94d7-d9380d9f6288 - ECOROXIRHM (10)
[32mI[16:24:49,058] [300-BroadcastApp]BroadcastApp:[m Received ce261e44-8e58-442c-94d7-d9380d9f6288 - ECOROXIRHM (10) from 172.10.10.0:10000
[32mI[16:24:50,035] [100-CyclonMembership]CyclonMembership:[m Channel Metrics:
In channels:
Out channels:
[32mI[16:24:50,058] [100-CyclonMembership]CyclonMembership:[m Membership Metrics:
Membership: []
ProtocolMetrics{totalEvents=149, messagesIn=0, messagesFailed=0, messagesSent=0, timers=85, notifications=0, requests=0, replies=0, customChannelEvents=64}
[32mI[16:24:50,058] [300-BroadcastApp]BroadcastApp:[m Sending: 79cba80f-b548-452a-b74a-b100a6b6f67b - VXSSHCMXLR (10)
[32mI[16:24:50,058] [300-BroadcastApp]BroadcastApp:[m Received 79cba80f-b548-452a-b74a-b100a6b6f67b - VXSSHCMXLR (10) from 172.10.10.0:10000
[32mI[16:24:51,035] [100-CyclonMembership]CyclonMembership:[m Channel Metrics:
In channels:
Out channels:
[32mI[16:24:51,052] [300-BroadcastApp]BroadcastApp:[m Stopping broadcasts
[32mI[16:24:51,058] [100-CyclonMembership]CyclonMembership:[m Membership Metrics:
Membership: []
ProtocolMetrics{totalEvents=151, messagesIn=0, messagesFailed=0, messagesSent=0, timers=86, notifications=0, requests=0, replies=0, customChannelEvents=65}
[32mI[16:24:52,036] [100-CyclonMembership]CyclonMembership:[m Channel Metrics:
In channels:
Out channels:
[32mI[16:24:52,058] [100-CyclonMembership]CyclonMembership:[m Membership Metrics:
Membership: []
ProtocolMetrics{totalEvents=154, messagesIn=0, messagesFailed=0, messagesSent=0, timers=88, notifications=0, requests=0, replies=0, customChannelEvents=66}
[32mI[16:24:53,035] [100-CyclonMembership]CyclonMembership:[m Channel Metrics:
In channels:
Out channels:
[32mI[16:24:53,058] [100-CyclonMembership]CyclonMembership:[m Membership Metrics:
Membership: []
ProtocolMetrics{totalEvents=156, messagesIn=0, messagesFailed=0, messagesSent=0, timers=89, notifications=0, requests=0, replies=0, customChannelEvents=67}
[32mI[16:24:54,036] [100-CyclonMembership]CyclonMembership:[m Channel Metrics:
In channels:
Out channels:
[32mI[16:24:54,058] [100-CyclonMembership]CyclonMembership:[m Membership Metrics:
Membership: []
ProtocolMetrics{totalEvents=158, messagesIn=0, messagesFailed=0, messagesSent=0, timers=90, notifications=0, requests=0, replies=0, customChannelEvents=68}
[32mI[16:24:55,035] [100-CyclonMembership]CyclonMembership:[m Channel Metrics:
In channels:
Out channels:
[32mI[16:24:55,058] [100-CyclonMembership]CyclonMembership:[m Membership Metrics:
Membership: []
ProtocolMetrics{totalEvents=161, messagesIn=0, messagesFailed=0, messagesSent=0, timers=92, notifications=0, requests=0, replies=0, customChannelEvents=69}
[32mI[16:24:56,035] [100-CyclonMembership]CyclonMembership:[m Channel Metrics:
In channels:
Out channels:
[32mI[16:24:56,053] [300-BroadcastApp]BroadcastApp:[m Exiting...
[32mI[16:24:56,053] [Thread-1]Main:[m Goodbye
