[32mI[16:43:37,304] [main]Main:[m Hello, I am 172.10.10.0:10000
[32mI[16:43:37,575] [main]BroadcastApp:[m Waiting...
[32mI[16:43:38,570] [100-CyclonMembership]CyclonMembership:[m Channel Metrics:
In channels:
Out channels:
[32mI[16:43:38,579] [100-CyclonMembership]CyclonMembership:[m Membership Metrics:
Membership: []
ProtocolMetrics{totalEvents=2, messagesIn=0, messagesFailed=0, messagesSent=0, timers=1, notifications=0, requests=0, replies=0, customChannelEvents=1}
[32mI[16:43:39,560] [100-CyclonMembership]CyclonMembership:[m Channel Metrics:
In channels:
Out channels:
[32mI[16:43:39,578] [100-CyclonMembership]CyclonMembership:[m Membership Metrics:
Membership: []
ProtocolMetrics{totalEvents=4, messagesIn=0, messagesFailed=0, messagesSent=0, timers=2, notifications=0, requests=0, replies=0, customChannelEvents=2}
[32mI[16:43:40,560] [100-CyclonMembership]CyclonMembership:[m Channel Metrics:
In channels:
Out channels:
[32mI[16:43:40,578] [100-CyclonMembership]CyclonMembership:[m Membership Metrics:
Membership: []
ProtocolMetrics{totalEvents=7, messagesIn=0, messagesFailed=0, messagesSent=0, timers=4, notifications=0, requests=0, replies=0, customChannelEvents=3}
[32mI[16:43:41,561] [100-CyclonMembership]CyclonMembership:[m Channel Metrics:
In channels:
Out channels:
[32mI[16:43:41,578] [100-CyclonMembership]CyclonMembership:[m Membership Metrics:
Membership: []
ProtocolMetrics{totalEvents=9, messagesIn=0, messagesFailed=0, messagesSent=0, timers=5, notifications=0, requests=0, replies=0, customChannelEvents=4}
[32mI[16:43:42,560] [100-CyclonMembership]CyclonMembership:[m Channel Metrics:
In channels:
Out channels:
[32mI[16:43:42,576] [300-BroadcastApp]BroadcastApp:[m Starting
[32mI[16:43:42,578] [100-CyclonMembership]CyclonMembership:[m Membership Metrics:
Membership: []
ProtocolMetrics{totalEvents=11, messagesIn=0, messagesFailed=0, messagesSent=0, timers=6, notifications=0, requests=0, replies=0, customChannelEvents=5}
[32mI[16:43:42,583] [300-BroadcastApp]BroadcastApp:[m Sending: 000bc126-16f5-4257-8cd6-8fc0704d58f7 - KAJQONUCZC (10)
[32mI[16:43:42,584] [300-BroadcastApp]BroadcastApp:[m Received 000bc126-16f5-4257-8cd6-8fc0704d58f7 - KAJQONUCZC (10) from 172.10.10.0:10000
[32mI[16:43:43,561] [100-CyclonMembership]CyclonMembership:[m Channel Metrics:
In channels:
Out channels:
[32mI[16:43:43,579] [100-CyclonMembership]CyclonMembership:[m Membership Metrics:
Membership: []
ProtocolMetrics{totalEvents=14, messagesIn=0, messagesFailed=0, messagesSent=0, timers=8, notifications=0, requests=0, replies=0, customChannelEvents=6}
[32mI[16:43:43,579] [300-BroadcastApp]BroadcastApp:[m Sending: 6e78ff26-182a-47b8-9bcf-c137b80798ee - OWLNSYAVFX (10)
[32mI[16:43:43,580] [300-BroadcastApp]BroadcastApp:[m Received 6e78ff26-182a-47b8-9bcf-c137b80798ee - OWLNSYAVFX (10) from 172.10.10.0:10000
[32mI[16:43:44,560] [100-CyclonMembership]CyclonMembership:[m Channel Metrics:
In channels:
Out channels:
[32mI[16:43:44,579] [100-CyclonMembership]CyclonMembership:[m Membership Metrics:
Membership: []
ProtocolMetrics{totalEvents=16, messagesIn=0, messagesFailed=0, messagesSent=0, timers=9, notifications=0, requests=0, replies=0, customChannelEvents=7}
[32mI[16:43:44,579] [300-BroadcastApp]BroadcastApp:[m Sending: 52e64acb-16ff-4de4-a31f-a387bb34d16a - SUENNQKRJZ (10)
[32mI[16:43:44,580] [300-BroadcastApp]BroadcastApp:[m Received 52e64acb-16ff-4de4-a31f-a387bb34d16a - SUENNQKRJZ (10) from 172.10.10.0:10000
[32mI[16:43:45,560] [100-CyclonMembership]CyclonMembership:[m Channel Metrics:
In channels:
Out channels:
[32mI[16:43:45,579] [300-BroadcastApp]BroadcastApp:[m Sending: 1a988547-3620-4cc6-9310-5e99cd883950 - UCTCFJVCUL (10)
[32mI[16:43:45,579] [100-CyclonMembership]CyclonMembership:[m Membership Metrics:
Membership: []
ProtocolMetrics{totalEvents=18, messagesIn=0, messagesFailed=0, messagesSent=0, timers=10, notifications=0, requests=0, replies=0, customChannelEvents=8}
[32mI[16:43:45,580] [300-BroadcastApp]BroadcastApp:[m Received 1a988547-3620-4cc6-9310-5e99cd883950 - UCTCFJVCUL (10) from 172.10.10.0:10000
[32mI[16:43:46,561] [100-CyclonMembership]CyclonMembership:[m Channel Metrics:
In channels:
Out channels:
[32mI[16:43:46,580] [100-CyclonMembership]CyclonMembership:[m Membership Metrics:
Membership: []
ProtocolMetrics{totalEvents=21, messagesIn=0, messagesFailed=0, messagesSent=0, timers=12, notifications=0, requests=0, replies=0, customChannelEvents=9}
[32mI[16:43:46,580] [300-BroadcastApp]BroadcastApp:[m Sending: 43e34329-b6e0-4600-8018-fbf02e638a74 - ZQRMHXXZWB (10)
[32mI[16:43:46,581] [300-BroadcastApp]BroadcastApp:[m Received 43e34329-b6e0-4600-8018-fbf02e638a74 - ZQRMHXXZWB (10) from 172.10.10.0:10000
[32mI[16:43:47,560] [100-CyclonMembership]CyclonMembership:[m Channel Metrics:
In channels:
Out channels:
[32mI[16:43:47,580] [100-CyclonMembership]CyclonMembership:[m Membership Metrics:
Membership: []
ProtocolMetrics{totalEvents=23, messagesIn=0, messagesFailed=0, messagesSent=0, timers=13, notifications=0, requests=0, replies=0, customChannelEvents=10}
[32mI[16:43:47,580] [300-BroadcastApp]BroadcastApp:[m Sending: f476f3bd-6bd1-4fd2-b1d5-133d5d7c37fa - XXPLWKQYSB (10)
[32mI[16:43:47,581] [300-BroadcastApp]BroadcastApp:[m Received f476f3bd-6bd1-4fd2-b1d5-133d5d7c37fa - XXPLWKQYSB (10) from 172.10.10.0:10000
[32mI[16:43:48,561] [100-CyclonMembership]CyclonMembership:[m Channel Metrics:
In channels:
Out channels:
[32mI[16:43:48,580] [100-CyclonMembership]CyclonMembership:[m Membership Metrics:
Membership: []
ProtocolMetrics{totalEvents=25, messagesIn=0, messagesFailed=0, messagesSent=0, timers=14, notifications=0, requests=0, replies=0, customChannelEvents=11}
[32mI[16:43:48,580] [300-BroadcastApp]BroadcastApp:[m Sending: bd07c0f9-f557-4f7f-9cda-c4bed0ae27b7 - YDGGGXVYVB (10)
[32mI[16:43:48,581] [300-BroadcastApp]BroadcastApp:[m Received bd07c0f9-f557-4f7f-9cda-c4bed0ae27b7 - YDGGGXVYVB (10) from 172.10.10.0:10000
[32mI[16:43:49,561] [100-CyclonMembership]CyclonMembership:[m Channel Metrics:
In channels:
Out channels:
[32mI[16:43:49,580] [100-CyclonMembership]CyclonMembership:[m Membership Metrics:
Membership: []
ProtocolMetrics{totalEvents=28, messagesIn=0, messagesFailed=0, messagesSent=0, timers=16, notifications=0, requests=0, replies=0, customChannelEvents=12}
[32mI[16:43:49,581] [300-BroadcastApp]BroadcastApp:[m Sending: e187ef01-c49c-422f-8d86-9c01b5af3b76 - XKXESYTXAK (10)
[32mI[16:43:49,581] [300-BroadcastApp]BroadcastApp:[m Received e187ef01-c49c-422f-8d86-9c01b5af3b76 - XKXESYTXAK (10) from 172.10.10.0:10000
[32mI[16:43:50,560] [100-CyclonMembership]CyclonMembership:[m Channel Metrics:
In channels:
Out channels:
[32mI[16:43:50,581] [100-CyclonMembership]CyclonMembership:[m Membership Metrics:
Membership: []
ProtocolMetrics{totalEvents=30, messagesIn=0, messagesFailed=0, messagesSent=0, timers=17, notifications=0, requests=0, replies=0, customChannelEvents=13}
[32mI[16:43:50,581] [300-BroadcastApp]BroadcastApp:[m Sending: 3ee2f005-f84e-4e56-81bf-5e325b47e3c6 - XCAGPPOFEZ (10)
[32mI[16:43:50,581] [300-BroadcastApp]BroadcastApp:[m Received 3ee2f005-f84e-4e56-81bf-5e325b47e3c6 - XCAGPPOFEZ (10) from 172.10.10.0:10000
[32mI[16:43:51,561] [100-CyclonMembership]CyclonMembership:[m Channel Metrics:
In channels:
Out channels:
[32mI[16:43:51,581] [100-CyclonMembership]CyclonMembership:[m Membership Metrics:
Membership: []
ProtocolMetrics{totalEvents=32, messagesIn=0, messagesFailed=0, messagesSent=0, timers=18, notifications=0, requests=0, replies=0, customChannelEvents=14}
[32mI[16:43:51,581] [300-BroadcastApp]BroadcastApp:[m Sending: cea26d44-35cd-417c-8882-8c48f140aed4 - LRAMDVXJNF (10)
[32mI[16:43:51,582] [300-BroadcastApp]BroadcastApp:[m Received cea26d44-35cd-417c-8882-8c48f140aed4 - LRAMDVXJNF (10) from 172.10.10.0:10000
[32mI[16:43:52,561] [100-CyclonMembership]CyclonMembership:[m Channel Metrics:
In channels:
Out channels:
[32mI[16:43:52,581] [100-CyclonMembership]CyclonMembership:[m Membership Metrics:
Membership: []
ProtocolMetrics{totalEvents=35, messagesIn=0, messagesFailed=0, messagesSent=0, timers=20, notifications=0, requests=0, replies=0, customChannelEvents=15}
[32mI[16:43:52,581] [300-BroadcastApp]BroadcastApp:[m Sending: 81be64d0-c269-494b-abf8-92ff0ad31a59 - QVIQIEJZJF (10)
[32mI[16:43:52,582] [300-BroadcastApp]BroadcastApp:[m Received 81be64d0-c269-494b-abf8-92ff0ad31a59 - QVIQIEJZJF (10) from 172.10.10.0:10000
[32mI[16:43:53,561] [100-CyclonMembership]CyclonMembership:[m Channel Metrics:
In channels:
Out channels:
[32mI[16:43:53,581] [100-CyclonMembership]CyclonMembership:[m Membership Metrics:
Membership: []
ProtocolMetrics{totalEvents=37, messagesIn=0, messagesFailed=0, messagesSent=0, timers=21, notifications=0, requests=0, replies=0, customChannelEvents=16}
[32mI[16:43:53,582] [300-BroadcastApp]BroadcastApp:[m Sending: db17b23f-18ee-499b-9124-09100929227b - KAZOVOBZCI (10)
[32mI[16:43:53,582] [300-BroadcastApp]BroadcastApp:[m Received db17b23f-18ee-499b-9124-09100929227b - KAZOVOBZCI (10) from 172.10.10.0:10000
[32mI[16:43:54,561] [100-CyclonMembership]CyclonMembership:[m Channel Metrics:
In channels:
Out channels:
[32mI[16:43:54,581] [100-CyclonMembership]CyclonMembership:[m Membership Metrics:
Membership: []
ProtocolMetrics{totalEvents=39, messagesIn=0, messagesFailed=0, messagesSent=0, timers=22, notifications=0, requests=0, replies=0, customChannelEvents=17}
[32mI[16:43:54,582] [300-BroadcastApp]BroadcastApp:[m Sending: 3fc3b51f-f50d-446e-904f-97f50f37cb16 - ZCJHMOWTHD (10)
[32mI[16:43:54,583] [300-BroadcastApp]BroadcastApp:[m Received 3fc3b51f-f50d-446e-904f-97f50f37cb16 - ZCJHMOWTHD (10) from 172.10.10.0:10000
[32mI[16:43:55,561] [100-CyclonMembership]CyclonMembership:[m Channel Metrics:
In channels:
Out channels:
[32mI[16:43:55,581] [100-CyclonMembership]CyclonMembership:[m Membership Metrics:
Membership: []
ProtocolMetrics{totalEvents=42, messagesIn=0, messagesFailed=0, messagesSent=0, timers=24, notifications=0, requests=0, replies=0, customChannelEvents=18}
[32mI[16:43:55,581] [300-BroadcastApp]BroadcastApp:[m Sending: 1dbb33ec-2547-4fff-bb32-5e0021036459 - CJYREGMAOC (10)
[32mI[16:43:55,582] [300-BroadcastApp]BroadcastApp:[m Received 1dbb33ec-2547-4fff-bb32-5e0021036459 - CJYREGMAOC (10) from 172.10.10.0:10000
[32mI[16:43:56,561] [100-CyclonMembership]CyclonMembership:[m Channel Metrics:
In channels:
Out channels:
[32mI[16:43:56,581] [100-CyclonMembership]CyclonMembership:[m Membership Metrics:
Membership: []
ProtocolMetrics{totalEvents=44, messagesIn=0, messagesFailed=0, messagesSent=0, timers=25, notifications=0, requests=0, replies=0, customChannelEvents=19}
[32mI[16:43:56,581] [300-BroadcastApp]BroadcastApp:[m Sending: bf154841-d77b-44ec-8a53-3b6200f5a8b5 - RMFINGVEHF (10)
[32mI[16:43:56,582] [300-BroadcastApp]BroadcastApp:[m Received bf154841-d77b-44ec-8a53-3b6200f5a8b5 - RMFINGVEHF (10) from 172.10.10.0:10000
[32mI[16:43:57,560] [100-CyclonMembership]CyclonMembership:[m Channel Metrics:
In channels:
Out channels:
[32mI[16:43:57,581] [100-CyclonMembership]CyclonMembership:[m Membership Metrics:
Membership: []
ProtocolMetrics{totalEvents=46, messagesIn=0, messagesFailed=0, messagesSent=0, timers=26, notifications=0, requests=0, replies=0, customChannelEvents=20}
[32mI[16:43:57,581] [300-BroadcastApp]BroadcastApp:[m Sending: 8ef24234-5d21-4d56-9775-0d2399054366 - BUOURQUXXV (10)
[32mI[16:43:57,582] [300-BroadcastApp]BroadcastApp:[m Received 8ef24234-5d21-4d56-9775-0d2399054366 - BUOURQUXXV (10) from 172.10.10.0:10000
[32mI[16:43:58,561] [100-CyclonMembership]CyclonMembership:[m Channel Metrics:
In channels:
Out channels:
[32mI[16:43:58,582] [100-CyclonMembership]CyclonMembership:[m Membership Metrics:
Membership: []
ProtocolMetrics{totalEvents=49, messagesIn=0, messagesFailed=0, messagesSent=0, timers=28, notifications=0, requests=0, replies=0, customChannelEvents=21}
[32mI[16:43:58,582] [300-BroadcastApp]BroadcastApp:[m Sending: eb45ce12-57e6-438c-b4a9-f8230d4f5f25 - NFWJEUOJGF (10)
[32mI[16:43:58,583] [300-BroadcastApp]BroadcastApp:[m Received eb45ce12-57e6-438c-b4a9-f8230d4f5f25 - NFWJEUOJGF (10) from 172.10.10.0:10000
[32mI[16:43:59,560] [100-CyclonMembership]CyclonMembership:[m Channel Metrics:
In channels:
Out channels:
[32mI[16:43:59,582] [100-CyclonMembership]CyclonMembership:[m Membership Metrics:
Membership: []
ProtocolMetrics{totalEvents=51, messagesIn=0, messagesFailed=0, messagesSent=0, timers=29, notifications=0, requests=0, replies=0, customChannelEvents=22}
[32mI[16:43:59,582] [300-BroadcastApp]BroadcastApp:[m Sending: dfd99a1f-be2e-4c85-88a2-fa1cd1245d8a - PBQXCBNDUN (10)
[32mI[16:43:59,582] [300-BroadcastApp]BroadcastApp:[m Received dfd99a1f-be2e-4c85-88a2-fa1cd1245d8a - PBQXCBNDUN (10) from 172.10.10.0:10000
[32mI[16:44:00,560] [100-CyclonMembership]CyclonMembership:[m Channel Metrics:
In channels:
Out channels:
[32mI[16:44:00,582] [100-CyclonMembership]CyclonMembership:[m Membership Metrics:
Membership: []
ProtocolMetrics{totalEvents=53, messagesIn=0, messagesFailed=0, messagesSent=0, timers=30, notifications=0, requests=0, replies=0, customChannelEvents=23}
[32mI[16:44:00,582] [300-BroadcastApp]BroadcastApp:[m Sending: d7ea305d-650f-4047-8780-2f8c79eee88c - OEWWHVSIRK (10)
[32mI[16:44:00,583] [300-BroadcastApp]BroadcastApp:[m Received d7ea305d-650f-4047-8780-2f8c79eee88c - OEWWHVSIRK (10) from 172.10.10.0:10000
[32mI[16:44:01,560] [100-CyclonMembership]CyclonMembership:[m Channel Metrics:
In channels:
Out channels:
[32mI[16:44:01,582] [100-CyclonMembership]CyclonMembership:[m Membership Metrics:
Membership: []
ProtocolMetrics{totalEvents=56, messagesIn=0, messagesFailed=0, messagesSent=0, timers=32, notifications=0, requests=0, replies=0, customChannelEvents=24}
[32mI[16:44:01,582] [300-BroadcastApp]BroadcastApp:[m Sending: e42e6061-f4dc-468a-ae8d-3ecf41226343 - XARBNIDDZF (10)
[32mI[16:44:01,583] [300-BroadcastApp]BroadcastApp:[m Received e42e6061-f4dc-468a-ae8d-3ecf41226343 - XARBNIDDZF (10) from 172.10.10.0:10000
[32mI[16:44:02,560] [100-CyclonMembership]CyclonMembership:[m Channel Metrics:
In channels:
Out channels:
[32mI[16:44:02,582] [100-CyclonMembership]CyclonMembership:[m Membership Metrics:
Membership: []
ProtocolMetrics{totalEvents=58, messagesIn=0, messagesFailed=0, messagesSent=0, timers=33, notifications=0, requests=0, replies=0, customChannelEvents=25}
[32mI[16:44:02,582] [300-BroadcastApp]BroadcastApp:[m Sending: 68bf4015-04e4-4904-b549-e9cb9504cfab - GZWRZURZXX (10)
[32mI[16:44:02,583] [300-BroadcastApp]BroadcastApp:[m Received 68bf4015-04e4-4904-b549-e9cb9504cfab - GZWRZURZXX (10) from 172.10.10.0:10000
[32mI[16:44:03,561] [100-CyclonMembership]CyclonMembership:[m Channel Metrics:
In channels:
Out channels:
[32mI[16:44:03,583] [100-CyclonMembership]CyclonMembership:[m Membership Metrics:
Membership: []
ProtocolMetrics{totalEvents=60, messagesIn=0, messagesFailed=0, messagesSent=0, timers=34, notifications=0, requests=0, replies=0, customChannelEvents=26}
[32mI[16:44:03,583] [300-BroadcastApp]BroadcastApp:[m Sending: 16e41805-9730-4e7f-a0ab-3bb07128be5a - BXHEFKEUCE (10)
[32mI[16:44:03,583] [300-BroadcastApp]BroadcastApp:[m Received 16e41805-9730-4e7f-a0ab-3bb07128be5a - BXHEFKEUCE (10) from 172.10.10.0:10000
[32mI[16:44:04,560] [100-CyclonMembership]CyclonMembership:[m Channel Metrics:
In channels:
Out channels:
[32mI[16:44:04,582] [100-CyclonMembership]CyclonMembership:[m Membership Metrics:
Membership: []
ProtocolMetrics{totalEvents=63, messagesIn=0, messagesFailed=0, messagesSent=0, timers=36, notifications=0, requests=0, replies=0, customChannelEvents=27}
[32mI[16:44:04,582] [300-BroadcastApp]BroadcastApp:[m Sending: ac125b4c-f55f-4c16-9a65-33774db177a1 - PAICXCOPAT (10)
[32mI[16:44:04,582] [300-BroadcastApp]BroadcastApp:[m Received ac125b4c-f55f-4c16-9a65-33774db177a1 - PAICXCOPAT (10) from 172.10.10.0:10000
[32mI[16:44:05,561] [100-CyclonMembership]CyclonMembership:[m Channel Metrics:
In channels:
Out channels:
[32mI[16:44:05,582] [100-CyclonMembership]CyclonMembership:[m Membership Metrics:
Membership: []
ProtocolMetrics{totalEvents=65, messagesIn=0, messagesFailed=0, messagesSent=0, timers=37, notifications=0, requests=0, replies=0, customChannelEvents=28}
[32mI[16:44:05,582] [300-BroadcastApp]BroadcastApp:[m Sending: a8967700-480e-420a-993f-ed740fc2cb40 - GEYEONMQRG (10)
[32mI[16:44:05,583] [300-BroadcastApp]BroadcastApp:[m Received a8967700-480e-420a-993f-ed740fc2cb40 - GEYEONMQRG (10) from 172.10.10.0:10000
[32mI[16:44:06,561] [100-CyclonMembership]CyclonMembership:[m Channel Metrics:
In channels:
Out channels:
[32mI[16:44:06,582] [100-CyclonMembership]CyclonMembership:[m Membership Metrics:
Membership: []
ProtocolMetrics{totalEvents=67, messagesIn=0, messagesFailed=0, messagesSent=0, timers=38, notifications=0, requests=0, replies=0, customChannelEvents=29}
[32mI[16:44:06,583] [300-BroadcastApp]BroadcastApp:[m Sending: ea218e91-e3f2-4a6b-b393-7bd788b0078a - TQIAQCFRRE (10)
[32mI[16:44:06,583] [300-BroadcastApp]BroadcastApp:[m Received ea218e91-e3f2-4a6b-b393-7bd788b0078a - TQIAQCFRRE (10) from 172.10.10.0:10000
[32mI[16:44:07,560] [100-CyclonMembership]CyclonMembership:[m Channel Metrics:
In channels:
Out channels:
[32mI[16:44:07,582] [100-CyclonMembership]CyclonMembership:[m Membership Metrics:
Membership: []
ProtocolMetrics{totalEvents=70, messagesIn=0, messagesFailed=0, messagesSent=0, timers=40, notifications=0, requests=0, replies=0, customChannelEvents=30}
[32mI[16:44:07,583] [300-BroadcastApp]BroadcastApp:[m Sending: 7a3bc636-a28e-47bb-92c5-e32e1c547a77 - PVQQZEHIMP (10)
[32mI[16:44:07,583] [300-BroadcastApp]BroadcastApp:[m Received 7a3bc636-a28e-47bb-92c5-e32e1c547a77 - PVQQZEHIMP (10) from 172.10.10.0:10000
[32mI[16:44:08,561] [100-CyclonMembership]CyclonMembership:[m Channel Metrics:
In channels:
Out channels:
[32mI[16:44:08,583] [100-CyclonMembership]CyclonMembership:[m Membership Metrics:
Membership: []
ProtocolMetrics{totalEvents=72, messagesIn=0, messagesFailed=0, messagesSent=0, timers=41, notifications=0, requests=0, replies=0, customChannelEvents=31}
[32mI[16:44:08,583] [300-BroadcastApp]BroadcastApp:[m Sending: eaaff968-d1ea-441f-bea6-dd03d512c4c5 - KNAQIRRIGQ (10)
[32mI[16:44:08,584] [300-BroadcastApp]BroadcastApp:[m Received eaaff968-d1ea-441f-bea6-dd03d512c4c5 - KNAQIRRIGQ (10) from 172.10.10.0:10000
[32mI[16:44:09,561] [100-CyclonMembership]CyclonMembership:[m Channel Metrics:
In channels:
Out channels:
[32mI[16:44:09,582] [300-BroadcastApp]BroadcastApp:[m Sending: 4abce709-3f44-49c6-82d5-b03af2569db3 - SMXULEFVDA (10)
[32mI[16:44:09,583] [300-BroadcastApp]BroadcastApp:[m Received 4abce709-3f44-49c6-82d5-b03af2569db3 - SMXULEFVDA (10) from 172.10.10.0:10000
[32mI[16:44:09,583] [100-CyclonMembership]CyclonMembership:[m Membership Metrics:
Membership: []
ProtocolMetrics{totalEvents=74, messagesIn=0, messagesFailed=0, messagesSent=0, timers=42, notifications=0, requests=0, replies=0, customChannelEvents=32}
[32mI[16:44:10,560] [100-CyclonMembership]CyclonMembership:[m Channel Metrics:
In channels:
Out channels:
[32mI[16:44:10,582] [300-BroadcastApp]BroadcastApp:[m Sending: 9a0a1d32-cc85-4ee9-a342-1e1e2a77da15 - OHKQPLZOCB (10)
[32mI[16:44:10,583] [300-BroadcastApp]BroadcastApp:[m Received 9a0a1d32-cc85-4ee9-a342-1e1e2a77da15 - OHKQPLZOCB (10) from 172.10.10.0:10000
[32mI[16:44:10,583] [100-CyclonMembership]CyclonMembership:[m Membership Metrics:
Membership: []
ProtocolMetrics{totalEvents=77, messagesIn=0, messagesFailed=0, messagesSent=0, timers=44, notifications=0, requests=0, replies=0, customChannelEvents=33}
[32mI[16:44:11,560] [100-CyclonMembership]CyclonMembership:[m Channel Metrics:
In channels:
Out channels:
[32mI[16:44:11,583] [300-BroadcastApp]BroadcastApp:[m Sending: 05c1d0ca-9933-4879-a403-1ab068e56b12 - FSEQWQECYQ (10)
[32mI[16:44:11,583] [300-BroadcastApp]BroadcastApp:[m Received 05c1d0ca-9933-4879-a403-1ab068e56b12 - FSEQWQECYQ (10) from 172.10.10.0:10000
[32mI[16:44:11,584] [100-CyclonMembership]CyclonMembership:[m Membership Metrics:
Membership: []
ProtocolMetrics{totalEvents=79, messagesIn=0, messagesFailed=0, messagesSent=0, timers=45, notifications=0, requests=0, replies=0, customChannelEvents=34}
[32mI[16:44:12,560] [100-CyclonMembership]CyclonMembership:[m Channel Metrics:
In channels:
Out channels:
[32mI[16:44:12,583] [100-CyclonMembership]CyclonMembership:[m Membership Metrics:
Membership: []
ProtocolMetrics{totalEvents=81, messagesIn=0, messagesFailed=0, messagesSent=0, timers=46, notifications=0, requests=0, replies=0, customChannelEvents=35}
[32mI[16:44:12,583] [300-BroadcastApp]BroadcastApp:[m Sending: 8754febf-01db-43f4-a152-f639a8f99777 - KILTBCKUYA (10)
[32mI[16:44:12,583] [300-BroadcastApp]BroadcastApp:[m Received 8754febf-01db-43f4-a152-f639a8f99777 - KILTBCKUYA (10) from 172.10.10.0:10000
[32mI[16:44:13,561] [100-CyclonMembership]CyclonMembership:[m Channel Metrics:
In channels:
Out channels:
[32mI[16:44:13,583] [100-CyclonMembership]CyclonMembership:[m Membership Metrics:
Membership: []
ProtocolMetrics{totalEvents=84, messagesIn=0, messagesFailed=0, messagesSent=0, timers=48, notifications=0, requests=0, replies=0, customChannelEvents=36}
[32mI[16:44:13,583] [300-BroadcastApp]BroadcastApp:[m Sending: 7da43090-b206-4b50-a1e7-63a414df84ea - OXGSWGHAPH (10)
[32mI[16:44:13,584] [300-BroadcastApp]BroadcastApp:[m Received 7da43090-b206-4b50-a1e7-63a414df84ea - OXGSWGHAPH (10) from 172.10.10.0:10000
[32mI[16:44:14,561] [100-CyclonMembership]CyclonMembership:[m Channel Metrics:
In channels:
Out channels:
[32mI[16:44:14,583] [100-CyclonMembership]CyclonMembership:[m Membership Metrics:
Membership: []
ProtocolMetrics{totalEvents=86, messagesIn=0, messagesFailed=0, messagesSent=0, timers=49, notifications=0, requests=0, replies=0, customChannelEvents=37}
[32mI[16:44:14,583] [300-BroadcastApp]BroadcastApp:[m Sending: a577565b-9995-49f3-8bc6-f56b69c997d8 - OWSGXTPFXJ (10)
[32mI[16:44:14,584] [300-BroadcastApp]BroadcastApp:[m Received a577565b-9995-49f3-8bc6-f56b69c997d8 - OWSGXTPFXJ (10) from 172.10.10.0:10000
[32mI[16:44:15,560] [100-CyclonMembership]CyclonMembership:[m Channel Metrics:
In channels:
Out channels:
[32mI[16:44:15,583] [100-CyclonMembership]CyclonMembership:[m Membership Metrics:
Membership: []
ProtocolMetrics{totalEvents=88, messagesIn=0, messagesFailed=0, messagesSent=0, timers=50, notifications=0, requests=0, replies=0, customChannelEvents=38}
[32mI[16:44:15,584] [300-BroadcastApp]BroadcastApp:[m Sending: 83b94600-5d59-46d4-9142-95a2e8632622 - VDMUKLBLCV (10)
[32mI[16:44:15,584] [300-BroadcastApp]BroadcastApp:[m Received 83b94600-5d59-46d4-9142-95a2e8632622 - VDMUKLBLCV (10) from 172.10.10.0:10000
[32mI[16:44:16,560] [100-CyclonMembership]CyclonMembership:[m Channel Metrics:
In channels:
Out channels:
[32mI[16:44:16,584] [100-CyclonMembership]CyclonMembership:[m Membership Metrics:
Membership: []
ProtocolMetrics{totalEvents=91, messagesIn=0, messagesFailed=0, messagesSent=0, timers=52, notifications=0, requests=0, replies=0, customChannelEvents=39}
[32mI[16:44:16,584] [300-BroadcastApp]BroadcastApp:[m Sending: 842e47dd-d50a-4229-99e2-c4d640f3a16c - MTVTSOXNKU (10)
[32mI[16:44:16,585] [300-BroadcastApp]BroadcastApp:[m Received 842e47dd-d50a-4229-99e2-c4d640f3a16c - MTVTSOXNKU (10) from 172.10.10.0:10000
[32mI[16:44:17,561] [100-CyclonMembership]CyclonMembership:[m Channel Metrics:
In channels:
Out channels:
[32mI[16:44:17,584] [100-CyclonMembership]CyclonMembership:[m Membership Metrics:
Membership: []
ProtocolMetrics{totalEvents=93, messagesIn=0, messagesFailed=0, messagesSent=0, timers=53, notifications=0, requests=0, replies=0, customChannelEvents=40}
[32mI[16:44:17,584] [300-BroadcastApp]BroadcastApp:[m Sending: 1c59a5af-6fa1-4d36-a799-089d00431bc9 - REVNBGVRLM (10)
[32mI[16:44:17,585] [300-BroadcastApp]BroadcastApp:[m Received 1c59a5af-6fa1-4d36-a799-089d00431bc9 - REVNBGVRLM (10) from 172.10.10.0:10000
[32mI[16:44:18,560] [100-CyclonMembership]CyclonMembership:[m Channel Metrics:
In channels:
Out channels:
[32mI[16:44:18,584] [100-CyclonMembership]CyclonMembership:[m Membership Metrics:
Membership: []
ProtocolMetrics{totalEvents=95, messagesIn=0, messagesFailed=0, messagesSent=0, timers=54, notifications=0, requests=0, replies=0, customChannelEvents=41}
[32mI[16:44:18,584] [300-BroadcastApp]BroadcastApp:[m Sending: 62d2e930-dd15-4cd7-83ec-47ad0726d40e - HRLBPJESRI (10)
[32mI[16:44:18,585] [300-BroadcastApp]BroadcastApp:[m Received 62d2e930-dd15-4cd7-83ec-47ad0726d40e - HRLBPJESRI (10) from 172.10.10.0:10000
[32mI[16:44:19,560] [100-CyclonMembership]CyclonMembership:[m Channel Metrics:
In channels:
Out channels:
[32mI[16:44:19,584] [100-CyclonMembership]CyclonMembership:[m Membership Metrics:
Membership: []
ProtocolMetrics{totalEvents=98, messagesIn=0, messagesFailed=0, messagesSent=0, timers=56, notifications=0, requests=0, replies=0, customChannelEvents=42}
[32mI[16:44:19,585] [300-BroadcastApp]BroadcastApp:[m Sending: 2d175f04-0c72-4575-94c9-4536d601af81 - GVYJXVTHAQ (10)
[32mI[16:44:19,585] [300-BroadcastApp]BroadcastApp:[m Received 2d175f04-0c72-4575-94c9-4536d601af81 - GVYJXVTHAQ (10) from 172.10.10.0:10000
[32mI[16:44:20,561] [100-CyclonMembership]CyclonMembership:[m Channel Metrics:
In channels:
Out channels:
[32mI[16:44:20,584] [100-CyclonMembership]CyclonMembership:[m Membership Metrics:
Membership: []
ProtocolMetrics{totalEvents=100, messagesIn=0, messagesFailed=0, messagesSent=0, timers=57, notifications=0, requests=0, replies=0, customChannelEvents=43}
[32mI[16:44:20,585] [300-BroadcastApp]BroadcastApp:[m Sending: 7191fbb0-7595-47fe-8602-a5ed837148c2 - ZZUFDYDLFN (10)
[32mI[16:44:20,585] [300-BroadcastApp]BroadcastApp:[m Received 7191fbb0-7595-47fe-8602-a5ed837148c2 - ZZUFDYDLFN (10) from 172.10.10.0:10000
[32mI[16:44:21,560] [100-CyclonMembership]CyclonMembership:[m Channel Metrics:
In channels:
Out channels:
[32mI[16:44:21,585] [100-CyclonMembership]CyclonMembership:[m Membership Metrics:
Membership: []
ProtocolMetrics{totalEvents=102, messagesIn=0, messagesFailed=0, messagesSent=0, timers=58, notifications=0, requests=0, replies=0, customChannelEvents=44}
[32mI[16:44:21,585] [300-BroadcastApp]BroadcastApp:[m Sending: b2bf2378-893d-4a86-80d6-e7b64056424b - KLTNHSGMNU (10)
[32mI[16:44:21,586] [300-BroadcastApp]BroadcastApp:[m Received b2bf2378-893d-4a86-80d6-e7b64056424b - KLTNHSGMNU (10) from 172.10.10.0:10000
[32mI[16:44:22,560] [100-CyclonMembership]CyclonMembership:[m Channel Metrics:
In channels:
Out channels:
[32mI[16:44:22,585] [100-CyclonMembership]CyclonMembership:[m Membership Metrics:
Membership: []
ProtocolMetrics{totalEvents=105, messagesIn=0, messagesFailed=0, messagesSent=0, timers=60, notifications=0, requests=0, replies=0, customChannelEvents=45}
[32mI[16:44:22,585] [300-BroadcastApp]BroadcastApp:[m Sending: 4d1387d6-c307-46c7-b961-37b1b3f7da42 - PERTVQOBHP (10)
[32mI[16:44:22,586] [300-BroadcastApp]BroadcastApp:[m Received 4d1387d6-c307-46c7-b961-37b1b3f7da42 - PERTVQOBHP (10) from 172.10.10.0:10000
[32mI[16:44:23,561] [100-CyclonMembership]CyclonMembership:[m Channel Metrics:
In channels:
Out channels:
[32mI[16:44:23,585] [100-CyclonMembership]CyclonMembership:[m Membership Metrics:
Membership: []
ProtocolMetrics{totalEvents=107, messagesIn=0, messagesFailed=0, messagesSent=0, timers=61, notifications=0, requests=0, replies=0, customChannelEvents=46}
[32mI[16:44:23,586] [300-BroadcastApp]BroadcastApp:[m Sending: aaef1b76-6f35-435a-a859-cc3566d05acc - MEXMKQSDVZ (10)
[32mI[16:44:23,586] [300-BroadcastApp]BroadcastApp:[m Received aaef1b76-6f35-435a-a859-cc3566d05acc - MEXMKQSDVZ (10) from 172.10.10.0:10000
[32mI[16:44:24,560] [100-CyclonMembership]CyclonMembership:[m Channel Metrics:
In channels:
Out channels:
[32mI[16:44:24,585] [100-CyclonMembership]CyclonMembership:[m Membership Metrics:
Membership: []
ProtocolMetrics{totalEvents=109, messagesIn=0, messagesFailed=0, messagesSent=0, timers=62, notifications=0, requests=0, replies=0, customChannelEvents=47}
[32mI[16:44:24,586] [300-BroadcastApp]BroadcastApp:[m Sending: 2586ca6b-ee7b-4e2e-a996-48f182a79cd9 - OWXNGCZPHF (10)
[32mI[16:44:24,586] [300-BroadcastApp]BroadcastApp:[m Received 2586ca6b-ee7b-4e2e-a996-48f182a79cd9 - OWXNGCZPHF (10) from 172.10.10.0:10000
[32mI[16:44:25,561] [100-CyclonMembership]CyclonMembership:[m Channel Metrics:
In channels:
Out channels:
[32mI[16:44:25,586] [100-CyclonMembership]CyclonMembership:[m Membership Metrics:
Membership: []
ProtocolMetrics{totalEvents=112, messagesIn=0, messagesFailed=0, messagesSent=0, timers=64, notifications=0, requests=0, replies=0, customChannelEvents=48}
[32mI[16:44:25,586] [300-BroadcastApp]BroadcastApp:[m Sending: fb1f89f5-4390-47b6-babc-e0a004f51484 - PYFPBNYOEK (10)
[32mI[16:44:25,586] [300-BroadcastApp]BroadcastApp:[m Received fb1f89f5-4390-47b6-babc-e0a004f51484 - PYFPBNYOEK (10) from 172.10.10.0:10000
[32mI[16:44:26,560] [100-CyclonMembership]CyclonMembership:[m Channel Metrics:
In channels:
Out channels:
[32mI[16:44:26,586] [100-CyclonMembership]CyclonMembership:[m Membership Metrics:
Membership: []
ProtocolMetrics{totalEvents=114, messagesIn=0, messagesFailed=0, messagesSent=0, timers=65, notifications=0, requests=0, replies=0, customChannelEvents=49}
[32mI[16:44:26,586] [300-BroadcastApp]BroadcastApp:[m Sending: aeba549f-20a0-4d55-bbd4-737d01c9313c - HIFDZGBCLX (10)
[32mI[16:44:26,587] [300-BroadcastApp]BroadcastApp:[m Received aeba549f-20a0-4d55-bbd4-737d01c9313c - HIFDZGBCLX (10) from 172.10.10.0:10000
[32mI[16:44:27,560] [100-CyclonMembership]CyclonMembership:[m Channel Metrics:
In channels:
Out channels:
[32mI[16:44:27,586] [300-BroadcastApp]BroadcastApp:[m Sending: a4c547d8-a44f-434e-9678-31c941022d4a - NDIEOCLLBV (10)
[32mI[16:44:27,586] [100-CyclonMembership]CyclonMembership:[m Membership Metrics:
Membership: []
ProtocolMetrics{totalEvents=116, messagesIn=0, messagesFailed=0, messagesSent=0, timers=66, notifications=0, requests=0, replies=0, customChannelEvents=50}
[32mI[16:44:27,587] [300-BroadcastApp]BroadcastApp:[m Received a4c547d8-a44f-434e-9678-31c941022d4a - NDIEOCLLBV (10) from 172.10.10.0:10000
[32mI[16:44:28,561] [100-CyclonMembership]CyclonMembership:[m Channel Metrics:
In channels:
Out channels:
[32mI[16:44:28,586] [100-CyclonMembership]CyclonMembership:[m Membership Metrics:
Membership: []
ProtocolMetrics{totalEvents=119, messagesIn=0, messagesFailed=0, messagesSent=0, timers=68, notifications=0, requests=0, replies=0, customChannelEvents=51}
[32mI[16:44:28,587] [300-BroadcastApp]BroadcastApp:[m Sending: b3f485fc-8c7b-4474-bf02-3900cc3459f6 - BCQLWLDVKS (10)
[32mI[16:44:28,587] [300-BroadcastApp]BroadcastApp:[m Received b3f485fc-8c7b-4474-bf02-3900cc3459f6 - BCQLWLDVKS (10) from 172.10.10.0:10000
[32mI[16:44:29,560] [100-CyclonMembership]CyclonMembership:[m Channel Metrics:
In channels:
Out channels:
[32mI[16:44:29,586] [100-CyclonMembership]CyclonMembership:[m Membership Metrics:
Membership: []
ProtocolMetrics{totalEvents=121, messagesIn=0, messagesFailed=0, messagesSent=0, timers=69, notifications=0, requests=0, replies=0, customChannelEvents=52}
[32mI[16:44:29,587] [300-BroadcastApp]BroadcastApp:[m Sending: 37444b9e-310d-469e-b669-800dbbe456fb - RETXGWPJKL (10)
[32mI[16:44:29,587] [300-BroadcastApp]BroadcastApp:[m Received 37444b9e-310d-469e-b669-800dbbe456fb - RETXGWPJKL (10) from 172.10.10.0:10000
[32mI[16:44:30,560] [100-CyclonMembership]CyclonMembership:[m Channel Metrics:
In channels:
Out channels:
[32mI[16:44:30,587] [100-CyclonMembership]CyclonMembership:[m Membership Metrics:
Membership: []
ProtocolMetrics{totalEvents=123, messagesIn=0, messagesFailed=0, messagesSent=0, timers=70, notifications=0, requests=0, replies=0, customChannelEvents=53}
[32mI[16:44:30,587] [300-BroadcastApp]BroadcastApp:[m Sending: 844deac7-10a4-4339-8b38-74a19980b71c - URHJMEADLH (10)
[32mI[16:44:30,587] [300-BroadcastApp]BroadcastApp:[m Received 844deac7-10a4-4339-8b38-74a19980b71c - URHJMEADLH (10) from 172.10.10.0:10000
[32mI[16:44:31,560] [100-CyclonMembership]CyclonMembership:[m Channel Metrics:
In channels:
Out channels:
[32mI[16:44:31,586] [100-CyclonMembership]CyclonMembership:[m Membership Metrics:
Membership: []
ProtocolMetrics{totalEvents=126, messagesIn=0, messagesFailed=0, messagesSent=0, timers=72, notifications=0, requests=0, replies=0, customChannelEvents=54}
[32mI[16:44:31,586] [300-BroadcastApp]BroadcastApp:[m Sending: c6de0457-8b63-4776-9f60-cf5c8d059d1c - VNWRWUGTEE (10)
[32mI[16:44:31,587] [300-BroadcastApp]BroadcastApp:[m Received c6de0457-8b63-4776-9f60-cf5c8d059d1c - VNWRWUGTEE (10) from 172.10.10.0:10000
[32mI[16:44:32,561] [100-CyclonMembership]CyclonMembership:[m Channel Metrics:
In channels:
Out channels:
[32mI[16:44:32,586] [100-CyclonMembership]CyclonMembership:[m Membership Metrics:
Membership: []
ProtocolMetrics{totalEvents=128, messagesIn=0, messagesFailed=0, messagesSent=0, timers=73, notifications=0, requests=0, replies=0, customChannelEvents=55}
[32mI[16:44:32,586] [300-BroadcastApp]BroadcastApp:[m Sending: 755f81f7-f292-4b2e-903b-eff006e27c4b - FQUFRDJKPV (10)
[32mI[16:44:32,587] [300-BroadcastApp]BroadcastApp:[m Received 755f81f7-f292-4b2e-903b-eff006e27c4b - FQUFRDJKPV (10) from 172.10.10.0:10000
[32mI[16:44:33,561] [100-CyclonMembership]CyclonMembership:[m Channel Metrics:
In channels:
Out channels:
[32mI[16:44:33,586] [100-CyclonMembership]CyclonMembership:[m Membership Metrics:
Membership: []
ProtocolMetrics{totalEvents=130, messagesIn=0, messagesFailed=0, messagesSent=0, timers=74, notifications=0, requests=0, replies=0, customChannelEvents=56}
[32mI[16:44:33,587] [300-BroadcastApp]BroadcastApp:[m Sending: b4763195-6192-4c2a-8db2-5e607932944d - QCPBONROXF (10)
[32mI[16:44:33,587] [300-BroadcastApp]BroadcastApp:[m Received b4763195-6192-4c2a-8db2-5e607932944d - QCPBONROXF (10) from 172.10.10.0:10000
[32mI[16:44:34,560] [100-CyclonMembership]CyclonMembership:[m Channel Metrics:
In channels:
Out channels:
[32mI[16:44:34,587] [100-CyclonMembership]CyclonMembership:[m Membership Metrics:
Membership: []
ProtocolMetrics{totalEvents=133, messagesIn=0, messagesFailed=0, messagesSent=0, timers=76, notifications=0, requests=0, replies=0, customChannelEvents=57}
[32mI[16:44:34,587] [300-BroadcastApp]BroadcastApp:[m Sending: 306d90d0-0b2f-4986-9ab9-33036312cb2a - THQFULSBVU (10)
[32mI[16:44:34,587] [300-BroadcastApp]BroadcastApp:[m Received 306d90d0-0b2f-4986-9ab9-33036312cb2a - THQFULSBVU (10) from 172.10.10.0:10000
[32mI[16:44:35,560] [100-CyclonMembership]CyclonMembership:[m Channel Metrics:
In channels:
Out channels:
[32mI[16:44:35,587] [100-CyclonMembership]CyclonMembership:[m Membership Metrics:
Membership: []
ProtocolMetrics{totalEvents=135, messagesIn=0, messagesFailed=0, messagesSent=0, timers=77, notifications=0, requests=0, replies=0, customChannelEvents=58}
[32mI[16:44:35,587] [300-BroadcastApp]BroadcastApp:[m Sending: ad2bee2c-e0fa-4c1f-b1a0-7fb5b4919c89 - IFZKRIDEEY (10)
[32mI[16:44:35,587] [300-BroadcastApp]BroadcastApp:[m Received ad2bee2c-e0fa-4c1f-b1a0-7fb5b4919c89 - IFZKRIDEEY (10) from 172.10.10.0:10000
[32mI[16:44:36,560] [100-CyclonMembership]CyclonMembership:[m Channel Metrics:
In channels:
Out channels:
[32mI[16:44:36,587] [100-CyclonMembership]CyclonMembership:[m Membership Metrics:
Membership: []
ProtocolMetrics{totalEvents=137, messagesIn=0, messagesFailed=0, messagesSent=0, timers=78, notifications=0, requests=0, replies=0, customChannelEvents=59}
[32mI[16:44:36,587] [300-BroadcastApp]BroadcastApp:[m Sending: d44befe2-d4dd-4a2c-92a9-037177f93093 - BAFKQBOFVH (10)
[32mI[16:44:36,587] [300-BroadcastApp]BroadcastApp:[m Received d44befe2-d4dd-4a2c-92a9-037177f93093 - BAFKQBOFVH (10) from 172.10.10.0:10000
[32mI[16:44:37,560] [100-CyclonMembership]CyclonMembership:[m Channel Metrics:
In channels:
Out channels:
[32mI[16:44:37,587] [100-CyclonMembership]CyclonMembership:[m Membership Metrics:
Membership: []
ProtocolMetrics{totalEvents=140, messagesIn=0, messagesFailed=0, messagesSent=0, timers=80, notifications=0, requests=0, replies=0, customChannelEvents=60}
[32mI[16:44:37,587] [300-BroadcastApp]BroadcastApp:[m Sending: a06433e2-864e-424d-a8fe-4e16626d95c9 - CUXHNVZVOF (10)
[32mI[16:44:37,588] [300-BroadcastApp]BroadcastApp:[m Received a06433e2-864e-424d-a8fe-4e16626d95c9 - CUXHNVZVOF (10) from 172.10.10.0:10000
[32mI[16:44:38,561] [100-CyclonMembership]CyclonMembership:[m Channel Metrics:
In channels:
Out channels:
[32mI[16:44:38,587] [100-CyclonMembership]CyclonMembership:[m Membership Metrics:
Membership: []
ProtocolMetrics{totalEvents=142, messagesIn=0, messagesFailed=0, messagesSent=0, timers=81, notifications=0, requests=0, replies=0, customChannelEvents=61}
[32mI[16:44:38,588] [300-BroadcastApp]BroadcastApp:[m Sending: 4b383461-e3db-43d2-b008-b9add2d088c4 - AHFCRTZWUW (10)
[32mI[16:44:38,588] [300-BroadcastApp]BroadcastApp:[m Received 4b383461-e3db-43d2-b008-b9add2d088c4 - AHFCRTZWUW (10) from 172.10.10.0:10000
[32mI[16:44:39,560] [100-CyclonMembership]CyclonMembership:[m Channel Metrics:
In channels:
Out channels:
[32mI[16:44:39,588] [100-CyclonMembership]CyclonMembership:[m Membership Metrics:
Membership: []
ProtocolMetrics{totalEvents=144, messagesIn=0, messagesFailed=0, messagesSent=0, timers=82, notifications=0, requests=0, replies=0, customChannelEvents=62}
[32mI[16:44:39,588] [300-BroadcastApp]BroadcastApp:[m Sending: 409bec50-71b6-4862-b04a-ad71f400fb41 - TEGDFCHXWA (10)
[32mI[16:44:39,588] [300-BroadcastApp]BroadcastApp:[m Received 409bec50-71b6-4862-b04a-ad71f400fb41 - TEGDFCHXWA (10) from 172.10.10.0:10000
[32mI[16:44:40,561] [100-CyclonMembership]CyclonMembership:[m Channel Metrics:
In channels:
Out channels:
[32mI[16:44:40,587] [100-CyclonMembership]CyclonMembership:[m Membership Metrics:
Membership: []
ProtocolMetrics{totalEvents=147, messagesIn=0, messagesFailed=0, messagesSent=0, timers=84, notifications=0, requests=0, replies=0, customChannelEvents=63}
[32mI[16:44:40,587] [300-BroadcastApp]BroadcastApp:[m Sending: 3eeaf527-56f2-4aae-a828-5ac0a357fd09 - MARTSDGLDZ (10)
[32mI[16:44:40,587] [300-BroadcastApp]BroadcastApp:[m Received 3eeaf527-56f2-4aae-a828-5ac0a357fd09 - MARTSDGLDZ (10) from 172.10.10.0:10000
[32mI[16:44:41,560] [100-CyclonMembership]CyclonMembership:[m Channel Metrics:
In channels:
Out channels:
[32mI[16:44:41,587] [100-CyclonMembership]CyclonMembership:[m Membership Metrics:
Membership: []
ProtocolMetrics{totalEvents=149, messagesIn=0, messagesFailed=0, messagesSent=0, timers=85, notifications=0, requests=0, replies=0, customChannelEvents=64}
[32mI[16:44:41,587] [300-BroadcastApp]BroadcastApp:[m Sending: fa1a88c8-c938-4c37-bfd1-d12c0645a055 - JBZUCSDJHG (10)
[32mI[16:44:41,588] [300-BroadcastApp]BroadcastApp:[m Received fa1a88c8-c938-4c37-bfd1-d12c0645a055 - JBZUCSDJHG (10) from 172.10.10.0:10000
[32mI[16:44:42,560] [100-CyclonMembership]CyclonMembership:[m Channel Metrics:
In channels:
Out channels:
[32mI[16:44:42,578] [300-BroadcastApp]BroadcastApp:[m Stopping broadcasts
[32mI[16:44:42,587] [100-CyclonMembership]CyclonMembership:[m Membership Metrics:
Membership: []
ProtocolMetrics{totalEvents=151, messagesIn=0, messagesFailed=0, messagesSent=0, timers=86, notifications=0, requests=0, replies=0, customChannelEvents=65}
[32mI[16:44:43,561] [100-CyclonMembership]CyclonMembership:[m Channel Metrics:
In channels:
Out channels:
[32mI[16:44:43,587] [100-CyclonMembership]CyclonMembership:[m Membership Metrics:
Membership: []
ProtocolMetrics{totalEvents=154, messagesIn=0, messagesFailed=0, messagesSent=0, timers=88, notifications=0, requests=0, replies=0, customChannelEvents=66}
[32mI[16:44:44,560] [100-CyclonMembership]CyclonMembership:[m Channel Metrics:
In channels:
Out channels:
[32mI[16:44:44,587] [100-CyclonMembership]CyclonMembership:[m Membership Metrics:
Membership: []
ProtocolMetrics{totalEvents=156, messagesIn=0, messagesFailed=0, messagesSent=0, timers=89, notifications=0, requests=0, replies=0, customChannelEvents=67}
[32mI[16:44:45,560] [100-CyclonMembership]CyclonMembership:[m Channel Metrics:
In channels:
Out channels:
[32mI[16:44:45,587] [100-CyclonMembership]CyclonMembership:[m Membership Metrics:
Membership: []
ProtocolMetrics{totalEvents=158, messagesIn=0, messagesFailed=0, messagesSent=0, timers=90, notifications=0, requests=0, replies=0, customChannelEvents=68}
[32mI[16:44:46,560] [100-CyclonMembership]CyclonMembership:[m Channel Metrics:
In channels:
Out channels:
[32mI[16:44:46,588] [100-CyclonMembership]CyclonMembership:[m Membership Metrics:
Membership: []
ProtocolMetrics{totalEvents=161, messagesIn=0, messagesFailed=0, messagesSent=0, timers=92, notifications=0, requests=0, replies=0, customChannelEvents=69}
[32mI[16:44:47,560] [100-CyclonMembership]CyclonMembership:[m Channel Metrics:
In channels:
Out channels:
[32mI[16:44:47,579] [300-BroadcastApp]BroadcastApp:[m Exiting...
[32mI[16:44:47,580] [Thread-1]Main:[m Goodbye
