[32mI[16:39:40,476] [main]Main:[m Hello, I am 172.10.10.0:10000
[32mI[16:39:40,769] [main]BroadcastApp:[m Waiting...
[32mI[16:39:41,765] [100-CyclonMembership]CyclonMembership:[m Channel Metrics:
In channels:
Out channels:
[32mI[16:39:41,774] [100-CyclonMembership]CyclonMembership:[m Membership Metrics:
Membership: []
ProtocolMetrics{totalEvents=2, messagesIn=0, messagesFailed=0, messagesSent=0, timers=1, notifications=0, requests=0, replies=0, customChannelEvents=1}
[32mI[16:39:42,755] [100-CyclonMembership]CyclonMembership:[m Channel Metrics:
In channels:
Out channels:
[32mI[16:39:42,772] [100-CyclonMembership]CyclonMembership:[m Membership Metrics:
Membership: []
ProtocolMetrics{totalEvents=4, messagesIn=0, messagesFailed=0, messagesSent=0, timers=2, notifications=0, requests=0, replies=0, customChannelEvents=2}
[32mI[16:39:43,755] [100-CyclonMembership]CyclonMembership:[m Channel Metrics:
In channels:
Out channels:
[32mI[16:39:43,772] [100-CyclonMembership]CyclonMembership:[m Membership Metrics:
Membership: []
ProtocolMetrics{totalEvents=7, messagesIn=0, messagesFailed=0, messagesSent=0, timers=4, notifications=0, requests=0, replies=0, customChannelEvents=3}
[32mI[16:39:44,755] [100-CyclonMembership]CyclonMembership:[m Channel Metrics:
In channels:
Out channels:
[32mI[16:39:44,773] [100-CyclonMembership]CyclonMembership:[m Membership Metrics:
Membership: []
ProtocolMetrics{totalEvents=9, messagesIn=0, messagesFailed=0, messagesSent=0, timers=5, notifications=0, requests=0, replies=0, customChannelEvents=4}
[32mI[16:39:45,755] [100-CyclonMembership]CyclonMembership:[m Channel Metrics:
In channels:
Out channels:
[32mI[16:39:45,771] [300-BroadcastApp]BroadcastApp:[m Starting
[32mI[16:39:45,772] [100-CyclonMembership]CyclonMembership:[m Membership Metrics:
Membership: []
ProtocolMetrics{totalEvents=11, messagesIn=0, messagesFailed=0, messagesSent=0, timers=6, notifications=0, requests=0, replies=0, customChannelEvents=5}
[32mI[16:39:45,776] [300-BroadcastApp]BroadcastApp:[m Sending: 29ca4478-fd7d-4e70-a4a1-e421269bf214 - YPFAPNQCEA (10)
[32mI[16:39:45,777] [300-BroadcastApp]BroadcastApp:[m Received 29ca4478-fd7d-4e70-a4a1-e421269bf214 - YPFAPNQCEA (10) from 172.10.10.0:10000
[32mI[16:39:46,755] [100-CyclonMembership]CyclonMembership:[m Channel Metrics:
In channels:
Out channels:
[32mI[16:39:46,772] [100-CyclonMembership]CyclonMembership:[m Membership Metrics:
Membership: []
ProtocolMetrics{totalEvents=14, messagesIn=0, messagesFailed=0, messagesSent=0, timers=8, notifications=0, requests=0, replies=0, customChannelEvents=6}
[32mI[16:39:46,773] [300-BroadcastApp]BroadcastApp:[m Sending: 078af61c-b4b1-480c-9915-2b0069c708ef - NUWITRCKWT (10)
[32mI[16:39:46,773] [300-BroadcastApp]BroadcastApp:[m Received 078af61c-b4b1-480c-9915-2b0069c708ef - NUWITRCKWT (10) from 172.10.10.0:10000
[32mI[16:39:47,755] [100-CyclonMembership]CyclonMembership:[m Channel Metrics:
In channels:
Out channels:
[32mI[16:39:47,773] [100-CyclonMembership]CyclonMembership:[m Membership Metrics:
Membership: []
ProtocolMetrics{totalEvents=16, messagesIn=0, messagesFailed=0, messagesSent=0, timers=9, notifications=0, requests=0, replies=0, customChannelEvents=7}
[32mI[16:39:47,773] [300-BroadcastApp]BroadcastApp:[m Sending: cdca58ca-0ac6-4bfa-8826-d9cfa8676932 - DRBJHSFIAG (10)
[32mI[16:39:47,773] [300-BroadcastApp]BroadcastApp:[m Received cdca58ca-0ac6-4bfa-8826-d9cfa8676932 - DRBJHSFIAG (10) from 172.10.10.0:10000
[32mI[16:39:48,755] [100-CyclonMembership]CyclonMembership:[m Channel Metrics:
In channels:
Out channels:
[32mI[16:39:48,773] [100-CyclonMembership]CyclonMembership:[m Membership Metrics:
Membership: []
ProtocolMetrics{totalEvents=18, messagesIn=0, messagesFailed=0, messagesSent=0, timers=10, notifications=0, requests=0, replies=0, customChannelEvents=8}
[32mI[16:39:48,773] [300-BroadcastApp]BroadcastApp:[m Sending: 1bf96342-c62e-4284-819c-a3e14b3cf3ba - XODNPAVXUM (10)
[32mI[16:39:48,773] [300-BroadcastApp]BroadcastApp:[m Received 1bf96342-c62e-4284-819c-a3e14b3cf3ba - XODNPAVXUM (10) from 172.10.10.0:10000
[32mI[16:39:49,755] [100-CyclonMembership]CyclonMembership:[m Channel Metrics:
In channels:
Out channels:
[32mI[16:39:49,773] [100-CyclonMembership]CyclonMembership:[m Membership Metrics:
Membership: []
ProtocolMetrics{totalEvents=21, messagesIn=0, messagesFailed=0, messagesSent=0, timers=12, notifications=0, requests=0, replies=0, customChannelEvents=9}
[32mI[16:39:49,773] [300-BroadcastApp]BroadcastApp:[m Sending: 477e0009-3345-4830-8f78-ec1cb5a269ac - PXMKHHIBEL (10)
[32mI[16:39:49,774] [300-BroadcastApp]BroadcastApp:[m Received 477e0009-3345-4830-8f78-ec1cb5a269ac - PXMKHHIBEL (10) from 172.10.10.0:10000
[32mI[16:39:50,755] [100-CyclonMembership]CyclonMembership:[m Channel Metrics:
In channels:
Out channels:
[32mI[16:39:50,773] [100-CyclonMembership]CyclonMembership:[m Membership Metrics:
Membership: []
ProtocolMetrics{totalEvents=23, messagesIn=0, messagesFailed=0, messagesSent=0, timers=13, notifications=0, requests=0, replies=0, customChannelEvents=10}
[32mI[16:39:50,773] [300-BroadcastApp]BroadcastApp:[m Sending: 77a7de0b-05f0-47b7-89db-76f81941fa8c - RPKQKIDSSC (10)
[32mI[16:39:50,774] [300-BroadcastApp]BroadcastApp:[m Received 77a7de0b-05f0-47b7-89db-76f81941fa8c - RPKQKIDSSC (10) from 172.10.10.0:10000
[32mI[16:39:51,755] [100-CyclonMembership]CyclonMembership:[m Channel Metrics:
In channels:
Out channels:
[32mI[16:39:51,774] [100-CyclonMembership]CyclonMembership:[m Membership Metrics:
Membership: []
ProtocolMetrics{totalEvents=25, messagesIn=0, messagesFailed=0, messagesSent=0, timers=14, notifications=0, requests=0, replies=0, customChannelEvents=11}
[32mI[16:39:51,774] [300-BroadcastApp]BroadcastApp:[m Sending: 91001fb4-a458-4061-aa4e-2ddba6aa35e0 - YTNJGLZZSW (10)
[32mI[16:39:51,775] [300-BroadcastApp]BroadcastApp:[m Received 91001fb4-a458-4061-aa4e-2ddba6aa35e0 - YTNJGLZZSW (10) from 172.10.10.0:10000
[32mI[16:39:52,755] [100-CyclonMembership]CyclonMembership:[m Channel Metrics:
In channels:
Out channels:
[32mI[16:39:52,773] [100-CyclonMembership]CyclonMembership:[m Membership Metrics:
Membership: []
ProtocolMetrics{totalEvents=28, messagesIn=0, messagesFailed=0, messagesSent=0, timers=16, notifications=0, requests=0, replies=0, customChannelEvents=12}
[32mI[16:39:52,773] [300-BroadcastApp]BroadcastApp:[m Sending: ed562df2-d4b6-459e-805b-c708f4facad7 - QHRPVSSSAH (10)
[32mI[16:39:52,773] [300-BroadcastApp]BroadcastApp:[m Received ed562df2-d4b6-459e-805b-c708f4facad7 - QHRPVSSSAH (10) from 172.10.10.0:10000
[32mI[16:39:53,755] [100-CyclonMembership]CyclonMembership:[m Channel Metrics:
In channels:
Out channels:
[32mI[16:39:53,773] [100-CyclonMembership]CyclonMembership:[m Membership Metrics:
Membership: []
ProtocolMetrics{totalEvents=30, messagesIn=0, messagesFailed=0, messagesSent=0, timers=17, notifications=0, requests=0, replies=0, customChannelEvents=13}
[32mI[16:39:53,773] [300-BroadcastApp]BroadcastApp:[m Sending: 916d6593-cecd-4cde-a1d5-cbf4a4c5ab46 - HAHAZMYAVB (10)
[32mI[16:39:53,774] [300-BroadcastApp]BroadcastApp:[m Received 916d6593-cecd-4cde-a1d5-cbf4a4c5ab46 - HAHAZMYAVB (10) from 172.10.10.0:10000
[32mI[16:39:54,755] [100-CyclonMembership]CyclonMembership:[m Channel Metrics:
In channels:
Out channels:
[32mI[16:39:54,773] [100-CyclonMembership]CyclonMembership:[m Membership Metrics:
Membership: []
ProtocolMetrics{totalEvents=32, messagesIn=0, messagesFailed=0, messagesSent=0, timers=18, notifications=0, requests=0, replies=0, customChannelEvents=14}
[32mI[16:39:54,773] [300-BroadcastApp]BroadcastApp:[m Sending: 80f3a4c8-c545-43f3-8d72-ee6b6c6db3c5 - TWRZVXZDII (10)
[32mI[16:39:54,774] [300-BroadcastApp]BroadcastApp:[m Received 80f3a4c8-c545-43f3-8d72-ee6b6c6db3c5 - TWRZVXZDII (10) from 172.10.10.0:10000
[32mI[16:39:55,755] [100-CyclonMembership]CyclonMembership:[m Channel Metrics:
In channels:
Out channels:
[32mI[16:39:55,773] [100-CyclonMembership]CyclonMembership:[m Membership Metrics:
Membership: []
ProtocolMetrics{totalEvents=35, messagesIn=0, messagesFailed=0, messagesSent=0, timers=20, notifications=0, requests=0, replies=0, customChannelEvents=15}
[32mI[16:39:55,774] [300-BroadcastApp]BroadcastApp:[m Sending: 797bd0b9-b786-475c-9701-b3299bc39931 - ZUSCHONGML (10)
[32mI[16:39:55,774] [300-BroadcastApp]BroadcastApp:[m Received 797bd0b9-b786-475c-9701-b3299bc39931 - ZUSCHONGML (10) from 172.10.10.0:10000
[32mI[16:39:56,755] [100-CyclonMembership]CyclonMembership:[m Channel Metrics:
In channels:
Out channels:
[32mI[16:39:56,774] [100-CyclonMembership]CyclonMembership:[m Membership Metrics:
Membership: []
ProtocolMetrics{totalEvents=37, messagesIn=0, messagesFailed=0, messagesSent=0, timers=21, notifications=0, requests=0, replies=0, customChannelEvents=16}
[32mI[16:39:56,774] [300-BroadcastApp]BroadcastApp:[m Sending: c39f83bc-4370-42a6-98ee-af041862bbb0 - WGSOGEXQDQ (10)
[32mI[16:39:56,775] [300-BroadcastApp]BroadcastApp:[m Received c39f83bc-4370-42a6-98ee-af041862bbb0 - WGSOGEXQDQ (10) from 172.10.10.0:10000
[32mI[16:39:57,755] [100-CyclonMembership]CyclonMembership:[m Channel Metrics:
In channels:
Out channels:
[32mI[16:39:57,774] [100-CyclonMembership]CyclonMembership:[m Membership Metrics:
Membership: []
ProtocolMetrics{totalEvents=39, messagesIn=0, messagesFailed=0, messagesSent=0, timers=22, notifications=0, requests=0, replies=0, customChannelEvents=17}
[32mI[16:39:57,774] [300-BroadcastApp]BroadcastApp:[m Sending: 962bab46-9ebb-4d48-9f8e-0b5039119f3e - ZDHOHBSXZG (10)
[32mI[16:39:57,774] [300-BroadcastApp]BroadcastApp:[m Received 962bab46-9ebb-4d48-9f8e-0b5039119f3e - ZDHOHBSXZG (10) from 172.10.10.0:10000
[32mI[16:39:58,755] [100-CyclonMembership]CyclonMembership:[m Channel Metrics:
In channels:
Out channels:
[32mI[16:39:58,774] [100-CyclonMembership]CyclonMembership:[m Membership Metrics:
Membership: []
ProtocolMetrics{totalEvents=42, messagesIn=0, messagesFailed=0, messagesSent=0, timers=24, notifications=0, requests=0, replies=0, customChannelEvents=18}
[32mI[16:39:58,774] [300-BroadcastApp]BroadcastApp:[m Sending: 80c1e9be-c1e1-4d0e-84f0-e1fe5d20fa09 - JOFIZFJXYX (10)
[32mI[16:39:58,775] [300-BroadcastApp]BroadcastApp:[m Received 80c1e9be-c1e1-4d0e-84f0-e1fe5d20fa09 - JOFIZFJXYX (10) from 172.10.10.0:10000
[32mI[16:39:59,755] [100-CyclonMembership]CyclonMembership:[m Channel Metrics:
In channels:
Out channels:
[32mI[16:39:59,774] [100-CyclonMembership]CyclonMembership:[m Membership Metrics:
Membership: []
ProtocolMetrics{totalEvents=44, messagesIn=0, messagesFailed=0, messagesSent=0, timers=25, notifications=0, requests=0, replies=0, customChannelEvents=19}
[32mI[16:39:59,775] [300-BroadcastApp]BroadcastApp:[m Sending: bc1752c7-b092-4c2e-81ca-d4d1f64d7398 - KPJQGGVOBS (10)
[32mI[16:39:59,775] [300-BroadcastApp]BroadcastApp:[m Received bc1752c7-b092-4c2e-81ca-d4d1f64d7398 - KPJQGGVOBS (10) from 172.10.10.0:10000
[32mI[16:40:00,755] [100-CyclonMembership]CyclonMembership:[m Channel Metrics:
In channels:
Out channels:
[32mI[16:40:00,775] [100-CyclonMembership]CyclonMembership:[m Membership Metrics:
Membership: []
ProtocolMetrics{totalEvents=46, messagesIn=0, messagesFailed=0, messagesSent=0, timers=26, notifications=0, requests=0, replies=0, customChannelEvents=20}
[32mI[16:40:00,775] [300-BroadcastApp]BroadcastApp:[m Sending: 917f6ae3-9cf7-4a0f-a2e2-ba8d278decd8 - QAFJHYLGLM (10)
[32mI[16:40:00,775] [300-BroadcastApp]BroadcastApp:[m Received 917f6ae3-9cf7-4a0f-a2e2-ba8d278decd8 - QAFJHYLGLM (10) from 172.10.10.0:10000
[32mI[16:40:01,755] [100-CyclonMembership]CyclonMembership:[m Channel Metrics:
In channels:
Out channels:
[32mI[16:40:01,774] [100-CyclonMembership]CyclonMembership:[m Membership Metrics:
Membership: []
ProtocolMetrics{totalEvents=49, messagesIn=0, messagesFailed=0, messagesSent=0, timers=28, notifications=0, requests=0, replies=0, customChannelEvents=21}
[32mI[16:40:01,774] [300-BroadcastApp]BroadcastApp:[m Sending: 652aab4b-44a1-4462-9e6b-e4969d26d964 - MXRTFKQODT (10)
[32mI[16:40:01,775] [300-BroadcastApp]BroadcastApp:[m Received 652aab4b-44a1-4462-9e6b-e4969d26d964 - MXRTFKQODT (10) from 172.10.10.0:10000
[32mI[16:40:02,755] [100-CyclonMembership]CyclonMembership:[m Channel Metrics:
In channels:
Out channels:
[32mI[16:40:02,774] [100-CyclonMembership]CyclonMembership:[m Membership Metrics:
Membership: []
ProtocolMetrics{totalEvents=51, messagesIn=0, messagesFailed=0, messagesSent=0, timers=29, notifications=0, requests=0, replies=0, customChannelEvents=22}
[32mI[16:40:02,774] [300-BroadcastApp]BroadcastApp:[m Sending: 9df52030-5a91-4f71-909d-37d1c531b7ee - EBSEXDXMRN (10)
[32mI[16:40:02,775] [300-BroadcastApp]BroadcastApp:[m Received 9df52030-5a91-4f71-909d-37d1c531b7ee - EBSEXDXMRN (10) from 172.10.10.0:10000
[32mI[16:40:03,755] [100-CyclonMembership]CyclonMembership:[m Channel Metrics:
In channels:
Out channels:
[32mI[16:40:03,774] [100-CyclonMembership]CyclonMembership:[m Membership Metrics:
Membership: []
ProtocolMetrics{totalEvents=53, messagesIn=0, messagesFailed=0, messagesSent=0, timers=30, notifications=0, requests=0, replies=0, customChannelEvents=23}
[32mI[16:40:03,775] [300-BroadcastApp]BroadcastApp:[m Sending: 46cba6de-60b8-4a01-aa0d-e9cc71bf4c81 - JEZKYDYNPU (10)
[32mI[16:40:03,775] [300-BroadcastApp]BroadcastApp:[m Received 46cba6de-60b8-4a01-aa0d-e9cc71bf4c81 - JEZKYDYNPU (10) from 172.10.10.0:10000
[32mI[16:40:04,755] [100-CyclonMembership]CyclonMembership:[m Channel Metrics:
In channels:
Out channels:
[32mI[16:40:04,775] [100-CyclonMembership]CyclonMembership:[m Membership Metrics:
Membership: []
ProtocolMetrics{totalEvents=56, messagesIn=0, messagesFailed=0, messagesSent=0, timers=32, notifications=0, requests=0, replies=0, customChannelEvents=24}
[32mI[16:40:04,775] [300-BroadcastApp]BroadcastApp:[m Sending: e9ddb1ab-0ebd-4db7-ae37-3c526c4ac4e6 - RISNLQDKCU (10)
[32mI[16:40:04,775] [300-BroadcastApp]BroadcastApp:[m Received e9ddb1ab-0ebd-4db7-ae37-3c526c4ac4e6 - RISNLQDKCU (10) from 172.10.10.0:10000
[32mI[16:40:05,755] [100-CyclonMembership]CyclonMembership:[m Channel Metrics:
In channels:
Out channels:
[32mI[16:40:05,775] [100-CyclonMembership]CyclonMembership:[m Membership Metrics:
Membership: []
ProtocolMetrics{totalEvents=58, messagesIn=0, messagesFailed=0, messagesSent=0, timers=33, notifications=0, requests=0, replies=0, customChannelEvents=25}
[32mI[16:40:05,775] [300-BroadcastApp]BroadcastApp:[m Sending: 942cc324-7a8b-4d08-8534-9ed682a4edbc - ZZBJBLCGBB (10)
[32mI[16:40:05,775] [300-BroadcastApp]BroadcastApp:[m Received 942cc324-7a8b-4d08-8534-9ed682a4edbc - ZZBJBLCGBB (10) from 172.10.10.0:10000
[32mI[16:40:06,755] [100-CyclonMembership]CyclonMembership:[m Channel Metrics:
In channels:
Out channels:
[32mI[16:40:06,775] [100-CyclonMembership]CyclonMembership:[m Membership Metrics:
Membership: []
ProtocolMetrics{totalEvents=60, messagesIn=0, messagesFailed=0, messagesSent=0, timers=34, notifications=0, requests=0, replies=0, customChannelEvents=26}
[32mI[16:40:06,775] [300-BroadcastApp]BroadcastApp:[m Sending: c052d90b-fe45-4dd8-8687-9448938bbd8e - OVFITIPHRF (10)
[32mI[16:40:06,776] [300-BroadcastApp]BroadcastApp:[m Received c052d90b-fe45-4dd8-8687-9448938bbd8e - OVFITIPHRF (10) from 172.10.10.0:10000
[32mI[16:40:07,755] [100-CyclonMembership]CyclonMembership:[m Channel Metrics:
In channels:
Out channels:
[32mI[16:40:07,775] [100-CyclonMembership]CyclonMembership:[m Membership Metrics:
Membership: []
ProtocolMetrics{totalEvents=63, messagesIn=0, messagesFailed=0, messagesSent=0, timers=36, notifications=0, requests=0, replies=0, customChannelEvents=27}
[32mI[16:40:07,775] [300-BroadcastApp]BroadcastApp:[m Sending: 0916ceb7-50ad-45f3-926e-a6db5239c21f - TKOLGEHLGH (10)
[32mI[16:40:07,776] [300-BroadcastApp]BroadcastApp:[m Received 0916ceb7-50ad-45f3-926e-a6db5239c21f - TKOLGEHLGH (10) from 172.10.10.0:10000
[32mI[16:40:08,755] [100-CyclonMembership]CyclonMembership:[m Channel Metrics:
In channels:
Out channels:
[32mI[16:40:08,776] [100-CyclonMembership]CyclonMembership:[m Membership Metrics:
Membership: []
ProtocolMetrics{totalEvents=65, messagesIn=0, messagesFailed=0, messagesSent=0, timers=37, notifications=0, requests=0, replies=0, customChannelEvents=28}
[32mI[16:40:08,776] [300-BroadcastApp]BroadcastApp:[m Sending: 17f6dfb7-7eae-4a66-b8d5-81760fc19f42 - GURTMIPUTV (10)
[32mI[16:40:08,776] [300-BroadcastApp]BroadcastApp:[m Received 17f6dfb7-7eae-4a66-b8d5-81760fc19f42 - GURTMIPUTV (10) from 172.10.10.0:10000
[32mI[16:40:09,755] [100-CyclonMembership]CyclonMembership:[m Channel Metrics:
In channels:
Out channels:
[32mI[16:40:09,776] [100-CyclonMembership]CyclonMembership:[m Membership Metrics:
Membership: []
ProtocolMetrics{totalEvents=67, messagesIn=0, messagesFailed=0, messagesSent=0, timers=38, notifications=0, requests=0, replies=0, customChannelEvents=29}
[32mI[16:40:09,776] [300-BroadcastApp]BroadcastApp:[m Sending: fca71be5-cbd6-4baa-b72e-304a94d6bc99 - LHVLCAGVYQ (10)
[32mI[16:40:09,776] [300-BroadcastApp]BroadcastApp:[m Received fca71be5-cbd6-4baa-b72e-304a94d6bc99 - LHVLCAGVYQ (10) from 172.10.10.0:10000
[32mI[16:40:10,755] [100-CyclonMembership]CyclonMembership:[m Channel Metrics:
In channels:
Out channels:
[32mI[16:40:10,775] [100-CyclonMembership]CyclonMembership:[m Membership Metrics:
Membership: []
ProtocolMetrics{totalEvents=70, messagesIn=0, messagesFailed=0, messagesSent=0, timers=40, notifications=0, requests=0, replies=0, customChannelEvents=30}
[32mI[16:40:10,775] [300-BroadcastApp]BroadcastApp:[m Sending: 247ecdc9-b7b7-4416-91f0-9373fb10fc92 - HZSMMYSFUI (10)
[32mI[16:40:10,776] [300-BroadcastApp]BroadcastApp:[m Received 247ecdc9-b7b7-4416-91f0-9373fb10fc92 - HZSMMYSFUI (10) from 172.10.10.0:10000
[32mI[16:40:11,755] [100-CyclonMembership]CyclonMembership:[m Channel Metrics:
In channels:
Out channels:
[32mI[16:40:11,775] [100-CyclonMembership]CyclonMembership:[m Membership Metrics:
Membership: []
ProtocolMetrics{totalEvents=72, messagesIn=0, messagesFailed=0, messagesSent=0, timers=41, notifications=0, requests=0, replies=0, customChannelEvents=31}
[32mI[16:40:11,775] [300-BroadcastApp]BroadcastApp:[m Sending: b12d2618-b1bf-4d8c-b1ed-3fb612abaa73 - XZCZRTEXXY (10)
[32mI[16:40:11,776] [300-BroadcastApp]BroadcastApp:[m Received b12d2618-b1bf-4d8c-b1ed-3fb612abaa73 - XZCZRTEXXY (10) from 172.10.10.0:10000
[32mI[16:40:12,755] [100-CyclonMembership]CyclonMembership:[m Channel Metrics:
In channels:
Out channels:
[32mI[16:40:12,775] [100-CyclonMembership]CyclonMembership:[m Membership Metrics:
Membership: []
ProtocolMetrics{totalEvents=74, messagesIn=0, messagesFailed=0, messagesSent=0, timers=42, notifications=0, requests=0, replies=0, customChannelEvents=32}
[32mI[16:40:12,775] [300-BroadcastApp]BroadcastApp:[m Sending: e0741450-292e-4734-889e-2e3eb1a11a0b - JRWGVZJVZE (10)
[32mI[16:40:12,776] [300-BroadcastApp]BroadcastApp:[m Received e0741450-292e-4734-889e-2e3eb1a11a0b - JRWGVZJVZE (10) from 172.10.10.0:10000
[32mI[16:40:13,755] [100-CyclonMembership]CyclonMembership:[m Channel Metrics:
In channels:
Out channels:
[32mI[16:40:13,776] [100-CyclonMembership]CyclonMembership:[m Membership Metrics:
Membership: []
ProtocolMetrics{totalEvents=77, messagesIn=0, messagesFailed=0, messagesSent=0, timers=44, notifications=0, requests=0, replies=0, customChannelEvents=33}
[32mI[16:40:13,776] [300-BroadcastApp]BroadcastApp:[m Sending: 66a2987c-dfeb-4a4d-928f-a7294a139839 - HJJPLGGZHR (10)
[32mI[16:40:13,776] [300-BroadcastApp]BroadcastApp:[m Received 66a2987c-dfeb-4a4d-928f-a7294a139839 - HJJPLGGZHR (10) from 172.10.10.0:10000
[32mI[16:40:14,755] [100-CyclonMembership]CyclonMembership:[m Channel Metrics:
In channels:
Out channels:
[32mI[16:40:14,775] [100-CyclonMembership]CyclonMembership:[m Membership Metrics:
Membership: []
ProtocolMetrics{totalEvents=79, messagesIn=0, messagesFailed=0, messagesSent=0, timers=45, notifications=0, requests=0, replies=0, customChannelEvents=34}
[32mI[16:40:14,775] [300-BroadcastApp]BroadcastApp:[m Sending: 3bbcb1ae-86a1-4cef-a00e-37a9cbd612d3 - NMMYXKXPAH (10)
[32mI[16:40:14,775] [300-BroadcastApp]BroadcastApp:[m Received 3bbcb1ae-86a1-4cef-a00e-37a9cbd612d3 - NMMYXKXPAH (10) from 172.10.10.0:10000
[32mI[16:40:15,755] [100-CyclonMembership]CyclonMembership:[m Channel Metrics:
In channels:
Out channels:
[32mI[16:40:15,775] [100-CyclonMembership]CyclonMembership:[m Membership Metrics:
Membership: []
ProtocolMetrics{totalEvents=81, messagesIn=0, messagesFailed=0, messagesSent=0, timers=46, notifications=0, requests=0, replies=0, customChannelEvents=35}
[32mI[16:40:15,775] [300-BroadcastApp]BroadcastApp:[m Sending: f27ba086-5c77-4bb3-ab9b-cb7804b39856 - MCBQRCVIMJ (10)
[32mI[16:40:15,776] [300-BroadcastApp]BroadcastApp:[m Received f27ba086-5c77-4bb3-ab9b-cb7804b39856 - MCBQRCVIMJ (10) from 172.10.10.0:10000
[32mI[16:40:16,755] [100-CyclonMembership]CyclonMembership:[m Channel Metrics:
In channels:
Out channels:
[32mI[16:40:16,775] [100-CyclonMembership]CyclonMembership:[m Membership Metrics:
Membership: []
ProtocolMetrics{totalEvents=84, messagesIn=0, messagesFailed=0, messagesSent=0, timers=48, notifications=0, requests=0, replies=0, customChannelEvents=36}
[32mI[16:40:16,776] [300-BroadcastApp]BroadcastApp:[m Sending: 132242aa-8164-48f2-9d60-a1ac53b0bac6 - CQGJFOQOBG (10)
[32mI[16:40:16,776] [300-BroadcastApp]BroadcastApp:[m Received 132242aa-8164-48f2-9d60-a1ac53b0bac6 - CQGJFOQOBG (10) from 172.10.10.0:10000
[32mI[16:40:17,755] [100-CyclonMembership]CyclonMembership:[m Channel Metrics:
In channels:
Out channels:
[32mI[16:40:17,776] [300-BroadcastApp]BroadcastApp:[m Sending: 93b02764-ec57-4dcf-b621-6ff78b333af3 - NEWMGYEBPD (10)
[32mI[16:40:17,776] [100-CyclonMembership]CyclonMembership:[m Membership Metrics:
Membership: []
ProtocolMetrics{totalEvents=86, messagesIn=0, messagesFailed=0, messagesSent=0, timers=49, notifications=0, requests=0, replies=0, customChannelEvents=37}
[32mI[16:40:17,776] [300-BroadcastApp]BroadcastApp:[m Received 93b02764-ec57-4dcf-b621-6ff78b333af3 - NEWMGYEBPD (10) from 172.10.10.0:10000
[32mI[16:40:18,755] [100-CyclonMembership]CyclonMembership:[m Channel Metrics:
In channels:
Out channels:
[32mI[16:40:18,776] [100-CyclonMembership]CyclonMembership:[m Membership Metrics:
Membership: []
ProtocolMetrics{totalEvents=88, messagesIn=0, messagesFailed=0, messagesSent=0, timers=50, notifications=0, requests=0, replies=0, customChannelEvents=38}
[32mI[16:40:18,776] [300-BroadcastApp]BroadcastApp:[m Sending: 72b0324f-de6b-4dac-bab0-81a883d4b849 - YDPRHVNVJS (10)
[32mI[16:40:18,776] [300-BroadcastApp]BroadcastApp:[m Received 72b0324f-de6b-4dac-bab0-81a883d4b849 - YDPRHVNVJS (10) from 172.10.10.0:10000
[32mI[16:40:19,755] [100-CyclonMembership]CyclonMembership:[m Channel Metrics:
In channels:
Out channels:
[32mI[16:40:19,776] [100-CyclonMembership]CyclonMembership:[m Membership Metrics:
Membership: []
ProtocolMetrics{totalEvents=91, messagesIn=0, messagesFailed=0, messagesSent=0, timers=52, notifications=0, requests=0, replies=0, customChannelEvents=39}
[32mI[16:40:19,776] [300-BroadcastApp]BroadcastApp:[m Sending: 56ae7899-8507-4baf-924d-0890dcbdb9c0 - OCQKMSGIGF (10)
[32mI[16:40:19,777] [300-BroadcastApp]BroadcastApp:[m Received 56ae7899-8507-4baf-924d-0890dcbdb9c0 - OCQKMSGIGF (10) from 172.10.10.0:10000
[32mI[16:40:20,755] [100-CyclonMembership]CyclonMembership:[m Channel Metrics:
In channels:
Out channels:
[32mI[16:40:20,776] [100-CyclonMembership]CyclonMembership:[m Membership Metrics:
Membership: []
ProtocolMetrics{totalEvents=93, messagesIn=0, messagesFailed=0, messagesSent=0, timers=53, notifications=0, requests=0, replies=0, customChannelEvents=40}
[32mI[16:40:20,777] [300-BroadcastApp]BroadcastApp:[m Sending: e980cd08-eceb-40cb-a227-fd0a52f58275 - ULJCLQVSTX (10)
[32mI[16:40:20,777] [300-BroadcastApp]BroadcastApp:[m Received e980cd08-eceb-40cb-a227-fd0a52f58275 - ULJCLQVSTX (10) from 172.10.10.0:10000
[32mI[16:40:21,755] [100-CyclonMembership]CyclonMembership:[m Channel Metrics:
In channels:
Out channels:
[32mI[16:40:21,777] [100-CyclonMembership]CyclonMembership:[m Membership Metrics:
Membership: []
ProtocolMetrics{totalEvents=95, messagesIn=0, messagesFailed=0, messagesSent=0, timers=54, notifications=0, requests=0, replies=0, customChannelEvents=41}
[32mI[16:40:21,777] [300-BroadcastApp]BroadcastApp:[m Sending: 34858bac-e4f7-464a-937b-0d0303c4b423 - QHCATFZBMJ (10)
[32mI[16:40:21,778] [300-BroadcastApp]BroadcastApp:[m Received 34858bac-e4f7-464a-937b-0d0303c4b423 - QHCATFZBMJ (10) from 172.10.10.0:10000
[32mI[16:40:22,755] [100-CyclonMembership]CyclonMembership:[m Channel Metrics:
In channels:
Out channels:
[32mI[16:40:22,776] [100-CyclonMembership]CyclonMembership:[m Membership Metrics:
Membership: []
ProtocolMetrics{totalEvents=98, messagesIn=0, messagesFailed=0, messagesSent=0, timers=56, notifications=0, requests=0, replies=0, customChannelEvents=42}
[32mI[16:40:22,776] [300-BroadcastApp]BroadcastApp:[m Sending: 6bf6d9a8-a6ea-4968-82b1-1f0cfbd15ccf - FUUOBZRVWZ (10)
[32mI[16:40:22,777] [300-BroadcastApp]BroadcastApp:[m Received 6bf6d9a8-a6ea-4968-82b1-1f0cfbd15ccf - FUUOBZRVWZ (10) from 172.10.10.0:10000
[32mI[16:40:23,755] [100-CyclonMembership]CyclonMembership:[m Channel Metrics:
In channels:
Out channels:
[32mI[16:40:23,776] [100-CyclonMembership]CyclonMembership:[m Membership Metrics:
Membership: []
ProtocolMetrics{totalEvents=100, messagesIn=0, messagesFailed=0, messagesSent=0, timers=57, notifications=0, requests=0, replies=0, customChannelEvents=43}
[32mI[16:40:23,776] [300-BroadcastApp]BroadcastApp:[m Sending: c91ebffd-c042-4492-b337-7c1f98671ddf - TCEKTOKUFS (10)
[32mI[16:40:23,777] [300-BroadcastApp]BroadcastApp:[m Received c91ebffd-c042-4492-b337-7c1f98671ddf - TCEKTOKUFS (10) from 172.10.10.0:10000
[32mI[16:40:24,755] [100-CyclonMembership]CyclonMembership:[m Channel Metrics:
In channels:
Out channels:
[32mI[16:40:24,776] [100-CyclonMembership]CyclonMembership:[m Membership Metrics:
Membership: []
ProtocolMetrics{totalEvents=102, messagesIn=0, messagesFailed=0, messagesSent=0, timers=58, notifications=0, requests=0, replies=0, customChannelEvents=44}
[32mI[16:40:24,776] [300-BroadcastApp]BroadcastApp:[m Sending: 115a9a8d-b772-46bd-98ec-c734e4601f79 - NMEFJISXNG (10)
[32mI[16:40:24,777] [300-BroadcastApp]BroadcastApp:[m Received 115a9a8d-b772-46bd-98ec-c734e4601f79 - NMEFJISXNG (10) from 172.10.10.0:10000
[32mI[16:40:25,755] [100-CyclonMembership]CyclonMembership:[m Channel Metrics:
In channels:
Out channels:
[32mI[16:40:25,776] [100-CyclonMembership]CyclonMembership:[m Membership Metrics:
Membership: []
ProtocolMetrics{totalEvents=105, messagesIn=0, messagesFailed=0, messagesSent=0, timers=60, notifications=0, requests=0, replies=0, customChannelEvents=45}
[32mI[16:40:25,777] [300-BroadcastApp]BroadcastApp:[m Sending: d30c315f-4f03-4244-9410-dd0b629edfe9 - ZITSWUEVKU (10)
[32mI[16:40:25,777] [300-BroadcastApp]BroadcastApp:[m Received d30c315f-4f03-4244-9410-dd0b629edfe9 - ZITSWUEVKU (10) from 172.10.10.0:10000
[32mI[16:40:26,755] [100-CyclonMembership]CyclonMembership:[m Channel Metrics:
In channels:
Out channels:
[32mI[16:40:26,777] [100-CyclonMembership]CyclonMembership:[m Membership Metrics:
Membership: []
ProtocolMetrics{totalEvents=107, messagesIn=0, messagesFailed=0, messagesSent=0, timers=61, notifications=0, requests=0, replies=0, customChannelEvents=46}
[32mI[16:40:26,777] [300-BroadcastApp]BroadcastApp:[m Sending: d087c76f-9890-481c-a067-f355c4422212 - HBFCXIQHBZ (10)
[32mI[16:40:26,778] [300-BroadcastApp]BroadcastApp:[m Received d087c76f-9890-481c-a067-f355c4422212 - HBFCXIQHBZ (10) from 172.10.10.0:10000
[32mI[16:40:27,755] [100-CyclonMembership]CyclonMembership:[m Channel Metrics:
In channels:
Out channels:
[32mI[16:40:27,777] [100-CyclonMembership]CyclonMembership:[m Membership Metrics:
Membership: []
ProtocolMetrics{totalEvents=109, messagesIn=0, messagesFailed=0, messagesSent=0, timers=62, notifications=0, requests=0, replies=0, customChannelEvents=47}
[32mI[16:40:27,777] [300-BroadcastApp]BroadcastApp:[m Sending: 91fa7651-812a-48b5-8a83-ca66cc4e3ec1 - CGTBZURIZZ (10)
[32mI[16:40:27,777] [300-BroadcastApp]BroadcastApp:[m Received 91fa7651-812a-48b5-8a83-ca66cc4e3ec1 - CGTBZURIZZ (10) from 172.10.10.0:10000
[32mI[16:40:28,755] [100-CyclonMembership]CyclonMembership:[m Channel Metrics:
In channels:
Out channels:
[32mI[16:40:28,777] [100-CyclonMembership]CyclonMembership:[m Membership Metrics:
Membership: []
ProtocolMetrics{totalEvents=112, messagesIn=0, messagesFailed=0, messagesSent=0, timers=64, notifications=0, requests=0, replies=0, customChannelEvents=48}
[32mI[16:40:28,777] [300-BroadcastApp]BroadcastApp:[m Sending: c99cdce1-fe72-4da3-8544-a317a1d2bd4d - IPOJSAZVCC (10)
[32mI[16:40:28,778] [300-BroadcastApp]BroadcastApp:[m Received c99cdce1-fe72-4da3-8544-a317a1d2bd4d - IPOJSAZVCC (10) from 172.10.10.0:10000
[32mI[16:40:29,755] [100-CyclonMembership]CyclonMembership:[m Channel Metrics:
In channels:
Out channels:
[32mI[16:40:29,777] [100-CyclonMembership]CyclonMembership:[m Membership Metrics:
Membership: []
ProtocolMetrics{totalEvents=114, messagesIn=0, messagesFailed=0, messagesSent=0, timers=65, notifications=0, requests=0, replies=0, customChannelEvents=49}
[32mI[16:40:29,777] [300-BroadcastApp]BroadcastApp:[m Sending: 1833e8bb-d748-4d08-af17-2042b1788691 - JSGWEHDJNP (10)
[32mI[16:40:29,778] [300-BroadcastApp]BroadcastApp:[m Received 1833e8bb-d748-4d08-af17-2042b1788691 - JSGWEHDJNP (10) from 172.10.10.0:10000
[32mI[16:40:30,755] [100-CyclonMembership]CyclonMembership:[m Channel Metrics:
In channels:
Out channels:
[32mI[16:40:30,777] [100-CyclonMembership]CyclonMembership:[m Membership Metrics:
Membership: []
ProtocolMetrics{totalEvents=116, messagesIn=0, messagesFailed=0, messagesSent=0, timers=66, notifications=0, requests=0, replies=0, customChannelEvents=50}
[32mI[16:40:30,778] [300-BroadcastApp]BroadcastApp:[m Sending: 905d4a97-5724-4689-a519-32c60cbe1b50 - HCZPYYHCOC (10)
[32mI[16:40:30,778] [300-BroadcastApp]BroadcastApp:[m Received 905d4a97-5724-4689-a519-32c60cbe1b50 - HCZPYYHCOC (10) from 172.10.10.0:10000
[32mI[16:40:31,755] [100-CyclonMembership]CyclonMembership:[m Channel Metrics:
In channels:
Out channels:
[32mI[16:40:31,778] [100-CyclonMembership]CyclonMembership:[m Membership Metrics:
Membership: []
ProtocolMetrics{totalEvents=119, messagesIn=0, messagesFailed=0, messagesSent=0, timers=68, notifications=0, requests=0, replies=0, customChannelEvents=51}
[32mI[16:40:31,778] [300-BroadcastApp]BroadcastApp:[m Sending: 8a9c1ff5-39c2-4834-8673-7a1141500e24 - EDOMXNDCAB (10)
[32mI[16:40:31,779] [300-BroadcastApp]BroadcastApp:[m Received 8a9c1ff5-39c2-4834-8673-7a1141500e24 - EDOMXNDCAB (10) from 172.10.10.0:10000
[32mI[16:40:32,755] [100-CyclonMembership]CyclonMembership:[m Channel Metrics:
In channels:
Out channels:
[32mI[16:40:32,778] [100-CyclonMembership]CyclonMembership:[m Membership Metrics:
Membership: []
ProtocolMetrics{totalEvents=121, messagesIn=0, messagesFailed=0, messagesSent=0, timers=69, notifications=0, requests=0, replies=0, customChannelEvents=52}
[32mI[16:40:32,778] [300-BroadcastApp]BroadcastApp:[m Sending: 8009d46f-1899-4b84-871a-cef2e1465da0 - JEZFVEKXTM (10)
[32mI[16:40:32,778] [300-BroadcastApp]BroadcastApp:[m Received 8009d46f-1899-4b84-871a-cef2e1465da0 - JEZFVEKXTM (10) from 172.10.10.0:10000
[32mI[16:40:33,755] [100-CyclonMembership]CyclonMembership:[m Channel Metrics:
In channels:
Out channels:
[32mI[16:40:33,778] [100-CyclonMembership]CyclonMembership:[m Membership Metrics:
Membership: []
ProtocolMetrics{totalEvents=123, messagesIn=0, messagesFailed=0, messagesSent=0, timers=70, notifications=0, requests=0, replies=0, customChannelEvents=53}
[32mI[16:40:33,778] [300-BroadcastApp]BroadcastApp:[m Sending: 2a75e1ff-eb6e-4905-a1a7-e1c71e349d4a - BJTJHXLNHB (10)
[32mI[16:40:33,779] [300-BroadcastApp]BroadcastApp:[m Received 2a75e1ff-eb6e-4905-a1a7-e1c71e349d4a - BJTJHXLNHB (10) from 172.10.10.0:10000
[32mI[16:40:34,755] [100-CyclonMembership]CyclonMembership:[m Channel Metrics:
In channels:
Out channels:
[32mI[16:40:34,779] [100-CyclonMembership]CyclonMembership:[m Membership Metrics:
Membership: []
ProtocolMetrics{totalEvents=126, messagesIn=0, messagesFailed=0, messagesSent=0, timers=72, notifications=0, requests=0, replies=0, customChannelEvents=54}
[32mI[16:40:34,779] [300-BroadcastApp]BroadcastApp:[m Sending: f44aafbf-3f44-43c7-b6c3-f2e4c12f717e - YHROUODBFL (10)
[32mI[16:40:34,779] [300-BroadcastApp]BroadcastApp:[m Received f44aafbf-3f44-43c7-b6c3-f2e4c12f717e - YHROUODBFL (10) from 172.10.10.0:10000
[32mI[16:40:35,755] [100-CyclonMembership]CyclonMembership:[m Channel Metrics:
In channels:
Out channels:
[32mI[16:40:35,779] [100-CyclonMembership]CyclonMembership:[m Membership Metrics:
Membership: []
ProtocolMetrics{totalEvents=128, messagesIn=0, messagesFailed=0, messagesSent=0, timers=73, notifications=0, requests=0, replies=0, customChannelEvents=55}
[32mI[16:40:35,779] [300-BroadcastApp]BroadcastApp:[m Sending: c18bcb4f-d012-48aa-8c7f-509ade73811a - SHLLBTJVMT (10)
[32mI[16:40:35,779] [300-BroadcastApp]BroadcastApp:[m Received c18bcb4f-d012-48aa-8c7f-509ade73811a - SHLLBTJVMT (10) from 172.10.10.0:10000
[32mI[16:40:36,755] [100-CyclonMembership]CyclonMembership:[m Channel Metrics:
In channels:
Out channels:
[32mI[16:40:36,778] [300-BroadcastApp]BroadcastApp:[m Sending: 7e6756f8-6ede-4880-8b20-b9619d98cc81 - KMBMTACXYN (10)
[32mI[16:40:36,778] [300-BroadcastApp]BroadcastApp:[m Received 7e6756f8-6ede-4880-8b20-b9619d98cc81 - KMBMTACXYN (10) from 172.10.10.0:10000
[32mI[16:40:36,779] [100-CyclonMembership]CyclonMembership:[m Membership Metrics:
Membership: []
ProtocolMetrics{totalEvents=130, messagesIn=0, messagesFailed=0, messagesSent=0, timers=74, notifications=0, requests=0, replies=0, customChannelEvents=56}
[32mI[16:40:37,755] [100-CyclonMembership]CyclonMembership:[m Channel Metrics:
In channels:
Out channels:
[32mI[16:40:37,778] [300-BroadcastApp]BroadcastApp:[m Sending: abbec0df-edd3-49f5-bd3d-3a7bb8b6b750 - JQBGPNNACW (10)
[32mI[16:40:37,779] [300-BroadcastApp]BroadcastApp:[m Received abbec0df-edd3-49f5-bd3d-3a7bb8b6b750 - JQBGPNNACW (10) from 172.10.10.0:10000
[32mI[16:40:37,779] [100-CyclonMembership]CyclonMembership:[m Membership Metrics:
Membership: []
ProtocolMetrics{totalEvents=133, messagesIn=0, messagesFailed=0, messagesSent=0, timers=76, notifications=0, requests=0, replies=0, customChannelEvents=57}
[32mI[16:40:38,755] [100-CyclonMembership]CyclonMembership:[m Channel Metrics:
In channels:
Out channels:
[32mI[16:40:38,779] [300-BroadcastApp]BroadcastApp:[m Sending: bc1baffe-d1aa-454e-be8d-5b608822597e - WBYSGELIYG (10)
[32mI[16:40:38,779] [300-BroadcastApp]BroadcastApp:[m Received bc1baffe-d1aa-454e-be8d-5b608822597e - WBYSGELIYG (10) from 172.10.10.0:10000
[32mI[16:40:38,780] [100-CyclonMembership]CyclonMembership:[m Membership Metrics:
Membership: []
ProtocolMetrics{totalEvents=135, messagesIn=0, messagesFailed=0, messagesSent=0, timers=77, notifications=0, requests=0, replies=0, customChannelEvents=58}
[32mI[16:40:39,755] [100-CyclonMembership]CyclonMembership:[m Channel Metrics:
In channels:
Out channels:
[32mI[16:40:39,779] [100-CyclonMembership]CyclonMembership:[m Membership Metrics:
Membership: []
ProtocolMetrics{totalEvents=137, messagesIn=0, messagesFailed=0, messagesSent=0, timers=78, notifications=0, requests=0, replies=0, customChannelEvents=59}
[32mI[16:40:39,779] [300-BroadcastApp]BroadcastApp:[m Sending: 817e5296-2032-4173-808b-4b51795168a4 - XUCSIMDMBE (10)
[32mI[16:40:39,779] [300-BroadcastApp]BroadcastApp:[m Received 817e5296-2032-4173-808b-4b51795168a4 - XUCSIMDMBE (10) from 172.10.10.0:10000
[32mI[16:40:40,755] [100-CyclonMembership]CyclonMembership:[m Channel Metrics:
In channels:
Out channels:
[32mI[16:40:40,779] [100-CyclonMembership]CyclonMembership:[m Membership Metrics:
Membership: []
ProtocolMetrics{totalEvents=140, messagesIn=0, messagesFailed=0, messagesSent=0, timers=80, notifications=0, requests=0, replies=0, customChannelEvents=60}
[32mI[16:40:40,779] [300-BroadcastApp]BroadcastApp:[m Sending: fa32157b-d1fe-4542-99dd-346a32947789 - DDJAYSRLJP (10)
[32mI[16:40:40,779] [300-BroadcastApp]BroadcastApp:[m Received fa32157b-d1fe-4542-99dd-346a32947789 - DDJAYSRLJP (10) from 172.10.10.0:10000
[32mI[16:40:41,755] [100-CyclonMembership]CyclonMembership:[m Channel Metrics:
In channels:
Out channels:
[32mI[16:40:41,779] [100-CyclonMembership]CyclonMembership:[m Membership Metrics:
Membership: []
ProtocolMetrics{totalEvents=142, messagesIn=0, messagesFailed=0, messagesSent=0, timers=81, notifications=0, requests=0, replies=0, customChannelEvents=61}
[32mI[16:40:41,779] [300-BroadcastApp]BroadcastApp:[m Sending: 3a500767-a214-4fe9-bd91-0f8c822fad3c - AKGETTMSAP (10)
[32mI[16:40:41,780] [300-BroadcastApp]BroadcastApp:[m Received 3a500767-a214-4fe9-bd91-0f8c822fad3c - AKGETTMSAP (10) from 172.10.10.0:10000
[32mI[16:40:42,755] [100-CyclonMembership]CyclonMembership:[m Channel Metrics:
In channels:
Out channels:
[32mI[16:40:42,779] [100-CyclonMembership]CyclonMembership:[m Membership Metrics:
Membership: []
ProtocolMetrics{totalEvents=144, messagesIn=0, messagesFailed=0, messagesSent=0, timers=82, notifications=0, requests=0, replies=0, customChannelEvents=62}
[32mI[16:40:42,779] [300-BroadcastApp]BroadcastApp:[m Sending: 79e32ad3-ac35-4944-90fc-18d850eead9a - WBWQHNNZHG (10)
[32mI[16:40:42,780] [300-BroadcastApp]BroadcastApp:[m Received 79e32ad3-ac35-4944-90fc-18d850eead9a - WBWQHNNZHG (10) from 172.10.10.0:10000
[32mI[16:40:43,755] [100-CyclonMembership]CyclonMembership:[m Channel Metrics:
In channels:
Out channels:
[32mI[16:40:43,780] [100-CyclonMembership]CyclonMembership:[m Membership Metrics:
Membership: []
ProtocolMetrics{totalEvents=147, messagesIn=0, messagesFailed=0, messagesSent=0, timers=84, notifications=0, requests=0, replies=0, customChannelEvents=63}
[32mI[16:40:43,780] [300-BroadcastApp]BroadcastApp:[m Sending: c31f657b-1546-4970-9eea-8d50b53c4a9c - RNWCSYSPMA (10)
[32mI[16:40:43,780] [300-BroadcastApp]BroadcastApp:[m Received c31f657b-1546-4970-9eea-8d50b53c4a9c - RNWCSYSPMA (10) from 172.10.10.0:10000
[32mI[16:40:44,755] [100-CyclonMembership]CyclonMembership:[m Channel Metrics:
In channels:
Out channels:
[32mI[16:40:44,780] [100-CyclonMembership]CyclonMembership:[m Membership Metrics:
Membership: []
ProtocolMetrics{totalEvents=149, messagesIn=0, messagesFailed=0, messagesSent=0, timers=85, notifications=0, requests=0, replies=0, customChannelEvents=64}
[32mI[16:40:44,780] [300-BroadcastApp]BroadcastApp:[m Sending: dbb56881-40a8-4724-80ad-b331163e9fde - GOEHUVZCFP (10)
[32mI[16:40:44,781] [300-BroadcastApp]BroadcastApp:[m Received dbb56881-40a8-4724-80ad-b331163e9fde - GOEHUVZCFP (10) from 172.10.10.0:10000
[32mI[16:40:45,755] [100-CyclonMembership]CyclonMembership:[m Channel Metrics:
In channels:
Out channels:
[32mI[16:40:45,772] [300-BroadcastApp]BroadcastApp:[m Stopping broadcasts
[32mI[16:40:45,780] [100-CyclonMembership]CyclonMembership:[m Membership Metrics:
Membership: []
ProtocolMetrics{totalEvents=151, messagesIn=0, messagesFailed=0, messagesSent=0, timers=86, notifications=0, requests=0, replies=0, customChannelEvents=65}
[32mI[16:40:46,755] [100-CyclonMembership]CyclonMembership:[m Channel Metrics:
In channels:
Out channels:
[32mI[16:40:46,781] [100-CyclonMembership]CyclonMembership:[m Membership Metrics:
Membership: []
ProtocolMetrics{totalEvents=154, messagesIn=0, messagesFailed=0, messagesSent=0, timers=88, notifications=0, requests=0, replies=0, customChannelEvents=66}
[32mI[16:40:47,755] [100-CyclonMembership]CyclonMembership:[m Channel Metrics:
In channels:
Out channels:
[32mI[16:40:47,781] [100-CyclonMembership]CyclonMembership:[m Membership Metrics:
Membership: []
ProtocolMetrics{totalEvents=156, messagesIn=0, messagesFailed=0, messagesSent=0, timers=89, notifications=0, requests=0, replies=0, customChannelEvents=67}
[32mI[16:40:48,755] [100-CyclonMembership]CyclonMembership:[m Channel Metrics:
In channels:
Out channels:
[32mI[16:40:48,781] [100-CyclonMembership]CyclonMembership:[m Membership Metrics:
Membership: []
ProtocolMetrics{totalEvents=158, messagesIn=0, messagesFailed=0, messagesSent=0, timers=90, notifications=0, requests=0, replies=0, customChannelEvents=68}
[32mI[16:40:49,755] [100-CyclonMembership]CyclonMembership:[m Channel Metrics:
In channels:
Out channels:
[32mI[16:40:49,781] [100-CyclonMembership]CyclonMembership:[m Membership Metrics:
Membership: []
ProtocolMetrics{totalEvents=161, messagesIn=0, messagesFailed=0, messagesSent=0, timers=92, notifications=0, requests=0, replies=0, customChannelEvents=69}
[32mI[16:40:50,755] [100-CyclonMembership]CyclonMembership:[m Channel Metrics:
In channels:
Out channels:
[32mI[16:40:50,773] [300-BroadcastApp]BroadcastApp:[m Exiting...
[32mI[16:40:50,773] [Thread-1]Main:[m Goodbye
