[32mI[16:07:52,943] [main]Main:[m Hello, I am 172.10.10.0:10000
[32mI[16:07:53,217] [main]BroadcastApp:[m Waiting...
[32mI[16:07:54,213] [100-CyclonMembership]CyclonMembership:[m Channel Metrics:
In channels:
Out channels:
[32mI[16:07:54,219] [100-CyclonMembership]CyclonMembership:[m Membership Metrics:
Membership: []
ProtocolMetrics{totalEvents=2, messagesIn=0, messagesFailed=0, messagesSent=0, timers=1, notifications=0, requests=0, replies=0, customChannelEvents=1}
[32mI[16:07:55,202] [100-CyclonMembership]CyclonMembership:[m Channel Metrics:
In channels:
Out channels:
[32mI[16:07:55,218] [100-CyclonMembership]CyclonMembership:[m Membership Metrics:
Membership: []
ProtocolMetrics{totalEvents=4, messagesIn=0, messagesFailed=0, messagesSent=0, timers=2, notifications=0, requests=0, replies=0, customChannelEvents=2}
[32mI[16:07:56,202] [100-CyclonMembership]CyclonMembership:[m Channel Metrics:
In channels:
Out channels:
[32mI[16:07:56,218] [100-CyclonMembership]CyclonMembership:[m Membership Metrics:
Membership: []
ProtocolMetrics{totalEvents=7, messagesIn=0, messagesFailed=0, messagesSent=0, timers=4, notifications=0, requests=0, replies=0, customChannelEvents=3}
[32mI[16:07:57,202] [100-CyclonMembership]CyclonMembership:[m Channel Metrics:
In channels:
Out channels:
[32mI[16:07:57,219] [100-CyclonMembership]CyclonMembership:[m Membership Metrics:
Membership: []
ProtocolMetrics{totalEvents=9, messagesIn=0, messagesFailed=0, messagesSent=0, timers=5, notifications=0, requests=0, replies=0, customChannelEvents=4}
[32mI[16:07:58,202] [100-CyclonMembership]CyclonMembership:[m Channel Metrics:
In channels:
Out channels:
[32mI[16:07:58,219] [100-CyclonMembership]CyclonMembership:[m Membership Metrics:
Membership: []
ProtocolMetrics{totalEvents=11, messagesIn=0, messagesFailed=0, messagesSent=0, timers=6, notifications=0, requests=0, replies=0, customChannelEvents=5}
[32mI[16:07:58,219] [300-BroadcastApp]BroadcastApp:[m Starting
[32mI[16:07:58,227] [300-BroadcastApp]BroadcastApp:[m Sending: 78f29602-36d9-471d-938d-efedca7f3532 - NVLNDOMBPL (10)
[32mI[16:07:58,229] [300-BroadcastApp]BroadcastApp:[m Received 78f29602-36d9-471d-938d-efedca7f3532 - NVLNDOMBPL (10) from 172.10.10.0:10000
[32mI[16:07:59,202] [100-CyclonMembership]CyclonMembership:[m Channel Metrics:
In channels:
Out channels:
[32mI[16:07:59,219] [100-CyclonMembership]CyclonMembership:[m Membership Metrics:
Membership: []
ProtocolMetrics{totalEvents=14, messagesIn=0, messagesFailed=0, messagesSent=0, timers=8, notifications=0, requests=0, replies=0, customChannelEvents=6}
[32mI[16:07:59,222] [300-BroadcastApp]BroadcastApp:[m Sending: 1b47382b-846e-4ff4-8410-a3888c2427d8 - AYFJQIGMEN (10)
[32mI[16:07:59,223] [300-BroadcastApp]BroadcastApp:[m Received 1b47382b-846e-4ff4-8410-a3888c2427d8 - AYFJQIGMEN (10) from 172.10.10.0:10000
[32mI[16:08:00,202] [100-CyclonMembership]CyclonMembership:[m Channel Metrics:
In channels:
Out channels:
[32mI[16:08:00,220] [100-CyclonMembership]CyclonMembership:[m Membership Metrics:
Membership: []
ProtocolMetrics{totalEvents=16, messagesIn=0, messagesFailed=0, messagesSent=0, timers=9, notifications=0, requests=0, replies=0, customChannelEvents=7}
[32mI[16:08:00,221] [300-BroadcastApp]BroadcastApp:[m Sending: 51312fe9-56fc-43a7-8690-16c018e7c801 - VKJOILOLXE (10)
[32mI[16:08:00,222] [300-BroadcastApp]BroadcastApp:[m Received 51312fe9-56fc-43a7-8690-16c018e7c801 - VKJOILOLXE (10) from 172.10.10.0:10000
[32mI[16:08:01,202] [100-CyclonMembership]CyclonMembership:[m Channel Metrics:
In channels:
Out channels:
[32mI[16:08:01,219] [100-CyclonMembership]CyclonMembership:[m Membership Metrics:
Membership: []
ProtocolMetrics{totalEvents=18, messagesIn=0, messagesFailed=0, messagesSent=0, timers=10, notifications=0, requests=0, replies=0, customChannelEvents=8}
[32mI[16:08:01,221] [300-BroadcastApp]BroadcastApp:[m Sending: 8e3a9e95-da36-4544-920e-2655180ce774 - LWXZLWOJEE (10)
[32mI[16:08:01,222] [300-BroadcastApp]BroadcastApp:[m Received 8e3a9e95-da36-4544-920e-2655180ce774 - LWXZLWOJEE (10) from 172.10.10.0:10000
[32mI[16:08:02,202] [100-CyclonMembership]CyclonMembership:[m Channel Metrics:
In channels:
Out channels:
[32mI[16:08:02,220] [100-CyclonMembership]CyclonMembership:[m Membership Metrics:
Membership: []
ProtocolMetrics{totalEvents=21, messagesIn=0, messagesFailed=0, messagesSent=0, timers=12, notifications=0, requests=0, replies=0, customChannelEvents=9}
[32mI[16:08:02,222] [300-BroadcastApp]BroadcastApp:[m Sending: b4daa0f3-4c7d-4eb3-ac7b-c23caa123dfb - BDNQIPPLLS (10)
[32mI[16:08:02,223] [300-BroadcastApp]BroadcastApp:[m Received b4daa0f3-4c7d-4eb3-ac7b-c23caa123dfb - BDNQIPPLLS (10) from 172.10.10.0:10000
[32mI[16:08:03,202] [100-CyclonMembership]CyclonMembership:[m Channel Metrics:
In channels:
Out channels:
[32mI[16:08:03,219] [100-CyclonMembership]CyclonMembership:[m Membership Metrics:
Membership: []
ProtocolMetrics{totalEvents=23, messagesIn=0, messagesFailed=0, messagesSent=0, timers=13, notifications=0, requests=0, replies=0, customChannelEvents=10}
[32mI[16:08:03,222] [300-BroadcastApp]BroadcastApp:[m Sending: 0613d73a-1d86-45b7-b32e-6b95db23dce3 - HPZIBIGVZN (10)
[32mI[16:08:03,223] [300-BroadcastApp]BroadcastApp:[m Received 0613d73a-1d86-45b7-b32e-6b95db23dce3 - HPZIBIGVZN (10) from 172.10.10.0:10000
[32mI[16:08:04,202] [100-CyclonMembership]CyclonMembership:[m Channel Metrics:
In channels:
Out channels:
[32mI[16:08:04,219] [100-CyclonMembership]CyclonMembership:[m Membership Metrics:
Membership: []
ProtocolMetrics{totalEvents=25, messagesIn=0, messagesFailed=0, messagesSent=0, timers=14, notifications=0, requests=0, replies=0, customChannelEvents=11}
[32mI[16:08:04,223] [300-BroadcastApp]BroadcastApp:[m Sending: 03039b70-710e-44d9-bcc5-26f906e08909 - MRTITFKBZC (10)
[32mI[16:08:04,224] [300-BroadcastApp]BroadcastApp:[m Received 03039b70-710e-44d9-bcc5-26f906e08909 - MRTITFKBZC (10) from 172.10.10.0:10000
[32mI[16:08:05,202] [100-CyclonMembership]CyclonMembership:[m Channel Metrics:
In channels:
Out channels:
[32mI[16:08:05,219] [100-CyclonMembership]CyclonMembership:[m Membership Metrics:
Membership: []
ProtocolMetrics{totalEvents=28, messagesIn=0, messagesFailed=0, messagesSent=0, timers=16, notifications=0, requests=0, replies=0, customChannelEvents=12}
[32mI[16:08:05,222] [300-BroadcastApp]BroadcastApp:[m Sending: 3ab68b37-0ff7-467b-8088-d85796862f21 - ZSXSNPERGI (10)
[32mI[16:08:05,222] [300-BroadcastApp]BroadcastApp:[m Received 3ab68b37-0ff7-467b-8088-d85796862f21 - ZSXSNPERGI (10) from 172.10.10.0:10000
[32mI[16:08:06,202] [100-CyclonMembership]CyclonMembership:[m Channel Metrics:
In channels:
Out channels:
[32mI[16:08:06,219] [100-CyclonMembership]CyclonMembership:[m Membership Metrics:
Membership: []
ProtocolMetrics{totalEvents=30, messagesIn=0, messagesFailed=0, messagesSent=0, timers=17, notifications=0, requests=0, replies=0, customChannelEvents=13}
[32mI[16:08:06,222] [300-BroadcastApp]BroadcastApp:[m Sending: 4b0119f5-f92e-47ab-98f3-ffda4460abea - ABDANPWTEG (10)
[32mI[16:08:06,223] [300-BroadcastApp]BroadcastApp:[m Received 4b0119f5-f92e-47ab-98f3-ffda4460abea - ABDANPWTEG (10) from 172.10.10.0:10000
[32mI[16:08:07,202] [100-CyclonMembership]CyclonMembership:[m Channel Metrics:
In channels:
Out channels:
[32mI[16:08:07,219] [100-CyclonMembership]CyclonMembership:[m Membership Metrics:
Membership: []
ProtocolMetrics{totalEvents=32, messagesIn=0, messagesFailed=0, messagesSent=0, timers=18, notifications=0, requests=0, replies=0, customChannelEvents=14}
[32mI[16:08:07,223] [300-BroadcastApp]BroadcastApp:[m Sending: af4bc23e-4e71-40d9-a52a-b0174041e417 - NNOMAVHCPX (10)
[32mI[16:08:07,223] [300-BroadcastApp]BroadcastApp:[m Received af4bc23e-4e71-40d9-a52a-b0174041e417 - NNOMAVHCPX (10) from 172.10.10.0:10000
[32mI[16:08:08,202] [100-CyclonMembership]CyclonMembership:[m Channel Metrics:
In channels:
Out channels:
[32mI[16:08:08,220] [100-CyclonMembership]CyclonMembership:[m Membership Metrics:
Membership: []
ProtocolMetrics{totalEvents=35, messagesIn=0, messagesFailed=0, messagesSent=0, timers=20, notifications=0, requests=0, replies=0, customChannelEvents=15}
[32mI[16:08:08,222] [300-BroadcastApp]BroadcastApp:[m Sending: 0c1a6a10-b254-482b-a27a-06bb4450216a - PHFEZDJCBH (10)
[32mI[16:08:08,223] [300-BroadcastApp]BroadcastApp:[m Received 0c1a6a10-b254-482b-a27a-06bb4450216a - PHFEZDJCBH (10) from 172.10.10.0:10000
[32mI[16:08:09,202] [100-CyclonMembership]CyclonMembership:[m Channel Metrics:
In channels:
Out channels:
[32mI[16:08:09,219] [100-CyclonMembership]CyclonMembership:[m Membership Metrics:
Membership: []
ProtocolMetrics{totalEvents=37, messagesIn=0, messagesFailed=0, messagesSent=0, timers=21, notifications=0, requests=0, replies=0, customChannelEvents=16}
[32mI[16:08:09,223] [300-BroadcastApp]BroadcastApp:[m Sending: 108c4e76-fbc1-43cf-b7ae-ae87bc6fd838 - BOXMSHDPTR (10)
[32mI[16:08:09,223] [300-BroadcastApp]BroadcastApp:[m Received 108c4e76-fbc1-43cf-b7ae-ae87bc6fd838 - BOXMSHDPTR (10) from 172.10.10.0:10000
[32mI[16:08:10,202] [100-CyclonMembership]CyclonMembership:[m Channel Metrics:
In channels:
Out channels:
[32mI[16:08:10,219] [100-CyclonMembership]CyclonMembership:[m Membership Metrics:
Membership: []
ProtocolMetrics{totalEvents=39, messagesIn=0, messagesFailed=0, messagesSent=0, timers=22, notifications=0, requests=0, replies=0, customChannelEvents=17}
[32mI[16:08:10,223] [300-BroadcastApp]BroadcastApp:[m Sending: d106783c-eaba-486b-a121-f58fc677553e - XUFMQTCQBL (10)
[32mI[16:08:10,223] [300-BroadcastApp]BroadcastApp:[m Received d106783c-eaba-486b-a121-f58fc677553e - XUFMQTCQBL (10) from 172.10.10.0:10000
[32mI[16:08:11,202] [100-CyclonMembership]CyclonMembership:[m Channel Metrics:
In channels:
Out channels:
[32mI[16:08:11,220] [100-CyclonMembership]CyclonMembership:[m Membership Metrics:
Membership: []
ProtocolMetrics{totalEvents=42, messagesIn=0, messagesFailed=0, messagesSent=0, timers=24, notifications=0, requests=0, replies=0, customChannelEvents=18}
[32mI[16:08:11,222] [300-BroadcastApp]BroadcastApp:[m Sending: 78bb5a60-a182-43c2-8cf0-a13eb9d4b984 - XKYTMEREUL (10)
[32mI[16:08:11,222] [300-BroadcastApp]BroadcastApp:[m Received 78bb5a60-a182-43c2-8cf0-a13eb9d4b984 - XKYTMEREUL (10) from 172.10.10.0:10000
[32mI[16:08:12,202] [100-CyclonMembership]CyclonMembership:[m Channel Metrics:
In channels:
Out channels:
[32mI[16:08:12,220] [100-CyclonMembership]CyclonMembership:[m Membership Metrics:
Membership: []
ProtocolMetrics{totalEvents=44, messagesIn=0, messagesFailed=0, messagesSent=0, timers=25, notifications=0, requests=0, replies=0, customChannelEvents=19}
[32mI[16:08:12,222] [300-BroadcastApp]BroadcastApp:[m Sending: 9d32ab5c-d9d2-4bdb-9bec-5c35a1a9dd69 - JUWXSYPLWM (10)
[32mI[16:08:12,223] [300-BroadcastApp]BroadcastApp:[m Received 9d32ab5c-d9d2-4bdb-9bec-5c35a1a9dd69 - JUWXSYPLWM (10) from 172.10.10.0:10000
[32mI[16:08:13,202] [100-CyclonMembership]CyclonMembership:[m Channel Metrics:
In channels:
Out channels:
[32mI[16:08:13,220] [100-CyclonMembership]CyclonMembership:[m Membership Metrics:
Membership: []
ProtocolMetrics{totalEvents=46, messagesIn=0, messagesFailed=0, messagesSent=0, timers=26, notifications=0, requests=0, replies=0, customChannelEvents=20}
[32mI[16:08:13,223] [300-BroadcastApp]BroadcastApp:[m Sending: 032138d4-c8ac-4bf4-ab38-1f295eb0a522 - KNDUJHTUHA (10)
[32mI[16:08:13,223] [300-BroadcastApp]BroadcastApp:[m Received 032138d4-c8ac-4bf4-ab38-1f295eb0a522 - KNDUJHTUHA (10) from 172.10.10.0:10000
[32mI[16:08:14,202] [100-CyclonMembership]CyclonMembership:[m Channel Metrics:
In channels:
Out channels:
[32mI[16:08:14,221] [100-CyclonMembership]CyclonMembership:[m Membership Metrics:
Membership: []
ProtocolMetrics{totalEvents=49, messagesIn=0, messagesFailed=0, messagesSent=0, timers=28, notifications=0, requests=0, replies=0, customChannelEvents=21}
[32mI[16:08:14,222] [300-BroadcastApp]BroadcastApp:[m Sending: c85d9f94-5135-4792-b1c9-42fb8b29b29b - PLRWXCGOJV (10)
[32mI[16:08:14,223] [300-BroadcastApp]BroadcastApp:[m Received c85d9f94-5135-4792-b1c9-42fb8b29b29b - PLRWXCGOJV (10) from 172.10.10.0:10000
[32mI[16:08:15,202] [100-CyclonMembership]CyclonMembership:[m Channel Metrics:
In channels:
Out channels:
[32mI[16:08:15,221] [100-CyclonMembership]CyclonMembership:[m Membership Metrics:
Membership: []
ProtocolMetrics{totalEvents=51, messagesIn=0, messagesFailed=0, messagesSent=0, timers=29, notifications=0, requests=0, replies=0, customChannelEvents=22}
[32mI[16:08:15,222] [300-BroadcastApp]BroadcastApp:[m Sending: 8a967396-f4ae-4dae-8f5d-b474c6511968 - HCWABZQULW (10)
[32mI[16:08:15,223] [300-BroadcastApp]BroadcastApp:[m Received 8a967396-f4ae-4dae-8f5d-b474c6511968 - HCWABZQULW (10) from 172.10.10.0:10000
[32mI[16:08:16,202] [100-CyclonMembership]CyclonMembership:[m Channel Metrics:
In channels:
Out channels:
[32mI[16:08:16,221] [100-CyclonMembership]CyclonMembership:[m Membership Metrics:
Membership: []
ProtocolMetrics{totalEvents=53, messagesIn=0, messagesFailed=0, messagesSent=0, timers=30, notifications=0, requests=0, replies=0, customChannelEvents=23}
[32mI[16:08:16,222] [300-BroadcastApp]BroadcastApp:[m Sending: e874eff9-ccda-4907-b77e-98a98ccec12a - GLRSYYXZTS (10)
[32mI[16:08:16,223] [300-BroadcastApp]BroadcastApp:[m Received e874eff9-ccda-4907-b77e-98a98ccec12a - GLRSYYXZTS (10) from 172.10.10.0:10000
[32mI[16:08:17,202] [100-CyclonMembership]CyclonMembership:[m Channel Metrics:
In channels:
Out channels:
[32mI[16:08:17,222] [100-CyclonMembership]CyclonMembership:[m Membership Metrics:
Membership: []
ProtocolMetrics{totalEvents=56, messagesIn=0, messagesFailed=0, messagesSent=0, timers=32, notifications=0, requests=0, replies=0, customChannelEvents=24}
[32mI[16:08:17,222] [300-BroadcastApp]BroadcastApp:[m Sending: b71e2fc9-cf33-40be-97e6-6d9aa218980d - MGREBXRFYN (10)
[32mI[16:08:17,223] [300-BroadcastApp]BroadcastApp:[m Received b71e2fc9-cf33-40be-97e6-6d9aa218980d - MGREBXRFYN (10) from 172.10.10.0:10000
[32mI[16:08:18,202] [100-CyclonMembership]CyclonMembership:[m Channel Metrics:
In channels:
Out channels:
[32mI[16:08:18,222] [100-CyclonMembership]CyclonMembership:[m Membership Metrics:
Membership: []
ProtocolMetrics{totalEvents=58, messagesIn=0, messagesFailed=0, messagesSent=0, timers=33, notifications=0, requests=0, replies=0, customChannelEvents=25}
[32mI[16:08:18,222] [300-BroadcastApp]BroadcastApp:[m Sending: 892486ec-3a77-44e6-87fb-f18dcdf11dbb - WCUPKUWKKX (10)
[32mI[16:08:18,223] [300-BroadcastApp]BroadcastApp:[m Received 892486ec-3a77-44e6-87fb-f18dcdf11dbb - WCUPKUWKKX (10) from 172.10.10.0:10000
[32mI[16:08:19,202] [100-CyclonMembership]CyclonMembership:[m Channel Metrics:
In channels:
Out channels:
[32mI[16:08:19,222] [100-CyclonMembership]CyclonMembership:[m Membership Metrics:
Membership: []
ProtocolMetrics{totalEvents=60, messagesIn=0, messagesFailed=0, messagesSent=0, timers=34, notifications=0, requests=0, replies=0, customChannelEvents=26}
[32mI[16:08:19,222] [300-BroadcastApp]BroadcastApp:[m Sending: a43a97fa-2e94-4ad0-89f1-764da0aa4c47 - GXUJPOQESJ (10)
[32mI[16:08:19,223] [300-BroadcastApp]BroadcastApp:[m Received a43a97fa-2e94-4ad0-89f1-764da0aa4c47 - GXUJPOQESJ (10) from 172.10.10.0:10000
[32mI[16:08:20,202] [100-CyclonMembership]CyclonMembership:[m Channel Metrics:
In channels:
Out channels:
[32mI[16:08:20,222] [100-CyclonMembership]CyclonMembership:[m Membership Metrics:
Membership: []
ProtocolMetrics{totalEvents=63, messagesIn=0, messagesFailed=0, messagesSent=0, timers=36, notifications=0, requests=0, replies=0, customChannelEvents=27}
[32mI[16:08:20,223] [300-BroadcastApp]BroadcastApp:[m Sending: 72a36e5c-8e5d-4c60-aef8-f29708fff8bd - RQHPXWJVNF (10)
[32mI[16:08:20,223] [300-BroadcastApp]BroadcastApp:[m Received 72a36e5c-8e5d-4c60-aef8-f29708fff8bd - RQHPXWJVNF (10) from 172.10.10.0:10000
[32mI[16:08:21,202] [100-CyclonMembership]CyclonMembership:[m Channel Metrics:
In channels:
Out channels:
[32mI[16:08:21,223] [100-CyclonMembership]CyclonMembership:[m Membership Metrics:
Membership: []
ProtocolMetrics{totalEvents=65, messagesIn=0, messagesFailed=0, messagesSent=0, timers=37, notifications=0, requests=0, replies=0, customChannelEvents=28}
[32mI[16:08:21,223] [300-BroadcastApp]BroadcastApp:[m Sending: 53240014-7933-4750-885e-0db7b03c34b7 - HODOMYYXUO (10)
[32mI[16:08:21,223] [300-BroadcastApp]BroadcastApp:[m Received 53240014-7933-4750-885e-0db7b03c34b7 - HODOMYYXUO (10) from 172.10.10.0:10000
[32mI[16:08:22,202] [100-CyclonMembership]CyclonMembership:[m Channel Metrics:
In channels:
Out channels:
[32mI[16:08:22,223] [100-CyclonMembership]CyclonMembership:[m Membership Metrics:
Membership: []
ProtocolMetrics{totalEvents=67, messagesIn=0, messagesFailed=0, messagesSent=0, timers=38, notifications=0, requests=0, replies=0, customChannelEvents=29}
[32mI[16:08:22,223] [300-BroadcastApp]BroadcastApp:[m Sending: 7d03dfaa-0bc2-47af-98ad-04a686a006dd - LPPOZALLWU (10)
[32mI[16:08:22,223] [300-BroadcastApp]BroadcastApp:[m Received 7d03dfaa-0bc2-47af-98ad-04a686a006dd - LPPOZALLWU (10) from 172.10.10.0:10000
[32mI[16:08:23,202] [100-CyclonMembership]CyclonMembership:[m Channel Metrics:
In channels:
Out channels:
[32mI[16:08:23,223] [100-CyclonMembership]CyclonMembership:[m Membership Metrics:
Membership: []
ProtocolMetrics{totalEvents=70, messagesIn=0, messagesFailed=0, messagesSent=0, timers=40, notifications=0, requests=0, replies=0, customChannelEvents=30}
[32mI[16:08:23,223] [300-BroadcastApp]BroadcastApp:[m Sending: f7d7d8d6-18e8-4923-aa5b-287fe721c1d8 - GJVDLQQIAO (10)
[32mI[16:08:23,224] [300-BroadcastApp]BroadcastApp:[m Received f7d7d8d6-18e8-4923-aa5b-287fe721c1d8 - GJVDLQQIAO (10) from 172.10.10.0:10000
[32mI[16:08:24,202] [100-CyclonMembership]CyclonMembership:[m Channel Metrics:
In channels:
Out channels:
[32mI[16:08:24,223] [100-CyclonMembership]CyclonMembership:[m Membership Metrics:
Membership: []
ProtocolMetrics{totalEvents=72, messagesIn=0, messagesFailed=0, messagesSent=0, timers=41, notifications=0, requests=0, replies=0, customChannelEvents=31}
[32mI[16:08:24,224] [300-BroadcastApp]BroadcastApp:[m Sending: 28d77434-b11a-475c-a440-c699df2838d8 - AELJKROSNS (10)
[32mI[16:08:24,224] [300-BroadcastApp]BroadcastApp:[m Received 28d77434-b11a-475c-a440-c699df2838d8 - AELJKROSNS (10) from 172.10.10.0:10000
[32mI[16:08:25,202] [100-CyclonMembership]CyclonMembership:[m Channel Metrics:
In channels:
Out channels:
[32mI[16:08:25,223] [100-CyclonMembership]CyclonMembership:[m Membership Metrics:
Membership: []
ProtocolMetrics{totalEvents=74, messagesIn=0, messagesFailed=0, messagesSent=0, timers=42, notifications=0, requests=0, replies=0, customChannelEvents=32}
[32mI[16:08:25,223] [300-BroadcastApp]BroadcastApp:[m Sending: 5b1da054-332e-478f-a5c2-11edbb496ab1 - CDRZVHIXEI (10)
[32mI[16:08:25,224] [300-BroadcastApp]BroadcastApp:[m Received 5b1da054-332e-478f-a5c2-11edbb496ab1 - CDRZVHIXEI (10) from 172.10.10.0:10000
[32mI[16:08:26,202] [100-CyclonMembership]CyclonMembership:[m Channel Metrics:
In channels:
Out channels:
[32mI[16:08:26,224] [100-CyclonMembership]CyclonMembership:[m Membership Metrics:
Membership: []
ProtocolMetrics{totalEvents=77, messagesIn=0, messagesFailed=0, messagesSent=0, timers=44, notifications=0, requests=0, replies=0, customChannelEvents=33}
[32mI[16:08:26,224] [300-BroadcastApp]BroadcastApp:[m Sending: 0dc1f092-74e1-4a24-a5cc-4559e13efbac - QVZRDMJLUY (10)
[32mI[16:08:26,224] [300-BroadcastApp]BroadcastApp:[m Received 0dc1f092-74e1-4a24-a5cc-4559e13efbac - QVZRDMJLUY (10) from 172.10.10.0:10000
[32mI[16:08:27,202] [100-CyclonMembership]CyclonMembership:[m Channel Metrics:
In channels:
Out channels:
[32mI[16:08:27,223] [300-BroadcastApp]BroadcastApp:[m Sending: fd385161-1f37-4072-8ca6-8b1cdb02f371 - ZPOPIMEMIZ (10)
[32mI[16:08:27,223] [300-BroadcastApp]BroadcastApp:[m Received fd385161-1f37-4072-8ca6-8b1cdb02f371 - ZPOPIMEMIZ (10) from 172.10.10.0:10000
[32mI[16:08:27,224] [100-CyclonMembership]CyclonMembership:[m Membership Metrics:
Membership: []
ProtocolMetrics{totalEvents=79, messagesIn=0, messagesFailed=0, messagesSent=0, timers=45, notifications=0, requests=0, replies=0, customChannelEvents=34}
[32mI[16:08:28,202] [100-CyclonMembership]CyclonMembership:[m Channel Metrics:
In channels:
Out channels:
[32mI[16:08:28,223] [300-BroadcastApp]BroadcastApp:[m Sending: c4c6fb63-7522-4f16-ac95-69e23107eb1b - ATQVOVRRAK (10)
[32mI[16:08:28,224] [300-BroadcastApp]BroadcastApp:[m Received c4c6fb63-7522-4f16-ac95-69e23107eb1b - ATQVOVRRAK (10) from 172.10.10.0:10000
[32mI[16:08:28,224] [100-CyclonMembership]CyclonMembership:[m Membership Metrics:
Membership: []
ProtocolMetrics{totalEvents=81, messagesIn=0, messagesFailed=0, messagesSent=0, timers=46, notifications=0, requests=0, replies=0, customChannelEvents=35}
[32mI[16:08:29,202] [100-CyclonMembership]CyclonMembership:[m Channel Metrics:
In channels:
Out channels:
[32mI[16:08:29,224] [300-BroadcastApp]BroadcastApp:[m Sending: 91f5927f-ea6f-4d5a-942f-801fa83f4e58 - OWGQVSDFML (10)
[32mI[16:08:29,225] [300-BroadcastApp]BroadcastApp:[m Received 91f5927f-ea6f-4d5a-942f-801fa83f4e58 - OWGQVSDFML (10) from 172.10.10.0:10000
[32mI[16:08:29,225] [100-CyclonMembership]CyclonMembership:[m Membership Metrics:
Membership: []
ProtocolMetrics{totalEvents=84, messagesIn=0, messagesFailed=0, messagesSent=0, timers=48, notifications=0, requests=0, replies=0, customChannelEvents=36}
[32mI[16:08:30,202] [100-CyclonMembership]CyclonMembership:[m Channel Metrics:
In channels:
Out channels:
[32mI[16:08:30,223] [300-BroadcastApp]BroadcastApp:[m Sending: 878d5a70-603c-46d0-aeff-5f3104715e93 - JVBBMZTYYU (10)
[32mI[16:08:30,223] [300-BroadcastApp]BroadcastApp:[m Received 878d5a70-603c-46d0-aeff-5f3104715e93 - JVBBMZTYYU (10) from 172.10.10.0:10000
[32mI[16:08:30,224] [100-CyclonMembership]CyclonMembership:[m Membership Metrics:
Membership: []
ProtocolMetrics{totalEvents=86, messagesIn=0, messagesFailed=0, messagesSent=0, timers=49, notifications=0, requests=0, replies=0, customChannelEvents=37}
[32mI[16:08:31,202] [100-CyclonMembership]CyclonMembership:[m Channel Metrics:
In channels:
Out channels:
[32mI[16:08:31,223] [300-BroadcastApp]BroadcastApp:[m Sending: 2a92e530-98c0-4ae2-ac1c-106120fe3af0 - WHVUJXENRN (10)
[32mI[16:08:31,224] [300-BroadcastApp]BroadcastApp:[m Received 2a92e530-98c0-4ae2-ac1c-106120fe3af0 - WHVUJXENRN (10) from 172.10.10.0:10000
[32mI[16:08:31,224] [100-CyclonMembership]CyclonMembership:[m Membership Metrics:
Membership: []
ProtocolMetrics{totalEvents=88, messagesIn=0, messagesFailed=0, messagesSent=0, timers=50, notifications=0, requests=0, replies=0, customChannelEvents=38}
[32mI[16:08:32,202] [100-CyclonMembership]CyclonMembership:[m Channel Metrics:
In channels:
Out channels:
[32mI[16:08:32,224] [300-BroadcastApp]BroadcastApp:[m Sending: 1e518211-04bb-44a0-b32f-f073a0f1e496 - ZHBWEVQJIR (10)
[32mI[16:08:32,224] [300-BroadcastApp]BroadcastApp:[m Received 1e518211-04bb-44a0-b32f-f073a0f1e496 - ZHBWEVQJIR (10) from 172.10.10.0:10000
[32mI[16:08:32,225] [100-CyclonMembership]CyclonMembership:[m Membership Metrics:
Membership: []
ProtocolMetrics{totalEvents=91, messagesIn=0, messagesFailed=0, messagesSent=0, timers=52, notifications=0, requests=0, replies=0, customChannelEvents=39}
[32mI[16:08:33,202] [100-CyclonMembership]CyclonMembership:[m Channel Metrics:
In channels:
Out channels:
[32mI[16:08:33,224] [100-CyclonMembership]CyclonMembership:[m Membership Metrics:
Membership: []
ProtocolMetrics{totalEvents=93, messagesIn=0, messagesFailed=0, messagesSent=0, timers=53, notifications=0, requests=0, replies=0, customChannelEvents=40}
[32mI[16:08:33,224] [300-BroadcastApp]BroadcastApp:[m Sending: 67b98d5f-d5d5-4317-ae84-52ad27c1b572 - XSDDBPAQNK (10)
[32mI[16:08:33,224] [300-BroadcastApp]BroadcastApp:[m Received 67b98d5f-d5d5-4317-ae84-52ad27c1b572 - XSDDBPAQNK (10) from 172.10.10.0:10000
[32mI[16:08:34,202] [100-CyclonMembership]CyclonMembership:[m Channel Metrics:
In channels:
Out channels:
[32mI[16:08:34,224] [100-CyclonMembership]CyclonMembership:[m Membership Metrics:
Membership: []
ProtocolMetrics{totalEvents=95, messagesIn=0, messagesFailed=0, messagesSent=0, timers=54, notifications=0, requests=0, replies=0, customChannelEvents=41}
[32mI[16:08:34,224] [300-BroadcastApp]BroadcastApp:[m Sending: 736fc816-08c0-4fed-96cc-0d5b3e47929b - ETCMLSLKRH (10)
[32mI[16:08:34,225] [300-BroadcastApp]BroadcastApp:[m Received 736fc816-08c0-4fed-96cc-0d5b3e47929b - ETCMLSLKRH (10) from 172.10.10.0:10000
[32mI[16:08:35,202] [100-CyclonMembership]CyclonMembership:[m Channel Metrics:
In channels:
Out channels:
[32mI[16:08:35,224] [100-CyclonMembership]CyclonMembership:[m Membership Metrics:
Membership: []
ProtocolMetrics{totalEvents=98, messagesIn=0, messagesFailed=0, messagesSent=0, timers=56, notifications=0, requests=0, replies=0, customChannelEvents=42}
[32mI[16:08:35,224] [300-BroadcastApp]BroadcastApp:[m Sending: 03a25c4e-37a9-4c14-95da-bb7aa8ceeb87 - EYBCTRLSUY (10)
[32mI[16:08:35,225] [300-BroadcastApp]BroadcastApp:[m Received 03a25c4e-37a9-4c14-95da-bb7aa8ceeb87 - EYBCTRLSUY (10) from 172.10.10.0:10000
[32mI[16:08:36,202] [100-CyclonMembership]CyclonMembership:[m Channel Metrics:
In channels:
Out channels:
[32mI[16:08:36,224] [100-CyclonMembership]CyclonMembership:[m Membership Metrics:
Membership: []
ProtocolMetrics{totalEvents=100, messagesIn=0, messagesFailed=0, messagesSent=0, timers=57, notifications=0, requests=0, replies=0, customChannelEvents=43}
[32mI[16:08:36,225] [300-BroadcastApp]BroadcastApp:[m Sending: ca5a0a72-11ac-413b-9c28-cbf57aa17be2 - BJLUGRJLVJ (10)
[32mI[16:08:36,225] [300-BroadcastApp]BroadcastApp:[m Received ca5a0a72-11ac-413b-9c28-cbf57aa17be2 - BJLUGRJLVJ (10) from 172.10.10.0:10000
[32mI[16:08:37,202] [100-CyclonMembership]CyclonMembership:[m Channel Metrics:
In channels:
Out channels:
[32mI[16:08:37,225] [100-CyclonMembership]CyclonMembership:[m Membership Metrics:
Membership: []
ProtocolMetrics{totalEvents=102, messagesIn=0, messagesFailed=0, messagesSent=0, timers=58, notifications=0, requests=0, replies=0, customChannelEvents=44}
[32mI[16:08:37,225] [300-BroadcastApp]BroadcastApp:[m Sending: abc64c9a-e53f-4dda-a7b4-a1b2583b618b - TXYUCQRSGM (10)
[32mI[16:08:37,225] [300-BroadcastApp]BroadcastApp:[m Received abc64c9a-e53f-4dda-a7b4-a1b2583b618b - TXYUCQRSGM (10) from 172.10.10.0:10000
[32mI[16:08:38,202] [100-CyclonMembership]CyclonMembership:[m Channel Metrics:
In channels:
Out channels:
[32mI[16:08:38,224] [100-CyclonMembership]CyclonMembership:[m Membership Metrics:
Membership: []
ProtocolMetrics{totalEvents=105, messagesIn=0, messagesFailed=0, messagesSent=0, timers=60, notifications=0, requests=0, replies=0, customChannelEvents=45}
[32mI[16:08:38,224] [300-BroadcastApp]BroadcastApp:[m Sending: ebba5102-5602-4113-a83f-6ae45e56c90a - SOUXRYBTXH (10)
[32mI[16:08:38,224] [300-BroadcastApp]BroadcastApp:[m Received ebba5102-5602-4113-a83f-6ae45e56c90a - SOUXRYBTXH (10) from 172.10.10.0:10000
[32mI[16:08:39,202] [100-CyclonMembership]CyclonMembership:[m Channel Metrics:
In channels:
Out channels:
[32mI[16:08:39,224] [100-CyclonMembership]CyclonMembership:[m Membership Metrics:
Membership: []
ProtocolMetrics{totalEvents=107, messagesIn=0, messagesFailed=0, messagesSent=0, timers=61, notifications=0, requests=0, replies=0, customChannelEvents=46}
[32mI[16:08:39,224] [300-BroadcastApp]BroadcastApp:[m Sending: fd428967-8d57-4be1-a870-c790080057fb - DZIETEYIXN (10)
[32mI[16:08:39,225] [300-BroadcastApp]BroadcastApp:[m Received fd428967-8d57-4be1-a870-c790080057fb - DZIETEYIXN (10) from 172.10.10.0:10000
[32mI[16:08:40,202] [100-CyclonMembership]CyclonMembership:[m Channel Metrics:
In channels:
Out channels:
[32mI[16:08:40,224] [100-CyclonMembership]CyclonMembership:[m Membership Metrics:
Membership: []
ProtocolMetrics{totalEvents=109, messagesIn=0, messagesFailed=0, messagesSent=0, timers=62, notifications=0, requests=0, replies=0, customChannelEvents=47}
[32mI[16:08:40,224] [300-BroadcastApp]BroadcastApp:[m Sending: c6980e93-45fc-4748-867e-2f2f481109ca - KUGLXOUECE (10)
[32mI[16:08:40,225] [300-BroadcastApp]BroadcastApp:[m Received c6980e93-45fc-4748-867e-2f2f481109ca - KUGLXOUECE (10) from 172.10.10.0:10000
[32mI[16:08:41,202] [100-CyclonMembership]CyclonMembership:[m Channel Metrics:
In channels:
Out channels:
[32mI[16:08:41,224] [100-CyclonMembership]CyclonMembership:[m Membership Metrics:
Membership: []
ProtocolMetrics{totalEvents=112, messagesIn=0, messagesFailed=0, messagesSent=0, timers=64, notifications=0, requests=0, replies=0, customChannelEvents=48}
[32mI[16:08:41,225] [300-BroadcastApp]BroadcastApp:[m Sending: d418ea19-d42b-4053-9049-dd1796d8f06c - VQWOERLOXM (10)
[32mI[16:08:41,225] [300-BroadcastApp]BroadcastApp:[m Received d418ea19-d42b-4053-9049-dd1796d8f06c - VQWOERLOXM (10) from 172.10.10.0:10000
[32mI[16:08:42,202] [100-CyclonMembership]CyclonMembership:[m Channel Metrics:
In channels:
Out channels:
[32mI[16:08:42,225] [100-CyclonMembership]CyclonMembership:[m Membership Metrics:
Membership: []
ProtocolMetrics{totalEvents=114, messagesIn=0, messagesFailed=0, messagesSent=0, timers=65, notifications=0, requests=0, replies=0, customChannelEvents=49}
[32mI[16:08:42,225] [300-BroadcastApp]BroadcastApp:[m Sending: 2fa570b6-5532-4b66-920c-d9db6ad0f8f4 - CISTIQCCTC (10)
[32mI[16:08:42,226] [300-BroadcastApp]BroadcastApp:[m Received 2fa570b6-5532-4b66-920c-d9db6ad0f8f4 - CISTIQCCTC (10) from 172.10.10.0:10000
[32mI[16:08:43,202] [100-CyclonMembership]CyclonMembership:[m Channel Metrics:
In channels:
Out channels:
[32mI[16:08:43,224] [100-CyclonMembership]CyclonMembership:[m Membership Metrics:
Membership: []
ProtocolMetrics{totalEvents=116, messagesIn=0, messagesFailed=0, messagesSent=0, timers=66, notifications=0, requests=0, replies=0, customChannelEvents=50}
[32mI[16:08:43,224] [300-BroadcastApp]BroadcastApp:[m Sending: 4bd86dd2-a391-4b71-8ccb-91b49ad1e6c9 - CFYGRLZFEV (10)
[32mI[16:08:43,225] [300-BroadcastApp]BroadcastApp:[m Received 4bd86dd2-a391-4b71-8ccb-91b49ad1e6c9 - CFYGRLZFEV (10) from 172.10.10.0:10000
[32mI[16:08:44,202] [100-CyclonMembership]CyclonMembership:[m Channel Metrics:
In channels:
Out channels:
[32mI[16:08:44,224] [100-CyclonMembership]CyclonMembership:[m Membership Metrics:
Membership: []
ProtocolMetrics{totalEvents=119, messagesIn=0, messagesFailed=0, messagesSent=0, timers=68, notifications=0, requests=0, replies=0, customChannelEvents=51}
[32mI[16:08:44,224] [300-BroadcastApp]BroadcastApp:[m Sending: 47749239-a52f-4adc-ba15-2ee4f9111bca - NJYJGSAVBH (10)
[32mI[16:08:44,225] [300-BroadcastApp]BroadcastApp:[m Received 47749239-a52f-4adc-ba15-2ee4f9111bca - NJYJGSAVBH (10) from 172.10.10.0:10000
[32mI[16:08:45,202] [100-CyclonMembership]CyclonMembership:[m Channel Metrics:
In channels:
Out channels:
[32mI[16:08:45,224] [100-CyclonMembership]CyclonMembership:[m Membership Metrics:
Membership: []
ProtocolMetrics{totalEvents=121, messagesIn=0, messagesFailed=0, messagesSent=0, timers=69, notifications=0, requests=0, replies=0, customChannelEvents=52}
[32mI[16:08:45,225] [300-BroadcastApp]BroadcastApp:[m Sending: 336c9eeb-f264-4f98-8074-697b086d0b2a - VLTPJQWGLK (10)
[32mI[16:08:45,225] [300-BroadcastApp]BroadcastApp:[m Received 336c9eeb-f264-4f98-8074-697b086d0b2a - VLTPJQWGLK (10) from 172.10.10.0:10000
[32mI[16:08:46,202] [100-CyclonMembership]CyclonMembership:[m Channel Metrics:
In channels:
Out channels:
[32mI[16:08:46,225] [100-CyclonMembership]CyclonMembership:[m Membership Metrics:
Membership: []
ProtocolMetrics{totalEvents=123, messagesIn=0, messagesFailed=0, messagesSent=0, timers=70, notifications=0, requests=0, replies=0, customChannelEvents=53}
[32mI[16:08:46,225] [300-BroadcastApp]BroadcastApp:[m Sending: 661d6b2f-6bb7-447b-8dea-75cc7d644210 - LTCTFWTYTF (10)
[32mI[16:08:46,225] [300-BroadcastApp]BroadcastApp:[m Received 661d6b2f-6bb7-447b-8dea-75cc7d644210 - LTCTFWTYTF (10) from 172.10.10.0:10000
[32mI[16:08:47,202] [100-CyclonMembership]CyclonMembership:[m Channel Metrics:
In channels:
Out channels:
[32mI[16:08:47,224] [100-CyclonMembership]CyclonMembership:[m Membership Metrics:
Membership: []
ProtocolMetrics{totalEvents=126, messagesIn=0, messagesFailed=0, messagesSent=0, timers=72, notifications=0, requests=0, replies=0, customChannelEvents=54}
[32mI[16:08:47,224] [300-BroadcastApp]BroadcastApp:[m Sending: ad7bab62-3f8a-4c95-93b7-29c1c0619312 - BQFJXACJXD (10)
[32mI[16:08:47,225] [300-BroadcastApp]BroadcastApp:[m Received ad7bab62-3f8a-4c95-93b7-29c1c0619312 - BQFJXACJXD (10) from 172.10.10.0:10000
[32mI[16:08:48,202] [100-CyclonMembership]CyclonMembership:[m Channel Metrics:
In channels:
Out channels:
[32mI[16:08:48,224] [100-CyclonMembership]CyclonMembership:[m Membership Metrics:
Membership: []
ProtocolMetrics{totalEvents=128, messagesIn=0, messagesFailed=0, messagesSent=0, timers=73, notifications=0, requests=0, replies=0, customChannelEvents=55}
[32mI[16:08:48,224] [300-BroadcastApp]BroadcastApp:[m Sending: e52fac96-7a79-4174-8100-62c601222700 - AUQBHNDTVI (10)
[32mI[16:08:48,225] [300-BroadcastApp]BroadcastApp:[m Received e52fac96-7a79-4174-8100-62c601222700 - AUQBHNDTVI (10) from 172.10.10.0:10000
[32mI[16:08:49,202] [100-CyclonMembership]CyclonMembership:[m Channel Metrics:
In channels:
Out channels:
[32mI[16:08:49,224] [100-CyclonMembership]CyclonMembership:[m Membership Metrics:
Membership: []
ProtocolMetrics{totalEvents=130, messagesIn=0, messagesFailed=0, messagesSent=0, timers=74, notifications=0, requests=0, replies=0, customChannelEvents=56}
[32mI[16:08:49,225] [300-BroadcastApp]BroadcastApp:[m Sending: 091fa044-36e0-489f-a1ad-4083d926ef17 - LPLBUPAGET (10)
[32mI[16:08:49,225] [300-BroadcastApp]BroadcastApp:[m Received 091fa044-36e0-489f-a1ad-4083d926ef17 - LPLBUPAGET (10) from 172.10.10.0:10000
[32mI[16:08:50,202] [100-CyclonMembership]CyclonMembership:[m Channel Metrics:
In channels:
Out channels:
[32mI[16:08:50,225] [100-CyclonMembership]CyclonMembership:[m Membership Metrics:
Membership: []
ProtocolMetrics{totalEvents=133, messagesIn=0, messagesFailed=0, messagesSent=0, timers=76, notifications=0, requests=0, replies=0, customChannelEvents=57}
[32mI[16:08:50,225] [300-BroadcastApp]BroadcastApp:[m Sending: f2647c51-1f30-4708-af3c-813874b0f69b - VUDTLBQXNY (10)
[32mI[16:08:50,225] [300-BroadcastApp]BroadcastApp:[m Received f2647c51-1f30-4708-af3c-813874b0f69b - VUDTLBQXNY (10) from 172.10.10.0:10000
[32mI[16:08:51,202] [100-CyclonMembership]CyclonMembership:[m Channel Metrics:
In channels:
Out channels:
[32mI[16:08:51,225] [100-CyclonMembership]CyclonMembership:[m Membership Metrics:
Membership: []
ProtocolMetrics{totalEvents=135, messagesIn=0, messagesFailed=0, messagesSent=0, timers=77, notifications=0, requests=0, replies=0, customChannelEvents=58}
[32mI[16:08:51,225] [300-BroadcastApp]BroadcastApp:[m Sending: ec13791e-784a-4dbc-ae45-eb3f8fb36fbc - RLLQJLVHJN (10)
[32mI[16:08:51,225] [300-BroadcastApp]BroadcastApp:[m Received ec13791e-784a-4dbc-ae45-eb3f8fb36fbc - RLLQJLVHJN (10) from 172.10.10.0:10000
[32mI[16:08:52,202] [100-CyclonMembership]CyclonMembership:[m Channel Metrics:
In channels:
Out channels:
[32mI[16:08:52,225] [100-CyclonMembership]CyclonMembership:[m Membership Metrics:
Membership: []
ProtocolMetrics{totalEvents=137, messagesIn=0, messagesFailed=0, messagesSent=0, timers=78, notifications=0, requests=0, replies=0, customChannelEvents=59}
[32mI[16:08:52,225] [300-BroadcastApp]BroadcastApp:[m Sending: ad91bf83-600d-4c8e-a481-81e2509db8b7 - ROAKVIHAFA (10)
[32mI[16:08:52,225] [300-BroadcastApp]BroadcastApp:[m Received ad91bf83-600d-4c8e-a481-81e2509db8b7 - ROAKVIHAFA (10) from 172.10.10.0:10000
[32mI[16:08:53,202] [100-CyclonMembership]CyclonMembership:[m Channel Metrics:
In channels:
Out channels:
[32mI[16:08:53,225] [100-CyclonMembership]CyclonMembership:[m Membership Metrics:
Membership: []
ProtocolMetrics{totalEvents=140, messagesIn=0, messagesFailed=0, messagesSent=0, timers=80, notifications=0, requests=0, replies=0, customChannelEvents=60}
[32mI[16:08:53,225] [300-BroadcastApp]BroadcastApp:[m Sending: 1e2a091b-5cd3-4c17-aa4a-a5647c84965f - KONJMZKPGL (10)
[32mI[16:08:53,226] [300-BroadcastApp]BroadcastApp:[m Received 1e2a091b-5cd3-4c17-aa4a-a5647c84965f - KONJMZKPGL (10) from 172.10.10.0:10000
[32mI[16:08:54,202] [100-CyclonMembership]CyclonMembership:[m Channel Metrics:
In channels:
Out channels:
[32mI[16:08:54,225] [100-CyclonMembership]CyclonMembership:[m Membership Metrics:
Membership: []
ProtocolMetrics{totalEvents=142, messagesIn=0, messagesFailed=0, messagesSent=0, timers=81, notifications=0, requests=0, replies=0, customChannelEvents=61}
[32mI[16:08:54,226] [300-BroadcastApp]BroadcastApp:[m Sending: 9e72940f-3563-476d-a8fa-0998cd94d913 - JERPSSMZCO (10)
[32mI[16:08:54,226] [300-BroadcastApp]BroadcastApp:[m Received 9e72940f-3563-476d-a8fa-0998cd94d913 - JERPSSMZCO (10) from 172.10.10.0:10000
[32mI[16:08:55,202] [100-CyclonMembership]CyclonMembership:[m Channel Metrics:
In channels:
Out channels:
[32mI[16:08:55,226] [100-CyclonMembership]CyclonMembership:[m Membership Metrics:
Membership: []
ProtocolMetrics{totalEvents=144, messagesIn=0, messagesFailed=0, messagesSent=0, timers=82, notifications=0, requests=0, replies=0, customChannelEvents=62}
[32mI[16:08:55,226] [300-BroadcastApp]BroadcastApp:[m Sending: d635c50b-ddf0-46d3-839d-fa9c4705dc10 - KHWWJLHALQ (10)
[32mI[16:08:55,226] [300-BroadcastApp]BroadcastApp:[m Received d635c50b-ddf0-46d3-839d-fa9c4705dc10 - KHWWJLHALQ (10) from 172.10.10.0:10000
[32mI[16:08:56,202] [100-CyclonMembership]CyclonMembership:[m Channel Metrics:
In channels:
Out channels:
[32mI[16:08:56,225] [100-CyclonMembership]CyclonMembership:[m Membership Metrics:
Membership: []
ProtocolMetrics{totalEvents=147, messagesIn=0, messagesFailed=0, messagesSent=0, timers=84, notifications=0, requests=0, replies=0, customChannelEvents=63}
[32mI[16:08:56,225] [300-BroadcastApp]BroadcastApp:[m Sending: 7eaff4df-843a-468e-b2f9-de5e8d42acfb - LWWYVMJZRT (10)
[32mI[16:08:56,226] [300-BroadcastApp]BroadcastApp:[m Received 7eaff4df-843a-468e-b2f9-de5e8d42acfb - LWWYVMJZRT (10) from 172.10.10.0:10000
[32mI[16:08:57,202] [100-CyclonMembership]CyclonMembership:[m Channel Metrics:
In channels:
Out channels:
[32mI[16:08:57,225] [100-CyclonMembership]CyclonMembership:[m Membership Metrics:
Membership: []
ProtocolMetrics{totalEvents=149, messagesIn=0, messagesFailed=0, messagesSent=0, timers=85, notifications=0, requests=0, replies=0, customChannelEvents=64}
[32mI[16:08:57,225] [300-BroadcastApp]BroadcastApp:[m Sending: 2432e7e7-1eb2-4df2-a782-0aa30e14916e - YZPHJGYAAK (10)
[32mI[16:08:57,226] [300-BroadcastApp]BroadcastApp:[m Received 2432e7e7-1eb2-4df2-a782-0aa30e14916e - YZPHJGYAAK (10) from 172.10.10.0:10000
[32mI[16:08:58,202] [100-CyclonMembership]CyclonMembership:[m Channel Metrics:
In channels:
Out channels:
[32mI[16:08:58,221] [300-BroadcastApp]BroadcastApp:[m Stopping broadcasts
[32mI[16:08:58,225] [100-CyclonMembership]CyclonMembership:[m Membership Metrics:
Membership: []
ProtocolMetrics{totalEvents=151, messagesIn=0, messagesFailed=0, messagesSent=0, timers=86, notifications=0, requests=0, replies=0, customChannelEvents=65}
[32mI[16:08:59,202] [100-CyclonMembership]CyclonMembership:[m Channel Metrics:
In channels:
Out channels:
[32mI[16:08:59,225] [100-CyclonMembership]CyclonMembership:[m Membership Metrics:
Membership: []
ProtocolMetrics{totalEvents=154, messagesIn=0, messagesFailed=0, messagesSent=0, timers=88, notifications=0, requests=0, replies=0, customChannelEvents=66}
[32mI[16:09:00,202] [100-CyclonMembership]CyclonMembership:[m Channel Metrics:
In channels:
Out channels:
[32mI[16:09:00,225] [100-CyclonMembership]CyclonMembership:[m Membership Metrics:
Membership: []
ProtocolMetrics{totalEvents=156, messagesIn=0, messagesFailed=0, messagesSent=0, timers=89, notifications=0, requests=0, replies=0, customChannelEvents=67}
[32mI[16:09:01,202] [100-CyclonMembership]CyclonMembership:[m Channel Metrics:
In channels:
Out channels:
[32mI[16:09:01,225] [100-CyclonMembership]CyclonMembership:[m Membership Metrics:
Membership: []
ProtocolMetrics{totalEvents=158, messagesIn=0, messagesFailed=0, messagesSent=0, timers=90, notifications=0, requests=0, replies=0, customChannelEvents=68}
[32mI[16:09:02,202] [100-CyclonMembership]CyclonMembership:[m Channel Metrics:
In channels:
Out channels:
[32mI[16:09:02,226] [100-CyclonMembership]CyclonMembership:[m Membership Metrics:
Membership: []
ProtocolMetrics{totalEvents=161, messagesIn=0, messagesFailed=0, messagesSent=0, timers=92, notifications=0, requests=0, replies=0, customChannelEvents=69}
[32mI[16:09:03,202] [100-CyclonMembership]CyclonMembership:[m Channel Metrics:
In channels:
Out channels:
[32mI[16:09:03,222] [300-BroadcastApp]BroadcastApp:[m Exiting...
[32mI[16:09:03,223] [Thread-1]Main:[m Goodbye
