[32mI[16:03:49,579] [main]Main:[m Hello, I am 172.10.10.0:10000
[32mI[16:03:49,866] [main]BroadcastApp:[m Waiting...
[32mI[16:03:50,862] [100-CyclonMembership]CyclonMembership:[m Channel Metrics:
In channels:
Out channels:
[32mI[16:03:50,868] [100-CyclonMembership]CyclonMembership:[m Membership Metrics:
Membership: []
ProtocolMetrics{totalEvents=2, messagesIn=0, messagesFailed=0, messagesSent=0, timers=1, notifications=0, requests=0, replies=0, customChannelEvents=1}
[32mI[16:03:51,851] [100-CyclonMembership]CyclonMembership:[m Channel Metrics:
In channels:
Out channels:
[32mI[16:03:51,867] [100-CyclonMembership]CyclonMembership:[m Membership Metrics:
Membership: []
ProtocolMetrics{totalEvents=4, messagesIn=0, messagesFailed=0, messagesSent=0, timers=2, notifications=0, requests=0, replies=0, customChannelEvents=2}
[32mI[16:03:52,851] [100-CyclonMembership]CyclonMembership:[m Channel Metrics:
In channels:
Out channels:
[32mI[16:03:52,867] [100-CyclonMembership]CyclonMembership:[m Membership Metrics:
Membership: []
ProtocolMetrics{totalEvents=7, messagesIn=0, messagesFailed=0, messagesSent=0, timers=4, notifications=0, requests=0, replies=0, customChannelEvents=3}
[32mI[16:03:53,851] [100-CyclonMembership]CyclonMembership:[m Channel Metrics:
In channels:
Out channels:
[32mI[16:03:53,868] [100-CyclonMembership]CyclonMembership:[m Membership Metrics:
Membership: []
ProtocolMetrics{totalEvents=9, messagesIn=0, messagesFailed=0, messagesSent=0, timers=5, notifications=0, requests=0, replies=0, customChannelEvents=4}
[32mI[16:03:54,851] [100-CyclonMembership]CyclonMembership:[m Channel Metrics:
In channels:
Out channels:
[32mI[16:03:54,868] [100-CyclonMembership]CyclonMembership:[m Membership Metrics:
Membership: []
ProtocolMetrics{totalEvents=11, messagesIn=0, messagesFailed=0, messagesSent=0, timers=6, notifications=0, requests=0, replies=0, customChannelEvents=5}
[32mI[16:03:54,868] [300-BroadcastApp]BroadcastApp:[m Starting
[32mI[16:03:54,873] [300-BroadcastApp]BroadcastApp:[m Sending: c9920384-1e73-4336-84ed-02ff14a0c390 - GZMRMTXCOD (10)
[32mI[16:03:54,874] [300-BroadcastApp]BroadcastApp:[m Received c9920384-1e73-4336-84ed-02ff14a0c390 - GZMRMTXCOD (10) from 172.10.10.0:10000
[32mI[16:03:55,852] [100-CyclonMembership]CyclonMembership:[m Channel Metrics:
In channels:
Out channels:
[32mI[16:03:55,868] [100-CyclonMembership]CyclonMembership:[m Membership Metrics:
Membership: []
ProtocolMetrics{totalEvents=14, messagesIn=0, messagesFailed=0, messagesSent=0, timers=8, notifications=0, requests=0, replies=0, customChannelEvents=6}
[32mI[16:03:55,870] [300-BroadcastApp]BroadcastApp:[m Sending: d3ee3f15-7835-4cb9-a44a-15aaf9eb8480 - HRBJBTWPUB (10)
[32mI[16:03:55,871] [300-BroadcastApp]BroadcastApp:[m Received d3ee3f15-7835-4cb9-a44a-15aaf9eb8480 - HRBJBTWPUB (10) from 172.10.10.0:10000
[32mI[16:03:56,851] [100-CyclonMembership]CyclonMembership:[m Channel Metrics:
In channels:
Out channels:
[32mI[16:03:56,869] [100-CyclonMembership]CyclonMembership:[m Membership Metrics:
Membership: []
ProtocolMetrics{totalEvents=16, messagesIn=0, messagesFailed=0, messagesSent=0, timers=9, notifications=0, requests=0, replies=0, customChannelEvents=7}
[32mI[16:03:56,869] [300-BroadcastApp]BroadcastApp:[m Sending: d544ea95-8d2f-49f2-b6c0-b450217e68ed - XVWOVKARNH (10)
[32mI[16:03:56,869] [300-BroadcastApp]BroadcastApp:[m Received d544ea95-8d2f-49f2-b6c0-b450217e68ed - XVWOVKARNH (10) from 172.10.10.0:10000
[32mI[16:03:57,851] [100-CyclonMembership]CyclonMembership:[m Channel Metrics:
In channels:
Out channels:
[32mI[16:03:57,869] [100-CyclonMembership]CyclonMembership:[m Membership Metrics:
Membership: []
ProtocolMetrics{totalEvents=18, messagesIn=0, messagesFailed=0, messagesSent=0, timers=10, notifications=0, requests=0, replies=0, customChannelEvents=8}
[32mI[16:03:57,869] [300-BroadcastApp]BroadcastApp:[m Sending: fa1ffeb1-a024-45f8-b6d4-53812ca0c5a4 - LVOGWMVZLQ (10)
[32mI[16:03:57,870] [300-BroadcastApp]BroadcastApp:[m Received fa1ffeb1-a024-45f8-b6d4-53812ca0c5a4 - LVOGWMVZLQ (10) from 172.10.10.0:10000
[32mI[16:03:58,851] [100-CyclonMembership]CyclonMembership:[m Channel Metrics:
In channels:
Out channels:
[32mI[16:03:58,869] [100-CyclonMembership]CyclonMembership:[m Membership Metrics:
Membership: []
ProtocolMetrics{totalEvents=21, messagesIn=0, messagesFailed=0, messagesSent=0, timers=12, notifications=0, requests=0, replies=0, customChannelEvents=9}
[32mI[16:03:58,870] [300-BroadcastApp]BroadcastApp:[m Sending: 8977c018-0ab3-4785-8508-495a83179d77 - IABUCBVWKL (10)
[32mI[16:03:58,870] [300-BroadcastApp]BroadcastApp:[m Received 8977c018-0ab3-4785-8508-495a83179d77 - IABUCBVWKL (10) from 172.10.10.0:10000
[32mI[16:03:59,852] [100-CyclonMembership]CyclonMembership:[m Channel Metrics:
In channels:
Out channels:
[32mI[16:03:59,870] [100-CyclonMembership]CyclonMembership:[m Membership Metrics:
Membership: []
ProtocolMetrics{totalEvents=23, messagesIn=0, messagesFailed=0, messagesSent=0, timers=13, notifications=0, requests=0, replies=0, customChannelEvents=10}
[32mI[16:03:59,870] [300-BroadcastApp]BroadcastApp:[m Sending: 636ad60d-7f9c-462e-9e22-bf7cfe1951a5 - CNIFPLNSVR (10)
[32mI[16:03:59,871] [300-BroadcastApp]BroadcastApp:[m Received 636ad60d-7f9c-462e-9e22-bf7cfe1951a5 - CNIFPLNSVR (10) from 172.10.10.0:10000
[32mI[16:04:00,851] [100-CyclonMembership]CyclonMembership:[m Channel Metrics:
In channels:
Out channels:
[32mI[16:04:00,869] [100-CyclonMembership]CyclonMembership:[m Membership Metrics:
Membership: []
ProtocolMetrics{totalEvents=25, messagesIn=0, messagesFailed=0, messagesSent=0, timers=14, notifications=0, requests=0, replies=0, customChannelEvents=11}
[32mI[16:04:00,869] [300-BroadcastApp]BroadcastApp:[m Sending: 9e45016f-5754-4feb-a724-d7afd2a3c81b - XDPOCUBDCM (10)
[32mI[16:04:00,870] [300-BroadcastApp]BroadcastApp:[m Received 9e45016f-5754-4feb-a724-d7afd2a3c81b - XDPOCUBDCM (10) from 172.10.10.0:10000
[32mI[16:04:01,851] [100-CyclonMembership]CyclonMembership:[m Channel Metrics:
In channels:
Out channels:
[32mI[16:04:01,869] [100-CyclonMembership]CyclonMembership:[m Membership Metrics:
Membership: []
ProtocolMetrics{totalEvents=28, messagesIn=0, messagesFailed=0, messagesSent=0, timers=16, notifications=0, requests=0, replies=0, customChannelEvents=12}
[32mI[16:04:01,869] [300-BroadcastApp]BroadcastApp:[m Sending: 9cb45680-524b-4f50-9b69-293f3c8046d3 - STKMDDFUTO (10)
[32mI[16:04:01,870] [300-BroadcastApp]BroadcastApp:[m Received 9cb45680-524b-4f50-9b69-293f3c8046d3 - STKMDDFUTO (10) from 172.10.10.0:10000
[32mI[16:04:02,851] [100-CyclonMembership]CyclonMembership:[m Channel Metrics:
In channels:
Out channels:
[32mI[16:04:02,869] [100-CyclonMembership]CyclonMembership:[m Membership Metrics:
Membership: []
ProtocolMetrics{totalEvents=30, messagesIn=0, messagesFailed=0, messagesSent=0, timers=17, notifications=0, requests=0, replies=0, customChannelEvents=13}
[32mI[16:04:02,870] [300-BroadcastApp]BroadcastApp:[m Sending: 5c8bbac8-4775-4a55-8d64-e394236f0909 - RXSVASWOEA (10)
[32mI[16:04:02,870] [300-BroadcastApp]BroadcastApp:[m Received 5c8bbac8-4775-4a55-8d64-e394236f0909 - RXSVASWOEA (10) from 172.10.10.0:10000
[32mI[16:04:03,851] [100-CyclonMembership]CyclonMembership:[m Channel Metrics:
In channels:
Out channels:
[32mI[16:04:03,869] [100-CyclonMembership]CyclonMembership:[m Membership Metrics:
Membership: []
ProtocolMetrics{totalEvents=32, messagesIn=0, messagesFailed=0, messagesSent=0, timers=18, notifications=0, requests=0, replies=0, customChannelEvents=14}
[32mI[16:04:03,870] [300-BroadcastApp]BroadcastApp:[m Sending: b4899624-75a9-454f-a7f0-f78345d8cc85 - PVNHKVDESF (10)
[32mI[16:04:03,870] [300-BroadcastApp]BroadcastApp:[m Received b4899624-75a9-454f-a7f0-f78345d8cc85 - PVNHKVDESF (10) from 172.10.10.0:10000
[32mI[16:04:04,852] [100-CyclonMembership]CyclonMembership:[m Channel Metrics:
In channels:
Out channels:
[32mI[16:04:04,869] [100-CyclonMembership]CyclonMembership:[m Membership Metrics:
Membership: []
ProtocolMetrics{totalEvents=35, messagesIn=0, messagesFailed=0, messagesSent=0, timers=20, notifications=0, requests=0, replies=0, customChannelEvents=15}
[32mI[16:04:04,869] [300-BroadcastApp]BroadcastApp:[m Sending: 46551abf-c3a0-49d2-92d1-962efaf783d8 - OSZSLGGLYC (10)
[32mI[16:04:04,870] [300-BroadcastApp]BroadcastApp:[m Received 46551abf-c3a0-49d2-92d1-962efaf783d8 - OSZSLGGLYC (10) from 172.10.10.0:10000
[32mI[16:04:05,851] [100-CyclonMembership]CyclonMembership:[m Channel Metrics:
In channels:
Out channels:
[32mI[16:04:05,869] [100-CyclonMembership]CyclonMembership:[m Membership Metrics:
Membership: []
ProtocolMetrics{totalEvents=37, messagesIn=0, messagesFailed=0, messagesSent=0, timers=21, notifications=0, requests=0, replies=0, customChannelEvents=16}
[32mI[16:04:05,869] [300-BroadcastApp]BroadcastApp:[m Sending: 15df5930-8cfb-4200-a192-e69766c3dfe6 - WTPDNAHQVH (10)
[32mI[16:04:05,870] [300-BroadcastApp]BroadcastApp:[m Received 15df5930-8cfb-4200-a192-e69766c3dfe6 - WTPDNAHQVH (10) from 172.10.10.0:10000
[32mI[16:04:06,851] [100-CyclonMembership]CyclonMembership:[m Channel Metrics:
In channels:
Out channels:
[32mI[16:04:06,869] [100-CyclonMembership]CyclonMembership:[m Membership Metrics:
Membership: []
ProtocolMetrics{totalEvents=39, messagesIn=0, messagesFailed=0, messagesSent=0, timers=22, notifications=0, requests=0, replies=0, customChannelEvents=17}
[32mI[16:04:06,870] [300-BroadcastApp]BroadcastApp:[m Sending: f136bc53-d137-4ef3-a92c-fe846fa0fda0 - YVNFYTDMUB (10)
[32mI[16:04:06,870] [300-BroadcastApp]BroadcastApp:[m Received f136bc53-d137-4ef3-a92c-fe846fa0fda0 - YVNFYTDMUB (10) from 172.10.10.0:10000
[32mI[16:04:07,851] [100-CyclonMembership]CyclonMembership:[m Channel Metrics:
In channels:
Out channels:
[32mI[16:04:07,869] [100-CyclonMembership]CyclonMembership:[m Membership Metrics:
Membership: []
ProtocolMetrics{totalEvents=42, messagesIn=0, messagesFailed=0, messagesSent=0, timers=24, notifications=0, requests=0, replies=0, customChannelEvents=18}
[32mI[16:04:07,870] [300-BroadcastApp]BroadcastApp:[m Sending: ed6ee4bf-dd5b-404e-8a55-73e0674c995d - YEWWJZUUGX (10)
[32mI[16:04:07,870] [300-BroadcastApp]BroadcastApp:[m Received ed6ee4bf-dd5b-404e-8a55-73e0674c995d - YEWWJZUUGX (10) from 172.10.10.0:10000
[32mI[16:04:08,851] [100-CyclonMembership]CyclonMembership:[m Channel Metrics:
In channels:
Out channels:
[32mI[16:04:08,870] [100-CyclonMembership]CyclonMembership:[m Membership Metrics:
Membership: []
ProtocolMetrics{totalEvents=44, messagesIn=0, messagesFailed=0, messagesSent=0, timers=25, notifications=0, requests=0, replies=0, customChannelEvents=19}
[32mI[16:04:08,870] [300-BroadcastApp]BroadcastApp:[m Sending: 15cae341-3d27-49b0-acbc-439a9a37b588 - EJVEWTQVCE (10)
[32mI[16:04:08,871] [300-BroadcastApp]BroadcastApp:[m Received 15cae341-3d27-49b0-acbc-439a9a37b588 - EJVEWTQVCE (10) from 172.10.10.0:10000
[32mI[16:04:09,851] [100-CyclonMembership]CyclonMembership:[m Channel Metrics:
In channels:
Out channels:
[32mI[16:04:09,870] [100-CyclonMembership]CyclonMembership:[m Membership Metrics:
Membership: []
ProtocolMetrics{totalEvents=46, messagesIn=0, messagesFailed=0, messagesSent=0, timers=26, notifications=0, requests=0, replies=0, customChannelEvents=20}
[32mI[16:04:09,870] [300-BroadcastApp]BroadcastApp:[m Sending: 14629f3a-b278-432a-a130-d81f6432a905 - SJXTJOHZVG (10)
[32mI[16:04:09,870] [300-BroadcastApp]BroadcastApp:[m Received 14629f3a-b278-432a-a130-d81f6432a905 - SJXTJOHZVG (10) from 172.10.10.0:10000
[32mI[16:04:10,851] [100-CyclonMembership]CyclonMembership:[m Channel Metrics:
In channels:
Out channels:
[32mI[16:04:10,870] [100-CyclonMembership]CyclonMembership:[m Membership Metrics:
Membership: []
ProtocolMetrics{totalEvents=49, messagesIn=0, messagesFailed=0, messagesSent=0, timers=28, notifications=0, requests=0, replies=0, customChannelEvents=21}
[32mI[16:04:10,871] [300-BroadcastApp]BroadcastApp:[m Sending: b7752c90-7906-4adb-9cb3-1b86a70b14fb - VEXHJKJHKT (10)
[32mI[16:04:10,871] [300-BroadcastApp]BroadcastApp:[m Received b7752c90-7906-4adb-9cb3-1b86a70b14fb - VEXHJKJHKT (10) from 172.10.10.0:10000
[32mI[16:04:11,851] [100-CyclonMembership]CyclonMembership:[m Channel Metrics:
In channels:
Out channels:
[32mI[16:04:11,870] [100-CyclonMembership]CyclonMembership:[m Membership Metrics:
Membership: []
ProtocolMetrics{totalEvents=51, messagesIn=0, messagesFailed=0, messagesSent=0, timers=29, notifications=0, requests=0, replies=0, customChannelEvents=22}
[32mI[16:04:11,871] [300-BroadcastApp]BroadcastApp:[m Sending: 5a6f7791-20af-484b-a71b-b112041aa2a2 - EXQIJOGRQI (10)
[32mI[16:04:11,871] [300-BroadcastApp]BroadcastApp:[m Received 5a6f7791-20af-484b-a71b-b112041aa2a2 - EXQIJOGRQI (10) from 172.10.10.0:10000
[32mI[16:04:12,851] [100-CyclonMembership]CyclonMembership:[m Channel Metrics:
In channels:
Out channels:
[32mI[16:04:12,871] [100-CyclonMembership]CyclonMembership:[m Membership Metrics:
Membership: []
ProtocolMetrics{totalEvents=53, messagesIn=0, messagesFailed=0, messagesSent=0, timers=30, notifications=0, requests=0, replies=0, customChannelEvents=23}
[32mI[16:04:12,871] [300-BroadcastApp]BroadcastApp:[m Sending: 84c2751a-a358-4b23-9358-9453fb65c4d0 - SCANNDYTDP (10)
[32mI[16:04:12,871] [300-BroadcastApp]BroadcastApp:[m Received 84c2751a-a358-4b23-9358-9453fb65c4d0 - SCANNDYTDP (10) from 172.10.10.0:10000
[32mI[16:04:13,851] [100-CyclonMembership]CyclonMembership:[m Channel Metrics:
In channels:
Out channels:
[32mI[16:04:13,870] [100-CyclonMembership]CyclonMembership:[m Membership Metrics:
Membership: []
ProtocolMetrics{totalEvents=56, messagesIn=0, messagesFailed=0, messagesSent=0, timers=32, notifications=0, requests=0, replies=0, customChannelEvents=24}
[32mI[16:04:13,870] [300-BroadcastApp]BroadcastApp:[m Sending: 88fc8088-fd9a-4260-aff7-bcaf49d825d3 - HBRSOOJPTM (10)
[32mI[16:04:13,871] [300-BroadcastApp]BroadcastApp:[m Received 88fc8088-fd9a-4260-aff7-bcaf49d825d3 - HBRSOOJPTM (10) from 172.10.10.0:10000
[32mI[16:04:14,851] [100-CyclonMembership]CyclonMembership:[m Channel Metrics:
In channels:
Out channels:
[32mI[16:04:14,870] [100-CyclonMembership]CyclonMembership:[m Membership Metrics:
Membership: []
ProtocolMetrics{totalEvents=58, messagesIn=0, messagesFailed=0, messagesSent=0, timers=33, notifications=0, requests=0, replies=0, customChannelEvents=25}
[32mI[16:04:14,870] [300-BroadcastApp]BroadcastApp:[m Sending: 68ce9e3d-99a0-4fa7-baf8-7dfd44d5027b - YHZHUZSLXP (10)
[32mI[16:04:14,871] [300-BroadcastApp]BroadcastApp:[m Received 68ce9e3d-99a0-4fa7-baf8-7dfd44d5027b - YHZHUZSLXP (10) from 172.10.10.0:10000
[32mI[16:04:15,851] [100-CyclonMembership]CyclonMembership:[m Channel Metrics:
In channels:
Out channels:
[32mI[16:04:15,870] [100-CyclonMembership]CyclonMembership:[m Membership Metrics:
Membership: []
ProtocolMetrics{totalEvents=60, messagesIn=0, messagesFailed=0, messagesSent=0, timers=34, notifications=0, requests=0, replies=0, customChannelEvents=26}
[32mI[16:04:15,870] [300-BroadcastApp]BroadcastApp:[m Sending: 8948bb1e-6fb4-4cdd-8aa8-6b86d2c4cc62 - BOETWIUXWL (10)
[32mI[16:04:15,871] [300-BroadcastApp]BroadcastApp:[m Received 8948bb1e-6fb4-4cdd-8aa8-6b86d2c4cc62 - BOETWIUXWL (10) from 172.10.10.0:10000
[32mI[16:04:16,851] [100-CyclonMembership]CyclonMembership:[m Channel Metrics:
In channels:
Out channels:
[32mI[16:04:16,870] [100-CyclonMembership]CyclonMembership:[m Membership Metrics:
Membership: []
ProtocolMetrics{totalEvents=63, messagesIn=0, messagesFailed=0, messagesSent=0, timers=36, notifications=0, requests=0, replies=0, customChannelEvents=27}
[32mI[16:04:16,871] [300-BroadcastApp]BroadcastApp:[m Sending: ae0ae878-9320-44a1-a604-473bb7f1ea10 - JPIQGGWNLB (10)
[32mI[16:04:16,871] [300-BroadcastApp]BroadcastApp:[m Received ae0ae878-9320-44a1-a604-473bb7f1ea10 - JPIQGGWNLB (10) from 172.10.10.0:10000
[32mI[16:04:17,851] [100-CyclonMembership]CyclonMembership:[m Channel Metrics:
In channels:
Out channels:
[32mI[16:04:17,871] [100-CyclonMembership]CyclonMembership:[m Membership Metrics:
Membership: []
ProtocolMetrics{totalEvents=65, messagesIn=0, messagesFailed=0, messagesSent=0, timers=37, notifications=0, requests=0, replies=0, customChannelEvents=28}
[32mI[16:04:17,871] [300-BroadcastApp]BroadcastApp:[m Sending: 70059ebb-da36-4533-9aad-bdd8fbc22e52 - WMFLDZFPHJ (10)
[32mI[16:04:17,871] [300-BroadcastApp]BroadcastApp:[m Received 70059ebb-da36-4533-9aad-bdd8fbc22e52 - WMFLDZFPHJ (10) from 172.10.10.0:10000
[32mI[16:04:18,851] [100-CyclonMembership]CyclonMembership:[m Channel Metrics:
In channels:
Out channels:
[32mI[16:04:18,871] [100-CyclonMembership]CyclonMembership:[m Membership Metrics:
Membership: []
ProtocolMetrics{totalEvents=67, messagesIn=0, messagesFailed=0, messagesSent=0, timers=38, notifications=0, requests=0, replies=0, customChannelEvents=29}
[32mI[16:04:18,871] [300-BroadcastApp]BroadcastApp:[m Sending: 40460c10-5ce6-421a-ac13-e433e10e82ae - HOQGJOETBM (10)
[32mI[16:04:18,872] [300-BroadcastApp]BroadcastApp:[m Received 40460c10-5ce6-421a-ac13-e433e10e82ae - HOQGJOETBM (10) from 172.10.10.0:10000
[32mI[16:04:19,851] [100-CyclonMembership]CyclonMembership:[m Channel Metrics:
In channels:
Out channels:
[32mI[16:04:19,871] [100-CyclonMembership]CyclonMembership:[m Membership Metrics:
Membership: []
ProtocolMetrics{totalEvents=70, messagesIn=0, messagesFailed=0, messagesSent=0, timers=40, notifications=0, requests=0, replies=0, customChannelEvents=30}
[32mI[16:04:19,871] [300-BroadcastApp]BroadcastApp:[m Sending: 1038f887-2ca1-4cf4-b857-2187103e1bf9 - ANSMVTLOUA (10)
[32mI[16:04:19,872] [300-BroadcastApp]BroadcastApp:[m Received 1038f887-2ca1-4cf4-b857-2187103e1bf9 - ANSMVTLOUA (10) from 172.10.10.0:10000
[32mI[16:04:20,851] [100-CyclonMembership]CyclonMembership:[m Channel Metrics:
In channels:
Out channels:
[32mI[16:04:20,871] [100-CyclonMembership]CyclonMembership:[m Membership Metrics:
Membership: []
ProtocolMetrics{totalEvents=72, messagesIn=0, messagesFailed=0, messagesSent=0, timers=41, notifications=0, requests=0, replies=0, customChannelEvents=31}
[32mI[16:04:20,872] [300-BroadcastApp]BroadcastApp:[m Sending: 242959dc-7ff0-4c2b-8222-cf4c68e1b886 - HINQJCHAIK (10)
[32mI[16:04:20,872] [300-BroadcastApp]BroadcastApp:[m Received 242959dc-7ff0-4c2b-8222-cf4c68e1b886 - HINQJCHAIK (10) from 172.10.10.0:10000
[32mI[16:04:21,851] [100-CyclonMembership]CyclonMembership:[m Channel Metrics:
In channels:
Out channels:
[32mI[16:04:21,871] [100-CyclonMembership]CyclonMembership:[m Membership Metrics:
Membership: []
ProtocolMetrics{totalEvents=74, messagesIn=0, messagesFailed=0, messagesSent=0, timers=42, notifications=0, requests=0, replies=0, customChannelEvents=32}
[32mI[16:04:21,872] [300-BroadcastApp]BroadcastApp:[m Sending: 47be4269-114c-44e1-bff1-c47256adc27d - IIDJQYOMYC (10)
[32mI[16:04:21,872] [300-BroadcastApp]BroadcastApp:[m Received 47be4269-114c-44e1-bff1-c47256adc27d - IIDJQYOMYC (10) from 172.10.10.0:10000
[32mI[16:04:22,851] [100-CyclonMembership]CyclonMembership:[m Channel Metrics:
In channels:
Out channels:
[32mI[16:04:22,872] [300-BroadcastApp]BroadcastApp:[m Sending: 101b64b3-60e1-40c9-80d5-86bf98e3c21f - YJOVEBGLDE (10)
[32mI[16:04:22,872] [100-CyclonMembership]CyclonMembership:[m Membership Metrics:
Membership: []
ProtocolMetrics{totalEvents=77, messagesIn=0, messagesFailed=0, messagesSent=0, timers=44, notifications=0, requests=0, replies=0, customChannelEvents=33}
[32mI[16:04:22,872] [300-BroadcastApp]BroadcastApp:[m Received 101b64b3-60e1-40c9-80d5-86bf98e3c21f - YJOVEBGLDE (10) from 172.10.10.0:10000
[32mI[16:04:23,852] [100-CyclonMembership]CyclonMembership:[m Channel Metrics:
In channels:
Out channels:
[32mI[16:04:23,872] [100-CyclonMembership]CyclonMembership:[m Membership Metrics:
Membership: []
ProtocolMetrics{totalEvents=79, messagesIn=0, messagesFailed=0, messagesSent=0, timers=45, notifications=0, requests=0, replies=0, customChannelEvents=34}
[32mI[16:04:23,872] [300-BroadcastApp]BroadcastApp:[m Sending: cd73a1ec-b22d-4403-8829-1e1c21ae173d - COTRBODINR (10)
[32mI[16:04:23,873] [300-BroadcastApp]BroadcastApp:[m Received cd73a1ec-b22d-4403-8829-1e1c21ae173d - COTRBODINR (10) from 172.10.10.0:10000
[32mI[16:04:24,851] [100-CyclonMembership]CyclonMembership:[m Channel Metrics:
In channels:
Out channels:
[32mI[16:04:24,872] [100-CyclonMembership]CyclonMembership:[m Membership Metrics:
Membership: []
ProtocolMetrics{totalEvents=81, messagesIn=0, messagesFailed=0, messagesSent=0, timers=46, notifications=0, requests=0, replies=0, customChannelEvents=35}
[32mI[16:04:24,872] [300-BroadcastApp]BroadcastApp:[m Sending: 6ad0db62-b771-4314-aab3-9b12372c4e86 - NDYHTFACVI (10)
[32mI[16:04:24,873] [300-BroadcastApp]BroadcastApp:[m Received 6ad0db62-b771-4314-aab3-9b12372c4e86 - NDYHTFACVI (10) from 172.10.10.0:10000
[32mI[16:04:25,851] [100-CyclonMembership]CyclonMembership:[m Channel Metrics:
In channels:
Out channels:
[32mI[16:04:25,873] [100-CyclonMembership]CyclonMembership:[m Membership Metrics:
Membership: []
ProtocolMetrics{totalEvents=84, messagesIn=0, messagesFailed=0, messagesSent=0, timers=48, notifications=0, requests=0, replies=0, customChannelEvents=36}
[32mI[16:04:25,873] [300-BroadcastApp]BroadcastApp:[m Sending: 1001d5ad-4236-4f83-b57c-401e44d33f6e - HVRXFBJDDM (10)
[32mI[16:04:25,873] [300-BroadcastApp]BroadcastApp:[m Received 1001d5ad-4236-4f83-b57c-401e44d33f6e - HVRXFBJDDM (10) from 172.10.10.0:10000
[32mI[16:04:26,851] [100-CyclonMembership]CyclonMembership:[m Channel Metrics:
In channels:
Out channels:
[32mI[16:04:26,873] [100-CyclonMembership]CyclonMembership:[m Membership Metrics:
Membership: []
ProtocolMetrics{totalEvents=86, messagesIn=0, messagesFailed=0, messagesSent=0, timers=49, notifications=0, requests=0, replies=0, customChannelEvents=37}
[32mI[16:04:26,873] [300-BroadcastApp]BroadcastApp:[m Sending: 6243c154-401b-4537-ad2e-7c74f40efd87 - DMTINXCQWO (10)
[32mI[16:04:26,873] [300-BroadcastApp]BroadcastApp:[m Received 6243c154-401b-4537-ad2e-7c74f40efd87 - DMTINXCQWO (10) from 172.10.10.0:10000
[32mI[16:04:27,851] [100-CyclonMembership]CyclonMembership:[m Channel Metrics:
In channels:
Out channels:
[32mI[16:04:27,872] [100-CyclonMembership]CyclonMembership:[m Membership Metrics:
Membership: []
ProtocolMetrics{totalEvents=88, messagesIn=0, messagesFailed=0, messagesSent=0, timers=50, notifications=0, requests=0, replies=0, customChannelEvents=38}
[32mI[16:04:27,873] [300-BroadcastApp]BroadcastApp:[m Sending: 9bc09af5-0682-4b82-9a8b-0ab860afc77c - PMATMCXLAB (10)
[32mI[16:04:27,873] [300-BroadcastApp]BroadcastApp:[m Received 9bc09af5-0682-4b82-9a8b-0ab860afc77c - PMATMCXLAB (10) from 172.10.10.0:10000
[32mI[16:04:28,851] [100-CyclonMembership]CyclonMembership:[m Channel Metrics:
In channels:
Out channels:
[32mI[16:04:28,872] [100-CyclonMembership]CyclonMembership:[m Membership Metrics:
Membership: []
ProtocolMetrics{totalEvents=91, messagesIn=0, messagesFailed=0, messagesSent=0, timers=52, notifications=0, requests=0, replies=0, customChannelEvents=39}
[32mI[16:04:28,874] [300-BroadcastApp]BroadcastApp:[m Sending: 3065007d-7cdb-431e-8687-49d94cfd1463 - RFAEYTTMQP (10)
[32mI[16:04:28,874] [300-BroadcastApp]BroadcastApp:[m Received 3065007d-7cdb-431e-8687-49d94cfd1463 - RFAEYTTMQP (10) from 172.10.10.0:10000
[32mI[16:04:29,851] [100-CyclonMembership]CyclonMembership:[m Channel Metrics:
In channels:
Out channels:
[32mI[16:04:29,873] [100-CyclonMembership]CyclonMembership:[m Membership Metrics:
Membership: []
ProtocolMetrics{totalEvents=93, messagesIn=0, messagesFailed=0, messagesSent=0, timers=53, notifications=0, requests=0, replies=0, customChannelEvents=40}
[32mI[16:04:29,874] [300-BroadcastApp]BroadcastApp:[m Sending: e5edb977-2181-4f84-bac4-c111dc0074da - QPQELUKKSU (10)
[32mI[16:04:29,874] [300-BroadcastApp]BroadcastApp:[m Received e5edb977-2181-4f84-bac4-c111dc0074da - QPQELUKKSU (10) from 172.10.10.0:10000
[32mI[16:04:30,851] [100-CyclonMembership]CyclonMembership:[m Channel Metrics:
In channels:
Out channels:
[32mI[16:04:30,872] [100-CyclonMembership]CyclonMembership:[m Membership Metrics:
Membership: []
ProtocolMetrics{totalEvents=95, messagesIn=0, messagesFailed=0, messagesSent=0, timers=54, notifications=0, requests=0, replies=0, customChannelEvents=41}
[32mI[16:04:30,874] [300-BroadcastApp]BroadcastApp:[m Sending: e4c157bf-3d67-417f-bb18-ae684bf40fec - LPKNLDAKWL (10)
[32mI[16:04:30,875] [300-BroadcastApp]BroadcastApp:[m Received e4c157bf-3d67-417f-bb18-ae684bf40fec - LPKNLDAKWL (10) from 172.10.10.0:10000
[32mI[16:04:31,851] [100-CyclonMembership]CyclonMembership:[m Channel Metrics:
In channels:
Out channels:
[32mI[16:04:31,872] [100-CyclonMembership]CyclonMembership:[m Membership Metrics:
Membership: []
ProtocolMetrics{totalEvents=98, messagesIn=0, messagesFailed=0, messagesSent=0, timers=56, notifications=0, requests=0, replies=0, customChannelEvents=42}
[32mI[16:04:31,875] [300-BroadcastApp]BroadcastApp:[m Sending: 4b8bce48-c603-4c41-95e9-92cec1f3e257 - AYWCSZIMAC (10)
[32mI[16:04:31,875] [300-BroadcastApp]BroadcastApp:[m Received 4b8bce48-c603-4c41-95e9-92cec1f3e257 - AYWCSZIMAC (10) from 172.10.10.0:10000
[32mI[16:04:32,851] [100-CyclonMembership]CyclonMembership:[m Channel Metrics:
In channels:
Out channels:
[32mI[16:04:32,872] [100-CyclonMembership]CyclonMembership:[m Membership Metrics:
Membership: []
ProtocolMetrics{totalEvents=100, messagesIn=0, messagesFailed=0, messagesSent=0, timers=57, notifications=0, requests=0, replies=0, customChannelEvents=43}
[32mI[16:04:32,875] [300-BroadcastApp]BroadcastApp:[m Sending: 96e2c1ff-6d45-4351-8a95-eb8a3bfdea5a - VQUPRMFLWI (10)
[32mI[16:04:32,875] [300-BroadcastApp]BroadcastApp:[m Received 96e2c1ff-6d45-4351-8a95-eb8a3bfdea5a - VQUPRMFLWI (10) from 172.10.10.0:10000
[32mI[16:04:33,852] [100-CyclonMembership]CyclonMembership:[m Channel Metrics:
In channels:
Out channels:
[32mI[16:04:33,873] [100-CyclonMembership]CyclonMembership:[m Membership Metrics:
Membership: []
ProtocolMetrics{totalEvents=102, messagesIn=0, messagesFailed=0, messagesSent=0, timers=58, notifications=0, requests=0, replies=0, customChannelEvents=44}
[32mI[16:04:33,874] [300-BroadcastApp]BroadcastApp:[m Sending: 60e03f6e-67dc-4304-8e7e-35a3c52ce859 - VVURZVIZQK (10)
[32mI[16:04:33,875] [300-BroadcastApp]BroadcastApp:[m Received 60e03f6e-67dc-4304-8e7e-35a3c52ce859 - VVURZVIZQK (10) from 172.10.10.0:10000
[32mI[16:04:34,851] [100-CyclonMembership]CyclonMembership:[m Channel Metrics:
In channels:
Out channels:
[32mI[16:04:34,873] [100-CyclonMembership]CyclonMembership:[m Membership Metrics:
Membership: []
ProtocolMetrics{totalEvents=105, messagesIn=0, messagesFailed=0, messagesSent=0, timers=60, notifications=0, requests=0, replies=0, customChannelEvents=45}
[32mI[16:04:34,874] [300-BroadcastApp]BroadcastApp:[m Sending: d1a0c2be-77a4-4623-8383-1daef2a1a3b3 - MZWKJMHGAA (10)
[32mI[16:04:34,875] [300-BroadcastApp]BroadcastApp:[m Received d1a0c2be-77a4-4623-8383-1daef2a1a3b3 - MZWKJMHGAA (10) from 172.10.10.0:10000
[32mI[16:04:35,851] [100-CyclonMembership]CyclonMembership:[m Channel Metrics:
In channels:
Out channels:
[32mI[16:04:35,873] [100-CyclonMembership]CyclonMembership:[m Membership Metrics:
Membership: []
ProtocolMetrics{totalEvents=107, messagesIn=0, messagesFailed=0, messagesSent=0, timers=61, notifications=0, requests=0, replies=0, customChannelEvents=46}
[32mI[16:04:35,875] [300-BroadcastApp]BroadcastApp:[m Sending: 94b3e723-dbe3-46f4-b985-d66938da6268 - XMWWALIVKH (10)
[32mI[16:04:35,875] [300-BroadcastApp]BroadcastApp:[m Received 94b3e723-dbe3-46f4-b985-d66938da6268 - XMWWALIVKH (10) from 172.10.10.0:10000
[32mI[16:04:36,851] [100-CyclonMembership]CyclonMembership:[m Channel Metrics:
In channels:
Out channels:
[32mI[16:04:36,874] [100-CyclonMembership]CyclonMembership:[m Membership Metrics:
Membership: []
ProtocolMetrics{totalEvents=109, messagesIn=0, messagesFailed=0, messagesSent=0, timers=62, notifications=0, requests=0, replies=0, customChannelEvents=47}
[32mI[16:04:36,874] [300-BroadcastApp]BroadcastApp:[m Sending: 86287e94-f263-4266-8d84-115efedd2052 - YDDFHAXVVE (10)
[32mI[16:04:36,874] [300-BroadcastApp]BroadcastApp:[m Received 86287e94-f263-4266-8d84-115efedd2052 - YDDFHAXVVE (10) from 172.10.10.0:10000
[32mI[16:04:37,851] [100-CyclonMembership]CyclonMembership:[m Channel Metrics:
In channels:
Out channels:
[32mI[16:04:37,873] [100-CyclonMembership]CyclonMembership:[m Membership Metrics:
Membership: []
ProtocolMetrics{totalEvents=112, messagesIn=0, messagesFailed=0, messagesSent=0, timers=64, notifications=0, requests=0, replies=0, customChannelEvents=48}
[32mI[16:04:37,874] [300-BroadcastApp]BroadcastApp:[m Sending: f380e23a-7adc-4f0e-ae25-b1804898f2c2 - UKJRFZVXUE (10)
[32mI[16:04:37,875] [300-BroadcastApp]BroadcastApp:[m Received f380e23a-7adc-4f0e-ae25-b1804898f2c2 - UKJRFZVXUE (10) from 172.10.10.0:10000
[32mI[16:04:38,851] [100-CyclonMembership]CyclonMembership:[m Channel Metrics:
In channels:
Out channels:
[32mI[16:04:38,873] [100-CyclonMembership]CyclonMembership:[m Membership Metrics:
Membership: []
ProtocolMetrics{totalEvents=114, messagesIn=0, messagesFailed=0, messagesSent=0, timers=65, notifications=0, requests=0, replies=0, customChannelEvents=49}
[32mI[16:04:38,874] [300-BroadcastApp]BroadcastApp:[m Sending: e599eb46-1c68-4a7a-aa48-3c860d7bede9 - DOUKBDAVMX (10)
[32mI[16:04:38,875] [300-BroadcastApp]BroadcastApp:[m Received e599eb46-1c68-4a7a-aa48-3c860d7bede9 - DOUKBDAVMX (10) from 172.10.10.0:10000
[32mI[16:04:39,851] [100-CyclonMembership]CyclonMembership:[m Channel Metrics:
In channels:
Out channels:
[32mI[16:04:39,873] [100-CyclonMembership]CyclonMembership:[m Membership Metrics:
Membership: []
ProtocolMetrics{totalEvents=116, messagesIn=0, messagesFailed=0, messagesSent=0, timers=66, notifications=0, requests=0, replies=0, customChannelEvents=50}
[32mI[16:04:39,875] [300-BroadcastApp]BroadcastApp:[m Sending: c5405caf-aea0-4e1e-b876-12149dc86805 - BKFUHQNGYM (10)
[32mI[16:04:39,875] [300-BroadcastApp]BroadcastApp:[m Received c5405caf-aea0-4e1e-b876-12149dc86805 - BKFUHQNGYM (10) from 172.10.10.0:10000
[32mI[16:04:40,851] [100-CyclonMembership]CyclonMembership:[m Channel Metrics:
In channels:
Out channels:
[32mI[16:04:40,873] [100-CyclonMembership]CyclonMembership:[m Membership Metrics:
Membership: []
ProtocolMetrics{totalEvents=119, messagesIn=0, messagesFailed=0, messagesSent=0, timers=68, notifications=0, requests=0, replies=0, customChannelEvents=51}
[32mI[16:04:40,874] [300-BroadcastApp]BroadcastApp:[m Sending: de4344f4-fcb0-48ad-833d-dbb013021712 - NCGOYGXDNP (10)
[32mI[16:04:40,875] [300-BroadcastApp]BroadcastApp:[m Received de4344f4-fcb0-48ad-833d-dbb013021712 - NCGOYGXDNP (10) from 172.10.10.0:10000
[32mI[16:04:41,851] [100-CyclonMembership]CyclonMembership:[m Channel Metrics:
In channels:
Out channels:
[32mI[16:04:41,873] [100-CyclonMembership]CyclonMembership:[m Membership Metrics:
Membership: []
ProtocolMetrics{totalEvents=121, messagesIn=0, messagesFailed=0, messagesSent=0, timers=69, notifications=0, requests=0, replies=0, customChannelEvents=52}
[32mI[16:04:41,875] [300-BroadcastApp]BroadcastApp:[m Sending: a480fd7e-363c-4467-8e09-dc2071417c98 - ZQKPPMDJOF (10)
[32mI[16:04:41,875] [300-BroadcastApp]BroadcastApp:[m Received a480fd7e-363c-4467-8e09-dc2071417c98 - ZQKPPMDJOF (10) from 172.10.10.0:10000
[32mI[16:04:42,851] [100-CyclonMembership]CyclonMembership:[m Channel Metrics:
In channels:
Out channels:
[32mI[16:04:42,873] [100-CyclonMembership]CyclonMembership:[m Membership Metrics:
Membership: []
ProtocolMetrics{totalEvents=123, messagesIn=0, messagesFailed=0, messagesSent=0, timers=70, notifications=0, requests=0, replies=0, customChannelEvents=53}
[32mI[16:04:42,875] [300-BroadcastApp]BroadcastApp:[m Sending: 6d11d1e4-7520-481e-b725-1cdc032e5419 - MXFCSOHWUJ (10)
[32mI[16:04:42,875] [300-BroadcastApp]BroadcastApp:[m Received 6d11d1e4-7520-481e-b725-1cdc032e5419 - MXFCSOHWUJ (10) from 172.10.10.0:10000
[32mI[16:04:43,851] [100-CyclonMembership]CyclonMembership:[m Channel Metrics:
In channels:
Out channels:
[32mI[16:04:43,873] [100-CyclonMembership]CyclonMembership:[m Membership Metrics:
Membership: []
ProtocolMetrics{totalEvents=126, messagesIn=0, messagesFailed=0, messagesSent=0, timers=72, notifications=0, requests=0, replies=0, customChannelEvents=54}
[32mI[16:04:43,874] [300-BroadcastApp]BroadcastApp:[m Sending: ad42222b-0877-442e-a45f-eea4f7a64896 - UVVVPCQXDC (10)
[32mI[16:04:43,875] [300-BroadcastApp]BroadcastApp:[m Received ad42222b-0877-442e-a45f-eea4f7a64896 - UVVVPCQXDC (10) from 172.10.10.0:10000
[32mI[16:04:44,851] [100-CyclonMembership]CyclonMembership:[m Channel Metrics:
In channels:
Out channels:
[32mI[16:04:44,873] [100-CyclonMembership]CyclonMembership:[m Membership Metrics:
Membership: []
ProtocolMetrics{totalEvents=128, messagesIn=0, messagesFailed=0, messagesSent=0, timers=73, notifications=0, requests=0, replies=0, customChannelEvents=55}
[32mI[16:04:44,875] [300-BroadcastApp]BroadcastApp:[m Sending: 92951736-de6d-4361-8e44-8902b45c7d93 - ONDVSHOWOB (10)
[32mI[16:04:44,875] [300-BroadcastApp]BroadcastApp:[m Received 92951736-de6d-4361-8e44-8902b45c7d93 - ONDVSHOWOB (10) from 172.10.10.0:10000
[32mI[16:04:45,851] [100-CyclonMembership]CyclonMembership:[m Channel Metrics:
In channels:
Out channels:
[32mI[16:04:45,873] [100-CyclonMembership]CyclonMembership:[m Membership Metrics:
Membership: []
ProtocolMetrics{totalEvents=130, messagesIn=0, messagesFailed=0, messagesSent=0, timers=74, notifications=0, requests=0, replies=0, customChannelEvents=56}
[32mI[16:04:45,875] [300-BroadcastApp]BroadcastApp:[m Sending: 100e86c2-8fd2-4cb7-8dbc-520db4c4aff1 - XWCDWFQENA (10)
[32mI[16:04:45,875] [300-BroadcastApp]BroadcastApp:[m Received 100e86c2-8fd2-4cb7-8dbc-520db4c4aff1 - XWCDWFQENA (10) from 172.10.10.0:10000
[32mI[16:04:46,851] [100-CyclonMembership]CyclonMembership:[m Channel Metrics:
In channels:
Out channels:
[32mI[16:04:46,873] [100-CyclonMembership]CyclonMembership:[m Membership Metrics:
Membership: []
ProtocolMetrics{totalEvents=133, messagesIn=0, messagesFailed=0, messagesSent=0, timers=76, notifications=0, requests=0, replies=0, customChannelEvents=57}
[32mI[16:04:46,874] [300-BroadcastApp]BroadcastApp:[m Sending: c2bc3161-766c-4851-bb67-3e20c762e98f - OAGBNBAMBN (10)
[32mI[16:04:46,874] [300-BroadcastApp]BroadcastApp:[m Received c2bc3161-766c-4851-bb67-3e20c762e98f - OAGBNBAMBN (10) from 172.10.10.0:10000
[32mI[16:04:47,851] [100-CyclonMembership]CyclonMembership:[m Channel Metrics:
In channels:
Out channels:
[32mI[16:04:47,873] [100-CyclonMembership]CyclonMembership:[m Membership Metrics:
Membership: []
ProtocolMetrics{totalEvents=135, messagesIn=0, messagesFailed=0, messagesSent=0, timers=77, notifications=0, requests=0, replies=0, customChannelEvents=58}
[32mI[16:04:47,874] [300-BroadcastApp]BroadcastApp:[m Sending: 75674140-edb5-471d-8ee9-4029565111ea - WYQGVDETNZ (10)
[32mI[16:04:47,875] [300-BroadcastApp]BroadcastApp:[m Received 75674140-edb5-471d-8ee9-4029565111ea - WYQGVDETNZ (10) from 172.10.10.0:10000
[32mI[16:04:48,851] [100-CyclonMembership]CyclonMembership:[m Channel Metrics:
In channels:
Out channels:
[32mI[16:04:48,873] [100-CyclonMembership]CyclonMembership:[m Membership Metrics:
Membership: []
ProtocolMetrics{totalEvents=137, messagesIn=0, messagesFailed=0, messagesSent=0, timers=78, notifications=0, requests=0, replies=0, customChannelEvents=59}
[32mI[16:04:48,875] [300-BroadcastApp]BroadcastApp:[m Sending: 0f9f9590-ef40-4113-a764-1e5b2977e207 - LVCBECKPKL (10)
[32mI[16:04:48,875] [300-BroadcastApp]BroadcastApp:[m Received 0f9f9590-ef40-4113-a764-1e5b2977e207 - LVCBECKPKL (10) from 172.10.10.0:10000
[32mI[16:04:49,851] [100-CyclonMembership]CyclonMembership:[m Channel Metrics:
In channels:
Out channels:
[32mI[16:04:49,874] [100-CyclonMembership]CyclonMembership:[m Membership Metrics:
Membership: []
ProtocolMetrics{totalEvents=140, messagesIn=0, messagesFailed=0, messagesSent=0, timers=80, notifications=0, requests=0, replies=0, customChannelEvents=60}
[32mI[16:04:49,874] [300-BroadcastApp]BroadcastApp:[m Sending: 0ac2a716-3965-44ae-96b0-3d0cf1a5b867 - RQFFFHABYD (10)
[32mI[16:04:49,874] [300-BroadcastApp]BroadcastApp:[m Received 0ac2a716-3965-44ae-96b0-3d0cf1a5b867 - RQFFFHABYD (10) from 172.10.10.0:10000
[32mI[16:04:50,851] [100-CyclonMembership]CyclonMembership:[m Channel Metrics:
In channels:
Out channels:
[32mI[16:04:50,874] [100-CyclonMembership]CyclonMembership:[m Membership Metrics:
Membership: []
ProtocolMetrics{totalEvents=142, messagesIn=0, messagesFailed=0, messagesSent=0, timers=81, notifications=0, requests=0, replies=0, customChannelEvents=61}
[32mI[16:04:50,874] [300-BroadcastApp]BroadcastApp:[m Sending: 96f02f21-2ee9-4bae-835a-6c52b02d7b42 - HNPNGFNCZL (10)
[32mI[16:04:50,875] [300-BroadcastApp]BroadcastApp:[m Received 96f02f21-2ee9-4bae-835a-6c52b02d7b42 - HNPNGFNCZL (10) from 172.10.10.0:10000
[32mI[16:04:51,851] [100-CyclonMembership]CyclonMembership:[m Channel Metrics:
In channels:
Out channels:
[32mI[16:04:51,874] [100-CyclonMembership]CyclonMembership:[m Membership Metrics:
Membership: []
ProtocolMetrics{totalEvents=144, messagesIn=0, messagesFailed=0, messagesSent=0, timers=82, notifications=0, requests=0, replies=0, customChannelEvents=62}
[32mI[16:04:51,874] [300-BroadcastApp]BroadcastApp:[m Sending: f0dfff33-0022-4f7e-9827-dfcc1d3ccf48 - VOANAGCCSB (10)
[32mI[16:04:51,875] [300-BroadcastApp]BroadcastApp:[m Received f0dfff33-0022-4f7e-9827-dfcc1d3ccf48 - VOANAGCCSB (10) from 172.10.10.0:10000
[32mI[16:04:52,851] [100-CyclonMembership]CyclonMembership:[m Channel Metrics:
In channels:
Out channels:
[32mI[16:04:52,874] [100-CyclonMembership]CyclonMembership:[m Membership Metrics:
Membership: []
ProtocolMetrics{totalEvents=147, messagesIn=0, messagesFailed=0, messagesSent=0, timers=84, notifications=0, requests=0, replies=0, customChannelEvents=63}
[32mI[16:04:52,874] [300-BroadcastApp]BroadcastApp:[m Sending: 97498597-7848-474c-bfdf-385642d611f6 - HYUHIXKMVW (10)
[32mI[16:04:52,875] [300-BroadcastApp]BroadcastApp:[m Received 97498597-7848-474c-bfdf-385642d611f6 - HYUHIXKMVW (10) from 172.10.10.0:10000
[32mI[16:04:53,852] [100-CyclonMembership]CyclonMembership:[m Channel Metrics:
In channels:
Out channels:
[32mI[16:04:53,875] [100-CyclonMembership]CyclonMembership:[m Membership Metrics:
Membership: []
ProtocolMetrics{totalEvents=149, messagesIn=0, messagesFailed=0, messagesSent=0, timers=85, notifications=0, requests=0, replies=0, customChannelEvents=64}
[32mI[16:04:53,875] [300-BroadcastApp]BroadcastApp:[m Sending: 1879eb9a-b79d-4c6b-96d2-e83d6417d6ee - OAQFHVHLQG (10)
[32mI[16:04:53,875] [300-BroadcastApp]BroadcastApp:[m Received 1879eb9a-b79d-4c6b-96d2-e83d6417d6ee - OAQFHVHLQG (10) from 172.10.10.0:10000
[32mI[16:04:54,851] [100-CyclonMembership]CyclonMembership:[m Channel Metrics:
In channels:
Out channels:
[32mI[16:04:54,870] [300-BroadcastApp]BroadcastApp:[m Stopping broadcasts
[32mI[16:04:54,874] [100-CyclonMembership]CyclonMembership:[m Membership Metrics:
Membership: []
ProtocolMetrics{totalEvents=151, messagesIn=0, messagesFailed=0, messagesSent=0, timers=86, notifications=0, requests=0, replies=0, customChannelEvents=65}
[32mI[16:04:55,851] [100-CyclonMembership]CyclonMembership:[m Channel Metrics:
In channels:
Out channels:
[32mI[16:04:55,875] [100-CyclonMembership]CyclonMembership:[m Membership Metrics:
Membership: []
ProtocolMetrics{totalEvents=154, messagesIn=0, messagesFailed=0, messagesSent=0, timers=88, notifications=0, requests=0, replies=0, customChannelEvents=66}
[32mI[16:04:56,851] [100-CyclonMembership]CyclonMembership:[m Channel Metrics:
In channels:
Out channels:
[32mI[16:04:56,875] [100-CyclonMembership]CyclonMembership:[m Membership Metrics:
Membership: []
ProtocolMetrics{totalEvents=156, messagesIn=0, messagesFailed=0, messagesSent=0, timers=89, notifications=0, requests=0, replies=0, customChannelEvents=67}
[32mI[16:04:57,851] [100-CyclonMembership]CyclonMembership:[m Channel Metrics:
In channels:
Out channels:
[32mI[16:04:57,875] [100-CyclonMembership]CyclonMembership:[m Membership Metrics:
Membership: []
ProtocolMetrics{totalEvents=158, messagesIn=0, messagesFailed=0, messagesSent=0, timers=90, notifications=0, requests=0, replies=0, customChannelEvents=68}
[32mI[16:04:58,851] [100-CyclonMembership]CyclonMembership:[m Channel Metrics:
In channels:
Out channels:
[32mI[16:04:58,875] [100-CyclonMembership]CyclonMembership:[m Membership Metrics:
Membership: []
ProtocolMetrics{totalEvents=161, messagesIn=0, messagesFailed=0, messagesSent=0, timers=92, notifications=0, requests=0, replies=0, customChannelEvents=69}
[32mI[16:04:59,851] [100-CyclonMembership]CyclonMembership:[m Channel Metrics:
In channels:
Out channels:
[32mI[16:04:59,870] [300-BroadcastApp]BroadcastApp:[m Exiting...
[32mI[16:04:59,871] [Thread-1]Main:[m Goodbye
