[32mI[16:15:46,504] [main]Main:[m Hello, I am 172.10.10.0:10000
[32mI[16:15:46,786] [main]BroadcastApp:[m Waiting...
[32mI[16:15:47,782] [100-CyclonMembership]CyclonMembership:[m Channel Metrics:
In channels:
Out channels:
[32mI[16:15:47,788] [100-CyclonMembership]CyclonMembership:[m Membership Metrics:
Membership: []
ProtocolMetrics{totalEvents=2, messagesIn=0, messagesFailed=0, messagesSent=0, timers=1, notifications=0, requests=0, replies=0, customChannelEvents=1}
[32mI[16:15:48,771] [100-CyclonMembership]CyclonMembership:[m Channel Metrics:
In channels:
Out channels:
[32mI[16:15:48,787] [100-CyclonMembership]CyclonMembership:[m Membership Metrics:
Membership: []
ProtocolMetrics{totalEvents=4, messagesIn=0, messagesFailed=0, messagesSent=0, timers=2, notifications=0, requests=0, replies=0, customChannelEvents=2}
[32mI[16:15:49,771] [100-CyclonMembership]CyclonMembership:[m Channel Metrics:
In channels:
Out channels:
[32mI[16:15:49,787] [100-CyclonMembership]CyclonMembership:[m Membership Metrics:
Membership: []
ProtocolMetrics{totalEvents=7, messagesIn=0, messagesFailed=0, messagesSent=0, timers=4, notifications=0, requests=0, replies=0, customChannelEvents=3}
[32mI[16:15:50,771] [100-CyclonMembership]CyclonMembership:[m Channel Metrics:
In channels:
Out channels:
[32mI[16:15:50,788] [100-CyclonMembership]CyclonMembership:[m Membership Metrics:
Membership: []
ProtocolMetrics{totalEvents=9, messagesIn=0, messagesFailed=0, messagesSent=0, timers=5, notifications=0, requests=0, replies=0, customChannelEvents=4}
[32mI[16:15:51,771] [100-CyclonMembership]CyclonMembership:[m Channel Metrics:
In channels:
Out channels:
[32mI[16:15:51,787] [300-BroadcastApp]BroadcastApp:[m Starting
[32mI[16:15:51,788] [100-CyclonMembership]CyclonMembership:[m Membership Metrics:
Membership: []
ProtocolMetrics{totalEvents=11, messagesIn=0, messagesFailed=0, messagesSent=0, timers=6, notifications=0, requests=0, replies=0, customChannelEvents=5}
[32mI[16:15:51,792] [300-BroadcastApp]BroadcastApp:[m Sending: b8d6c674-9c54-46ef-8a0b-f350d5f20fc6 - JDBTWGJKMQ (10)
[32mI[16:15:51,793] [300-BroadcastApp]BroadcastApp:[m Received b8d6c674-9c54-46ef-8a0b-f350d5f20fc6 - JDBTWGJKMQ (10) from 172.10.10.0:10000
[32mI[16:15:52,771] [100-CyclonMembership]CyclonMembership:[m Channel Metrics:
In channels:
Out channels:
[32mI[16:15:52,789] [100-CyclonMembership]CyclonMembership:[m Membership Metrics:
Membership: []
ProtocolMetrics{totalEvents=14, messagesIn=0, messagesFailed=0, messagesSent=0, timers=8, notifications=0, requests=0, replies=0, customChannelEvents=6}
[32mI[16:15:52,789] [300-BroadcastApp]BroadcastApp:[m Sending: 4507b22b-3c31-450c-b9bc-5dacf41bdad0 - ITLEMAJHYL (10)
[32mI[16:15:52,790] [300-BroadcastApp]BroadcastApp:[m Received 4507b22b-3c31-450c-b9bc-5dacf41bdad0 - ITLEMAJHYL (10) from 172.10.10.0:10000
[32mI[16:15:53,771] [100-CyclonMembership]CyclonMembership:[m Channel Metrics:
In channels:
Out channels:
[32mI[16:15:53,789] [100-CyclonMembership]CyclonMembership:[m Membership Metrics:
Membership: []
ProtocolMetrics{totalEvents=16, messagesIn=0, messagesFailed=0, messagesSent=0, timers=9, notifications=0, requests=0, replies=0, customChannelEvents=7}
[32mI[16:15:53,789] [300-BroadcastApp]BroadcastApp:[m Sending: c5773b18-8dd9-4236-b77c-420e2ac92752 - VHUHETPBFJ (10)
[32mI[16:15:53,789] [300-BroadcastApp]BroadcastApp:[m Received c5773b18-8dd9-4236-b77c-420e2ac92752 - VHUHETPBFJ (10) from 172.10.10.0:10000
[32mI[16:15:54,771] [100-CyclonMembership]CyclonMembership:[m Channel Metrics:
In channels:
Out channels:
[32mI[16:15:54,788] [300-BroadcastApp]BroadcastApp:[m Sending: c55cb048-5029-42e5-b895-11fbf463437d - HKPUFDSRUD (10)
[32mI[16:15:54,789] [300-BroadcastApp]BroadcastApp:[m Received c55cb048-5029-42e5-b895-11fbf463437d - HKPUFDSRUD (10) from 172.10.10.0:10000
[32mI[16:15:54,789] [100-CyclonMembership]CyclonMembership:[m Membership Metrics:
Membership: []
ProtocolMetrics{totalEvents=18, messagesIn=0, messagesFailed=0, messagesSent=0, timers=10, notifications=0, requests=0, replies=0, customChannelEvents=8}
[32mI[16:15:55,771] [100-CyclonMembership]CyclonMembership:[m Channel Metrics:
In channels:
Out channels:
[32mI[16:15:55,789] [300-BroadcastApp]BroadcastApp:[m Sending: 6e5fec97-e0c0-4abb-9fc9-0ec6b0b860a4 - TABCJLFMVX (10)
[32mI[16:15:55,789] [300-BroadcastApp]BroadcastApp:[m Received 6e5fec97-e0c0-4abb-9fc9-0ec6b0b860a4 - TABCJLFMVX (10) from 172.10.10.0:10000
[32mI[16:15:55,790] [100-CyclonMembership]CyclonMembership:[m Membership Metrics:
Membership: []
ProtocolMetrics{totalEvents=21, messagesIn=0, messagesFailed=0, messagesSent=0, timers=12, notifications=0, requests=0, replies=0, customChannelEvents=9}
[32mI[16:15:56,771] [100-CyclonMembership]CyclonMembership:[m Channel Metrics:
In channels:
Out channels:
[32mI[16:15:56,789] [100-CyclonMembership]CyclonMembership:[m Membership Metrics:
Membership: []
ProtocolMetrics{totalEvents=23, messagesIn=0, messagesFailed=0, messagesSent=0, timers=13, notifications=0, requests=0, replies=0, customChannelEvents=10}
[32mI[16:15:56,789] [300-BroadcastApp]BroadcastApp:[m Sending: d2432513-eb4c-4271-852e-dbbd83a8d5ab - TSJNREIMCO (10)
[32mI[16:15:56,789] [300-BroadcastApp]BroadcastApp:[m Received d2432513-eb4c-4271-852e-dbbd83a8d5ab - TSJNREIMCO (10) from 172.10.10.0:10000
[32mI[16:15:57,771] [100-CyclonMembership]CyclonMembership:[m Channel Metrics:
In channels:
Out channels:
[32mI[16:15:57,789] [100-CyclonMembership]CyclonMembership:[m Membership Metrics:
Membership: []
ProtocolMetrics{totalEvents=25, messagesIn=0, messagesFailed=0, messagesSent=0, timers=14, notifications=0, requests=0, replies=0, customChannelEvents=11}
[32mI[16:15:57,789] [300-BroadcastApp]BroadcastApp:[m Sending: 81fb9cf3-2f59-4606-9fe8-365a5ee50ad4 - ABOMUDHHCS (10)
[32mI[16:15:57,790] [300-BroadcastApp]BroadcastApp:[m Received 81fb9cf3-2f59-4606-9fe8-365a5ee50ad4 - ABOMUDHHCS (10) from 172.10.10.0:10000
[32mI[16:15:58,771] [100-CyclonMembership]CyclonMembership:[m Channel Metrics:
In channels:
Out channels:
[32mI[16:15:58,789] [100-CyclonMembership]CyclonMembership:[m Membership Metrics:
Membership: []
ProtocolMetrics{totalEvents=28, messagesIn=0, messagesFailed=0, messagesSent=0, timers=16, notifications=0, requests=0, replies=0, customChannelEvents=12}
[32mI[16:15:58,789] [300-BroadcastApp]BroadcastApp:[m Sending: 34311e55-7147-44b6-8e2c-8ed1a2bd3738 - TQSKUNWUMV (10)
[32mI[16:15:58,790] [300-BroadcastApp]BroadcastApp:[m Received 34311e55-7147-44b6-8e2c-8ed1a2bd3738 - TQSKUNWUMV (10) from 172.10.10.0:10000
[32mI[16:15:59,771] [100-CyclonMembership]CyclonMembership:[m Channel Metrics:
In channels:
Out channels:
[32mI[16:15:59,789] [100-CyclonMembership]CyclonMembership:[m Membership Metrics:
Membership: []
ProtocolMetrics{totalEvents=30, messagesIn=0, messagesFailed=0, messagesSent=0, timers=17, notifications=0, requests=0, replies=0, customChannelEvents=13}
[32mI[16:15:59,790] [300-BroadcastApp]BroadcastApp:[m Sending: c3bdbe41-c7c8-4ff7-858f-8c5ce38b29a5 - CJFQBNNMCV (10)
[32mI[16:15:59,790] [300-BroadcastApp]BroadcastApp:[m Received c3bdbe41-c7c8-4ff7-858f-8c5ce38b29a5 - CJFQBNNMCV (10) from 172.10.10.0:10000
[32mI[16:16:00,771] [100-CyclonMembership]CyclonMembership:[m Channel Metrics:
In channels:
Out channels:
[32mI[16:16:00,789] [100-CyclonMembership]CyclonMembership:[m Membership Metrics:
Membership: []
ProtocolMetrics{totalEvents=32, messagesIn=0, messagesFailed=0, messagesSent=0, timers=18, notifications=0, requests=0, replies=0, customChannelEvents=14}
[32mI[16:16:00,790] [300-BroadcastApp]BroadcastApp:[m Sending: b0e5d61f-a648-403e-975e-7c61dc21148d - QVOEBBMFNR (10)
[32mI[16:16:00,790] [300-BroadcastApp]BroadcastApp:[m Received b0e5d61f-a648-403e-975e-7c61dc21148d - QVOEBBMFNR (10) from 172.10.10.0:10000
[32mI[16:16:01,771] [100-CyclonMembership]CyclonMembership:[m Channel Metrics:
In channels:
Out channels:
[32mI[16:16:01,789] [100-CyclonMembership]CyclonMembership:[m Membership Metrics:
Membership: []
ProtocolMetrics{totalEvents=35, messagesIn=0, messagesFailed=0, messagesSent=0, timers=20, notifications=0, requests=0, replies=0, customChannelEvents=15}
[32mI[16:16:01,789] [300-BroadcastApp]BroadcastApp:[m Sending: cab15ad3-4973-4de7-8a9a-660f888ba602 - RTFCFRQXOX (10)
[32mI[16:16:01,789] [300-BroadcastApp]BroadcastApp:[m Received cab15ad3-4973-4de7-8a9a-660f888ba602 - RTFCFRQXOX (10) from 172.10.10.0:10000
[32mI[16:16:02,771] [100-CyclonMembership]CyclonMembership:[m Channel Metrics:
In channels:
Out channels:
[32mI[16:16:02,789] [100-CyclonMembership]CyclonMembership:[m Membership Metrics:
Membership: []
ProtocolMetrics{totalEvents=37, messagesIn=0, messagesFailed=0, messagesSent=0, timers=21, notifications=0, requests=0, replies=0, customChannelEvents=16}
[32mI[16:16:02,789] [300-BroadcastApp]BroadcastApp:[m Sending: c072cf9e-696e-421f-a525-11e106eaefe4 - UUUNWDMJDN (10)
[32mI[16:16:02,790] [300-BroadcastApp]BroadcastApp:[m Received c072cf9e-696e-421f-a525-11e106eaefe4 - UUUNWDMJDN (10) from 172.10.10.0:10000
[32mI[16:16:03,771] [100-CyclonMembership]CyclonMembership:[m Channel Metrics:
In channels:
Out channels:
[32mI[16:16:03,789] [100-CyclonMembership]CyclonMembership:[m Membership Metrics:
Membership: []
ProtocolMetrics{totalEvents=39, messagesIn=0, messagesFailed=0, messagesSent=0, timers=22, notifications=0, requests=0, replies=0, customChannelEvents=17}
[32mI[16:16:03,789] [300-BroadcastApp]BroadcastApp:[m Sending: d0c2d4a4-6f3a-465f-9df4-96eb51ae9e4e - QPKLBOLQMI (10)
[32mI[16:16:03,790] [300-BroadcastApp]BroadcastApp:[m Received d0c2d4a4-6f3a-465f-9df4-96eb51ae9e4e - QPKLBOLQMI (10) from 172.10.10.0:10000
[32mI[16:16:04,771] [100-CyclonMembership]CyclonMembership:[m Channel Metrics:
In channels:
Out channels:
[32mI[16:16:04,790] [100-CyclonMembership]CyclonMembership:[m Membership Metrics:
Membership: []
ProtocolMetrics{totalEvents=42, messagesIn=0, messagesFailed=0, messagesSent=0, timers=24, notifications=0, requests=0, replies=0, customChannelEvents=18}
[32mI[16:16:04,790] [300-BroadcastApp]BroadcastApp:[m Sending: c45329fc-5f55-470d-a64b-fe7560012687 - NTXODZMXTB (10)
[32mI[16:16:04,790] [300-BroadcastApp]BroadcastApp:[m Received c45329fc-5f55-470d-a64b-fe7560012687 - NTXODZMXTB (10) from 172.10.10.0:10000
[32mI[16:16:05,771] [100-CyclonMembership]CyclonMembership:[m Channel Metrics:
In channels:
Out channels:
[32mI[16:16:05,790] [100-CyclonMembership]CyclonMembership:[m Membership Metrics:
Membership: []
ProtocolMetrics{totalEvents=44, messagesIn=0, messagesFailed=0, messagesSent=0, timers=25, notifications=0, requests=0, replies=0, customChannelEvents=19}
[32mI[16:16:05,790] [300-BroadcastApp]BroadcastApp:[m Sending: f3199b0a-064a-460a-ae66-839f16d006d4 - XUKLPJTTSC (10)
[32mI[16:16:05,790] [300-BroadcastApp]BroadcastApp:[m Received f3199b0a-064a-460a-ae66-839f16d006d4 - XUKLPJTTSC (10) from 172.10.10.0:10000
[32mI[16:16:06,771] [100-CyclonMembership]CyclonMembership:[m Channel Metrics:
In channels:
Out channels:
[32mI[16:16:06,790] [100-CyclonMembership]CyclonMembership:[m Membership Metrics:
Membership: []
ProtocolMetrics{totalEvents=46, messagesIn=0, messagesFailed=0, messagesSent=0, timers=26, notifications=0, requests=0, replies=0, customChannelEvents=20}
[32mI[16:16:06,790] [300-BroadcastApp]BroadcastApp:[m Sending: 04d502dd-bda0-4091-923e-01fe3c7c595d - QCNJLJCLBL (10)
[32mI[16:16:06,790] [300-BroadcastApp]BroadcastApp:[m Received 04d502dd-bda0-4091-923e-01fe3c7c595d - QCNJLJCLBL (10) from 172.10.10.0:10000
[32mI[16:16:07,771] [100-CyclonMembership]CyclonMembership:[m Channel Metrics:
In channels:
Out channels:
[32mI[16:16:07,790] [100-CyclonMembership]CyclonMembership:[m Membership Metrics:
Membership: []
ProtocolMetrics{totalEvents=49, messagesIn=0, messagesFailed=0, messagesSent=0, timers=28, notifications=0, requests=0, replies=0, customChannelEvents=21}
[32mI[16:16:07,791] [300-BroadcastApp]BroadcastApp:[m Sending: 15a32872-8b7e-4487-98bc-b7d352e3d001 - YVJOHTMTET (10)
[32mI[16:16:07,791] [300-BroadcastApp]BroadcastApp:[m Received 15a32872-8b7e-4487-98bc-b7d352e3d001 - YVJOHTMTET (10) from 172.10.10.0:10000
[32mI[16:16:08,771] [100-CyclonMembership]CyclonMembership:[m Channel Metrics:
In channels:
Out channels:
[32mI[16:16:08,790] [100-CyclonMembership]CyclonMembership:[m Membership Metrics:
Membership: []
ProtocolMetrics{totalEvents=51, messagesIn=0, messagesFailed=0, messagesSent=0, timers=29, notifications=0, requests=0, replies=0, customChannelEvents=22}
[32mI[16:16:08,791] [300-BroadcastApp]BroadcastApp:[m Sending: 5d19e261-e6cf-4804-8d0a-0b27172fb0f0 - AFAIEEFLUL (10)
[32mI[16:16:08,791] [300-BroadcastApp]BroadcastApp:[m Received 5d19e261-e6cf-4804-8d0a-0b27172fb0f0 - AFAIEEFLUL (10) from 172.10.10.0:10000
[32mI[16:16:09,771] [100-CyclonMembership]CyclonMembership:[m Channel Metrics:
In channels:
Out channels:
[32mI[16:16:09,791] [100-CyclonMembership]CyclonMembership:[m Membership Metrics:
Membership: []
ProtocolMetrics{totalEvents=53, messagesIn=0, messagesFailed=0, messagesSent=0, timers=30, notifications=0, requests=0, replies=0, customChannelEvents=23}
[32mI[16:16:09,791] [300-BroadcastApp]BroadcastApp:[m Sending: 6faf1201-3e7e-48c9-a7a9-fa25c9b8dfdb - XDZGEPCDHC (10)
[32mI[16:16:09,791] [300-BroadcastApp]BroadcastApp:[m Received 6faf1201-3e7e-48c9-a7a9-fa25c9b8dfdb - XDZGEPCDHC (10) from 172.10.10.0:10000
[32mI[16:16:10,771] [100-CyclonMembership]CyclonMembership:[m Channel Metrics:
In channels:
Out channels:
[32mI[16:16:10,790] [100-CyclonMembership]CyclonMembership:[m Membership Metrics:
Membership: []
ProtocolMetrics{totalEvents=56, messagesIn=0, messagesFailed=0, messagesSent=0, timers=32, notifications=0, requests=0, replies=0, customChannelEvents=24}
[32mI[16:16:10,790] [300-BroadcastApp]BroadcastApp:[m Sending: ec201bb3-24d1-4832-900a-d5a1a092855b - JKXSAVUZNW (10)
[32mI[16:16:10,790] [300-BroadcastApp]BroadcastApp:[m Received ec201bb3-24d1-4832-900a-d5a1a092855b - JKXSAVUZNW (10) from 172.10.10.0:10000
[32mI[16:16:11,771] [100-CyclonMembership]CyclonMembership:[m Channel Metrics:
In channels:
Out channels:
[32mI[16:16:11,790] [100-CyclonMembership]CyclonMembership:[m Membership Metrics:
Membership: []
ProtocolMetrics{totalEvents=58, messagesIn=0, messagesFailed=0, messagesSent=0, timers=33, notifications=0, requests=0, replies=0, customChannelEvents=25}
[32mI[16:16:11,790] [300-BroadcastApp]BroadcastApp:[m Sending: a2633024-fcb5-4cfc-ac59-00e606612666 - PVZPPZFCWX (10)
[32mI[16:16:11,791] [300-BroadcastApp]BroadcastApp:[m Received a2633024-fcb5-4cfc-ac59-00e606612666 - PVZPPZFCWX (10) from 172.10.10.0:10000
[32mI[16:16:12,771] [100-CyclonMembership]CyclonMembership:[m Channel Metrics:
In channels:
Out channels:
[32mI[16:16:12,790] [100-CyclonMembership]CyclonMembership:[m Membership Metrics:
Membership: []
ProtocolMetrics{totalEvents=60, messagesIn=0, messagesFailed=0, messagesSent=0, timers=34, notifications=0, requests=0, replies=0, customChannelEvents=26}
[32mI[16:16:12,790] [300-BroadcastApp]BroadcastApp:[m Sending: c92e71b9-b80c-4bb1-85c8-308dda9f3ef6 - ICDJAEWXAX (10)
[32mI[16:16:12,791] [300-BroadcastApp]BroadcastApp:[m Received c92e71b9-b80c-4bb1-85c8-308dda9f3ef6 - ICDJAEWXAX (10) from 172.10.10.0:10000
[32mI[16:16:13,771] [100-CyclonMembership]CyclonMembership:[m Channel Metrics:
In channels:
Out channels:
[32mI[16:16:13,791] [100-CyclonMembership]CyclonMembership:[m Membership Metrics:
Membership: []
ProtocolMetrics{totalEvents=63, messagesIn=0, messagesFailed=0, messagesSent=0, timers=36, notifications=0, requests=0, replies=0, customChannelEvents=27}
[32mI[16:16:13,791] [300-BroadcastApp]BroadcastApp:[m Sending: 92c1c1ee-8074-4d11-bc21-1b6d72c9267a - HNIVSQQJCD (10)
[32mI[16:16:13,791] [300-BroadcastApp]BroadcastApp:[m Received 92c1c1ee-8074-4d11-bc21-1b6d72c9267a - HNIVSQQJCD (10) from 172.10.10.0:10000
[32mI[16:16:14,771] [100-CyclonMembership]CyclonMembership:[m Channel Metrics:
In channels:
Out channels:
[32mI[16:16:14,791] [100-CyclonMembership]CyclonMembership:[m Membership Metrics:
Membership: []
ProtocolMetrics{totalEvents=65, messagesIn=0, messagesFailed=0, messagesSent=0, timers=37, notifications=0, requests=0, replies=0, customChannelEvents=28}
[32mI[16:16:14,791] [300-BroadcastApp]BroadcastApp:[m Sending: 112b0e77-875f-4704-8e03-8f6ab0868644 - VIZBTHXSYO (10)
[32mI[16:16:14,792] [300-BroadcastApp]BroadcastApp:[m Received 112b0e77-875f-4704-8e03-8f6ab0868644 - VIZBTHXSYO (10) from 172.10.10.0:10000
[32mI[16:16:15,771] [100-CyclonMembership]CyclonMembership:[m Channel Metrics:
In channels:
Out channels:
[32mI[16:16:15,791] [100-CyclonMembership]CyclonMembership:[m Membership Metrics:
Membership: []
ProtocolMetrics{totalEvents=67, messagesIn=0, messagesFailed=0, messagesSent=0, timers=38, notifications=0, requests=0, replies=0, customChannelEvents=29}
[32mI[16:16:15,791] [300-BroadcastApp]BroadcastApp:[m Sending: 1f255eb2-accc-4f4f-99af-523fac159a75 - SVFDQVFLRN (10)
[32mI[16:16:15,791] [300-BroadcastApp]BroadcastApp:[m Received 1f255eb2-accc-4f4f-99af-523fac159a75 - SVFDQVFLRN (10) from 172.10.10.0:10000
[32mI[16:16:16,771] [100-CyclonMembership]CyclonMembership:[m Channel Metrics:
In channels:
Out channels:
[32mI[16:16:16,791] [100-CyclonMembership]CyclonMembership:[m Membership Metrics:
Membership: []
ProtocolMetrics{totalEvents=70, messagesIn=0, messagesFailed=0, messagesSent=0, timers=40, notifications=0, requests=0, replies=0, customChannelEvents=30}
[32mI[16:16:16,792] [300-BroadcastApp]BroadcastApp:[m Sending: f36a2052-1e4c-428e-a09a-1845230bbbec - HKSZTLATXK (10)
[32mI[16:16:16,792] [300-BroadcastApp]BroadcastApp:[m Received f36a2052-1e4c-428e-a09a-1845230bbbec - HKSZTLATXK (10) from 172.10.10.0:10000
[32mI[16:16:17,771] [100-CyclonMembership]CyclonMembership:[m Channel Metrics:
In channels:
Out channels:
[32mI[16:16:17,791] [100-CyclonMembership]CyclonMembership:[m Membership Metrics:
Membership: []
ProtocolMetrics{totalEvents=72, messagesIn=0, messagesFailed=0, messagesSent=0, timers=41, notifications=0, requests=0, replies=0, customChannelEvents=31}
[32mI[16:16:17,792] [300-BroadcastApp]BroadcastApp:[m Sending: 40349fe1-fdb3-465c-87ed-761072459008 - JOPMNXNSAF (10)
[32mI[16:16:17,792] [300-BroadcastApp]BroadcastApp:[m Received 40349fe1-fdb3-465c-87ed-761072459008 - JOPMNXNSAF (10) from 172.10.10.0:10000
[32mI[16:16:18,771] [100-CyclonMembership]CyclonMembership:[m Channel Metrics:
In channels:
Out channels:
[32mI[16:16:18,792] [100-CyclonMembership]CyclonMembership:[m Membership Metrics:
Membership: []
ProtocolMetrics{totalEvents=74, messagesIn=0, messagesFailed=0, messagesSent=0, timers=42, notifications=0, requests=0, replies=0, customChannelEvents=32}
[32mI[16:16:18,792] [300-BroadcastApp]BroadcastApp:[m Sending: 2de6bfd1-ae58-4114-8271-33512718ac2d - ILTGXHMFET (10)
[32mI[16:16:18,792] [300-BroadcastApp]BroadcastApp:[m Received 2de6bfd1-ae58-4114-8271-33512718ac2d - ILTGXHMFET (10) from 172.10.10.0:10000
[32mI[16:16:19,771] [100-CyclonMembership]CyclonMembership:[m Channel Metrics:
In channels:
Out channels:
[32mI[16:16:19,791] [100-CyclonMembership]CyclonMembership:[m Membership Metrics:
Membership: []
ProtocolMetrics{totalEvents=77, messagesIn=0, messagesFailed=0, messagesSent=0, timers=44, notifications=0, requests=0, replies=0, customChannelEvents=33}
[32mI[16:16:19,792] [300-BroadcastApp]BroadcastApp:[m Sending: aad7ad5d-fa27-4f33-8b18-2be054ddb04e - AVWMXPFZUS (10)
[32mI[16:16:19,793] [300-BroadcastApp]BroadcastApp:[m Received aad7ad5d-fa27-4f33-8b18-2be054ddb04e - AVWMXPFZUS (10) from 172.10.10.0:10000
[32mI[16:16:20,771] [100-CyclonMembership]CyclonMembership:[m Channel Metrics:
In channels:
Out channels:
[32mI[16:16:20,791] [100-CyclonMembership]CyclonMembership:[m Membership Metrics:
Membership: []
ProtocolMetrics{totalEvents=79, messagesIn=0, messagesFailed=0, messagesSent=0, timers=45, notifications=0, requests=0, replies=0, customChannelEvents=34}
[32mI[16:16:20,793] [300-BroadcastApp]BroadcastApp:[m Sending: 81e642ab-914b-4670-831e-1a0dc92580bf - SMTVTDPAZJ (10)
[32mI[16:16:20,793] [300-BroadcastApp]BroadcastApp:[m Received 81e642ab-914b-4670-831e-1a0dc92580bf - SMTVTDPAZJ (10) from 172.10.10.0:10000
[32mI[16:16:21,771] [100-CyclonMembership]CyclonMembership:[m Channel Metrics:
In channels:
Out channels:
[32mI[16:16:21,792] [100-CyclonMembership]CyclonMembership:[m Membership Metrics:
Membership: []
ProtocolMetrics{totalEvents=81, messagesIn=0, messagesFailed=0, messagesSent=0, timers=46, notifications=0, requests=0, replies=0, customChannelEvents=35}
[32mI[16:16:21,792] [300-BroadcastApp]BroadcastApp:[m Sending: 5ddad2f2-ee29-4a6a-b2d5-abccefe1d709 - XFJBOXUSDH (10)
[32mI[16:16:21,792] [300-BroadcastApp]BroadcastApp:[m Received 5ddad2f2-ee29-4a6a-b2d5-abccefe1d709 - XFJBOXUSDH (10) from 172.10.10.0:10000
[32mI[16:16:22,771] [100-CyclonMembership]CyclonMembership:[m Channel Metrics:
In channels:
Out channels:
[32mI[16:16:22,791] [100-CyclonMembership]CyclonMembership:[m Membership Metrics:
Membership: []
ProtocolMetrics{totalEvents=84, messagesIn=0, messagesFailed=0, messagesSent=0, timers=48, notifications=0, requests=0, replies=0, customChannelEvents=36}
[32mI[16:16:22,792] [300-BroadcastApp]BroadcastApp:[m Sending: 80df41be-fe0b-4b60-9512-4c22f844f96c - OLBIEIPWDX (10)
[32mI[16:16:22,793] [300-BroadcastApp]BroadcastApp:[m Received 80df41be-fe0b-4b60-9512-4c22f844f96c - OLBIEIPWDX (10) from 172.10.10.0:10000
[32mI[16:16:23,771] [100-CyclonMembership]CyclonMembership:[m Channel Metrics:
In channels:
Out channels:
[32mI[16:16:23,791] [100-CyclonMembership]CyclonMembership:[m Membership Metrics:
Membership: []
ProtocolMetrics{totalEvents=86, messagesIn=0, messagesFailed=0, messagesSent=0, timers=49, notifications=0, requests=0, replies=0, customChannelEvents=37}
[32mI[16:16:23,793] [300-BroadcastApp]BroadcastApp:[m Sending: ef3d01e0-fc0f-4b77-a0f5-d9b564e00c2e - PKCLYUPBTW (10)
[32mI[16:16:23,793] [300-BroadcastApp]BroadcastApp:[m Received ef3d01e0-fc0f-4b77-a0f5-d9b564e00c2e - PKCLYUPBTW (10) from 172.10.10.0:10000
[32mI[16:16:24,771] [100-CyclonMembership]CyclonMembership:[m Channel Metrics:
In channels:
Out channels:
[32mI[16:16:24,792] [100-CyclonMembership]CyclonMembership:[m Membership Metrics:
Membership: []
ProtocolMetrics{totalEvents=88, messagesIn=0, messagesFailed=0, messagesSent=0, timers=50, notifications=0, requests=0, replies=0, customChannelEvents=38}
[32mI[16:16:24,792] [300-BroadcastApp]BroadcastApp:[m Sending: 6bfd39e2-2314-4788-8342-989286905c7e - SXEEKPNOSH (10)
[32mI[16:16:24,792] [300-BroadcastApp]BroadcastApp:[m Received 6bfd39e2-2314-4788-8342-989286905c7e - SXEEKPNOSH (10) from 172.10.10.0:10000
[32mI[16:16:25,771] [100-CyclonMembership]CyclonMembership:[m Channel Metrics:
In channels:
Out channels:
[32mI[16:16:25,791] [100-CyclonMembership]CyclonMembership:[m Membership Metrics:
Membership: []
ProtocolMetrics{totalEvents=91, messagesIn=0, messagesFailed=0, messagesSent=0, timers=52, notifications=0, requests=0, replies=0, customChannelEvents=39}
[32mI[16:16:25,792] [300-BroadcastApp]BroadcastApp:[m Sending: 78d3ac5c-55f6-4b1d-ad61-46909c93d341 - IHCUDTQPJA (10)
[32mI[16:16:25,793] [300-BroadcastApp]BroadcastApp:[m Received 78d3ac5c-55f6-4b1d-ad61-46909c93d341 - IHCUDTQPJA (10) from 172.10.10.0:10000
[32mI[16:16:26,771] [100-CyclonMembership]CyclonMembership:[m Channel Metrics:
In channels:
Out channels:
[32mI[16:16:26,791] [100-CyclonMembership]CyclonMembership:[m Membership Metrics:
Membership: []
ProtocolMetrics{totalEvents=93, messagesIn=0, messagesFailed=0, messagesSent=0, timers=53, notifications=0, requests=0, replies=0, customChannelEvents=40}
[32mI[16:16:26,792] [300-BroadcastApp]BroadcastApp:[m Sending: 54ff9f84-204a-4698-be98-ff928bf48cdd - AXISXLUIDS (10)
[32mI[16:16:26,793] [300-BroadcastApp]BroadcastApp:[m Received 54ff9f84-204a-4698-be98-ff928bf48cdd - AXISXLUIDS (10) from 172.10.10.0:10000
[32mI[16:16:27,771] [100-CyclonMembership]CyclonMembership:[m Channel Metrics:
In channels:
Out channels:
[32mI[16:16:27,791] [100-CyclonMembership]CyclonMembership:[m Membership Metrics:
Membership: []
ProtocolMetrics{totalEvents=95, messagesIn=0, messagesFailed=0, messagesSent=0, timers=54, notifications=0, requests=0, replies=0, customChannelEvents=41}
[32mI[16:16:27,793] [300-BroadcastApp]BroadcastApp:[m Sending: 6e96d8a5-5539-4d38-bad1-4d4aaee9052f - BRCUWJWXTG (10)
[32mI[16:16:27,793] [300-BroadcastApp]BroadcastApp:[m Received 6e96d8a5-5539-4d38-bad1-4d4aaee9052f - BRCUWJWXTG (10) from 172.10.10.0:10000
[32mI[16:16:28,771] [100-CyclonMembership]CyclonMembership:[m Channel Metrics:
In channels:
Out channels:
[32mI[16:16:28,791] [100-CyclonMembership]CyclonMembership:[m Membership Metrics:
Membership: []
ProtocolMetrics{totalEvents=98, messagesIn=0, messagesFailed=0, messagesSent=0, timers=56, notifications=0, requests=0, replies=0, customChannelEvents=42}
[32mI[16:16:28,792] [300-BroadcastApp]BroadcastApp:[m Sending: 96e009ff-30bb-4066-9343-8b3acfb2e0cf - ZFUUMVYMEV (10)
[32mI[16:16:28,793] [300-BroadcastApp]BroadcastApp:[m Received 96e009ff-30bb-4066-9343-8b3acfb2e0cf - ZFUUMVYMEV (10) from 172.10.10.0:10000
[32mI[16:16:29,771] [100-CyclonMembership]CyclonMembership:[m Channel Metrics:
In channels:
Out channels:
[32mI[16:16:29,791] [100-CyclonMembership]CyclonMembership:[m Membership Metrics:
Membership: []
ProtocolMetrics{totalEvents=100, messagesIn=0, messagesFailed=0, messagesSent=0, timers=57, notifications=0, requests=0, replies=0, customChannelEvents=43}
[32mI[16:16:29,792] [300-BroadcastApp]BroadcastApp:[m Sending: bdb436fd-6fa5-4fed-8918-da973aafd361 - ZUUXFJDWYK (10)
[32mI[16:16:29,793] [300-BroadcastApp]BroadcastApp:[m Received bdb436fd-6fa5-4fed-8918-da973aafd361 - ZUUXFJDWYK (10) from 172.10.10.0:10000
[32mI[16:16:30,771] [100-CyclonMembership]CyclonMembership:[m Channel Metrics:
In channels:
Out channels:
[32mI[16:16:30,791] [100-CyclonMembership]CyclonMembership:[m Membership Metrics:
Membership: []
ProtocolMetrics{totalEvents=102, messagesIn=0, messagesFailed=0, messagesSent=0, timers=58, notifications=0, requests=0, replies=0, customChannelEvents=44}
[32mI[16:16:30,793] [300-BroadcastApp]BroadcastApp:[m Sending: 6b25a65c-a761-4b3a-8f92-1169210e01a2 - BILOPHIHWQ (10)
[32mI[16:16:30,793] [300-BroadcastApp]BroadcastApp:[m Received 6b25a65c-a761-4b3a-8f92-1169210e01a2 - BILOPHIHWQ (10) from 172.10.10.0:10000
[32mI[16:16:31,771] [100-CyclonMembership]CyclonMembership:[m Channel Metrics:
In channels:
Out channels:
[32mI[16:16:31,792] [100-CyclonMembership]CyclonMembership:[m Membership Metrics:
Membership: []
ProtocolMetrics{totalEvents=105, messagesIn=0, messagesFailed=0, messagesSent=0, timers=60, notifications=0, requests=0, replies=0, customChannelEvents=45}
[32mI[16:16:31,792] [300-BroadcastApp]BroadcastApp:[m Sending: f8e5e839-eebf-48bc-8894-a4a7346d82bd - CAABJYIOGN (10)
[32mI[16:16:31,792] [300-BroadcastApp]BroadcastApp:[m Received f8e5e839-eebf-48bc-8894-a4a7346d82bd - CAABJYIOGN (10) from 172.10.10.0:10000
[32mI[16:16:32,771] [100-CyclonMembership]CyclonMembership:[m Channel Metrics:
In channels:
Out channels:
[32mI[16:16:32,792] [100-CyclonMembership]CyclonMembership:[m Membership Metrics:
Membership: []
ProtocolMetrics{totalEvents=107, messagesIn=0, messagesFailed=0, messagesSent=0, timers=61, notifications=0, requests=0, replies=0, customChannelEvents=46}
[32mI[16:16:32,792] [300-BroadcastApp]BroadcastApp:[m Sending: 48b4099c-4dad-4da5-a48a-771ec7817f9c - PCKLARXLZW (10)
[32mI[16:16:32,793] [300-BroadcastApp]BroadcastApp:[m Received 48b4099c-4dad-4da5-a48a-771ec7817f9c - PCKLARXLZW (10) from 172.10.10.0:10000
[32mI[16:16:33,771] [100-CyclonMembership]CyclonMembership:[m Channel Metrics:
In channels:
Out channels:
[32mI[16:16:33,792] [100-CyclonMembership]CyclonMembership:[m Membership Metrics:
Membership: []
ProtocolMetrics{totalEvents=109, messagesIn=0, messagesFailed=0, messagesSent=0, timers=62, notifications=0, requests=0, replies=0, customChannelEvents=47}
[32mI[16:16:33,792] [300-BroadcastApp]BroadcastApp:[m Sending: 4ea57be5-2182-4045-8e8d-6a424d452b76 - TGKBGOSTVG (10)
[32mI[16:16:33,793] [300-BroadcastApp]BroadcastApp:[m Received 4ea57be5-2182-4045-8e8d-6a424d452b76 - TGKBGOSTVG (10) from 172.10.10.0:10000
[32mI[16:16:34,771] [100-CyclonMembership]CyclonMembership:[m Channel Metrics:
In channels:
Out channels:
[32mI[16:16:34,792] [100-CyclonMembership]CyclonMembership:[m Membership Metrics:
Membership: []
ProtocolMetrics{totalEvents=112, messagesIn=0, messagesFailed=0, messagesSent=0, timers=64, notifications=0, requests=0, replies=0, customChannelEvents=48}
[32mI[16:16:34,793] [300-BroadcastApp]BroadcastApp:[m Sending: cc0f7b7f-d8ac-4aec-a135-036c846a80ca - PSNBGOJFFF (10)
[32mI[16:16:34,793] [300-BroadcastApp]BroadcastApp:[m Received cc0f7b7f-d8ac-4aec-a135-036c846a80ca - PSNBGOJFFF (10) from 172.10.10.0:10000
[32mI[16:16:35,771] [100-CyclonMembership]CyclonMembership:[m Channel Metrics:
In channels:
Out channels:
[32mI[16:16:35,792] [100-CyclonMembership]CyclonMembership:[m Membership Metrics:
Membership: []
ProtocolMetrics{totalEvents=114, messagesIn=0, messagesFailed=0, messagesSent=0, timers=65, notifications=0, requests=0, replies=0, customChannelEvents=49}
[32mI[16:16:35,793] [300-BroadcastApp]BroadcastApp:[m Sending: bcc13c65-dcfb-45da-bd3e-85029a34fb69 - SWQKZNWMXD (10)
[32mI[16:16:35,793] [300-BroadcastApp]BroadcastApp:[m Received bcc13c65-dcfb-45da-bd3e-85029a34fb69 - SWQKZNWMXD (10) from 172.10.10.0:10000
[32mI[16:16:36,771] [100-CyclonMembership]CyclonMembership:[m Channel Metrics:
In channels:
Out channels:
[32mI[16:16:36,793] [300-BroadcastApp]BroadcastApp:[m Sending: aa8f1941-3cba-4e54-99ed-404268e20187 - VJBNCFONZF (10)
[32mI[16:16:36,793] [100-CyclonMembership]CyclonMembership:[m Membership Metrics:
Membership: []
ProtocolMetrics{totalEvents=116, messagesIn=0, messagesFailed=0, messagesSent=0, timers=66, notifications=0, requests=0, replies=0, customChannelEvents=50}
[32mI[16:16:36,793] [300-BroadcastApp]BroadcastApp:[m Received aa8f1941-3cba-4e54-99ed-404268e20187 - VJBNCFONZF (10) from 172.10.10.0:10000
[32mI[16:16:37,771] [100-CyclonMembership]CyclonMembership:[m Channel Metrics:
In channels:
Out channels:
[32mI[16:16:37,792] [100-CyclonMembership]CyclonMembership:[m Membership Metrics:
Membership: []
ProtocolMetrics{totalEvents=119, messagesIn=0, messagesFailed=0, messagesSent=0, timers=68, notifications=0, requests=0, replies=0, customChannelEvents=51}
[32mI[16:16:37,792] [300-BroadcastApp]BroadcastApp:[m Sending: bf245de0-0f6b-40d9-9575-0b5c732b07ae - QKEARNHIFL (10)
[32mI[16:16:37,792] [300-BroadcastApp]BroadcastApp:[m Received bf245de0-0f6b-40d9-9575-0b5c732b07ae - QKEARNHIFL (10) from 172.10.10.0:10000
[32mI[16:16:38,771] [100-CyclonMembership]CyclonMembership:[m Channel Metrics:
In channels:
Out channels:
[32mI[16:16:38,792] [100-CyclonMembership]CyclonMembership:[m Membership Metrics:
Membership: []
ProtocolMetrics{totalEvents=121, messagesIn=0, messagesFailed=0, messagesSent=0, timers=69, notifications=0, requests=0, replies=0, customChannelEvents=52}
[32mI[16:16:38,792] [300-BroadcastApp]BroadcastApp:[m Sending: 7ab3175b-c2a6-4599-b789-006cd72a8db2 - YCUKWBZYWT (10)
[32mI[16:16:38,793] [300-BroadcastApp]BroadcastApp:[m Received 7ab3175b-c2a6-4599-b789-006cd72a8db2 - YCUKWBZYWT (10) from 172.10.10.0:10000
[32mI[16:16:39,771] [100-CyclonMembership]CyclonMembership:[m Channel Metrics:
In channels:
Out channels:
[32mI[16:16:39,792] [100-CyclonMembership]CyclonMembership:[m Membership Metrics:
Membership: []
ProtocolMetrics{totalEvents=123, messagesIn=0, messagesFailed=0, messagesSent=0, timers=70, notifications=0, requests=0, replies=0, customChannelEvents=53}
[32mI[16:16:39,792] [300-BroadcastApp]BroadcastApp:[m Sending: 9e7b12be-c4e4-4c14-ac67-502cc867cc16 - CUHJHSXLWP (10)
[32mI[16:16:39,793] [300-BroadcastApp]BroadcastApp:[m Received 9e7b12be-c4e4-4c14-ac67-502cc867cc16 - CUHJHSXLWP (10) from 172.10.10.0:10000
[32mI[16:16:40,771] [100-CyclonMembership]CyclonMembership:[m Channel Metrics:
In channels:
Out channels:
[32mI[16:16:40,792] [100-CyclonMembership]CyclonMembership:[m Membership Metrics:
Membership: []
ProtocolMetrics{totalEvents=126, messagesIn=0, messagesFailed=0, messagesSent=0, timers=72, notifications=0, requests=0, replies=0, customChannelEvents=54}
[32mI[16:16:40,793] [300-BroadcastApp]BroadcastApp:[m Sending: b19ef49b-27d2-4583-90bc-aa3e1fcad5a8 - PAJEFXJTWN (10)
[32mI[16:16:40,793] [300-BroadcastApp]BroadcastApp:[m Received b19ef49b-27d2-4583-90bc-aa3e1fcad5a8 - PAJEFXJTWN (10) from 172.10.10.0:10000
[32mI[16:16:41,771] [100-CyclonMembership]CyclonMembership:[m Channel Metrics:
In channels:
Out channels:
[32mI[16:16:41,793] [100-CyclonMembership]CyclonMembership:[m Membership Metrics:
Membership: []
ProtocolMetrics{totalEvents=128, messagesIn=0, messagesFailed=0, messagesSent=0, timers=73, notifications=0, requests=0, replies=0, customChannelEvents=55}
[32mI[16:16:41,793] [300-BroadcastApp]BroadcastApp:[m Sending: 14111037-a375-4cd5-8044-45d265cba218 - OSXAKCHXGJ (10)
[32mI[16:16:41,793] [300-BroadcastApp]BroadcastApp:[m Received 14111037-a375-4cd5-8044-45d265cba218 - OSXAKCHXGJ (10) from 172.10.10.0:10000
[32mI[16:16:42,771] [100-CyclonMembership]CyclonMembership:[m Channel Metrics:
In channels:
Out channels:
[32mI[16:16:42,792] [100-CyclonMembership]CyclonMembership:[m Membership Metrics:
Membership: []
ProtocolMetrics{totalEvents=130, messagesIn=0, messagesFailed=0, messagesSent=0, timers=74, notifications=0, requests=0, replies=0, customChannelEvents=56}
[32mI[16:16:42,792] [300-BroadcastApp]BroadcastApp:[m Sending: 73c2a053-9928-44d8-8c97-83f820857ba4 - UIXOSYTXLL (10)
[32mI[16:16:42,792] [300-BroadcastApp]BroadcastApp:[m Received 73c2a053-9928-44d8-8c97-83f820857ba4 - UIXOSYTXLL (10) from 172.10.10.0:10000
[32mI[16:16:43,771] [100-CyclonMembership]CyclonMembership:[m Channel Metrics:
In channels:
Out channels:
[32mI[16:16:43,792] [100-CyclonMembership]CyclonMembership:[m Membership Metrics:
Membership: []
ProtocolMetrics{totalEvents=133, messagesIn=0, messagesFailed=0, messagesSent=0, timers=76, notifications=0, requests=0, replies=0, customChannelEvents=57}
[32mI[16:16:43,792] [300-BroadcastApp]BroadcastApp:[m Sending: 56f8b093-27be-4da3-94df-53e36130e52d - ZLKQTOVZYJ (10)
[32mI[16:16:43,793] [300-BroadcastApp]BroadcastApp:[m Received 56f8b093-27be-4da3-94df-53e36130e52d - ZLKQTOVZYJ (10) from 172.10.10.0:10000
[32mI[16:16:44,771] [100-CyclonMembership]CyclonMembership:[m Channel Metrics:
In channels:
Out channels:
[32mI[16:16:44,792] [100-CyclonMembership]CyclonMembership:[m Membership Metrics:
Membership: []
ProtocolMetrics{totalEvents=135, messagesIn=0, messagesFailed=0, messagesSent=0, timers=77, notifications=0, requests=0, replies=0, customChannelEvents=58}
[32mI[16:16:44,793] [300-BroadcastApp]BroadcastApp:[m Sending: 483fc1ba-9287-4f69-b9cb-c9e99a16acbc - HAUJMXDYLJ (10)
[32mI[16:16:44,793] [300-BroadcastApp]BroadcastApp:[m Received 483fc1ba-9287-4f69-b9cb-c9e99a16acbc - HAUJMXDYLJ (10) from 172.10.10.0:10000
[32mI[16:16:45,771] [100-CyclonMembership]CyclonMembership:[m Channel Metrics:
In channels:
Out channels:
[32mI[16:16:45,792] [100-CyclonMembership]CyclonMembership:[m Membership Metrics:
Membership: []
ProtocolMetrics{totalEvents=137, messagesIn=0, messagesFailed=0, messagesSent=0, timers=78, notifications=0, requests=0, replies=0, customChannelEvents=59}
[32mI[16:16:45,793] [300-BroadcastApp]BroadcastApp:[m Sending: aebe1b40-8951-4a5c-912b-1a5816bb9b55 - GVSKAOLLBQ (10)
[32mI[16:16:45,793] [300-BroadcastApp]BroadcastApp:[m Received aebe1b40-8951-4a5c-912b-1a5816bb9b55 - GVSKAOLLBQ (10) from 172.10.10.0:10000
[32mI[16:16:46,771] [100-CyclonMembership]CyclonMembership:[m Channel Metrics:
In channels:
Out channels:
[32mI[16:16:46,792] [100-CyclonMembership]CyclonMembership:[m Membership Metrics:
Membership: []
ProtocolMetrics{totalEvents=140, messagesIn=0, messagesFailed=0, messagesSent=0, timers=80, notifications=0, requests=0, replies=0, customChannelEvents=60}
[32mI[16:16:46,792] [300-BroadcastApp]BroadcastApp:[m Sending: e961b006-3321-465f-acc4-1c8cd1e3a95b - XVQGDQUZZF (10)
[32mI[16:16:46,792] [300-BroadcastApp]BroadcastApp:[m Received e961b006-3321-465f-acc4-1c8cd1e3a95b - XVQGDQUZZF (10) from 172.10.10.0:10000
[32mI[16:16:47,771] [100-CyclonMembership]CyclonMembership:[m Channel Metrics:
In channels:
Out channels:
[32mI[16:16:47,792] [100-CyclonMembership]CyclonMembership:[m Membership Metrics:
Membership: []
ProtocolMetrics{totalEvents=142, messagesIn=0, messagesFailed=0, messagesSent=0, timers=81, notifications=0, requests=0, replies=0, customChannelEvents=61}
[32mI[16:16:47,792] [300-BroadcastApp]BroadcastApp:[m Sending: 2b7a2459-c230-4bc0-8489-94c4bf93e627 - UPNNRYCEQS (10)
[32mI[16:16:47,792] [300-BroadcastApp]BroadcastApp:[m Received 2b7a2459-c230-4bc0-8489-94c4bf93e627 - UPNNRYCEQS (10) from 172.10.10.0:10000
[32mI[16:16:48,771] [100-CyclonMembership]CyclonMembership:[m Channel Metrics:
In channels:
Out channels:
[32mI[16:16:48,792] [100-CyclonMembership]CyclonMembership:[m Membership Metrics:
Membership: []
ProtocolMetrics{totalEvents=144, messagesIn=0, messagesFailed=0, messagesSent=0, timers=82, notifications=0, requests=0, replies=0, customChannelEvents=62}
[32mI[16:16:48,792] [300-BroadcastApp]BroadcastApp:[m Sending: 079edd82-e23f-44ad-8ee9-3ff8e49066a3 - GYCPPJJVHO (10)
[32mI[16:16:48,792] [300-BroadcastApp]BroadcastApp:[m Received 079edd82-e23f-44ad-8ee9-3ff8e49066a3 - GYCPPJJVHO (10) from 172.10.10.0:10000
[32mI[16:16:49,771] [100-CyclonMembership]CyclonMembership:[m Channel Metrics:
In channels:
Out channels:
[32mI[16:16:49,792] [100-CyclonMembership]CyclonMembership:[m Membership Metrics:
Membership: []
ProtocolMetrics{totalEvents=147, messagesIn=0, messagesFailed=0, messagesSent=0, timers=84, notifications=0, requests=0, replies=0, customChannelEvents=63}
[32mI[16:16:49,793] [300-BroadcastApp]BroadcastApp:[m Sending: f85265b6-a58c-4aae-a66c-ceef84057a1c - SRGAUQRDZM (10)
[32mI[16:16:49,793] [300-BroadcastApp]BroadcastApp:[m Received f85265b6-a58c-4aae-a66c-ceef84057a1c - SRGAUQRDZM (10) from 172.10.10.0:10000
[32mI[16:16:50,771] [100-CyclonMembership]CyclonMembership:[m Channel Metrics:
In channels:
Out channels:
[32mI[16:16:50,793] [100-CyclonMembership]CyclonMembership:[m Membership Metrics:
Membership: []
ProtocolMetrics{totalEvents=149, messagesIn=0, messagesFailed=0, messagesSent=0, timers=85, notifications=0, requests=0, replies=0, customChannelEvents=64}
[32mI[16:16:50,793] [300-BroadcastApp]BroadcastApp:[m Sending: ffa3912f-cb86-4baa-99dc-d2ace1d17689 - XRVDUZISOY (10)
[32mI[16:16:50,793] [300-BroadcastApp]BroadcastApp:[m Received ffa3912f-cb86-4baa-99dc-d2ace1d17689 - XRVDUZISOY (10) from 172.10.10.0:10000
[32mI[16:16:51,771] [100-CyclonMembership]CyclonMembership:[m Channel Metrics:
In channels:
Out channels:
[32mI[16:16:51,789] [300-BroadcastApp]BroadcastApp:[m Stopping broadcasts
[32mI[16:16:51,793] [100-CyclonMembership]CyclonMembership:[m Membership Metrics:
Membership: []
ProtocolMetrics{totalEvents=151, messagesIn=0, messagesFailed=0, messagesSent=0, timers=86, notifications=0, requests=0, replies=0, customChannelEvents=65}
[32mI[16:16:52,771] [100-CyclonMembership]CyclonMembership:[m Channel Metrics:
In channels:
Out channels:
[32mI[16:16:52,792] [100-CyclonMembership]CyclonMembership:[m Membership Metrics:
Membership: []
ProtocolMetrics{totalEvents=154, messagesIn=0, messagesFailed=0, messagesSent=0, timers=88, notifications=0, requests=0, replies=0, customChannelEvents=66}
[32mI[16:16:53,771] [100-CyclonMembership]CyclonMembership:[m Channel Metrics:
In channels:
Out channels:
[32mI[16:16:53,792] [100-CyclonMembership]CyclonMembership:[m Membership Metrics:
Membership: []
ProtocolMetrics{totalEvents=156, messagesIn=0, messagesFailed=0, messagesSent=0, timers=89, notifications=0, requests=0, replies=0, customChannelEvents=67}
[32mI[16:16:54,771] [100-CyclonMembership]CyclonMembership:[m Channel Metrics:
In channels:
Out channels:
[32mI[16:16:54,792] [100-CyclonMembership]CyclonMembership:[m Membership Metrics:
Membership: []
ProtocolMetrics{totalEvents=158, messagesIn=0, messagesFailed=0, messagesSent=0, timers=90, notifications=0, requests=0, replies=0, customChannelEvents=68}
[32mI[16:16:55,771] [100-CyclonMembership]CyclonMembership:[m Channel Metrics:
In channels:
Out channels:
[32mI[16:16:55,792] [100-CyclonMembership]CyclonMembership:[m Membership Metrics:
Membership: []
ProtocolMetrics{totalEvents=161, messagesIn=0, messagesFailed=0, messagesSent=0, timers=92, notifications=0, requests=0, replies=0, customChannelEvents=69}
[32mI[16:16:56,771] [100-CyclonMembership]CyclonMembership:[m Channel Metrics:
In channels:
Out channels:
[32mI[16:16:56,790] [300-BroadcastApp]BroadcastApp:[m Exiting...
[32mI[16:16:56,792] [100-CyclonMembership]CyclonMembership:[m Membership Metrics:
Membership: []
ProtocolMetrics{totalEvents=163, messagesIn=0, messagesFailed=0, messagesSent=0, timers=93, notifications=0, requests=0, replies=0, customChannelEvents=70}
[32mI[16:16:56,791] [Thread-1]Main:[m Goodbye
