[32mI[16:11:49,372] [main]Main:[m Hello, I am 172.10.10.0:10000
[32mI[16:11:49,676] [main]BroadcastApp:[m Waiting...
[32mI[16:11:50,672] [100-CyclonMembership]CyclonMembership:[m Channel Metrics:
In channels:
Out channels:
[32mI[16:11:50,680] [100-CyclonMembership]CyclonMembership:[m Membership Metrics:
Membership: []
ProtocolMetrics{totalEvents=2, messagesIn=0, messagesFailed=0, messagesSent=0, timers=1, notifications=0, requests=0, replies=0, customChannelEvents=1}
[32mI[16:11:51,662] [100-CyclonMembership]CyclonMembership:[m Channel Metrics:
In channels:
Out channels:
[32mI[16:11:51,679] [100-CyclonMembership]CyclonMembership:[m Membership Metrics:
Membership: []
ProtocolMetrics{totalEvents=4, messagesIn=0, messagesFailed=0, messagesSent=0, timers=2, notifications=0, requests=0, replies=0, customChannelEvents=2}
[32mI[16:11:52,662] [100-CyclonMembership]CyclonMembership:[m Channel Metrics:
In channels:
Out channels:
[32mI[16:11:52,678] [100-CyclonMembership]CyclonMembership:[m Membership Metrics:
Membership: []
ProtocolMetrics{totalEvents=7, messagesIn=0, messagesFailed=0, messagesSent=0, timers=4, notifications=0, requests=0, replies=0, customChannelEvents=3}
[32mI[16:11:53,662] [100-CyclonMembership]CyclonMembership:[m Channel Metrics:
In channels:
Out channels:
[32mI[16:11:53,678] [100-CyclonMembership]CyclonMembership:[m Membership Metrics:
Membership: []
ProtocolMetrics{totalEvents=9, messagesIn=0, messagesFailed=0, messagesSent=0, timers=5, notifications=0, requests=0, replies=0, customChannelEvents=4}
[32mI[16:11:54,662] [100-CyclonMembership]CyclonMembership:[m Channel Metrics:
In channels:
Out channels:
[32mI[16:11:54,677] [300-BroadcastApp]BroadcastApp:[m Starting
[32mI[16:11:54,678] [100-CyclonMembership]CyclonMembership:[m Membership Metrics:
Membership: []
ProtocolMetrics{totalEvents=11, messagesIn=0, messagesFailed=0, messagesSent=0, timers=6, notifications=0, requests=0, replies=0, customChannelEvents=5}
[32mI[16:11:54,682] [300-BroadcastApp]BroadcastApp:[m Sending: 86ecba3a-d4d0-4da4-bcb8-ea92473ff8d9 - XDEFLEBRJS (10)
[32mI[16:11:54,683] [300-BroadcastApp]BroadcastApp:[m Received 86ecba3a-d4d0-4da4-bcb8-ea92473ff8d9 - XDEFLEBRJS (10) from 172.10.10.0:10000
[32mI[16:11:55,662] [100-CyclonMembership]CyclonMembership:[m Channel Metrics:
In channels:
Out channels:
[32mI[16:11:55,679] [100-CyclonMembership]CyclonMembership:[m Membership Metrics:
Membership: []
ProtocolMetrics{totalEvents=13, messagesIn=0, messagesFailed=0, messagesSent=0, timers=7, notifications=0, requests=0, replies=0, customChannelEvents=6}
[32mI[16:11:55,679] [300-BroadcastApp]BroadcastApp:[m Sending: bb207077-ebe2-4ca5-8570-2cada28050b7 - GFEYSQNQKR (10)
[32mI[16:11:55,680] [300-BroadcastApp]BroadcastApp:[m Received bb207077-ebe2-4ca5-8570-2cada28050b7 - GFEYSQNQKR (10) from 172.10.10.0:10000
[32mI[16:11:56,662] [100-CyclonMembership]CyclonMembership:[m Channel Metrics:
In channels:
Out channels:
[32mI[16:11:56,678] [100-CyclonMembership]CyclonMembership:[m Membership Metrics:
Membership: []
ProtocolMetrics{totalEvents=16, messagesIn=0, messagesFailed=0, messagesSent=0, timers=9, notifications=0, requests=0, replies=0, customChannelEvents=7}
[32mI[16:11:56,679] [300-BroadcastApp]BroadcastApp:[m Sending: 53b15279-3fef-4a4e-bb56-2adc7d76945a - WULBVKPNOO (10)
[32mI[16:11:56,680] [300-BroadcastApp]BroadcastApp:[m Received 53b15279-3fef-4a4e-bb56-2adc7d76945a - WULBVKPNOO (10) from 172.10.10.0:10000
[32mI[16:11:57,662] [100-CyclonMembership]CyclonMembership:[m Channel Metrics:
In channels:
Out channels:
[32mI[16:11:57,678] [100-CyclonMembership]CyclonMembership:[m Membership Metrics:
Membership: []
ProtocolMetrics{totalEvents=18, messagesIn=0, messagesFailed=0, messagesSent=0, timers=10, notifications=0, requests=0, replies=0, customChannelEvents=8}
[32mI[16:11:57,680] [300-BroadcastApp]BroadcastApp:[m Sending: a3f71218-94a1-4a1e-aac3-34701853f097 - PDWIYDGFLJ (10)
[32mI[16:11:57,680] [300-BroadcastApp]BroadcastApp:[m Received a3f71218-94a1-4a1e-aac3-34701853f097 - PDWIYDGFLJ (10) from 172.10.10.0:10000
[32mI[16:11:58,662] [100-CyclonMembership]CyclonMembership:[m Channel Metrics:
In channels:
Out channels:
[32mI[16:11:58,679] [100-CyclonMembership]CyclonMembership:[m Membership Metrics:
Membership: []
ProtocolMetrics{totalEvents=20, messagesIn=0, messagesFailed=0, messagesSent=0, timers=11, notifications=0, requests=0, replies=0, customChannelEvents=9}
[32mI[16:11:58,680] [300-BroadcastApp]BroadcastApp:[m Sending: f1513fab-5705-408d-badf-0473fc9f0371 - JITXRZIMYL (10)
[32mI[16:11:58,681] [300-BroadcastApp]BroadcastApp:[m Received f1513fab-5705-408d-badf-0473fc9f0371 - JITXRZIMYL (10) from 172.10.10.0:10000
[32mI[16:11:59,662] [100-CyclonMembership]CyclonMembership:[m Channel Metrics:
In channels:
Out channels:
[32mI[16:11:59,678] [100-CyclonMembership]CyclonMembership:[m Membership Metrics:
Membership: []
ProtocolMetrics{totalEvents=23, messagesIn=0, messagesFailed=0, messagesSent=0, timers=13, notifications=0, requests=0, replies=0, customChannelEvents=10}
[32mI[16:11:59,680] [300-BroadcastApp]BroadcastApp:[m Sending: 970c972b-78fd-479b-a430-382b599f8892 - WXEITFBSHE (10)
[32mI[16:11:59,681] [300-BroadcastApp]BroadcastApp:[m Received 970c972b-78fd-479b-a430-382b599f8892 - WXEITFBSHE (10) from 172.10.10.0:10000
[32mI[16:12:00,662] [100-CyclonMembership]CyclonMembership:[m Channel Metrics:
In channels:
Out channels:
[32mI[16:12:00,678] [100-CyclonMembership]CyclonMembership:[m Membership Metrics:
Membership: []
ProtocolMetrics{totalEvents=25, messagesIn=0, messagesFailed=0, messagesSent=0, timers=14, notifications=0, requests=0, replies=0, customChannelEvents=11}
[32mI[16:12:00,681] [300-BroadcastApp]BroadcastApp:[m Sending: 3e971459-3983-4bcc-a0ab-7e3ef0daacc5 - IQMDOPPKMY (10)
[32mI[16:12:00,681] [300-BroadcastApp]BroadcastApp:[m Received 3e971459-3983-4bcc-a0ab-7e3ef0daacc5 - IQMDOPPKMY (10) from 172.10.10.0:10000
[32mI[16:12:01,662] [100-CyclonMembership]CyclonMembership:[m Channel Metrics:
In channels:
Out channels:
[32mI[16:12:01,679] [100-CyclonMembership]CyclonMembership:[m Membership Metrics:
Membership: []
ProtocolMetrics{totalEvents=27, messagesIn=0, messagesFailed=0, messagesSent=0, timers=15, notifications=0, requests=0, replies=0, customChannelEvents=12}
[32mI[16:12:01,680] [300-BroadcastApp]BroadcastApp:[m Sending: d86f2393-cc60-4076-8c28-4530476e730b - IGWNVRALLD (10)
[32mI[16:12:01,680] [300-BroadcastApp]BroadcastApp:[m Received d86f2393-cc60-4076-8c28-4530476e730b - IGWNVRALLD (10) from 172.10.10.0:10000
[32mI[16:12:02,662] [100-CyclonMembership]CyclonMembership:[m Channel Metrics:
In channels:
Out channels:
[32mI[16:12:02,679] [100-CyclonMembership]CyclonMembership:[m Membership Metrics:
Membership: []
ProtocolMetrics{totalEvents=30, messagesIn=0, messagesFailed=0, messagesSent=0, timers=17, notifications=0, requests=0, replies=0, customChannelEvents=13}
[32mI[16:12:02,680] [300-BroadcastApp]BroadcastApp:[m Sending: 17b93870-fe50-4e21-be64-b38e505ff642 - NJNJATYZHP (10)
[32mI[16:12:02,681] [300-BroadcastApp]BroadcastApp:[m Received 17b93870-fe50-4e21-be64-b38e505ff642 - NJNJATYZHP (10) from 172.10.10.0:10000
[32mI[16:12:03,662] [100-CyclonMembership]CyclonMembership:[m Channel Metrics:
In channels:
Out channels:
[32mI[16:12:03,679] [100-CyclonMembership]CyclonMembership:[m Membership Metrics:
Membership: []
ProtocolMetrics{totalEvents=32, messagesIn=0, messagesFailed=0, messagesSent=0, timers=18, notifications=0, requests=0, replies=0, customChannelEvents=14}
[32mI[16:12:03,681] [300-BroadcastApp]BroadcastApp:[m Sending: 18829865-6971-4b44-9baa-ef9923048a4a - TIGCQUNQKH (10)
[32mI[16:12:03,681] [300-BroadcastApp]BroadcastApp:[m Received 18829865-6971-4b44-9baa-ef9923048a4a - TIGCQUNQKH (10) from 172.10.10.0:10000
[32mI[16:12:04,662] [100-CyclonMembership]CyclonMembership:[m Channel Metrics:
In channels:
Out channels:
[32mI[16:12:04,680] [100-CyclonMembership]CyclonMembership:[m Membership Metrics:
Membership: []
ProtocolMetrics{totalEvents=34, messagesIn=0, messagesFailed=0, messagesSent=0, timers=19, notifications=0, requests=0, replies=0, customChannelEvents=15}
[32mI[16:12:04,680] [300-BroadcastApp]BroadcastApp:[m Sending: 8558e5c3-6727-4b2e-98c0-451a427abc88 - MSMJLHCBZT (10)
[32mI[16:12:04,680] [300-BroadcastApp]BroadcastApp:[m Received 8558e5c3-6727-4b2e-98c0-451a427abc88 - MSMJLHCBZT (10) from 172.10.10.0:10000
[32mI[16:12:05,662] [100-CyclonMembership]CyclonMembership:[m Channel Metrics:
In channels:
Out channels:
[32mI[16:12:05,679] [100-CyclonMembership]CyclonMembership:[m Membership Metrics:
Membership: []
ProtocolMetrics{totalEvents=37, messagesIn=0, messagesFailed=0, messagesSent=0, timers=21, notifications=0, requests=0, replies=0, customChannelEvents=16}
[32mI[16:12:05,680] [300-BroadcastApp]BroadcastApp:[m Sending: 975232e4-3433-435a-97ad-c7ee733b2449 - BSLVCCKBUE (10)
[32mI[16:12:05,681] [300-BroadcastApp]BroadcastApp:[m Received 975232e4-3433-435a-97ad-c7ee733b2449 - BSLVCCKBUE (10) from 172.10.10.0:10000
[32mI[16:12:06,662] [100-CyclonMembership]CyclonMembership:[m Channel Metrics:
In channels:
Out channels:
[32mI[16:12:06,679] [100-CyclonMembership]CyclonMembership:[m Membership Metrics:
Membership: []
ProtocolMetrics{totalEvents=39, messagesIn=0, messagesFailed=0, messagesSent=0, timers=22, notifications=0, requests=0, replies=0, customChannelEvents=17}
[32mI[16:12:06,681] [300-BroadcastApp]BroadcastApp:[m Sending: 08c7bc23-8721-4363-9072-4185dbd26031 - KVTEHFOGMP (10)
[32mI[16:12:06,681] [300-BroadcastApp]BroadcastApp:[m Received 08c7bc23-8721-4363-9072-4185dbd26031 - KVTEHFOGMP (10) from 172.10.10.0:10000
[32mI[16:12:07,662] [100-CyclonMembership]CyclonMembership:[m Channel Metrics:
In channels:
Out channels:
[32mI[16:12:07,680] [100-CyclonMembership]CyclonMembership:[m Membership Metrics:
Membership: []
ProtocolMetrics{totalEvents=41, messagesIn=0, messagesFailed=0, messagesSent=0, timers=23, notifications=0, requests=0, replies=0, customChannelEvents=18}
[32mI[16:12:07,681] [300-BroadcastApp]BroadcastApp:[m Sending: 6d6c8b43-fd0f-4f5f-a803-f44d446aa367 - JGLMOCBARX (10)
[32mI[16:12:07,681] [300-BroadcastApp]BroadcastApp:[m Received 6d6c8b43-fd0f-4f5f-a803-f44d446aa367 - JGLMOCBARX (10) from 172.10.10.0:10000
[32mI[16:12:08,662] [100-CyclonMembership]CyclonMembership:[m Channel Metrics:
In channels:
Out channels:
[32mI[16:12:08,679] [100-CyclonMembership]CyclonMembership:[m Membership Metrics:
Membership: []
ProtocolMetrics{totalEvents=44, messagesIn=0, messagesFailed=0, messagesSent=0, timers=25, notifications=0, requests=0, replies=0, customChannelEvents=19}
[32mI[16:12:08,680] [300-BroadcastApp]BroadcastApp:[m Sending: 1b11c52c-d945-4067-b20e-6ef251f13fb2 - PBNILMKKIZ (10)
[32mI[16:12:08,681] [300-BroadcastApp]BroadcastApp:[m Received 1b11c52c-d945-4067-b20e-6ef251f13fb2 - PBNILMKKIZ (10) from 172.10.10.0:10000
[32mI[16:12:09,662] [100-CyclonMembership]CyclonMembership:[m Channel Metrics:
In channels:
Out channels:
[32mI[16:12:09,679] [100-CyclonMembership]CyclonMembership:[m Membership Metrics:
Membership: []
ProtocolMetrics{totalEvents=46, messagesIn=0, messagesFailed=0, messagesSent=0, timers=26, notifications=0, requests=0, replies=0, customChannelEvents=20}
[32mI[16:12:09,680] [300-BroadcastApp]BroadcastApp:[m Sending: 965a62ba-0219-4be4-b0d1-86f06921be34 - MCWXBVWRPJ (10)
[32mI[16:12:09,681] [300-BroadcastApp]BroadcastApp:[m Received 965a62ba-0219-4be4-b0d1-86f06921be34 - MCWXBVWRPJ (10) from 172.10.10.0:10000
[32mI[16:12:10,662] [100-CyclonMembership]CyclonMembership:[m Channel Metrics:
In channels:
Out channels:
[32mI[16:12:10,679] [100-CyclonMembership]CyclonMembership:[m Membership Metrics:
Membership: []
ProtocolMetrics{totalEvents=48, messagesIn=0, messagesFailed=0, messagesSent=0, timers=27, notifications=0, requests=0, replies=0, customChannelEvents=21}
[32mI[16:12:10,681] [300-BroadcastApp]BroadcastApp:[m Sending: 4d64852e-92fe-43b8-8c3e-e0f8dafda874 - VBXOGOGTAN (10)
[32mI[16:12:10,681] [300-BroadcastApp]BroadcastApp:[m Received 4d64852e-92fe-43b8-8c3e-e0f8dafda874 - VBXOGOGTAN (10) from 172.10.10.0:10000
[32mI[16:12:11,662] [100-CyclonMembership]CyclonMembership:[m Channel Metrics:
In channels:
Out channels:
[32mI[16:12:11,680] [100-CyclonMembership]CyclonMembership:[m Membership Metrics:
Membership: []
ProtocolMetrics{totalEvents=51, messagesIn=0, messagesFailed=0, messagesSent=0, timers=29, notifications=0, requests=0, replies=0, customChannelEvents=22}
[32mI[16:12:11,680] [300-BroadcastApp]BroadcastApp:[m Sending: d0b87627-14c3-45a6-ad5c-aa363b561751 - TEYIQASUWL (10)
[32mI[16:12:11,681] [300-BroadcastApp]BroadcastApp:[m Received d0b87627-14c3-45a6-ad5c-aa363b561751 - TEYIQASUWL (10) from 172.10.10.0:10000
[32mI[16:12:12,662] [100-CyclonMembership]CyclonMembership:[m Channel Metrics:
In channels:
Out channels:
[32mI[16:12:12,680] [100-CyclonMembership]CyclonMembership:[m Membership Metrics:
Membership: []
ProtocolMetrics{totalEvents=53, messagesIn=0, messagesFailed=0, messagesSent=0, timers=30, notifications=0, requests=0, replies=0, customChannelEvents=23}
[32mI[16:12:12,680] [300-BroadcastApp]BroadcastApp:[m Sending: f3141e19-0845-4e75-b959-1a640057bf4f - VPSFVXQSWY (10)
[32mI[16:12:12,681] [300-BroadcastApp]BroadcastApp:[m Received f3141e19-0845-4e75-b959-1a640057bf4f - VPSFVXQSWY (10) from 172.10.10.0:10000
[32mI[16:12:13,662] [100-CyclonMembership]CyclonMembership:[m Channel Metrics:
In channels:
Out channels:
[32mI[16:12:13,680] [100-CyclonMembership]CyclonMembership:[m Membership Metrics:
Membership: []
ProtocolMetrics{totalEvents=55, messagesIn=0, messagesFailed=0, messagesSent=0, timers=31, notifications=0, requests=0, replies=0, customChannelEvents=24}
[32mI[16:12:13,680] [300-BroadcastApp]BroadcastApp:[m Sending: 085c5954-b3d9-4959-9ff4-46e17aec9b2c - HQBPQJRKIF (10)
[32mI[16:12:13,681] [300-BroadcastApp]BroadcastApp:[m Received 085c5954-b3d9-4959-9ff4-46e17aec9b2c - HQBPQJRKIF (10) from 172.10.10.0:10000
[32mI[16:12:14,662] [100-CyclonMembership]CyclonMembership:[m Channel Metrics:
In channels:
Out channels:
[32mI[16:12:14,680] [100-CyclonMembership]CyclonMembership:[m Membership Metrics:
Membership: []
ProtocolMetrics{totalEvents=58, messagesIn=0, messagesFailed=0, messagesSent=0, timers=33, notifications=0, requests=0, replies=0, customChannelEvents=25}
[32mI[16:12:14,681] [300-BroadcastApp]BroadcastApp:[m Sending: d58ff140-f753-4935-baa3-b45bf6e7bd1c - IQHSSCCFKC (10)
[32mI[16:12:14,681] [300-BroadcastApp]BroadcastApp:[m Received d58ff140-f753-4935-baa3-b45bf6e7bd1c - IQHSSCCFKC (10) from 172.10.10.0:10000
[32mI[16:12:15,662] [100-CyclonMembership]CyclonMembership:[m Channel Metrics:
In channels:
Out channels:
[32mI[16:12:15,681] [100-CyclonMembership]CyclonMembership:[m Membership Metrics:
Membership: []
ProtocolMetrics{totalEvents=60, messagesIn=0, messagesFailed=0, messagesSent=0, timers=34, notifications=0, requests=0, replies=0, customChannelEvents=26}
[32mI[16:12:15,681] [300-BroadcastApp]BroadcastApp:[m Sending: 2ae2ca9b-5bfc-4151-bdb7-d51646a7f4ec - ZEEHRWOFDF (10)
[32mI[16:12:15,681] [300-BroadcastApp]BroadcastApp:[m Received 2ae2ca9b-5bfc-4151-bdb7-d51646a7f4ec - ZEEHRWOFDF (10) from 172.10.10.0:10000
[32mI[16:12:16,662] [100-CyclonMembership]CyclonMembership:[m Channel Metrics:
In channels:
Out channels:
[32mI[16:12:16,681] [100-CyclonMembership]CyclonMembership:[m Membership Metrics:
Membership: []
ProtocolMetrics{totalEvents=62, messagesIn=0, messagesFailed=0, messagesSent=0, timers=35, notifications=0, requests=0, replies=0, customChannelEvents=27}
[32mI[16:12:16,681] [300-BroadcastApp]BroadcastApp:[m Sending: f0f7bcd2-1cec-4bc6-a209-2b3ba2da14d7 - TSGZBEYHHK (10)
[32mI[16:12:16,681] [300-BroadcastApp]BroadcastApp:[m Received f0f7bcd2-1cec-4bc6-a209-2b3ba2da14d7 - TSGZBEYHHK (10) from 172.10.10.0:10000
[32mI[16:12:17,662] [100-CyclonMembership]CyclonMembership:[m Channel Metrics:
In channels:
Out channels:
[32mI[16:12:17,681] [100-CyclonMembership]CyclonMembership:[m Membership Metrics:
Membership: []
ProtocolMetrics{totalEvents=65, messagesIn=0, messagesFailed=0, messagesSent=0, timers=37, notifications=0, requests=0, replies=0, customChannelEvents=28}
[32mI[16:12:17,681] [300-BroadcastApp]BroadcastApp:[m Sending: c1f49b99-f8fc-46d6-a444-efc19dd9955c - QAMVALTHYB (10)
[32mI[16:12:17,681] [300-BroadcastApp]BroadcastApp:[m Received c1f49b99-f8fc-46d6-a444-efc19dd9955c - QAMVALTHYB (10) from 172.10.10.0:10000
[32mI[16:12:18,662] [100-CyclonMembership]CyclonMembership:[m Channel Metrics:
In channels:
Out channels:
[32mI[16:12:18,681] [100-CyclonMembership]CyclonMembership:[m Membership Metrics:
Membership: []
ProtocolMetrics{totalEvents=67, messagesIn=0, messagesFailed=0, messagesSent=0, timers=38, notifications=0, requests=0, replies=0, customChannelEvents=29}
[32mI[16:12:18,681] [300-BroadcastApp]BroadcastApp:[m Sending: 1599c83c-1d90-45e0-82cb-9e5b841cfbaf - LZRMPDXOQE (10)
[32mI[16:12:18,682] [300-BroadcastApp]BroadcastApp:[m Received 1599c83c-1d90-45e0-82cb-9e5b841cfbaf - LZRMPDXOQE (10) from 172.10.10.0:10000
[32mI[16:12:19,662] [100-CyclonMembership]CyclonMembership:[m Channel Metrics:
In channels:
Out channels:
[32mI[16:12:19,681] [100-CyclonMembership]CyclonMembership:[m Membership Metrics:
Membership: []
ProtocolMetrics{totalEvents=69, messagesIn=0, messagesFailed=0, messagesSent=0, timers=39, notifications=0, requests=0, replies=0, customChannelEvents=30}
[32mI[16:12:19,681] [300-BroadcastApp]BroadcastApp:[m Sending: 2836fcce-f8e0-4860-b3bb-1052861a7c3a - QBQIMQHLGG (10)
[32mI[16:12:19,682] [300-BroadcastApp]BroadcastApp:[m Received 2836fcce-f8e0-4860-b3bb-1052861a7c3a - QBQIMQHLGG (10) from 172.10.10.0:10000
[32mI[16:12:20,662] [100-CyclonMembership]CyclonMembership:[m Channel Metrics:
In channels:
Out channels:
[32mI[16:12:20,682] [100-CyclonMembership]CyclonMembership:[m Membership Metrics:
Membership: []
ProtocolMetrics{totalEvents=72, messagesIn=0, messagesFailed=0, messagesSent=0, timers=41, notifications=0, requests=0, replies=0, customChannelEvents=31}
[32mI[16:12:20,682] [300-BroadcastApp]BroadcastApp:[m Sending: 3eb48c76-c0e6-4029-9584-a2e29b9627c6 - FKVNMAXOQE (10)
[32mI[16:12:20,682] [300-BroadcastApp]BroadcastApp:[m Received 3eb48c76-c0e6-4029-9584-a2e29b9627c6 - FKVNMAXOQE (10) from 172.10.10.0:10000
[32mI[16:12:21,662] [100-CyclonMembership]CyclonMembership:[m Channel Metrics:
In channels:
Out channels:
[32mI[16:12:21,682] [100-CyclonMembership]CyclonMembership:[m Membership Metrics:
Membership: []
ProtocolMetrics{totalEvents=74, messagesIn=0, messagesFailed=0, messagesSent=0, timers=42, notifications=0, requests=0, replies=0, customChannelEvents=32}
[32mI[16:12:21,682] [300-BroadcastApp]BroadcastApp:[m Sending: 2d855d24-bbb8-452e-8d75-5766ce3b3132 - XABKSGTEAF (10)
[32mI[16:12:21,682] [300-BroadcastApp]BroadcastApp:[m Received 2d855d24-bbb8-452e-8d75-5766ce3b3132 - XABKSGTEAF (10) from 172.10.10.0:10000
[32mI[16:12:22,662] [100-CyclonMembership]CyclonMembership:[m Channel Metrics:
In channels:
Out channels:
[32mI[16:12:22,681] [300-BroadcastApp]BroadcastApp:[m Sending: b195cf0a-f050-4255-8895-6264b1bde3ed - SLAVOXNKDM (10)
[32mI[16:12:22,681] [300-BroadcastApp]BroadcastApp:[m Received b195cf0a-f050-4255-8895-6264b1bde3ed - SLAVOXNKDM (10) from 172.10.10.0:10000
[32mI[16:12:22,682] [100-CyclonMembership]CyclonMembership:[m Membership Metrics:
Membership: []
ProtocolMetrics{totalEvents=77, messagesIn=0, messagesFailed=0, messagesSent=0, timers=44, notifications=0, requests=0, replies=0, customChannelEvents=33}
[32mI[16:12:23,662] [100-CyclonMembership]CyclonMembership:[m Channel Metrics:
In channels:
Out channels:
[32mI[16:12:23,681] [300-BroadcastApp]BroadcastApp:[m Sending: 580399cd-d9f0-45ff-ae0f-b84ff707b680 - BZDDQRVAXZ (10)
[32mI[16:12:23,682] [300-BroadcastApp]BroadcastApp:[m Received 580399cd-d9f0-45ff-ae0f-b84ff707b680 - BZDDQRVAXZ (10) from 172.10.10.0:10000
[32mI[16:12:23,682] [100-CyclonMembership]CyclonMembership:[m Membership Metrics:
Membership: []
ProtocolMetrics{totalEvents=79, messagesIn=0, messagesFailed=0, messagesSent=0, timers=45, notifications=0, requests=0, replies=0, customChannelEvents=34}
[32mI[16:12:24,662] [100-CyclonMembership]CyclonMembership:[m Channel Metrics:
In channels:
Out channels:
[32mI[16:12:24,682] [300-BroadcastApp]BroadcastApp:[m Sending: 5bd2ba29-6dfa-4e09-a328-c9641339c42e - BXSGEYMIPW (10)
[32mI[16:12:24,682] [300-BroadcastApp]BroadcastApp:[m Received 5bd2ba29-6dfa-4e09-a328-c9641339c42e - BXSGEYMIPW (10) from 172.10.10.0:10000
[32mI[16:12:24,683] [100-CyclonMembership]CyclonMembership:[m Membership Metrics:
Membership: []
ProtocolMetrics{totalEvents=81, messagesIn=0, messagesFailed=0, messagesSent=0, timers=46, notifications=0, requests=0, replies=0, customChannelEvents=35}
[32mI[16:12:25,662] [100-CyclonMembership]CyclonMembership:[m Channel Metrics:
In channels:
Out channels:
[32mI[16:12:25,681] [300-BroadcastApp]BroadcastApp:[m Sending: 9f76cb34-cf38-44f1-bfab-1f0f4d386b10 - ODZQQZXYFA (10)
[32mI[16:12:25,682] [300-BroadcastApp]BroadcastApp:[m Received 9f76cb34-cf38-44f1-bfab-1f0f4d386b10 - ODZQQZXYFA (10) from 172.10.10.0:10000
[32mI[16:12:25,682] [100-CyclonMembership]CyclonMembership:[m Membership Metrics:
Membership: []
ProtocolMetrics{totalEvents=84, messagesIn=0, messagesFailed=0, messagesSent=0, timers=48, notifications=0, requests=0, replies=0, customChannelEvents=36}
[32mI[16:12:26,662] [100-CyclonMembership]CyclonMembership:[m Channel Metrics:
In channels:
Out channels:
[32mI[16:12:26,681] [300-BroadcastApp]BroadcastApp:[m Sending: 7e9742c3-52b1-4be9-af25-551019817a1a - TXCEQRCKVT (10)
[32mI[16:12:26,682] [300-BroadcastApp]BroadcastApp:[m Received 7e9742c3-52b1-4be9-af25-551019817a1a - TXCEQRCKVT (10) from 172.10.10.0:10000
[32mI[16:12:26,682] [100-CyclonMembership]CyclonMembership:[m Membership Metrics:
Membership: []
ProtocolMetrics{totalEvents=86, messagesIn=0, messagesFailed=0, messagesSent=0, timers=49, notifications=0, requests=0, replies=0, customChannelEvents=37}
[32mI[16:12:27,662] [100-CyclonMembership]CyclonMembership:[m Channel Metrics:
In channels:
Out channels:
[32mI[16:12:27,682] [300-BroadcastApp]BroadcastApp:[m Sending: 3c62a27b-8735-4cd8-95aa-0f0a7d235431 - AKEBUYPDXE (10)
[32mI[16:12:27,682] [300-BroadcastApp]BroadcastApp:[m Received 3c62a27b-8735-4cd8-95aa-0f0a7d235431 - AKEBUYPDXE (10) from 172.10.10.0:10000
[32mI[16:12:27,683] [100-CyclonMembership]CyclonMembership:[m Membership Metrics:
Membership: []
ProtocolMetrics{totalEvents=88, messagesIn=0, messagesFailed=0, messagesSent=0, timers=50, notifications=0, requests=0, replies=0, customChannelEvents=38}
[32mI[16:12:28,662] [100-CyclonMembership]CyclonMembership:[m Channel Metrics:
In channels:
Out channels:
[32mI[16:12:28,682] [100-CyclonMembership]CyclonMembership:[m Membership Metrics:
Membership: []
ProtocolMetrics{totalEvents=91, messagesIn=0, messagesFailed=0, messagesSent=0, timers=52, notifications=0, requests=0, replies=0, customChannelEvents=39}
[32mI[16:12:28,682] [300-BroadcastApp]BroadcastApp:[m Sending: 16462b7b-4447-4fa5-8ddd-4b200d4b4821 - VTXNKVONNF (10)
[32mI[16:12:28,683] [300-BroadcastApp]BroadcastApp:[m Received 16462b7b-4447-4fa5-8ddd-4b200d4b4821 - VTXNKVONNF (10) from 172.10.10.0:10000
[32mI[16:12:29,662] [100-CyclonMembership]CyclonMembership:[m Channel Metrics:
In channels:
Out channels:
[32mI[16:12:29,682] [100-CyclonMembership]CyclonMembership:[m Membership Metrics:
Membership: []
ProtocolMetrics{totalEvents=93, messagesIn=0, messagesFailed=0, messagesSent=0, timers=53, notifications=0, requests=0, replies=0, customChannelEvents=40}
[32mI[16:12:29,682] [300-BroadcastApp]BroadcastApp:[m Sending: c326b15f-2101-4982-abea-8705a05a6f52 - EZQUDFRULM (10)
[32mI[16:12:29,683] [300-BroadcastApp]BroadcastApp:[m Received c326b15f-2101-4982-abea-8705a05a6f52 - EZQUDFRULM (10) from 172.10.10.0:10000
[32mI[16:12:30,662] [100-CyclonMembership]CyclonMembership:[m Channel Metrics:
In channels:
Out channels:
[32mI[16:12:30,682] [100-CyclonMembership]CyclonMembership:[m Membership Metrics:
Membership: []
ProtocolMetrics{totalEvents=95, messagesIn=0, messagesFailed=0, messagesSent=0, timers=54, notifications=0, requests=0, replies=0, customChannelEvents=41}
[32mI[16:12:30,683] [300-BroadcastApp]BroadcastApp:[m Sending: e18fb9ca-f7e0-4522-808b-bc529e4e5455 - XCPJOPJXIP (10)
[32mI[16:12:30,683] [300-BroadcastApp]BroadcastApp:[m Received e18fb9ca-f7e0-4522-808b-bc529e4e5455 - XCPJOPJXIP (10) from 172.10.10.0:10000
[32mI[16:12:31,662] [100-CyclonMembership]CyclonMembership:[m Channel Metrics:
In channels:
Out channels:
[32mI[16:12:31,682] [100-CyclonMembership]CyclonMembership:[m Membership Metrics:
Membership: []
ProtocolMetrics{totalEvents=97, messagesIn=0, messagesFailed=0, messagesSent=0, timers=55, notifications=0, requests=0, replies=0, customChannelEvents=42}
[32mI[16:12:31,683] [300-BroadcastApp]BroadcastApp:[m Sending: f17a14b8-dd90-4a13-bb75-1193c4e3d41f - DQLHGORAFK (10)
[32mI[16:12:31,683] [300-BroadcastApp]BroadcastApp:[m Received f17a14b8-dd90-4a13-bb75-1193c4e3d41f - DQLHGORAFK (10) from 172.10.10.0:10000
[32mI[16:12:32,662] [100-CyclonMembership]CyclonMembership:[m Channel Metrics:
In channels:
Out channels:
[32mI[16:12:32,683] [100-CyclonMembership]CyclonMembership:[m Membership Metrics:
Membership: []
ProtocolMetrics{totalEvents=100, messagesIn=0, messagesFailed=0, messagesSent=0, timers=57, notifications=0, requests=0, replies=0, customChannelEvents=43}
[32mI[16:12:32,683] [300-BroadcastApp]BroadcastApp:[m Sending: 82cec9f7-6203-4c8a-bac1-8e56a7bdfb1d - RRXLBDFSVN (10)
[32mI[16:12:32,683] [300-BroadcastApp]BroadcastApp:[m Received 82cec9f7-6203-4c8a-bac1-8e56a7bdfb1d - RRXLBDFSVN (10) from 172.10.10.0:10000
[32mI[16:12:33,662] [100-CyclonMembership]CyclonMembership:[m Channel Metrics:
In channels:
Out channels:
[32mI[16:12:33,683] [100-CyclonMembership]CyclonMembership:[m Membership Metrics:
Membership: []
ProtocolMetrics{totalEvents=102, messagesIn=0, messagesFailed=0, messagesSent=0, timers=58, notifications=0, requests=0, replies=0, customChannelEvents=44}
[32mI[16:12:33,683] [300-BroadcastApp]BroadcastApp:[m Sending: a71b6666-e198-4a90-a183-fa21ce85b8aa - XPCLGXQNSH (10)
[32mI[16:12:33,684] [300-BroadcastApp]BroadcastApp:[m Received a71b6666-e198-4a90-a183-fa21ce85b8aa - XPCLGXQNSH (10) from 172.10.10.0:10000
[32mI[16:12:34,662] [100-CyclonMembership]CyclonMembership:[m Channel Metrics:
In channels:
Out channels:
[32mI[16:12:34,683] [100-CyclonMembership]CyclonMembership:[m Membership Metrics:
Membership: []
ProtocolMetrics{totalEvents=105, messagesIn=0, messagesFailed=0, messagesSent=0, timers=60, notifications=0, requests=0, replies=0, customChannelEvents=45}
[32mI[16:12:34,683] [300-BroadcastApp]BroadcastApp:[m Sending: d0ddab51-b7bc-4c08-aa01-f0291236bc0c - TKCXDJHRBA (10)
[32mI[16:12:34,684] [300-BroadcastApp]BroadcastApp:[m Received d0ddab51-b7bc-4c08-aa01-f0291236bc0c - TKCXDJHRBA (10) from 172.10.10.0:10000
[32mI[16:12:35,662] [100-CyclonMembership]CyclonMembership:[m Channel Metrics:
In channels:
Out channels:
[32mI[16:12:35,683] [100-CyclonMembership]CyclonMembership:[m Membership Metrics:
Membership: []
ProtocolMetrics{totalEvents=107, messagesIn=0, messagesFailed=0, messagesSent=0, timers=61, notifications=0, requests=0, replies=0, customChannelEvents=46}
[32mI[16:12:35,684] [300-BroadcastApp]BroadcastApp:[m Sending: 754a6ba6-d45c-4966-bfd3-3c155c7bcb15 - UDKYLDVFYW (10)
[32mI[16:12:35,684] [300-BroadcastApp]BroadcastApp:[m Received 754a6ba6-d45c-4966-bfd3-3c155c7bcb15 - UDKYLDVFYW (10) from 172.10.10.0:10000
[32mI[16:12:36,662] [100-CyclonMembership]CyclonMembership:[m Channel Metrics:
In channels:
Out channels:
[32mI[16:12:36,684] [100-CyclonMembership]CyclonMembership:[m Membership Metrics:
Membership: []
ProtocolMetrics{totalEvents=109, messagesIn=0, messagesFailed=0, messagesSent=0, timers=62, notifications=0, requests=0, replies=0, customChannelEvents=47}
[32mI[16:12:36,684] [300-BroadcastApp]BroadcastApp:[m Sending: 3b890076-da1e-4e2e-ba1f-68f726264cc7 - EEWVUXUZUF (10)
[32mI[16:12:36,684] [300-BroadcastApp]BroadcastApp:[m Received 3b890076-da1e-4e2e-ba1f-68f726264cc7 - EEWVUXUZUF (10) from 172.10.10.0:10000
[32mI[16:12:37,661] [100-CyclonMembership]CyclonMembership:[m Channel Metrics:
In channels:
Out channels:
[32mI[16:12:37,683] [100-CyclonMembership]CyclonMembership:[m Membership Metrics:
Membership: []
ProtocolMetrics{totalEvents=112, messagesIn=0, messagesFailed=0, messagesSent=0, timers=64, notifications=0, requests=0, replies=0, customChannelEvents=48}
[32mI[16:12:37,683] [300-BroadcastApp]BroadcastApp:[m Sending: 60f7652f-a975-4422-8ae6-bd006754a016 - GZFQLWYEDY (10)
[32mI[16:12:37,683] [300-BroadcastApp]BroadcastApp:[m Received 60f7652f-a975-4422-8ae6-bd006754a016 - GZFQLWYEDY (10) from 172.10.10.0:10000
[32mI[16:12:38,661] [100-CyclonMembership]CyclonMembership:[m Channel Metrics:
In channels:
Out channels:
[32mI[16:12:38,683] [100-CyclonMembership]CyclonMembership:[m Membership Metrics:
Membership: []
ProtocolMetrics{totalEvents=114, messagesIn=0, messagesFailed=0, messagesSent=0, timers=65, notifications=0, requests=0, replies=0, customChannelEvents=49}
[32mI[16:12:38,683] [300-BroadcastApp]BroadcastApp:[m Sending: 158c0d90-84b4-4b18-b3d9-b98a75e80167 - IKKJZLVOQZ (10)
[32mI[16:12:38,683] [300-BroadcastApp]BroadcastApp:[m Received 158c0d90-84b4-4b18-b3d9-b98a75e80167 - IKKJZLVOQZ (10) from 172.10.10.0:10000
[32mI[16:12:39,661] [100-CyclonMembership]CyclonMembership:[m Channel Metrics:
In channels:
Out channels:
[32mI[16:12:39,683] [300-BroadcastApp]BroadcastApp:[m Sending: 525844fc-812c-4c56-8256-5640773c4360 - DTGXGOTUAK (10)
[32mI[16:12:39,683] [100-CyclonMembership]CyclonMembership:[m Membership Metrics:
Membership: []
ProtocolMetrics{totalEvents=116, messagesIn=0, messagesFailed=0, messagesSent=0, timers=66, notifications=0, requests=0, replies=0, customChannelEvents=50}
[32mI[16:12:39,684] [300-BroadcastApp]BroadcastApp:[m Received 525844fc-812c-4c56-8256-5640773c4360 - DTGXGOTUAK (10) from 172.10.10.0:10000
[32mI[16:12:40,662] [100-CyclonMembership]CyclonMembership:[m Channel Metrics:
In channels:
Out channels:
[32mI[16:12:40,683] [100-CyclonMembership]CyclonMembership:[m Membership Metrics:
Membership: []
ProtocolMetrics{totalEvents=118, messagesIn=0, messagesFailed=0, messagesSent=0, timers=67, notifications=0, requests=0, replies=0, customChannelEvents=51}
[32mI[16:12:40,683] [300-BroadcastApp]BroadcastApp:[m Sending: b5f8684f-fbc8-4fb1-a470-ab4706e9156f - ERHSITYBOH (10)
[32mI[16:12:40,684] [300-BroadcastApp]BroadcastApp:[m Received b5f8684f-fbc8-4fb1-a470-ab4706e9156f - ERHSITYBOH (10) from 172.10.10.0:10000
[32mI[16:12:41,662] [100-CyclonMembership]CyclonMembership:[m Channel Metrics:
In channels:
Out channels:
[32mI[16:12:41,683] [100-CyclonMembership]CyclonMembership:[m Membership Metrics:
Membership: []
ProtocolMetrics{totalEvents=121, messagesIn=0, messagesFailed=0, messagesSent=0, timers=69, notifications=0, requests=0, replies=0, customChannelEvents=52}
[32mI[16:12:41,684] [300-BroadcastApp]BroadcastApp:[m Sending: fa4400fc-0010-477d-9c0c-8f60f898e5ac - NJKNWVFSKH (10)
[32mI[16:12:41,684] [300-BroadcastApp]BroadcastApp:[m Received fa4400fc-0010-477d-9c0c-8f60f898e5ac - NJKNWVFSKH (10) from 172.10.10.0:10000
[32mI[16:12:42,662] [100-CyclonMembership]CyclonMembership:[m Channel Metrics:
In channels:
Out channels:
[32mI[16:12:42,684] [100-CyclonMembership]CyclonMembership:[m Membership Metrics:
Membership: []
ProtocolMetrics{totalEvents=123, messagesIn=0, messagesFailed=0, messagesSent=0, timers=70, notifications=0, requests=0, replies=0, customChannelEvents=53}
[32mI[16:12:42,684] [300-BroadcastApp]BroadcastApp:[m Sending: 5daff2bf-079a-4579-9b1d-12c767126dd0 - BJZAKKBPWQ (10)
[32mI[16:12:42,684] [300-BroadcastApp]BroadcastApp:[m Received 5daff2bf-079a-4579-9b1d-12c767126dd0 - BJZAKKBPWQ (10) from 172.10.10.0:10000
[32mI[16:12:43,662] [100-CyclonMembership]CyclonMembership:[m Channel Metrics:
In channels:
Out channels:
[32mI[16:12:43,684] [100-CyclonMembership]CyclonMembership:[m Membership Metrics:
Membership: []
ProtocolMetrics{totalEvents=125, messagesIn=0, messagesFailed=0, messagesSent=0, timers=71, notifications=0, requests=0, replies=0, customChannelEvents=54}
[32mI[16:12:43,684] [300-BroadcastApp]BroadcastApp:[m Sending: 1ece5446-2a6c-4a64-8062-31ff3e3b767f - OXMXYHXCWP (10)
[32mI[16:12:43,684] [300-BroadcastApp]BroadcastApp:[m Received 1ece5446-2a6c-4a64-8062-31ff3e3b767f - OXMXYHXCWP (10) from 172.10.10.0:10000
[32mI[16:12:44,661] [100-CyclonMembership]CyclonMembership:[m Channel Metrics:
In channels:
Out channels:
[32mI[16:12:44,684] [100-CyclonMembership]CyclonMembership:[m Membership Metrics:
Membership: []
ProtocolMetrics{totalEvents=128, messagesIn=0, messagesFailed=0, messagesSent=0, timers=73, notifications=0, requests=0, replies=0, customChannelEvents=55}
[32mI[16:12:44,684] [300-BroadcastApp]BroadcastApp:[m Sending: 9899c453-ed92-410a-ab48-5b015f25421a - AYAULSUTOB (10)
[32mI[16:12:44,684] [300-BroadcastApp]BroadcastApp:[m Received 9899c453-ed92-410a-ab48-5b015f25421a - AYAULSUTOB (10) from 172.10.10.0:10000
[32mI[16:12:45,662] [100-CyclonMembership]CyclonMembership:[m Channel Metrics:
In channels:
Out channels:
[32mI[16:12:45,684] [100-CyclonMembership]CyclonMembership:[m Membership Metrics:
Membership: []
ProtocolMetrics{totalEvents=130, messagesIn=0, messagesFailed=0, messagesSent=0, timers=74, notifications=0, requests=0, replies=0, customChannelEvents=56}
[32mI[16:12:45,684] [300-BroadcastApp]BroadcastApp:[m Sending: 8d8d0f14-4544-49af-b89f-5f3e263a360e - UIUTTDMBYO (10)
[32mI[16:12:45,685] [300-BroadcastApp]BroadcastApp:[m Received 8d8d0f14-4544-49af-b89f-5f3e263a360e - UIUTTDMBYO (10) from 172.10.10.0:10000
[32mI[16:12:46,662] [100-CyclonMembership]CyclonMembership:[m Channel Metrics:
In channels:
Out channels:
[32mI[16:12:46,684] [100-CyclonMembership]CyclonMembership:[m Membership Metrics:
Membership: []
ProtocolMetrics{totalEvents=132, messagesIn=0, messagesFailed=0, messagesSent=0, timers=75, notifications=0, requests=0, replies=0, customChannelEvents=57}
[32mI[16:12:46,684] [300-BroadcastApp]BroadcastApp:[m Sending: 8dcc0c02-9e3a-4a4e-a0cd-9fb6d29163fb - JXJOUTJAPS (10)
[32mI[16:12:46,685] [300-BroadcastApp]BroadcastApp:[m Received 8dcc0c02-9e3a-4a4e-a0cd-9fb6d29163fb - JXJOUTJAPS (10) from 172.10.10.0:10000
[32mI[16:12:47,662] [100-CyclonMembership]CyclonMembership:[m Channel Metrics:
In channels:
Out channels:
[32mI[16:12:47,684] [100-CyclonMembership]CyclonMembership:[m Membership Metrics:
Membership: []
ProtocolMetrics{totalEvents=135, messagesIn=0, messagesFailed=0, messagesSent=0, timers=77, notifications=0, requests=0, replies=0, customChannelEvents=58}
[32mI[16:12:47,684] [300-BroadcastApp]BroadcastApp:[m Sending: e94cfd60-a332-470d-9061-b3e77102f332 - SDASRRPWHV (10)
[32mI[16:12:47,685] [300-BroadcastApp]BroadcastApp:[m Received e94cfd60-a332-470d-9061-b3e77102f332 - SDASRRPWHV (10) from 172.10.10.0:10000
[32mI[16:12:48,662] [100-CyclonMembership]CyclonMembership:[m Channel Metrics:
In channels:
Out channels:
[32mI[16:12:48,684] [100-CyclonMembership]CyclonMembership:[m Membership Metrics:
Membership: []
ProtocolMetrics{totalEvents=137, messagesIn=0, messagesFailed=0, messagesSent=0, timers=78, notifications=0, requests=0, replies=0, customChannelEvents=59}
[32mI[16:12:48,685] [300-BroadcastApp]BroadcastApp:[m Sending: c212b300-b88f-4e45-b46d-5cd7f5b2517b - UOTVURWRNZ (10)
[32mI[16:12:48,685] [300-BroadcastApp]BroadcastApp:[m Received c212b300-b88f-4e45-b46d-5cd7f5b2517b - UOTVURWRNZ (10) from 172.10.10.0:10000
[32mI[16:12:49,661] [100-CyclonMembership]CyclonMembership:[m Channel Metrics:
In channels:
Out channels:
[32mI[16:12:49,685] [100-CyclonMembership]CyclonMembership:[m Membership Metrics:
Membership: []
ProtocolMetrics{totalEvents=139, messagesIn=0, messagesFailed=0, messagesSent=0, timers=79, notifications=0, requests=0, replies=0, customChannelEvents=60}
[32mI[16:12:49,685] [300-BroadcastApp]BroadcastApp:[m Sending: b7ece889-fbba-4008-98ac-b7866d076f9f - ZWOBTYIYAO (10)
[32mI[16:12:49,685] [300-BroadcastApp]BroadcastApp:[m Received b7ece889-fbba-4008-98ac-b7866d076f9f - ZWOBTYIYAO (10) from 172.10.10.0:10000
[32mI[16:12:50,662] [100-CyclonMembership]CyclonMembership:[m Channel Metrics:
In channels:
Out channels:
[32mI[16:12:50,684] [300-BroadcastApp]BroadcastApp:[m Sending: 79fea213-9648-474b-a139-b4faa69ae9d0 - SEMGUVUCAS (10)
[32mI[16:12:50,685] [300-BroadcastApp]BroadcastApp:[m Received 79fea213-9648-474b-a139-b4faa69ae9d0 - SEMGUVUCAS (10) from 172.10.10.0:10000
[32mI[16:12:50,685] [100-CyclonMembership]CyclonMembership:[m Membership Metrics:
Membership: []
ProtocolMetrics{totalEvents=142, messagesIn=0, messagesFailed=0, messagesSent=0, timers=81, notifications=0, requests=0, replies=0, customChannelEvents=61}
[32mI[16:12:51,662] [100-CyclonMembership]CyclonMembership:[m Channel Metrics:
In channels:
Out channels:
[32mI[16:12:51,684] [300-BroadcastApp]BroadcastApp:[m Sending: a4d96472-f38b-47e2-b81b-b56ac43c73d7 - TOOZRHJEYD (10)
[32mI[16:12:51,685] [300-BroadcastApp]BroadcastApp:[m Received a4d96472-f38b-47e2-b81b-b56ac43c73d7 - TOOZRHJEYD (10) from 172.10.10.0:10000
[32mI[16:12:51,685] [100-CyclonMembership]CyclonMembership:[m Membership Metrics:
Membership: []
ProtocolMetrics{totalEvents=144, messagesIn=0, messagesFailed=0, messagesSent=0, timers=82, notifications=0, requests=0, replies=0, customChannelEvents=62}
[32mI[16:12:52,662] [100-CyclonMembership]CyclonMembership:[m Channel Metrics:
In channels:
Out channels:
[32mI[16:12:52,685] [300-BroadcastApp]BroadcastApp:[m Sending: 5916e3ed-ba98-410f-83d4-9b956cfe5ea7 - MNVIJVDOJB (10)
[32mI[16:12:52,685] [300-BroadcastApp]BroadcastApp:[m Received 5916e3ed-ba98-410f-83d4-9b956cfe5ea7 - MNVIJVDOJB (10) from 172.10.10.0:10000
[32mI[16:12:52,686] [100-CyclonMembership]CyclonMembership:[m Membership Metrics:
Membership: []
ProtocolMetrics{totalEvents=146, messagesIn=0, messagesFailed=0, messagesSent=0, timers=83, notifications=0, requests=0, replies=0, customChannelEvents=63}
[32mI[16:12:53,662] [100-CyclonMembership]CyclonMembership:[m Channel Metrics:
In channels:
Out channels:
[32mI[16:12:53,685] [100-CyclonMembership]CyclonMembership:[m Membership Metrics:
Membership: []
ProtocolMetrics{totalEvents=149, messagesIn=0, messagesFailed=0, messagesSent=0, timers=85, notifications=0, requests=0, replies=0, customChannelEvents=64}
[32mI[16:12:53,685] [300-BroadcastApp]BroadcastApp:[m Sending: 1dc6ddee-817d-4500-92a1-8ed2b2704c63 - CLQYNPGUAT (10)
[32mI[16:12:53,685] [300-BroadcastApp]BroadcastApp:[m Received 1dc6ddee-817d-4500-92a1-8ed2b2704c63 - CLQYNPGUAT (10) from 172.10.10.0:10000
[32mI[16:12:54,662] [100-CyclonMembership]CyclonMembership:[m Channel Metrics:
In channels:
Out channels:
[32mI[16:12:54,678] [300-BroadcastApp]BroadcastApp:[m Stopping broadcasts
[32mI[16:12:54,686] [100-CyclonMembership]CyclonMembership:[m Membership Metrics:
Membership: []
ProtocolMetrics{totalEvents=151, messagesIn=0, messagesFailed=0, messagesSent=0, timers=86, notifications=0, requests=0, replies=0, customChannelEvents=65}
[32mI[16:12:55,662] [100-CyclonMembership]CyclonMembership:[m Channel Metrics:
In channels:
Out channels:
[32mI[16:12:55,686] [100-CyclonMembership]CyclonMembership:[m Membership Metrics:
Membership: []
ProtocolMetrics{totalEvents=154, messagesIn=0, messagesFailed=0, messagesSent=0, timers=88, notifications=0, requests=0, replies=0, customChannelEvents=66}
[32mI[16:12:56,662] [100-CyclonMembership]CyclonMembership:[m Channel Metrics:
In channels:
Out channels:
[32mI[16:12:56,686] [100-CyclonMembership]CyclonMembership:[m Membership Metrics:
Membership: []
ProtocolMetrics{totalEvents=156, messagesIn=0, messagesFailed=0, messagesSent=0, timers=89, notifications=0, requests=0, replies=0, customChannelEvents=67}
[32mI[16:12:57,662] [100-CyclonMembership]CyclonMembership:[m Channel Metrics:
In channels:
Out channels:
[32mI[16:12:57,686] [100-CyclonMembership]CyclonMembership:[m Membership Metrics:
Membership: []
ProtocolMetrics{totalEvents=158, messagesIn=0, messagesFailed=0, messagesSent=0, timers=90, notifications=0, requests=0, replies=0, customChannelEvents=68}
[32mI[16:12:58,662] [100-CyclonMembership]CyclonMembership:[m Channel Metrics:
In channels:
Out channels:
[32mI[16:12:58,686] [100-CyclonMembership]CyclonMembership:[m Membership Metrics:
Membership: []
ProtocolMetrics{totalEvents=161, messagesIn=0, messagesFailed=0, messagesSent=0, timers=92, notifications=0, requests=0, replies=0, customChannelEvents=69}
[32mI[16:12:59,662] [100-CyclonMembership]CyclonMembership:[m Channel Metrics:
In channels:
Out channels:
[32mI[16:12:59,678] [300-BroadcastApp]BroadcastApp:[m Exiting...
[32mI[16:12:59,680] [Thread-1]Main:[m Goodbye
