[32mI[16:31:41,320] [main]Main:[m Hello, I am 172.10.10.0:10000
[32mI[16:31:41,594] [main]BroadcastApp:[m Waiting...
[32mI[16:31:42,588] [100-CyclonMembership]CyclonMembership:[m Channel Metrics:
In channels:
Out channels:
[32mI[16:31:42,598] [100-CyclonMembership]CyclonMembership:[m Membership Metrics:
Membership: []
ProtocolMetrics{totalEvents=2, messagesIn=0, messagesFailed=0, messagesSent=0, timers=1, notifications=0, requests=0, replies=0, customChannelEvents=1}
[32mI[16:31:43,579] [100-CyclonMembership]CyclonMembership:[m Channel Metrics:
In channels:
Out channels:
[32mI[16:31:43,597] [100-CyclonMembership]CyclonMembership:[m Membership Metrics:
Membership: []
ProtocolMetrics{totalEvents=4, messagesIn=0, messagesFailed=0, messagesSent=0, timers=2, notifications=0, requests=0, replies=0, customChannelEvents=2}
[32mI[16:31:44,579] [100-CyclonMembership]CyclonMembership:[m Channel Metrics:
In channels:
Out channels:
[32mI[16:31:44,597] [100-CyclonMembership]CyclonMembership:[m Membership Metrics:
Membership: []
ProtocolMetrics{totalEvents=7, messagesIn=0, messagesFailed=0, messagesSent=0, timers=4, notifications=0, requests=0, replies=0, customChannelEvents=3}
[32mI[16:31:45,579] [100-CyclonMembership]CyclonMembership:[m Channel Metrics:
In channels:
Out channels:
[32mI[16:31:45,597] [100-CyclonMembership]CyclonMembership:[m Membership Metrics:
Membership: []
ProtocolMetrics{totalEvents=9, messagesIn=0, messagesFailed=0, messagesSent=0, timers=5, notifications=0, requests=0, replies=0, customChannelEvents=4}
[32mI[16:31:46,579] [100-CyclonMembership]CyclonMembership:[m Channel Metrics:
In channels:
Out channels:
[32mI[16:31:46,596] [300-BroadcastApp]BroadcastApp:[m Starting
[32mI[16:31:46,597] [100-CyclonMembership]CyclonMembership:[m Membership Metrics:
Membership: []
ProtocolMetrics{totalEvents=11, messagesIn=0, messagesFailed=0, messagesSent=0, timers=6, notifications=0, requests=0, replies=0, customChannelEvents=5}
[32mI[16:31:46,603] [300-BroadcastApp]BroadcastApp:[m Sending: 6e0b0b31-f524-47fa-9a47-7c3a8e617fcb - JLEZAMQOHQ (10)
[32mI[16:31:46,605] [300-BroadcastApp]BroadcastApp:[m Received 6e0b0b31-f524-47fa-9a47-7c3a8e617fcb - JLEZAMQOHQ (10) from 172.10.10.0:10000
[32mI[16:31:47,580] [100-CyclonMembership]CyclonMembership:[m Channel Metrics:
In channels:
Out channels:
[32mI[16:31:47,597] [100-CyclonMembership]CyclonMembership:[m Membership Metrics:
Membership: []
ProtocolMetrics{totalEvents=14, messagesIn=0, messagesFailed=0, messagesSent=0, timers=8, notifications=0, requests=0, replies=0, customChannelEvents=6}
[32mI[16:31:47,597] [300-BroadcastApp]BroadcastApp:[m Sending: 4b7de6af-77e8-4f3e-98af-2fc3dd559af9 - GHYONTTOWY (10)
[32mI[16:31:47,598] [300-BroadcastApp]BroadcastApp:[m Received 4b7de6af-77e8-4f3e-98af-2fc3dd559af9 - GHYONTTOWY (10) from 172.10.10.0:10000
[32mI[16:31:48,580] [100-CyclonMembership]CyclonMembership:[m Channel Metrics:
In channels:
Out channels:
[32mI[16:31:48,597] [100-CyclonMembership]CyclonMembership:[m Membership Metrics:
Membership: []
ProtocolMetrics{totalEvents=16, messagesIn=0, messagesFailed=0, messagesSent=0, timers=9, notifications=0, requests=0, replies=0, customChannelEvents=7}
[32mI[16:31:48,597] [300-BroadcastApp]BroadcastApp:[m Sending: e75ba6cb-5d48-4156-bd14-919f0a15c5d4 - NECMNLQJWO (10)
[32mI[16:31:48,598] [300-BroadcastApp]BroadcastApp:[m Received e75ba6cb-5d48-4156-bd14-919f0a15c5d4 - NECMNLQJWO (10) from 172.10.10.0:10000
[32mI[16:31:49,579] [100-CyclonMembership]CyclonMembership:[m Channel Metrics:
In channels:
Out channels:
[32mI[16:31:49,597] [100-CyclonMembership]CyclonMembership:[m Membership Metrics:
Membership: []
ProtocolMetrics{totalEvents=18, messagesIn=0, messagesFailed=0, messagesSent=0, timers=10, notifications=0, requests=0, replies=0, customChannelEvents=8}
[32mI[16:31:49,598] [300-BroadcastApp]BroadcastApp:[m Sending: 048d31e8-08d9-4ba8-a790-e4912634c40c - KSNAOARHQT (10)
[32mI[16:31:49,598] [300-BroadcastApp]BroadcastApp:[m Received 048d31e8-08d9-4ba8-a790-e4912634c40c - KSNAOARHQT (10) from 172.10.10.0:10000
[32mI[16:31:50,579] [100-CyclonMembership]CyclonMembership:[m Channel Metrics:
In channels:
Out channels:
[32mI[16:31:50,598] [100-CyclonMembership]CyclonMembership:[m Membership Metrics:
Membership: []
ProtocolMetrics{totalEvents=21, messagesIn=0, messagesFailed=0, messagesSent=0, timers=12, notifications=0, requests=0, replies=0, customChannelEvents=9}
[32mI[16:31:50,598] [300-BroadcastApp]BroadcastApp:[m Sending: 372bbd71-7d6d-4251-ae9d-f4ce60d2541d - DBHCGXFKBO (10)
[32mI[16:31:50,599] [300-BroadcastApp]BroadcastApp:[m Received 372bbd71-7d6d-4251-ae9d-f4ce60d2541d - DBHCGXFKBO (10) from 172.10.10.0:10000
[32mI[16:31:51,579] [100-CyclonMembership]CyclonMembership:[m Channel Metrics:
In channels:
Out channels:
[32mI[16:31:51,598] [100-CyclonMembership]CyclonMembership:[m Membership Metrics:
Membership: []
ProtocolMetrics{totalEvents=23, messagesIn=0, messagesFailed=0, messagesSent=0, timers=13, notifications=0, requests=0, replies=0, customChannelEvents=10}
[32mI[16:31:51,598] [300-BroadcastApp]BroadcastApp:[m Sending: 9d2e6296-6637-458d-90b6-793ebce9d152 - QGMCNKXCAF (10)
[32mI[16:31:51,599] [300-BroadcastApp]BroadcastApp:[m Received 9d2e6296-6637-458d-90b6-793ebce9d152 - QGMCNKXCAF (10) from 172.10.10.0:10000
[32mI[16:31:52,579] [100-CyclonMembership]CyclonMembership:[m Channel Metrics:
In channels:
Out channels:
[32mI[16:31:52,598] [100-CyclonMembership]CyclonMembership:[m Membership Metrics:
Membership: []
ProtocolMetrics{totalEvents=25, messagesIn=0, messagesFailed=0, messagesSent=0, timers=14, notifications=0, requests=0, replies=0, customChannelEvents=11}
[32mI[16:31:52,599] [300-BroadcastApp]BroadcastApp:[m Sending: 37aac7a3-7ae8-4c0f-98a4-a29bc75676fe - HBCYQRYEJR (10)
[32mI[16:31:52,599] [300-BroadcastApp]BroadcastApp:[m Received 37aac7a3-7ae8-4c0f-98a4-a29bc75676fe - HBCYQRYEJR (10) from 172.10.10.0:10000
[32mI[16:31:53,579] [100-CyclonMembership]CyclonMembership:[m Channel Metrics:
In channels:
Out channels:
[32mI[16:31:53,599] [100-CyclonMembership]CyclonMembership:[m Membership Metrics:
Membership: []
ProtocolMetrics{totalEvents=28, messagesIn=0, messagesFailed=0, messagesSent=0, timers=16, notifications=0, requests=0, replies=0, customChannelEvents=12}
[32mI[16:31:53,599] [300-BroadcastApp]BroadcastApp:[m Sending: d888d275-80a7-462f-a5a3-5eb5282ea9c2 - JNVTKXUXTP (10)
[32mI[16:31:53,600] [300-BroadcastApp]BroadcastApp:[m Received d888d275-80a7-462f-a5a3-5eb5282ea9c2 - JNVTKXUXTP (10) from 172.10.10.0:10000
[32mI[16:31:54,579] [100-CyclonMembership]CyclonMembership:[m Channel Metrics:
In channels:
Out channels:
[32mI[16:31:54,598] [100-CyclonMembership]CyclonMembership:[m Membership Metrics:
Membership: []
ProtocolMetrics{totalEvents=30, messagesIn=0, messagesFailed=0, messagesSent=0, timers=17, notifications=0, requests=0, replies=0, customChannelEvents=13}
[32mI[16:31:54,598] [300-BroadcastApp]BroadcastApp:[m Sending: 94bcf125-5c4e-4b34-8323-b06b4be29eca - UNWYXBTXNO (10)
[32mI[16:31:54,599] [300-BroadcastApp]BroadcastApp:[m Received 94bcf125-5c4e-4b34-8323-b06b4be29eca - UNWYXBTXNO (10) from 172.10.10.0:10000
[32mI[16:31:55,579] [100-CyclonMembership]CyclonMembership:[m Channel Metrics:
In channels:
Out channels:
[32mI[16:31:55,598] [100-CyclonMembership]CyclonMembership:[m Membership Metrics:
Membership: []
ProtocolMetrics{totalEvents=32, messagesIn=0, messagesFailed=0, messagesSent=0, timers=18, notifications=0, requests=0, replies=0, customChannelEvents=14}
[32mI[16:31:55,598] [300-BroadcastApp]BroadcastApp:[m Sending: 52b87dc6-8a98-48ee-aa23-89957b415dfe - ABXJTNAXCA (10)
[32mI[16:31:55,599] [300-BroadcastApp]BroadcastApp:[m Received 52b87dc6-8a98-48ee-aa23-89957b415dfe - ABXJTNAXCA (10) from 172.10.10.0:10000
[32mI[16:31:56,580] [100-CyclonMembership]CyclonMembership:[m Channel Metrics:
In channels:
Out channels:
[32mI[16:31:56,599] [100-CyclonMembership]CyclonMembership:[m Membership Metrics:
Membership: []
ProtocolMetrics{totalEvents=35, messagesIn=0, messagesFailed=0, messagesSent=0, timers=20, notifications=0, requests=0, replies=0, customChannelEvents=15}
[32mI[16:31:56,599] [300-BroadcastApp]BroadcastApp:[m Sending: 70c41469-c4ef-4305-9998-47598c4618bb - TUOZAHWUKC (10)
[32mI[16:31:56,600] [300-BroadcastApp]BroadcastApp:[m Received 70c41469-c4ef-4305-9998-47598c4618bb - TUOZAHWUKC (10) from 172.10.10.0:10000
[32mI[16:31:57,579] [100-CyclonMembership]CyclonMembership:[m Channel Metrics:
In channels:
Out channels:
[32mI[16:31:57,599] [100-CyclonMembership]CyclonMembership:[m Membership Metrics:
Membership: []
ProtocolMetrics{totalEvents=37, messagesIn=0, messagesFailed=0, messagesSent=0, timers=21, notifications=0, requests=0, replies=0, customChannelEvents=16}
[32mI[16:31:57,599] [300-BroadcastApp]BroadcastApp:[m Sending: 58ca6883-43f9-4f45-9cf8-47d2480723b2 - PXISEJONIL (10)
[32mI[16:31:57,600] [300-BroadcastApp]BroadcastApp:[m Received 58ca6883-43f9-4f45-9cf8-47d2480723b2 - PXISEJONIL (10) from 172.10.10.0:10000
[32mI[16:31:58,579] [100-CyclonMembership]CyclonMembership:[m Channel Metrics:
In channels:
Out channels:
[32mI[16:31:58,598] [100-CyclonMembership]CyclonMembership:[m Membership Metrics:
Membership: []
ProtocolMetrics{totalEvents=39, messagesIn=0, messagesFailed=0, messagesSent=0, timers=22, notifications=0, requests=0, replies=0, customChannelEvents=17}
[32mI[16:31:58,599] [300-BroadcastApp]BroadcastApp:[m Sending: ba2860f2-8fab-4af0-94ba-ea91dd329a8d - HXGQFWYAAB (10)
[32mI[16:31:58,599] [300-BroadcastApp]BroadcastApp:[m Received ba2860f2-8fab-4af0-94ba-ea91dd329a8d - HXGQFWYAAB (10) from 172.10.10.0:10000
[32mI[16:31:59,579] [100-CyclonMembership]CyclonMembership:[m Channel Metrics:
In channels:
Out channels:
[32mI[16:31:59,598] [100-CyclonMembership]CyclonMembership:[m Membership Metrics:
Membership: []
ProtocolMetrics{totalEvents=42, messagesIn=0, messagesFailed=0, messagesSent=0, timers=24, notifications=0, requests=0, replies=0, customChannelEvents=18}
[32mI[16:31:59,600] [300-BroadcastApp]BroadcastApp:[m Sending: b9b5ea42-306b-4f3e-9fb6-d8cc53c8425c - EMHASSNNJX (10)
[32mI[16:31:59,600] [300-BroadcastApp]BroadcastApp:[m Received b9b5ea42-306b-4f3e-9fb6-d8cc53c8425c - EMHASSNNJX (10) from 172.10.10.0:10000
[32mI[16:32:00,579] [100-CyclonMembership]CyclonMembership:[m Channel Metrics:
In channels:
Out channels:
[32mI[16:32:00,599] [100-CyclonMembership]CyclonMembership:[m Membership Metrics:
Membership: []
ProtocolMetrics{totalEvents=44, messagesIn=0, messagesFailed=0, messagesSent=0, timers=25, notifications=0, requests=0, replies=0, customChannelEvents=19}
[32mI[16:32:00,600] [300-BroadcastApp]BroadcastApp:[m Sending: 1b89d7d0-e010-43c7-8faf-d28f33244a31 - IDQRAJQLTF (10)
[32mI[16:32:00,600] [300-BroadcastApp]BroadcastApp:[m Received 1b89d7d0-e010-43c7-8faf-d28f33244a31 - IDQRAJQLTF (10) from 172.10.10.0:10000
[32mI[16:32:01,579] [100-CyclonMembership]CyclonMembership:[m Channel Metrics:
In channels:
Out channels:
[32mI[16:32:01,598] [100-CyclonMembership]CyclonMembership:[m Membership Metrics:
Membership: []
ProtocolMetrics{totalEvents=46, messagesIn=0, messagesFailed=0, messagesSent=0, timers=26, notifications=0, requests=0, replies=0, customChannelEvents=20}
[32mI[16:32:01,599] [300-BroadcastApp]BroadcastApp:[m Sending: 4a00a736-6978-4ded-8740-0716be298f62 - MFJVWZLWHL (10)
[32mI[16:32:01,600] [300-BroadcastApp]BroadcastApp:[m Received 4a00a736-6978-4ded-8740-0716be298f62 - MFJVWZLWHL (10) from 172.10.10.0:10000
[32mI[16:32:02,579] [100-CyclonMembership]CyclonMembership:[m Channel Metrics:
In channels:
Out channels:
[32mI[16:32:02,598] [100-CyclonMembership]CyclonMembership:[m Membership Metrics:
Membership: []
ProtocolMetrics{totalEvents=49, messagesIn=0, messagesFailed=0, messagesSent=0, timers=28, notifications=0, requests=0, replies=0, customChannelEvents=21}
[32mI[16:32:02,600] [300-BroadcastApp]BroadcastApp:[m Sending: 62c70267-79f9-4f41-97b6-7d4b48bd978e - SYLFLSWPTG (10)
[32mI[16:32:02,601] [300-BroadcastApp]BroadcastApp:[m Received 62c70267-79f9-4f41-97b6-7d4b48bd978e - SYLFLSWPTG (10) from 172.10.10.0:10000
[32mI[16:32:03,579] [100-CyclonMembership]CyclonMembership:[m Channel Metrics:
In channels:
Out channels:
[32mI[16:32:03,599] [100-CyclonMembership]CyclonMembership:[m Membership Metrics:
Membership: []
ProtocolMetrics{totalEvents=51, messagesIn=0, messagesFailed=0, messagesSent=0, timers=29, notifications=0, requests=0, replies=0, customChannelEvents=22}
[32mI[16:32:03,600] [300-BroadcastApp]BroadcastApp:[m Sending: 4901267a-8c6a-4772-952e-10c46cf81807 - QKNAPYZQDH (10)
[32mI[16:32:03,601] [300-BroadcastApp]BroadcastApp:[m Received 4901267a-8c6a-4772-952e-10c46cf81807 - QKNAPYZQDH (10) from 172.10.10.0:10000
[32mI[16:32:04,579] [100-CyclonMembership]CyclonMembership:[m Channel Metrics:
In channels:
Out channels:
[32mI[16:32:04,598] [100-CyclonMembership]CyclonMembership:[m Membership Metrics:
Membership: []
ProtocolMetrics{totalEvents=53, messagesIn=0, messagesFailed=0, messagesSent=0, timers=30, notifications=0, requests=0, replies=0, customChannelEvents=23}
[32mI[16:32:04,600] [300-BroadcastApp]BroadcastApp:[m Sending: 57fb5009-0fa8-4733-8db6-835d58a0cff8 - ZIFQGSXYRV (10)
[32mI[16:32:04,601] [300-BroadcastApp]BroadcastApp:[m Received 57fb5009-0fa8-4733-8db6-835d58a0cff8 - ZIFQGSXYRV (10) from 172.10.10.0:10000
[32mI[16:32:05,579] [100-CyclonMembership]CyclonMembership:[m Channel Metrics:
In channels:
Out channels:
[32mI[16:32:05,598] [100-CyclonMembership]CyclonMembership:[m Membership Metrics:
Membership: []
ProtocolMetrics{totalEvents=56, messagesIn=0, messagesFailed=0, messagesSent=0, timers=32, notifications=0, requests=0, replies=0, customChannelEvents=24}
[32mI[16:32:05,601] [300-BroadcastApp]BroadcastApp:[m Sending: a79a6d07-ef29-444e-bf8d-3345d24ce062 - WEDZCEQJDY (10)
[32mI[16:32:05,601] [300-BroadcastApp]BroadcastApp:[m Received a79a6d07-ef29-444e-bf8d-3345d24ce062 - WEDZCEQJDY (10) from 172.10.10.0:10000
[32mI[16:32:06,579] [100-CyclonMembership]CyclonMembership:[m Channel Metrics:
In channels:
Out channels:
[32mI[16:32:06,599] [100-CyclonMembership]CyclonMembership:[m Membership Metrics:
Membership: []
ProtocolMetrics{totalEvents=58, messagesIn=0, messagesFailed=0, messagesSent=0, timers=33, notifications=0, requests=0, replies=0, customChannelEvents=25}
[32mI[16:32:06,600] [300-BroadcastApp]BroadcastApp:[m Sending: a386d6fe-b757-47a9-95ca-3e2a5a18813d - YJDDHXHJVL (10)
[32mI[16:32:06,601] [300-BroadcastApp]BroadcastApp:[m Received a386d6fe-b757-47a9-95ca-3e2a5a18813d - YJDDHXHJVL (10) from 172.10.10.0:10000
[32mI[16:32:07,579] [100-CyclonMembership]CyclonMembership:[m Channel Metrics:
In channels:
Out channels:
[32mI[16:32:07,598] [100-CyclonMembership]CyclonMembership:[m Membership Metrics:
Membership: []
ProtocolMetrics{totalEvents=60, messagesIn=0, messagesFailed=0, messagesSent=0, timers=34, notifications=0, requests=0, replies=0, customChannelEvents=26}
[32mI[16:32:07,600] [300-BroadcastApp]BroadcastApp:[m Sending: 8c9bdcfd-0e4f-4458-b37f-9c63ab787974 - MCQOJLXKZR (10)
[32mI[16:32:07,601] [300-BroadcastApp]BroadcastApp:[m Received 8c9bdcfd-0e4f-4458-b37f-9c63ab787974 - MCQOJLXKZR (10) from 172.10.10.0:10000
[32mI[16:32:08,579] [100-CyclonMembership]CyclonMembership:[m Channel Metrics:
In channels:
Out channels:
[32mI[16:32:08,598] [100-CyclonMembership]CyclonMembership:[m Membership Metrics:
Membership: []
ProtocolMetrics{totalEvents=63, messagesIn=0, messagesFailed=0, messagesSent=0, timers=36, notifications=0, requests=0, replies=0, customChannelEvents=27}
[32mI[16:32:08,601] [300-BroadcastApp]BroadcastApp:[m Sending: 4a9f88fa-9b24-421d-906c-f15f3fe91d3d - OSBODKQJDC (10)
[32mI[16:32:08,601] [300-BroadcastApp]BroadcastApp:[m Received 4a9f88fa-9b24-421d-906c-f15f3fe91d3d - OSBODKQJDC (10) from 172.10.10.0:10000
[32mI[16:32:09,579] [100-CyclonMembership]CyclonMembership:[m Channel Metrics:
In channels:
Out channels:
[32mI[16:32:09,599] [100-CyclonMembership]CyclonMembership:[m Membership Metrics:
Membership: []
ProtocolMetrics{totalEvents=65, messagesIn=0, messagesFailed=0, messagesSent=0, timers=37, notifications=0, requests=0, replies=0, customChannelEvents=28}
[32mI[16:32:09,601] [300-BroadcastApp]BroadcastApp:[m Sending: 63cbf41f-2f66-4a96-b2e0-2c801bcbb680 - JOUTAAYGNP (10)
[32mI[16:32:09,602] [300-BroadcastApp]BroadcastApp:[m Received 63cbf41f-2f66-4a96-b2e0-2c801bcbb680 - JOUTAAYGNP (10) from 172.10.10.0:10000
[32mI[16:32:10,579] [100-CyclonMembership]CyclonMembership:[m Channel Metrics:
In channels:
Out channels:
[32mI[16:32:10,598] [100-CyclonMembership]CyclonMembership:[m Membership Metrics:
Membership: []
ProtocolMetrics{totalEvents=67, messagesIn=0, messagesFailed=0, messagesSent=0, timers=38, notifications=0, requests=0, replies=0, customChannelEvents=29}
[32mI[16:32:10,601] [300-BroadcastApp]BroadcastApp:[m Sending: 4619f51b-3c33-4d30-8eef-382deeb334f8 - FGNVXQTRMZ (10)
[32mI[16:32:10,602] [300-BroadcastApp]BroadcastApp:[m Received 4619f51b-3c33-4d30-8eef-382deeb334f8 - FGNVXQTRMZ (10) from 172.10.10.0:10000
[32mI[16:32:11,579] [100-CyclonMembership]CyclonMembership:[m Channel Metrics:
In channels:
Out channels:
[32mI[16:32:11,598] [100-CyclonMembership]CyclonMembership:[m Membership Metrics:
Membership: []
ProtocolMetrics{totalEvents=70, messagesIn=0, messagesFailed=0, messagesSent=0, timers=40, notifications=0, requests=0, replies=0, customChannelEvents=30}
[32mI[16:32:11,602] [300-BroadcastApp]BroadcastApp:[m Sending: 35f6892b-79a8-47f4-bf33-f32fde786994 - DGVOKBAMFY (10)
[32mI[16:32:11,602] [300-BroadcastApp]BroadcastApp:[m Received 35f6892b-79a8-47f4-bf33-f32fde786994 - DGVOKBAMFY (10) from 172.10.10.0:10000
[32mI[16:32:12,579] [100-CyclonMembership]CyclonMembership:[m Channel Metrics:
In channels:
Out channels:
[32mI[16:32:12,599] [100-CyclonMembership]CyclonMembership:[m Membership Metrics:
Membership: []
ProtocolMetrics{totalEvents=72, messagesIn=0, messagesFailed=0, messagesSent=0, timers=41, notifications=0, requests=0, replies=0, customChannelEvents=31}
[32mI[16:32:12,601] [300-BroadcastApp]BroadcastApp:[m Sending: 7b0a5893-6a55-49c0-b63d-4603f7e2f3e9 - KQSPAGDRGP (10)
[32mI[16:32:12,601] [300-BroadcastApp]BroadcastApp:[m Received 7b0a5893-6a55-49c0-b63d-4603f7e2f3e9 - KQSPAGDRGP (10) from 172.10.10.0:10000
[32mI[16:32:13,579] [100-CyclonMembership]CyclonMembership:[m Channel Metrics:
In channels:
Out channels:
[32mI[16:32:13,598] [100-CyclonMembership]CyclonMembership:[m Membership Metrics:
Membership: []
ProtocolMetrics{totalEvents=74, messagesIn=0, messagesFailed=0, messagesSent=0, timers=42, notifications=0, requests=0, replies=0, customChannelEvents=32}
[32mI[16:32:13,601] [300-BroadcastApp]BroadcastApp:[m Sending: dc03a85f-2cf0-40db-b7c2-7fb03d9f2fc2 - BMELBEBYCR (10)
[32mI[16:32:13,602] [300-BroadcastApp]BroadcastApp:[m Received dc03a85f-2cf0-40db-b7c2-7fb03d9f2fc2 - BMELBEBYCR (10) from 172.10.10.0:10000
[32mI[16:32:14,579] [100-CyclonMembership]CyclonMembership:[m Channel Metrics:
In channels:
Out channels:
[32mI[16:32:14,598] [100-CyclonMembership]CyclonMembership:[m Membership Metrics:
Membership: []
ProtocolMetrics{totalEvents=77, messagesIn=0, messagesFailed=0, messagesSent=0, timers=44, notifications=0, requests=0, replies=0, customChannelEvents=33}
[32mI[16:32:14,602] [300-BroadcastApp]BroadcastApp:[m Sending: 82f6a640-a361-4399-8f49-7427e851a658 - JEGNPEGGGM (10)
[32mI[16:32:14,602] [300-BroadcastApp]BroadcastApp:[m Received 82f6a640-a361-4399-8f49-7427e851a658 - JEGNPEGGGM (10) from 172.10.10.0:10000
[32mI[16:32:15,579] [100-CyclonMembership]CyclonMembership:[m Channel Metrics:
In channels:
Out channels:
[32mI[16:32:15,599] [100-CyclonMembership]CyclonMembership:[m Membership Metrics:
Membership: []
ProtocolMetrics{totalEvents=79, messagesIn=0, messagesFailed=0, messagesSent=0, timers=45, notifications=0, requests=0, replies=0, customChannelEvents=34}
[32mI[16:32:15,601] [300-BroadcastApp]BroadcastApp:[m Sending: 53f45d14-dfda-4459-836d-2f74cd192831 - PSVJYRISUI (10)
[32mI[16:32:15,601] [300-BroadcastApp]BroadcastApp:[m Received 53f45d14-dfda-4459-836d-2f74cd192831 - PSVJYRISUI (10) from 172.10.10.0:10000
[32mI[16:32:16,579] [100-CyclonMembership]CyclonMembership:[m Channel Metrics:
In channels:
Out channels:
[32mI[16:32:16,599] [100-CyclonMembership]CyclonMembership:[m Membership Metrics:
Membership: []
ProtocolMetrics{totalEvents=81, messagesIn=0, messagesFailed=0, messagesSent=0, timers=46, notifications=0, requests=0, replies=0, customChannelEvents=35}
[32mI[16:32:16,601] [300-BroadcastApp]BroadcastApp:[m Sending: c027c888-5c18-488b-afe3-5f53d74dd6c2 - XDEHMJDKUD (10)
[32mI[16:32:16,601] [300-BroadcastApp]BroadcastApp:[m Received c027c888-5c18-488b-afe3-5f53d74dd6c2 - XDEHMJDKUD (10) from 172.10.10.0:10000
[32mI[16:32:17,579] [100-CyclonMembership]CyclonMembership:[m Channel Metrics:
In channels:
Out channels:
[32mI[16:32:17,599] [100-CyclonMembership]CyclonMembership:[m Membership Metrics:
Membership: []
ProtocolMetrics{totalEvents=84, messagesIn=0, messagesFailed=0, messagesSent=0, timers=48, notifications=0, requests=0, replies=0, customChannelEvents=36}
[32mI[16:32:17,602] [300-BroadcastApp]BroadcastApp:[m Sending: 25c8c42f-5975-4d52-ab93-25102ec41b36 - PDYELJIHRI (10)
[32mI[16:32:17,602] [300-BroadcastApp]BroadcastApp:[m Received 25c8c42f-5975-4d52-ab93-25102ec41b36 - PDYELJIHRI (10) from 172.10.10.0:10000
[32mI[16:32:18,580] [100-CyclonMembership]CyclonMembership:[m Channel Metrics:
In channels:
Out channels:
[32mI[16:32:18,599] [100-CyclonMembership]CyclonMembership:[m Membership Metrics:
Membership: []
ProtocolMetrics{totalEvents=86, messagesIn=0, messagesFailed=0, messagesSent=0, timers=49, notifications=0, requests=0, replies=0, customChannelEvents=37}
[32mI[16:32:18,601] [300-BroadcastApp]BroadcastApp:[m Sending: 867935a3-1654-4ea1-86a9-a4485e8c4a2d - VSDSTXQJWF (10)
[32mI[16:32:18,602] [300-BroadcastApp]BroadcastApp:[m Received 867935a3-1654-4ea1-86a9-a4485e8c4a2d - VSDSTXQJWF (10) from 172.10.10.0:10000
[32mI[16:32:19,579] [100-CyclonMembership]CyclonMembership:[m Channel Metrics:
In channels:
Out channels:
[32mI[16:32:19,599] [100-CyclonMembership]CyclonMembership:[m Membership Metrics:
Membership: []
ProtocolMetrics{totalEvents=88, messagesIn=0, messagesFailed=0, messagesSent=0, timers=50, notifications=0, requests=0, replies=0, customChannelEvents=38}
[32mI[16:32:19,601] [300-BroadcastApp]BroadcastApp:[m Sending: 90ab1cd8-c7b1-4188-bef5-8fc1ad3a7f12 - DALYFHUSSM (10)
[32mI[16:32:19,602] [300-BroadcastApp]BroadcastApp:[m Received 90ab1cd8-c7b1-4188-bef5-8fc1ad3a7f12 - DALYFHUSSM (10) from 172.10.10.0:10000
[32mI[16:32:20,579] [100-CyclonMembership]CyclonMembership:[m Channel Metrics:
In channels:
Out channels:
[32mI[16:32:20,599] [100-CyclonMembership]CyclonMembership:[m Membership Metrics:
Membership: []
ProtocolMetrics{totalEvents=91, messagesIn=0, messagesFailed=0, messagesSent=0, timers=52, notifications=0, requests=0, replies=0, customChannelEvents=39}
[32mI[16:32:20,602] [300-BroadcastApp]BroadcastApp:[m Sending: 7251bf2d-492e-4377-a7a1-a6836ae3268e - XAQCCKFGXV (10)
[32mI[16:32:20,602] [300-BroadcastApp]BroadcastApp:[m Received 7251bf2d-492e-4377-a7a1-a6836ae3268e - XAQCCKFGXV (10) from 172.10.10.0:10000
[32mI[16:32:21,579] [100-CyclonMembership]CyclonMembership:[m Channel Metrics:
In channels:
Out channels:
[32mI[16:32:21,599] [100-CyclonMembership]CyclonMembership:[m Membership Metrics:
Membership: []
ProtocolMetrics{totalEvents=93, messagesIn=0, messagesFailed=0, messagesSent=0, timers=53, notifications=0, requests=0, replies=0, customChannelEvents=40}
[32mI[16:32:21,601] [300-BroadcastApp]BroadcastApp:[m Sending: 6a9301dc-4c09-4536-9584-339546e63f65 - YHMOTVUZZV (10)
[32mI[16:32:21,602] [300-BroadcastApp]BroadcastApp:[m Received 6a9301dc-4c09-4536-9584-339546e63f65 - YHMOTVUZZV (10) from 172.10.10.0:10000
[32mI[16:32:22,579] [100-CyclonMembership]CyclonMembership:[m Channel Metrics:
In channels:
Out channels:
[32mI[16:32:22,599] [100-CyclonMembership]CyclonMembership:[m Membership Metrics:
Membership: []
ProtocolMetrics{totalEvents=95, messagesIn=0, messagesFailed=0, messagesSent=0, timers=54, notifications=0, requests=0, replies=0, customChannelEvents=41}
[32mI[16:32:22,602] [300-BroadcastApp]BroadcastApp:[m Sending: 5db59186-4bbd-4a92-baf2-8ba8a393c35b - JRNFXIFYSJ (10)
[32mI[16:32:22,602] [300-BroadcastApp]BroadcastApp:[m Received 5db59186-4bbd-4a92-baf2-8ba8a393c35b - JRNFXIFYSJ (10) from 172.10.10.0:10000
[32mI[16:32:23,579] [100-CyclonMembership]CyclonMembership:[m Channel Metrics:
In channels:
Out channels:
[32mI[16:32:23,600] [100-CyclonMembership]CyclonMembership:[m Membership Metrics:
Membership: []
ProtocolMetrics{totalEvents=98, messagesIn=0, messagesFailed=0, messagesSent=0, timers=56, notifications=0, requests=0, replies=0, customChannelEvents=42}
[32mI[16:32:23,602] [300-BroadcastApp]BroadcastApp:[m Sending: 443d49d7-550e-4ee0-a249-479f1eafc1e6 - GDUGHRNJPV (10)
[32mI[16:32:23,603] [300-BroadcastApp]BroadcastApp:[m Received 443d49d7-550e-4ee0-a249-479f1eafc1e6 - GDUGHRNJPV (10) from 172.10.10.0:10000
[32mI[16:32:24,579] [100-CyclonMembership]CyclonMembership:[m Channel Metrics:
In channels:
Out channels:
[32mI[16:32:24,599] [100-CyclonMembership]CyclonMembership:[m Membership Metrics:
Membership: []
ProtocolMetrics{totalEvents=100, messagesIn=0, messagesFailed=0, messagesSent=0, timers=57, notifications=0, requests=0, replies=0, customChannelEvents=43}
[32mI[16:32:24,602] [300-BroadcastApp]BroadcastApp:[m Sending: 1ec5bdec-1be1-47b1-b319-28ee0387672e - APCDJJXCOX (10)
[32mI[16:32:24,603] [300-BroadcastApp]BroadcastApp:[m Received 1ec5bdec-1be1-47b1-b319-28ee0387672e - APCDJJXCOX (10) from 172.10.10.0:10000
[32mI[16:32:25,579] [100-CyclonMembership]CyclonMembership:[m Channel Metrics:
In channels:
Out channels:
[32mI[16:32:25,599] [100-CyclonMembership]CyclonMembership:[m Membership Metrics:
Membership: []
ProtocolMetrics{totalEvents=102, messagesIn=0, messagesFailed=0, messagesSent=0, timers=58, notifications=0, requests=0, replies=0, customChannelEvents=44}
[32mI[16:32:25,603] [300-BroadcastApp]BroadcastApp:[m Sending: c32b1746-8ddd-49f9-b47e-a12b39151665 - PHWIBDHGHV (10)
[32mI[16:32:25,603] [300-BroadcastApp]BroadcastApp:[m Received c32b1746-8ddd-49f9-b47e-a12b39151665 - PHWIBDHGHV (10) from 172.10.10.0:10000
[32mI[16:32:26,579] [100-CyclonMembership]CyclonMembership:[m Channel Metrics:
In channels:
Out channels:
[32mI[16:32:26,600] [100-CyclonMembership]CyclonMembership:[m Membership Metrics:
Membership: []
ProtocolMetrics{totalEvents=105, messagesIn=0, messagesFailed=0, messagesSent=0, timers=60, notifications=0, requests=0, replies=0, customChannelEvents=45}
[32mI[16:32:26,603] [300-BroadcastApp]BroadcastApp:[m Sending: 629798fd-cecb-4592-9e6a-2e18d40196d8 - KPHAPBUDCY (10)
[32mI[16:32:26,604] [300-BroadcastApp]BroadcastApp:[m Received 629798fd-cecb-4592-9e6a-2e18d40196d8 - KPHAPBUDCY (10) from 172.10.10.0:10000
[32mI[16:32:27,579] [100-CyclonMembership]CyclonMembership:[m Channel Metrics:
In channels:
Out channels:
[32mI[16:32:27,599] [100-CyclonMembership]CyclonMembership:[m Membership Metrics:
Membership: []
ProtocolMetrics{totalEvents=107, messagesIn=0, messagesFailed=0, messagesSent=0, timers=61, notifications=0, requests=0, replies=0, customChannelEvents=46}
[32mI[16:32:27,603] [300-BroadcastApp]BroadcastApp:[m Sending: b3d87379-4d52-4635-87e2-9eabee542f4d - KZZSYODKOU (10)
[32mI[16:32:27,604] [300-BroadcastApp]BroadcastApp:[m Received b3d87379-4d52-4635-87e2-9eabee542f4d - KZZSYODKOU (10) from 172.10.10.0:10000
[32mI[16:32:28,579] [100-CyclonMembership]CyclonMembership:[m Channel Metrics:
In channels:
Out channels:
[32mI[16:32:28,599] [100-CyclonMembership]CyclonMembership:[m Membership Metrics:
Membership: []
ProtocolMetrics{totalEvents=109, messagesIn=0, messagesFailed=0, messagesSent=0, timers=62, notifications=0, requests=0, replies=0, customChannelEvents=47}
[32mI[16:32:28,604] [300-BroadcastApp]BroadcastApp:[m Sending: 45558d9b-02f2-4e8d-b1b5-ccfeec0c49c4 - JMOQUEGDPB (10)
[32mI[16:32:28,604] [300-BroadcastApp]BroadcastApp:[m Received 45558d9b-02f2-4e8d-b1b5-ccfeec0c49c4 - JMOQUEGDPB (10) from 172.10.10.0:10000
[32mI[16:32:29,579] [100-CyclonMembership]CyclonMembership:[m Channel Metrics:
In channels:
Out channels:
[32mI[16:32:29,600] [100-CyclonMembership]CyclonMembership:[m Membership Metrics:
Membership: []
ProtocolMetrics{totalEvents=112, messagesIn=0, messagesFailed=0, messagesSent=0, timers=64, notifications=0, requests=0, replies=0, customChannelEvents=48}
[32mI[16:32:29,603] [300-BroadcastApp]BroadcastApp:[m Sending: 33724e1b-0df0-4704-ab0e-dc45a04b88a8 - IMQLUQRWDY (10)
[32mI[16:32:29,603] [300-BroadcastApp]BroadcastApp:[m Received 33724e1b-0df0-4704-ab0e-dc45a04b88a8 - IMQLUQRWDY (10) from 172.10.10.0:10000
[32mI[16:32:30,579] [100-CyclonMembership]CyclonMembership:[m Channel Metrics:
In channels:
Out channels:
[32mI[16:32:30,600] [100-CyclonMembership]CyclonMembership:[m Membership Metrics:
Membership: []
ProtocolMetrics{totalEvents=114, messagesIn=0, messagesFailed=0, messagesSent=0, timers=65, notifications=0, requests=0, replies=0, customChannelEvents=49}
[32mI[16:32:30,603] [300-BroadcastApp]BroadcastApp:[m Sending: 97552dfc-6aa0-4abf-8cfc-575d1ecf576f - LKYAMZBDLH (10)
[32mI[16:32:30,604] [300-BroadcastApp]BroadcastApp:[m Received 97552dfc-6aa0-4abf-8cfc-575d1ecf576f - LKYAMZBDLH (10) from 172.10.10.0:10000
[32mI[16:32:31,579] [100-CyclonMembership]CyclonMembership:[m Channel Metrics:
In channels:
Out channels:
[32mI[16:32:31,600] [100-CyclonMembership]CyclonMembership:[m Membership Metrics:
Membership: []
ProtocolMetrics{totalEvents=116, messagesIn=0, messagesFailed=0, messagesSent=0, timers=66, notifications=0, requests=0, replies=0, customChannelEvents=50}
[32mI[16:32:31,604] [300-BroadcastApp]BroadcastApp:[m Sending: ce1f41c3-c2ef-497f-8422-513990fcd488 - MDMFURWALP (10)
[32mI[16:32:31,604] [300-BroadcastApp]BroadcastApp:[m Received ce1f41c3-c2ef-497f-8422-513990fcd488 - MDMFURWALP (10) from 172.10.10.0:10000
[32mI[16:32:32,579] [100-CyclonMembership]CyclonMembership:[m Channel Metrics:
In channels:
Out channels:
[32mI[16:32:32,601] [100-CyclonMembership]CyclonMembership:[m Membership Metrics:
Membership: []
ProtocolMetrics{totalEvents=119, messagesIn=0, messagesFailed=0, messagesSent=0, timers=68, notifications=0, requests=0, replies=0, customChannelEvents=51}
[32mI[16:32:32,603] [300-BroadcastApp]BroadcastApp:[m Sending: 75c3dc51-4228-4528-9602-27fba1e86769 - TTGVTQQQWE (10)
[32mI[16:32:32,604] [300-BroadcastApp]BroadcastApp:[m Received 75c3dc51-4228-4528-9602-27fba1e86769 - TTGVTQQQWE (10) from 172.10.10.0:10000
[32mI[16:32:33,579] [100-CyclonMembership]CyclonMembership:[m Channel Metrics:
In channels:
Out channels:
[32mI[16:32:33,601] [100-CyclonMembership]CyclonMembership:[m Membership Metrics:
Membership: []
ProtocolMetrics{totalEvents=121, messagesIn=0, messagesFailed=0, messagesSent=0, timers=69, notifications=0, requests=0, replies=0, customChannelEvents=52}
[32mI[16:32:33,603] [300-BroadcastApp]BroadcastApp:[m Sending: 47faba1e-3611-4ee9-b515-1c0a5e963ec1 - YQCLQBPUUB (10)
[32mI[16:32:33,604] [300-BroadcastApp]BroadcastApp:[m Received 47faba1e-3611-4ee9-b515-1c0a5e963ec1 - YQCLQBPUUB (10) from 172.10.10.0:10000
[32mI[16:32:34,579] [100-CyclonMembership]CyclonMembership:[m Channel Metrics:
In channels:
Out channels:
[32mI[16:32:34,601] [100-CyclonMembership]CyclonMembership:[m Membership Metrics:
Membership: []
ProtocolMetrics{totalEvents=123, messagesIn=0, messagesFailed=0, messagesSent=0, timers=70, notifications=0, requests=0, replies=0, customChannelEvents=53}
[32mI[16:32:34,604] [300-BroadcastApp]BroadcastApp:[m Sending: b447e5fd-7635-4239-97ec-0ac5f36e6921 - VIPGYRFNSC (10)
[32mI[16:32:34,604] [300-BroadcastApp]BroadcastApp:[m Received b447e5fd-7635-4239-97ec-0ac5f36e6921 - VIPGYRFNSC (10) from 172.10.10.0:10000
[32mI[16:32:35,579] [100-CyclonMembership]CyclonMembership:[m Channel Metrics:
In channels:
Out channels:
[32mI[16:32:35,602] [100-CyclonMembership]CyclonMembership:[m Membership Metrics:
Membership: []
ProtocolMetrics{totalEvents=126, messagesIn=0, messagesFailed=0, messagesSent=0, timers=72, notifications=0, requests=0, replies=0, customChannelEvents=54}
[32mI[16:32:35,603] [300-BroadcastApp]BroadcastApp:[m Sending: cb63a38b-9d4d-419b-be2a-48204db3c3dd - OGTFCDMGKZ (10)
[32mI[16:32:35,604] [300-BroadcastApp]BroadcastApp:[m Received cb63a38b-9d4d-419b-be2a-48204db3c3dd - OGTFCDMGKZ (10) from 172.10.10.0:10000
[32mI[16:32:36,579] [100-CyclonMembership]CyclonMembership:[m Channel Metrics:
In channels:
Out channels:
[32mI[16:32:36,602] [100-CyclonMembership]CyclonMembership:[m Membership Metrics:
Membership: []
ProtocolMetrics{totalEvents=128, messagesIn=0, messagesFailed=0, messagesSent=0, timers=73, notifications=0, requests=0, replies=0, customChannelEvents=55}
[32mI[16:32:36,603] [300-BroadcastApp]BroadcastApp:[m Sending: 1c6d1d23-0317-452f-9b7d-208b618f15aa - KXZXLUQDWD (10)
[32mI[16:32:36,604] [300-BroadcastApp]BroadcastApp:[m Received 1c6d1d23-0317-452f-9b7d-208b618f15aa - KXZXLUQDWD (10) from 172.10.10.0:10000
[32mI[16:32:37,579] [100-CyclonMembership]CyclonMembership:[m Channel Metrics:
In channels:
Out channels:
[32mI[16:32:37,602] [100-CyclonMembership]CyclonMembership:[m Membership Metrics:
Membership: []
ProtocolMetrics{totalEvents=130, messagesIn=0, messagesFailed=0, messagesSent=0, timers=74, notifications=0, requests=0, replies=0, customChannelEvents=56}
[32mI[16:32:37,604] [300-BroadcastApp]BroadcastApp:[m Sending: 7747badd-6ca4-4e03-b5a1-a01f87b85f39 - VIIYXVKOXI (10)
[32mI[16:32:37,604] [300-BroadcastApp]BroadcastApp:[m Received 7747badd-6ca4-4e03-b5a1-a01f87b85f39 - VIIYXVKOXI (10) from 172.10.10.0:10000
[32mI[16:32:38,579] [100-CyclonMembership]CyclonMembership:[m Channel Metrics:
In channels:
Out channels:
[32mI[16:32:38,602] [100-CyclonMembership]CyclonMembership:[m Membership Metrics:
Membership: []
ProtocolMetrics{totalEvents=133, messagesIn=0, messagesFailed=0, messagesSent=0, timers=76, notifications=0, requests=0, replies=0, customChannelEvents=57}
[32mI[16:32:38,603] [300-BroadcastApp]BroadcastApp:[m Sending: a78c3fca-cc00-4b82-ab12-61f035d106d0 - NQTNFAFOOF (10)
[32mI[16:32:38,604] [300-BroadcastApp]BroadcastApp:[m Received a78c3fca-cc00-4b82-ab12-61f035d106d0 - NQTNFAFOOF (10) from 172.10.10.0:10000
[32mI[16:32:39,579] [100-CyclonMembership]CyclonMembership:[m Channel Metrics:
In channels:
Out channels:
[32mI[16:32:39,602] [100-CyclonMembership]CyclonMembership:[m Membership Metrics:
Membership: []
ProtocolMetrics{totalEvents=135, messagesIn=0, messagesFailed=0, messagesSent=0, timers=77, notifications=0, requests=0, replies=0, customChannelEvents=58}
[32mI[16:32:39,603] [300-BroadcastApp]BroadcastApp:[m Sending: 56a123f7-533d-41c7-a003-6652dab446ae - JYNOSEEVHD (10)
[32mI[16:32:39,604] [300-BroadcastApp]BroadcastApp:[m Received 56a123f7-533d-41c7-a003-6652dab446ae - JYNOSEEVHD (10) from 172.10.10.0:10000
[32mI[16:32:40,579] [100-CyclonMembership]CyclonMembership:[m Channel Metrics:
In channels:
Out channels:
[32mI[16:32:40,603] [100-CyclonMembership]CyclonMembership:[m Membership Metrics:
Membership: []
ProtocolMetrics{totalEvents=137, messagesIn=0, messagesFailed=0, messagesSent=0, timers=78, notifications=0, requests=0, replies=0, customChannelEvents=59}
[32mI[16:32:40,604] [300-BroadcastApp]BroadcastApp:[m Sending: a3fa5f6a-4eb2-4d25-a50e-e51868bb196c - VMTKLQTNTS (10)
[32mI[16:32:40,605] [300-BroadcastApp]BroadcastApp:[m Received a3fa5f6a-4eb2-4d25-a50e-e51868bb196c - VMTKLQTNTS (10) from 172.10.10.0:10000
[32mI[16:32:41,579] [100-CyclonMembership]CyclonMembership:[m Channel Metrics:
In channels:
Out channels:
[32mI[16:32:41,602] [100-CyclonMembership]CyclonMembership:[m Membership Metrics:
Membership: []
ProtocolMetrics{totalEvents=140, messagesIn=0, messagesFailed=0, messagesSent=0, timers=80, notifications=0, requests=0, replies=0, customChannelEvents=60}
[32mI[16:32:41,603] [300-BroadcastApp]BroadcastApp:[m Sending: 6ae2de32-12c8-4b74-a0fa-22c32cc695ca - UAVATLLGYF (10)
[32mI[16:32:41,604] [300-BroadcastApp]BroadcastApp:[m Received 6ae2de32-12c8-4b74-a0fa-22c32cc695ca - UAVATLLGYF (10) from 172.10.10.0:10000
[32mI[16:32:42,579] [100-CyclonMembership]CyclonMembership:[m Channel Metrics:
In channels:
Out channels:
[32mI[16:32:42,602] [100-CyclonMembership]CyclonMembership:[m Membership Metrics:
Membership: []
ProtocolMetrics{totalEvents=142, messagesIn=0, messagesFailed=0, messagesSent=0, timers=81, notifications=0, requests=0, replies=0, customChannelEvents=61}
[32mI[16:32:42,604] [300-BroadcastApp]BroadcastApp:[m Sending: ddd31d37-90a6-46b6-b3d7-1d0a81603f3e - KKOXSRCCLY (10)
[32mI[16:32:42,604] [300-BroadcastApp]BroadcastApp:[m Received ddd31d37-90a6-46b6-b3d7-1d0a81603f3e - KKOXSRCCLY (10) from 172.10.10.0:10000
[32mI[16:32:43,579] [100-CyclonMembership]CyclonMembership:[m Channel Metrics:
In channels:
Out channels:
[32mI[16:32:43,603] [100-CyclonMembership]CyclonMembership:[m Membership Metrics:
Membership: []
ProtocolMetrics{totalEvents=144, messagesIn=0, messagesFailed=0, messagesSent=0, timers=82, notifications=0, requests=0, replies=0, customChannelEvents=62}
[32mI[16:32:43,604] [300-BroadcastApp]BroadcastApp:[m Sending: 215edf01-efa0-4aa9-9221-9e5d8aecdae2 - FYSUPLFOMJ (10)
[32mI[16:32:43,604] [300-BroadcastApp]BroadcastApp:[m Received 215edf01-efa0-4aa9-9221-9e5d8aecdae2 - FYSUPLFOMJ (10) from 172.10.10.0:10000
[32mI[16:32:44,579] [100-CyclonMembership]CyclonMembership:[m Channel Metrics:
In channels:
Out channels:
[32mI[16:32:44,602] [100-CyclonMembership]CyclonMembership:[m Membership Metrics:
Membership: []
ProtocolMetrics{totalEvents=147, messagesIn=0, messagesFailed=0, messagesSent=0, timers=84, notifications=0, requests=0, replies=0, customChannelEvents=63}
[32mI[16:32:44,604] [300-BroadcastApp]BroadcastApp:[m Sending: 0053cd84-8c6c-4519-968a-42544c258795 - BGRWNUREBQ (10)
[32mI[16:32:44,605] [300-BroadcastApp]BroadcastApp:[m Received 0053cd84-8c6c-4519-968a-42544c258795 - BGRWNUREBQ (10) from 172.10.10.0:10000
[32mI[16:32:45,579] [100-CyclonMembership]CyclonMembership:[m Channel Metrics:
In channels:
Out channels:
[32mI[16:32:45,602] [100-CyclonMembership]CyclonMembership:[m Membership Metrics:
Membership: []
ProtocolMetrics{totalEvents=149, messagesIn=0, messagesFailed=0, messagesSent=0, timers=85, notifications=0, requests=0, replies=0, customChannelEvents=64}
[32mI[16:32:45,605] [300-BroadcastApp]BroadcastApp:[m Sending: 9a09640d-ab01-49a4-99ef-21c43a8a3cba - MAIWCZFHWS (10)
[32mI[16:32:45,605] [300-BroadcastApp]BroadcastApp:[m Received 9a09640d-ab01-49a4-99ef-21c43a8a3cba - MAIWCZFHWS (10) from 172.10.10.0:10000
[32mI[16:32:46,580] [100-CyclonMembership]CyclonMembership:[m Channel Metrics:
In channels:
Out channels:
[32mI[16:32:46,598] [300-BroadcastApp]BroadcastApp:[m Stopping broadcasts
[32mI[16:32:46,602] [100-CyclonMembership]CyclonMembership:[m Membership Metrics:
Membership: []
ProtocolMetrics{totalEvents=151, messagesIn=0, messagesFailed=0, messagesSent=0, timers=86, notifications=0, requests=0, replies=0, customChannelEvents=65}
[32mI[16:32:47,579] [100-CyclonMembership]CyclonMembership:[m Channel Metrics:
In channels:
Out channels:
[32mI[16:32:47,603] [100-CyclonMembership]CyclonMembership:[m Membership Metrics:
Membership: []
ProtocolMetrics{totalEvents=154, messagesIn=0, messagesFailed=0, messagesSent=0, timers=88, notifications=0, requests=0, replies=0, customChannelEvents=66}
[32mI[16:32:48,579] [100-CyclonMembership]CyclonMembership:[m Channel Metrics:
In channels:
Out channels:
[32mI[16:32:48,603] [100-CyclonMembership]CyclonMembership:[m Membership Metrics:
Membership: []
ProtocolMetrics{totalEvents=156, messagesIn=0, messagesFailed=0, messagesSent=0, timers=89, notifications=0, requests=0, replies=0, customChannelEvents=67}
[32mI[16:32:49,579] [100-CyclonMembership]CyclonMembership:[m Channel Metrics:
In channels:
Out channels:
[32mI[16:32:49,603] [100-CyclonMembership]CyclonMembership:[m Membership Metrics:
Membership: []
ProtocolMetrics{totalEvents=158, messagesIn=0, messagesFailed=0, messagesSent=0, timers=90, notifications=0, requests=0, replies=0, customChannelEvents=68}
[32mI[16:32:50,579] [100-CyclonMembership]CyclonMembership:[m Channel Metrics:
In channels:
Out channels:
[32mI[16:32:50,603] [100-CyclonMembership]CyclonMembership:[m Membership Metrics:
Membership: []
ProtocolMetrics{totalEvents=161, messagesIn=0, messagesFailed=0, messagesSent=0, timers=92, notifications=0, requests=0, replies=0, customChannelEvents=69}
[32mI[16:32:51,579] [100-CyclonMembership]CyclonMembership:[m Channel Metrics:
In channels:
Out channels:
[32mI[16:32:51,598] [300-BroadcastApp]BroadcastApp:[m Exiting...
[32mI[16:32:51,600] [Thread-1]Main:[m Goodbye
