[32mI[16:19:48,507] [main]Main:[m Hello, I am 172.10.10.0:10000
[32mI[16:19:48,782] [main]BroadcastApp:[m Waiting...
[32mI[16:19:49,777] [100-CyclonMembership]CyclonMembership:[m Channel Metrics:
In channels:
Out channels:
[32mI[16:19:49,786] [100-CyclonMembership]CyclonMembership:[m Membership Metrics:
Membership: []
ProtocolMetrics{totalEvents=2, messagesIn=0, messagesFailed=0, messagesSent=0, timers=1, notifications=0, requests=0, replies=0, customChannelEvents=1}
[32mI[16:19:50,766] [100-CyclonMembership]CyclonMembership:[m Channel Metrics:
In channels:
Out channels:
[32mI[16:19:50,785] [100-CyclonMembership]CyclonMembership:[m Membership Metrics:
Membership: []
ProtocolMetrics{totalEvents=4, messagesIn=0, messagesFailed=0, messagesSent=0, timers=2, notifications=0, requests=0, replies=0, customChannelEvents=2}
[32mI[16:19:51,766] [100-CyclonMembership]CyclonMembership:[m Channel Metrics:
In channels:
Out channels:
[32mI[16:19:51,785] [100-CyclonMembership]CyclonMembership:[m Membership Metrics:
Membership: []
ProtocolMetrics{totalEvents=7, messagesIn=0, messagesFailed=0, messagesSent=0, timers=4, notifications=0, requests=0, replies=0, customChannelEvents=3}
[32mI[16:19:52,766] [100-CyclonMembership]CyclonMembership:[m Channel Metrics:
In channels:
Out channels:
[32mI[16:19:52,785] [100-CyclonMembership]CyclonMembership:[m Membership Metrics:
Membership: []
ProtocolMetrics{totalEvents=9, messagesIn=0, messagesFailed=0, messagesSent=0, timers=5, notifications=0, requests=0, replies=0, customChannelEvents=4}
[32mI[16:19:53,765] [100-CyclonMembership]CyclonMembership:[m Channel Metrics:
In channels:
Out channels:
[32mI[16:19:53,784] [300-BroadcastApp]BroadcastApp:[m Starting
[32mI[16:19:53,785] [100-CyclonMembership]CyclonMembership:[m Membership Metrics:
Membership: []
ProtocolMetrics{totalEvents=11, messagesIn=0, messagesFailed=0, messagesSent=0, timers=6, notifications=0, requests=0, replies=0, customChannelEvents=5}
[32mI[16:19:53,788] [300-BroadcastApp]BroadcastApp:[m Sending: 3835cc28-79b5-4a82-ac69-b7ec7d188dd4 - JMLNUWLXYS (10)
[32mI[16:19:53,789] [300-BroadcastApp]BroadcastApp:[m Received 3835cc28-79b5-4a82-ac69-b7ec7d188dd4 - JMLNUWLXYS (10) from 172.10.10.0:10000
[32mI[16:19:54,766] [100-CyclonMembership]CyclonMembership:[m Channel Metrics:
In channels:
Out channels:
[32mI[16:19:54,785] [100-CyclonMembership]CyclonMembership:[m Membership Metrics:
Membership: []
ProtocolMetrics{totalEvents=14, messagesIn=0, messagesFailed=0, messagesSent=0, timers=8, notifications=0, requests=0, replies=0, customChannelEvents=6}
[32mI[16:19:54,786] [300-BroadcastApp]BroadcastApp:[m Sending: 84cab5bb-b76d-4e32-ac63-157d05d8c44d - BPQBCXJMJS (10)
[32mI[16:19:54,787] [300-BroadcastApp]BroadcastApp:[m Received 84cab5bb-b76d-4e32-ac63-157d05d8c44d - BPQBCXJMJS (10) from 172.10.10.0:10000
[32mI[16:19:55,766] [100-CyclonMembership]CyclonMembership:[m Channel Metrics:
In channels:
Out channels:
[32mI[16:19:55,786] [100-CyclonMembership]CyclonMembership:[m Membership Metrics:
Membership: []
ProtocolMetrics{totalEvents=16, messagesIn=0, messagesFailed=0, messagesSent=0, timers=9, notifications=0, requests=0, replies=0, customChannelEvents=7}
[32mI[16:19:55,786] [300-BroadcastApp]BroadcastApp:[m Sending: df6e7b5b-ce7d-4137-9554-c11bfbfd7f08 - ZTWBZUIHRO (10)
[32mI[16:19:55,786] [300-BroadcastApp]BroadcastApp:[m Received df6e7b5b-ce7d-4137-9554-c11bfbfd7f08 - ZTWBZUIHRO (10) from 172.10.10.0:10000
[32mI[16:19:56,766] [100-CyclonMembership]CyclonMembership:[m Channel Metrics:
In channels:
Out channels:
[32mI[16:19:56,786] [100-CyclonMembership]CyclonMembership:[m Membership Metrics:
Membership: []
ProtocolMetrics{totalEvents=18, messagesIn=0, messagesFailed=0, messagesSent=0, timers=10, notifications=0, requests=0, replies=0, customChannelEvents=8}
[32mI[16:19:56,786] [300-BroadcastApp]BroadcastApp:[m Sending: 4aaa5099-e028-4925-a33b-8825cf4ff30a - BJAITFUBIB (10)
[32mI[16:19:56,787] [300-BroadcastApp]BroadcastApp:[m Received 4aaa5099-e028-4925-a33b-8825cf4ff30a - BJAITFUBIB (10) from 172.10.10.0:10000
[32mI[16:19:57,766] [100-CyclonMembership]CyclonMembership:[m Channel Metrics:
In channels:
Out channels:
[32mI[16:19:57,786] [100-CyclonMembership]CyclonMembership:[m Membership Metrics:
Membership: []
ProtocolMetrics{totalEvents=21, messagesIn=0, messagesFailed=0, messagesSent=0, timers=12, notifications=0, requests=0, replies=0, customChannelEvents=9}
[32mI[16:19:57,786] [300-BroadcastApp]BroadcastApp:[m Sending: c0d9dc0f-4cfd-41d5-805f-43a3817870c8 - TNDCURSFTU (10)
[32mI[16:19:57,787] [300-BroadcastApp]BroadcastApp:[m Received c0d9dc0f-4cfd-41d5-805f-43a3817870c8 - TNDCURSFTU (10) from 172.10.10.0:10000
[32mI[16:19:58,766] [100-CyclonMembership]CyclonMembership:[m Channel Metrics:
In channels:
Out channels:
[32mI[16:19:58,787] [100-CyclonMembership]CyclonMembership:[m Membership Metrics:
Membership: []
ProtocolMetrics{totalEvents=23, messagesIn=0, messagesFailed=0, messagesSent=0, timers=13, notifications=0, requests=0, replies=0, customChannelEvents=10}
[32mI[16:19:58,787] [300-BroadcastApp]BroadcastApp:[m Sending: 2720bfe5-8a05-4d6e-8746-51a9b6351e91 - CNXXXGKZWT (10)
[32mI[16:19:58,788] [300-BroadcastApp]BroadcastApp:[m Received 2720bfe5-8a05-4d6e-8746-51a9b6351e91 - CNXXXGKZWT (10) from 172.10.10.0:10000
[32mI[16:19:59,766] [100-CyclonMembership]CyclonMembership:[m Channel Metrics:
In channels:
Out channels:
[32mI[16:19:59,787] [100-CyclonMembership]CyclonMembership:[m Membership Metrics:
Membership: []
ProtocolMetrics{totalEvents=25, messagesIn=0, messagesFailed=0, messagesSent=0, timers=14, notifications=0, requests=0, replies=0, customChannelEvents=11}
[32mI[16:19:59,787] [300-BroadcastApp]BroadcastApp:[m Sending: 2eeaacba-602f-4a1c-b4c4-3bf802dff91d - MLKPDPRDYU (10)
[32mI[16:19:59,788] [300-BroadcastApp]BroadcastApp:[m Received 2eeaacba-602f-4a1c-b4c4-3bf802dff91d - MLKPDPRDYU (10) from 172.10.10.0:10000
[32mI[16:20:00,766] [100-CyclonMembership]CyclonMembership:[m Channel Metrics:
In channels:
Out channels:
[32mI[16:20:00,786] [300-BroadcastApp]BroadcastApp:[m Sending: ee00f895-59ef-405b-b868-64c7dccbac70 - XOIFYLNISD (10)
[32mI[16:20:00,787] [300-BroadcastApp]BroadcastApp:[m Received ee00f895-59ef-405b-b868-64c7dccbac70 - XOIFYLNISD (10) from 172.10.10.0:10000
[32mI[16:20:00,787] [100-CyclonMembership]CyclonMembership:[m Membership Metrics:
Membership: []
ProtocolMetrics{totalEvents=28, messagesIn=0, messagesFailed=0, messagesSent=0, timers=16, notifications=0, requests=0, replies=0, customChannelEvents=12}
[32mI[16:20:01,766] [100-CyclonMembership]CyclonMembership:[m Channel Metrics:
In channels:
Out channels:
[32mI[16:20:01,787] [300-BroadcastApp]BroadcastApp:[m Sending: 339a3c0c-8fcf-43b5-a18a-edecb32881b8 - RZLFXDBWJC (10)
[32mI[16:20:01,787] [300-BroadcastApp]BroadcastApp:[m Received 339a3c0c-8fcf-43b5-a18a-edecb32881b8 - RZLFXDBWJC (10) from 172.10.10.0:10000
[32mI[16:20:01,787] [100-CyclonMembership]CyclonMembership:[m Membership Metrics:
Membership: []
ProtocolMetrics{totalEvents=30, messagesIn=0, messagesFailed=0, messagesSent=0, timers=17, notifications=0, requests=0, replies=0, customChannelEvents=13}
[32mI[16:20:02,766] [100-CyclonMembership]CyclonMembership:[m Channel Metrics:
In channels:
Out channels:
[32mI[16:20:02,787] [100-CyclonMembership]CyclonMembership:[m Membership Metrics:
Membership: []
ProtocolMetrics{totalEvents=32, messagesIn=0, messagesFailed=0, messagesSent=0, timers=18, notifications=0, requests=0, replies=0, customChannelEvents=14}
[32mI[16:20:02,787] [300-BroadcastApp]BroadcastApp:[m Sending: 8198f149-b989-4275-a6ee-17d7f57ea50e - YPACXHXUCJ (10)
[32mI[16:20:02,788] [300-BroadcastApp]BroadcastApp:[m Received 8198f149-b989-4275-a6ee-17d7f57ea50e - YPACXHXUCJ (10) from 172.10.10.0:10000
[32mI[16:20:03,766] [100-CyclonMembership]CyclonMembership:[m Channel Metrics:
In channels:
Out channels:
[32mI[16:20:03,786] [300-BroadcastApp]BroadcastApp:[m Sending: f129be90-a2ce-4482-8533-b1eaeac8f3f4 - WMJMOGWTNS (10)
[32mI[16:20:03,787] [300-BroadcastApp]BroadcastApp:[m Received f129be90-a2ce-4482-8533-b1eaeac8f3f4 - WMJMOGWTNS (10) from 172.10.10.0:10000
[32mI[16:20:03,787] [100-CyclonMembership]CyclonMembership:[m Membership Metrics:
Membership: []
ProtocolMetrics{totalEvents=35, messagesIn=0, messagesFailed=0, messagesSent=0, timers=20, notifications=0, requests=0, replies=0, customChannelEvents=15}
[32mI[16:20:04,766] [100-CyclonMembership]CyclonMembership:[m Channel Metrics:
In channels:
Out channels:
[32mI[16:20:04,786] [300-BroadcastApp]BroadcastApp:[m Sending: a4bff7ff-4a9c-4170-a9e0-c00b5378539d - BTCSAUCTQI (10)
[32mI[16:20:04,787] [300-BroadcastApp]BroadcastApp:[m Received a4bff7ff-4a9c-4170-a9e0-c00b5378539d - BTCSAUCTQI (10) from 172.10.10.0:10000
[32mI[16:20:04,787] [100-CyclonMembership]CyclonMembership:[m Membership Metrics:
Membership: []
ProtocolMetrics{totalEvents=37, messagesIn=0, messagesFailed=0, messagesSent=0, timers=21, notifications=0, requests=0, replies=0, customChannelEvents=16}
[32mI[16:20:05,766] [100-CyclonMembership]CyclonMembership:[m Channel Metrics:
In channels:
Out channels:
[32mI[16:20:05,787] [300-BroadcastApp]BroadcastApp:[m Sending: 7b89c473-1296-4c6f-b574-a5b05b091b43 - UQLHMHQPAT (10)
[32mI[16:20:05,787] [300-BroadcastApp]BroadcastApp:[m Received 7b89c473-1296-4c6f-b574-a5b05b091b43 - UQLHMHQPAT (10) from 172.10.10.0:10000
[32mI[16:20:05,788] [100-CyclonMembership]CyclonMembership:[m Membership Metrics:
Membership: []
ProtocolMetrics{totalEvents=39, messagesIn=0, messagesFailed=0, messagesSent=0, timers=22, notifications=0, requests=0, replies=0, customChannelEvents=17}
[32mI[16:20:06,766] [100-CyclonMembership]CyclonMembership:[m Channel Metrics:
In channels:
Out channels:
[32mI[16:20:06,786] [300-BroadcastApp]BroadcastApp:[m Sending: c7f2753c-2723-4174-85aa-7354148019b4 - YKRHNOVTEI (10)
[32mI[16:20:06,787] [300-BroadcastApp]BroadcastApp:[m Received c7f2753c-2723-4174-85aa-7354148019b4 - YKRHNOVTEI (10) from 172.10.10.0:10000
[32mI[16:20:06,787] [100-CyclonMembership]CyclonMembership:[m Membership Metrics:
Membership: []
ProtocolMetrics{totalEvents=42, messagesIn=0, messagesFailed=0, messagesSent=0, timers=24, notifications=0, requests=0, replies=0, customChannelEvents=18}
[32mI[16:20:07,766] [100-CyclonMembership]CyclonMembership:[m Channel Metrics:
In channels:
Out channels:
[32mI[16:20:07,787] [300-BroadcastApp]BroadcastApp:[m Sending: 79297403-52a3-4cc6-b5d3-9b2404b84424 - TEZAFXEBUV (10)
[32mI[16:20:07,787] [300-BroadcastApp]BroadcastApp:[m Received 79297403-52a3-4cc6-b5d3-9b2404b84424 - TEZAFXEBUV (10) from 172.10.10.0:10000
[32mI[16:20:07,787] [100-CyclonMembership]CyclonMembership:[m Membership Metrics:
Membership: []
ProtocolMetrics{totalEvents=44, messagesIn=0, messagesFailed=0, messagesSent=0, timers=25, notifications=0, requests=0, replies=0, customChannelEvents=19}
[32mI[16:20:08,766] [100-CyclonMembership]CyclonMembership:[m Channel Metrics:
In channels:
Out channels:
[32mI[16:20:08,787] [300-BroadcastApp]BroadcastApp:[m Sending: e5a817e3-1c09-45c4-9260-e4628e283854 - PCKGJJNSMR (10)
[32mI[16:20:08,787] [300-BroadcastApp]BroadcastApp:[m Received e5a817e3-1c09-45c4-9260-e4628e283854 - PCKGJJNSMR (10) from 172.10.10.0:10000
[32mI[16:20:08,788] [100-CyclonMembership]CyclonMembership:[m Membership Metrics:
Membership: []
ProtocolMetrics{totalEvents=46, messagesIn=0, messagesFailed=0, messagesSent=0, timers=26, notifications=0, requests=0, replies=0, customChannelEvents=20}
[32mI[16:20:09,766] [100-CyclonMembership]CyclonMembership:[m Channel Metrics:
In channels:
Out channels:
[32mI[16:20:09,786] [300-BroadcastApp]BroadcastApp:[m Sending: 70a29543-df29-4c1c-85a6-3af245637501 - GSSTFUKNEW (10)
[32mI[16:20:09,787] [300-BroadcastApp]BroadcastApp:[m Received 70a29543-df29-4c1c-85a6-3af245637501 - GSSTFUKNEW (10) from 172.10.10.0:10000
[32mI[16:20:09,787] [100-CyclonMembership]CyclonMembership:[m Membership Metrics:
Membership: []
ProtocolMetrics{totalEvents=49, messagesIn=0, messagesFailed=0, messagesSent=0, timers=28, notifications=0, requests=0, replies=0, customChannelEvents=21}
[32mI[16:20:10,766] [100-CyclonMembership]CyclonMembership:[m Channel Metrics:
In channels:
Out channels:
[32mI[16:20:10,787] [300-BroadcastApp]BroadcastApp:[m Sending: edaf90cf-a020-4b7d-9737-b05b65496c24 - KJSBYIPXBI (10)
[32mI[16:20:10,787] [300-BroadcastApp]BroadcastApp:[m Received edaf90cf-a020-4b7d-9737-b05b65496c24 - KJSBYIPXBI (10) from 172.10.10.0:10000
[32mI[16:20:10,787] [100-CyclonMembership]CyclonMembership:[m Membership Metrics:
Membership: []
ProtocolMetrics{totalEvents=51, messagesIn=0, messagesFailed=0, messagesSent=0, timers=29, notifications=0, requests=0, replies=0, customChannelEvents=22}
[32mI[16:20:11,765] [100-CyclonMembership]CyclonMembership:[m Channel Metrics:
In channels:
Out channels:
[32mI[16:20:11,787] [300-BroadcastApp]BroadcastApp:[m Sending: eafd5a55-36f6-4b57-be4b-c5505cc271bb - QFEOTTDZKQ (10)
[32mI[16:20:11,787] [300-BroadcastApp]BroadcastApp:[m Received eafd5a55-36f6-4b57-be4b-c5505cc271bb - QFEOTTDZKQ (10) from 172.10.10.0:10000
[32mI[16:20:11,788] [100-CyclonMembership]CyclonMembership:[m Membership Metrics:
Membership: []
ProtocolMetrics{totalEvents=53, messagesIn=0, messagesFailed=0, messagesSent=0, timers=30, notifications=0, requests=0, replies=0, customChannelEvents=23}
[32mI[16:20:12,766] [100-CyclonMembership]CyclonMembership:[m Channel Metrics:
In channels:
Out channels:
[32mI[16:20:12,786] [300-BroadcastApp]BroadcastApp:[m Sending: 0224616d-c2c4-4ed7-ab0b-36cadb2ba229 - ZCPYSCVCXT (10)
[32mI[16:20:12,787] [300-BroadcastApp]BroadcastApp:[m Received 0224616d-c2c4-4ed7-ab0b-36cadb2ba229 - ZCPYSCVCXT (10) from 172.10.10.0:10000
[32mI[16:20:12,787] [100-CyclonMembership]CyclonMembership:[m Membership Metrics:
Membership: []
ProtocolMetrics{totalEvents=56, messagesIn=0, messagesFailed=0, messagesSent=0, timers=32, notifications=0, requests=0, replies=0, customChannelEvents=24}
[32mI[16:20:13,766] [100-CyclonMembership]CyclonMembership:[m Channel Metrics:
In channels:
Out channels:
[32mI[16:20:13,786] [300-BroadcastApp]BroadcastApp:[m Sending: 285f29dd-17c7-4ff1-942f-839e6fec7a76 - QZEJIQTNLE (10)
[32mI[16:20:13,787] [300-BroadcastApp]BroadcastApp:[m Received 285f29dd-17c7-4ff1-942f-839e6fec7a76 - QZEJIQTNLE (10) from 172.10.10.0:10000
[32mI[16:20:13,787] [100-CyclonMembership]CyclonMembership:[m Membership Metrics:
Membership: []
ProtocolMetrics{totalEvents=58, messagesIn=0, messagesFailed=0, messagesSent=0, timers=33, notifications=0, requests=0, replies=0, customChannelEvents=25}
[32mI[16:20:14,766] [100-CyclonMembership]CyclonMembership:[m Channel Metrics:
In channels:
Out channels:
[32mI[16:20:14,787] [300-BroadcastApp]BroadcastApp:[m Sending: 24ab9b50-43c4-48b5-9447-ea2b03ccacc1 - JBOHOUPTEY (10)
[32mI[16:20:14,787] [300-BroadcastApp]BroadcastApp:[m Received 24ab9b50-43c4-48b5-9447-ea2b03ccacc1 - JBOHOUPTEY (10) from 172.10.10.0:10000
[32mI[16:20:14,788] [100-CyclonMembership]CyclonMembership:[m Membership Metrics:
Membership: []
ProtocolMetrics{totalEvents=60, messagesIn=0, messagesFailed=0, messagesSent=0, timers=34, notifications=0, requests=0, replies=0, customChannelEvents=26}
[32mI[16:20:15,765] [100-CyclonMembership]CyclonMembership:[m Channel Metrics:
In channels:
Out channels:
[32mI[16:20:15,787] [100-CyclonMembership]CyclonMembership:[m Membership Metrics:
Membership: []
ProtocolMetrics{totalEvents=63, messagesIn=0, messagesFailed=0, messagesSent=0, timers=36, notifications=0, requests=0, replies=0, customChannelEvents=27}
[32mI[16:20:15,787] [300-BroadcastApp]BroadcastApp:[m Sending: 1f83c1a4-e178-479b-a695-7de021cf20e3 - BXRKEKNZMI (10)
[32mI[16:20:15,787] [300-BroadcastApp]BroadcastApp:[m Received 1f83c1a4-e178-479b-a695-7de021cf20e3 - BXRKEKNZMI (10) from 172.10.10.0:10000
[32mI[16:20:16,766] [100-CyclonMembership]CyclonMembership:[m Channel Metrics:
In channels:
Out channels:
[32mI[16:20:16,786] [300-BroadcastApp]BroadcastApp:[m Sending: 79c93a35-b15a-4d74-aebe-f32993233064 - YAGOLJZUWG (10)
[32mI[16:20:16,787] [300-BroadcastApp]BroadcastApp:[m Received 79c93a35-b15a-4d74-aebe-f32993233064 - YAGOLJZUWG (10) from 172.10.10.0:10000
[32mI[16:20:16,787] [100-CyclonMembership]CyclonMembership:[m Membership Metrics:
Membership: []
ProtocolMetrics{totalEvents=65, messagesIn=0, messagesFailed=0, messagesSent=0, timers=37, notifications=0, requests=0, replies=0, customChannelEvents=28}
[32mI[16:20:17,766] [100-CyclonMembership]CyclonMembership:[m Channel Metrics:
In channels:
Out channels:
[32mI[16:20:17,786] [300-BroadcastApp]BroadcastApp:[m Sending: 33d3c64f-7585-4c62-89a5-7a0ab19bfe06 - WJLSCAXUTV (10)
[32mI[16:20:17,787] [300-BroadcastApp]BroadcastApp:[m Received 33d3c64f-7585-4c62-89a5-7a0ab19bfe06 - WJLSCAXUTV (10) from 172.10.10.0:10000
[32mI[16:20:17,787] [100-CyclonMembership]CyclonMembership:[m Membership Metrics:
Membership: []
ProtocolMetrics{totalEvents=67, messagesIn=0, messagesFailed=0, messagesSent=0, timers=38, notifications=0, requests=0, replies=0, customChannelEvents=29}
[32mI[16:20:18,766] [100-CyclonMembership]CyclonMembership:[m Channel Metrics:
In channels:
Out channels:
[32mI[16:20:18,787] [300-BroadcastApp]BroadcastApp:[m Sending: 5b42dadd-e871-4f90-805d-416f92962d89 - AMBUEONCHH (10)
[32mI[16:20:18,787] [300-BroadcastApp]BroadcastApp:[m Received 5b42dadd-e871-4f90-805d-416f92962d89 - AMBUEONCHH (10) from 172.10.10.0:10000
[32mI[16:20:18,788] [100-CyclonMembership]CyclonMembership:[m Membership Metrics:
Membership: []
ProtocolMetrics{totalEvents=69, messagesIn=0, messagesFailed=0, messagesSent=0, timers=39, notifications=0, requests=0, replies=0, customChannelEvents=30}
[32mI[16:20:19,766] [100-CyclonMembership]CyclonMembership:[m Channel Metrics:
In channels:
Out channels:
[32mI[16:20:19,786] [300-BroadcastApp]BroadcastApp:[m Sending: 572e599e-472b-4df4-a360-3ca992ad5785 - FLIGWILADD (10)
[32mI[16:20:19,787] [300-BroadcastApp]BroadcastApp:[m Received 572e599e-472b-4df4-a360-3ca992ad5785 - FLIGWILADD (10) from 172.10.10.0:10000
[32mI[16:20:19,787] [100-CyclonMembership]CyclonMembership:[m Membership Metrics:
Membership: []
ProtocolMetrics{totalEvents=72, messagesIn=0, messagesFailed=0, messagesSent=0, timers=41, notifications=0, requests=0, replies=0, customChannelEvents=31}
[32mI[16:20:20,766] [100-CyclonMembership]CyclonMembership:[m Channel Metrics:
In channels:
Out channels:
[32mI[16:20:20,786] [300-BroadcastApp]BroadcastApp:[m Sending: d0270d15-606c-4886-8f79-2926a2faece1 - NRKAPSMAJB (10)
[32mI[16:20:20,787] [300-BroadcastApp]BroadcastApp:[m Received d0270d15-606c-4886-8f79-2926a2faece1 - NRKAPSMAJB (10) from 172.10.10.0:10000
[32mI[16:20:20,787] [100-CyclonMembership]CyclonMembership:[m Membership Metrics:
Membership: []
ProtocolMetrics{totalEvents=74, messagesIn=0, messagesFailed=0, messagesSent=0, timers=42, notifications=0, requests=0, replies=0, customChannelEvents=32}
[32mI[16:20:21,766] [100-CyclonMembership]CyclonMembership:[m Channel Metrics:
In channels:
Out channels:
[32mI[16:20:21,787] [300-BroadcastApp]BroadcastApp:[m Sending: aa8f29f5-0986-4dbb-b647-ca60d9d36841 - RGFNQJRUTZ (10)
[32mI[16:20:21,787] [300-BroadcastApp]BroadcastApp:[m Received aa8f29f5-0986-4dbb-b647-ca60d9d36841 - RGFNQJRUTZ (10) from 172.10.10.0:10000
[32mI[16:20:21,787] [100-CyclonMembership]CyclonMembership:[m Membership Metrics:
Membership: []
ProtocolMetrics{totalEvents=76, messagesIn=0, messagesFailed=0, messagesSent=0, timers=43, notifications=0, requests=0, replies=0, customChannelEvents=33}
[32mI[16:20:22,766] [100-CyclonMembership]CyclonMembership:[m Channel Metrics:
In channels:
Out channels:
[32mI[16:20:22,787] [100-CyclonMembership]CyclonMembership:[m Membership Metrics:
Membership: []
ProtocolMetrics{totalEvents=79, messagesIn=0, messagesFailed=0, messagesSent=0, timers=45, notifications=0, requests=0, replies=0, customChannelEvents=34}
[32mI[16:20:22,787] [300-BroadcastApp]BroadcastApp:[m Sending: 72428880-9488-4e68-a06a-0f128fd81edf - IIKRRTQMHC (10)
[32mI[16:20:22,788] [300-BroadcastApp]BroadcastApp:[m Received 72428880-9488-4e68-a06a-0f128fd81edf - IIKRRTQMHC (10) from 172.10.10.0:10000
[32mI[16:20:23,766] [100-CyclonMembership]CyclonMembership:[m Channel Metrics:
In channels:
Out channels:
[32mI[16:20:23,787] [100-CyclonMembership]CyclonMembership:[m Membership Metrics:
Membership: []
ProtocolMetrics{totalEvents=81, messagesIn=0, messagesFailed=0, messagesSent=0, timers=46, notifications=0, requests=0, replies=0, customChannelEvents=35}
[32mI[16:20:23,787] [300-BroadcastApp]BroadcastApp:[m Sending: 3db6bb61-7be4-4993-b362-cd579b224a47 - BCOXCZHUVA (10)
[32mI[16:20:23,788] [300-BroadcastApp]BroadcastApp:[m Received 3db6bb61-7be4-4993-b362-cd579b224a47 - BCOXCZHUVA (10) from 172.10.10.0:10000
[32mI[16:20:24,766] [100-CyclonMembership]CyclonMembership:[m Channel Metrics:
In channels:
Out channels:
[32mI[16:20:24,787] [100-CyclonMembership]CyclonMembership:[m Membership Metrics:
Membership: []
ProtocolMetrics{totalEvents=83, messagesIn=0, messagesFailed=0, messagesSent=0, timers=47, notifications=0, requests=0, replies=0, customChannelEvents=36}
[32mI[16:20:24,787] [300-BroadcastApp]BroadcastApp:[m Sending: f13d0335-ec91-41df-a4be-3e82b052cf60 - JBJADZAADI (10)
[32mI[16:20:24,788] [300-BroadcastApp]BroadcastApp:[m Received f13d0335-ec91-41df-a4be-3e82b052cf60 - JBJADZAADI (10) from 172.10.10.0:10000
[32mI[16:20:25,766] [100-CyclonMembership]CyclonMembership:[m Channel Metrics:
In channels:
Out channels:
[32mI[16:20:25,787] [100-CyclonMembership]CyclonMembership:[m Membership Metrics:
Membership: []
ProtocolMetrics{totalEvents=86, messagesIn=0, messagesFailed=0, messagesSent=0, timers=49, notifications=0, requests=0, replies=0, customChannelEvents=37}
[32mI[16:20:25,788] [300-BroadcastApp]BroadcastApp:[m Sending: 0d24838f-97d7-4cc8-83b6-255a1f01b510 - LBMXUVJJYZ (10)
[32mI[16:20:25,788] [300-BroadcastApp]BroadcastApp:[m Received 0d24838f-97d7-4cc8-83b6-255a1f01b510 - LBMXUVJJYZ (10) from 172.10.10.0:10000
[32mI[16:20:26,766] [100-CyclonMembership]CyclonMembership:[m Channel Metrics:
In channels:
Out channels:
[32mI[16:20:26,787] [100-CyclonMembership]CyclonMembership:[m Membership Metrics:
Membership: []
ProtocolMetrics{totalEvents=88, messagesIn=0, messagesFailed=0, messagesSent=0, timers=50, notifications=0, requests=0, replies=0, customChannelEvents=38}
[32mI[16:20:26,787] [300-BroadcastApp]BroadcastApp:[m Sending: a63ed0cb-e7c1-4658-a725-a396c7adbdc8 - UMFFIXPAER (10)
[32mI[16:20:26,788] [300-BroadcastApp]BroadcastApp:[m Received a63ed0cb-e7c1-4658-a725-a396c7adbdc8 - UMFFIXPAER (10) from 172.10.10.0:10000
[32mI[16:20:27,766] [100-CyclonMembership]CyclonMembership:[m Channel Metrics:
In channels:
Out channels:
[32mI[16:20:27,787] [100-CyclonMembership]CyclonMembership:[m Membership Metrics:
Membership: []
ProtocolMetrics{totalEvents=90, messagesIn=0, messagesFailed=0, messagesSent=0, timers=51, notifications=0, requests=0, replies=0, customChannelEvents=39}
[32mI[16:20:27,787] [300-BroadcastApp]BroadcastApp:[m Sending: 578fb0be-e19b-480e-9364-16704bf0ee63 - DQSAANNUUN (10)
[32mI[16:20:27,788] [300-BroadcastApp]BroadcastApp:[m Received 578fb0be-e19b-480e-9364-16704bf0ee63 - DQSAANNUUN (10) from 172.10.10.0:10000
[32mI[16:20:28,766] [100-CyclonMembership]CyclonMembership:[m Channel Metrics:
In channels:
Out channels:
[32mI[16:20:28,787] [100-CyclonMembership]CyclonMembership:[m Membership Metrics:
Membership: []
ProtocolMetrics{totalEvents=93, messagesIn=0, messagesFailed=0, messagesSent=0, timers=53, notifications=0, requests=0, replies=0, customChannelEvents=40}
[32mI[16:20:28,788] [300-BroadcastApp]BroadcastApp:[m Sending: 25df15c6-6688-4df2-a39d-56962ac61ea1 - IBUOWKABDU (10)
[32mI[16:20:28,788] [300-BroadcastApp]BroadcastApp:[m Received 25df15c6-6688-4df2-a39d-56962ac61ea1 - IBUOWKABDU (10) from 172.10.10.0:10000
[32mI[16:20:29,766] [100-CyclonMembership]CyclonMembership:[m Channel Metrics:
In channels:
Out channels:
[32mI[16:20:29,788] [100-CyclonMembership]CyclonMembership:[m Membership Metrics:
Membership: []
ProtocolMetrics{totalEvents=95, messagesIn=0, messagesFailed=0, messagesSent=0, timers=54, notifications=0, requests=0, replies=0, customChannelEvents=41}
[32mI[16:20:29,788] [300-BroadcastApp]BroadcastApp:[m Sending: af4bf502-bf73-47ed-bd3e-575720f1025a - ZYPOFOSCET (10)
[32mI[16:20:29,789] [300-BroadcastApp]BroadcastApp:[m Received af4bf502-bf73-47ed-bd3e-575720f1025a - ZYPOFOSCET (10) from 172.10.10.0:10000
[32mI[16:20:30,766] [100-CyclonMembership]CyclonMembership:[m Channel Metrics:
In channels:
Out channels:
[32mI[16:20:30,788] [100-CyclonMembership]CyclonMembership:[m Membership Metrics:
Membership: []
ProtocolMetrics{totalEvents=97, messagesIn=0, messagesFailed=0, messagesSent=0, timers=55, notifications=0, requests=0, replies=0, customChannelEvents=42}
[32mI[16:20:30,788] [300-BroadcastApp]BroadcastApp:[m Sending: 654c678b-213b-4beb-b1b2-035df79b559b - NLAEGHRETQ (10)
[32mI[16:20:30,789] [300-BroadcastApp]BroadcastApp:[m Received 654c678b-213b-4beb-b1b2-035df79b559b - NLAEGHRETQ (10) from 172.10.10.0:10000
[32mI[16:20:31,766] [100-CyclonMembership]CyclonMembership:[m Channel Metrics:
In channels:
Out channels:
[32mI[16:20:31,788] [100-CyclonMembership]CyclonMembership:[m Membership Metrics:
Membership: []
ProtocolMetrics{totalEvents=100, messagesIn=0, messagesFailed=0, messagesSent=0, timers=57, notifications=0, requests=0, replies=0, customChannelEvents=43}
[32mI[16:20:31,788] [300-BroadcastApp]BroadcastApp:[m Sending: 7f41128a-cddb-41cb-8583-b4d2d16cb1cb - IUHSFVKNGD (10)
[32mI[16:20:31,789] [300-BroadcastApp]BroadcastApp:[m Received 7f41128a-cddb-41cb-8583-b4d2d16cb1cb - IUHSFVKNGD (10) from 172.10.10.0:10000
[32mI[16:20:32,766] [100-CyclonMembership]CyclonMembership:[m Channel Metrics:
In channels:
Out channels:
[32mI[16:20:32,788] [100-CyclonMembership]CyclonMembership:[m Membership Metrics:
Membership: []
ProtocolMetrics{totalEvents=102, messagesIn=0, messagesFailed=0, messagesSent=0, timers=58, notifications=0, requests=0, replies=0, customChannelEvents=44}
[32mI[16:20:32,788] [300-BroadcastApp]BroadcastApp:[m Sending: 2cf19912-b1ab-46e5-b6c9-bb528fad8297 - TGGJFJEJZI (10)
[32mI[16:20:32,789] [300-BroadcastApp]BroadcastApp:[m Received 2cf19912-b1ab-46e5-b6c9-bb528fad8297 - TGGJFJEJZI (10) from 172.10.10.0:10000
[32mI[16:20:33,766] [100-CyclonMembership]CyclonMembership:[m Channel Metrics:
In channels:
Out channels:
[32mI[16:20:33,788] [100-CyclonMembership]CyclonMembership:[m Membership Metrics:
Membership: []
ProtocolMetrics{totalEvents=104, messagesIn=0, messagesFailed=0, messagesSent=0, timers=59, notifications=0, requests=0, replies=0, customChannelEvents=45}
[32mI[16:20:33,789] [300-BroadcastApp]BroadcastApp:[m Sending: db523c9d-15a5-47a3-aa5c-82c0da41004d - CKYZMRGYYJ (10)
[32mI[16:20:33,789] [300-BroadcastApp]BroadcastApp:[m Received db523c9d-15a5-47a3-aa5c-82c0da41004d - CKYZMRGYYJ (10) from 172.10.10.0:10000
[32mI[16:20:34,766] [100-CyclonMembership]CyclonMembership:[m Channel Metrics:
In channels:
Out channels:
[32mI[16:20:34,789] [100-CyclonMembership]CyclonMembership:[m Membership Metrics:
Membership: []
ProtocolMetrics{totalEvents=107, messagesIn=0, messagesFailed=0, messagesSent=0, timers=61, notifications=0, requests=0, replies=0, customChannelEvents=46}
[32mI[16:20:34,789] [300-BroadcastApp]BroadcastApp:[m Sending: 53936bd6-3ede-4b37-9dac-fb54ad3fa27c - AWMILZFGNQ (10)
[32mI[16:20:34,789] [300-BroadcastApp]BroadcastApp:[m Received 53936bd6-3ede-4b37-9dac-fb54ad3fa27c - AWMILZFGNQ (10) from 172.10.10.0:10000
[32mI[16:20:35,766] [100-CyclonMembership]CyclonMembership:[m Channel Metrics:
In channels:
Out channels:
[32mI[16:20:35,789] [100-CyclonMembership]CyclonMembership:[m Membership Metrics:
Membership: []
ProtocolMetrics{totalEvents=109, messagesIn=0, messagesFailed=0, messagesSent=0, timers=62, notifications=0, requests=0, replies=0, customChannelEvents=47}
[32mI[16:20:35,789] [300-BroadcastApp]BroadcastApp:[m Sending: f9a15f71-4fa2-47b1-983a-103c111594ee - IKMAKFWBIJ (10)
[32mI[16:20:35,790] [300-BroadcastApp]BroadcastApp:[m Received f9a15f71-4fa2-47b1-983a-103c111594ee - IKMAKFWBIJ (10) from 172.10.10.0:10000
[32mI[16:20:36,766] [100-CyclonMembership]CyclonMembership:[m Channel Metrics:
In channels:
Out channels:
[32mI[16:20:36,788] [300-BroadcastApp]BroadcastApp:[m Sending: d41278bf-0d73-444d-97d9-04ec8bf0ff7c - YEZWFYNMPH (10)
[32mI[16:20:36,789] [300-BroadcastApp]BroadcastApp:[m Received d41278bf-0d73-444d-97d9-04ec8bf0ff7c - YEZWFYNMPH (10) from 172.10.10.0:10000
[32mI[16:20:36,789] [100-CyclonMembership]CyclonMembership:[m Membership Metrics:
Membership: []
ProtocolMetrics{totalEvents=112, messagesIn=0, messagesFailed=0, messagesSent=0, timers=64, notifications=0, requests=0, replies=0, customChannelEvents=48}
[32mI[16:20:37,766] [100-CyclonMembership]CyclonMembership:[m Channel Metrics:
In channels:
Out channels:
[32mI[16:20:37,788] [300-BroadcastApp]BroadcastApp:[m Sending: 0de11d23-c48b-4579-bb33-1c866f3af30d - HPAVDGRVUG (10)
[32mI[16:20:37,789] [300-BroadcastApp]BroadcastApp:[m Received 0de11d23-c48b-4579-bb33-1c866f3af30d - HPAVDGRVUG (10) from 172.10.10.0:10000
[32mI[16:20:37,789] [100-CyclonMembership]CyclonMembership:[m Membership Metrics:
Membership: []
ProtocolMetrics{totalEvents=114, messagesIn=0, messagesFailed=0, messagesSent=0, timers=65, notifications=0, requests=0, replies=0, customChannelEvents=49}
[32mI[16:20:38,765] [100-CyclonMembership]CyclonMembership:[m Channel Metrics:
In channels:
Out channels:
[32mI[16:20:38,789] [300-BroadcastApp]BroadcastApp:[m Sending: b39ec4cd-5520-4c06-b6f0-cb1768519e56 - XBFYQKGCJI (10)
[32mI[16:20:38,789] [300-BroadcastApp]BroadcastApp:[m Received b39ec4cd-5520-4c06-b6f0-cb1768519e56 - XBFYQKGCJI (10) from 172.10.10.0:10000
[32mI[16:20:38,789] [100-CyclonMembership]CyclonMembership:[m Membership Metrics:
Membership: []
ProtocolMetrics{totalEvents=116, messagesIn=0, messagesFailed=0, messagesSent=0, timers=66, notifications=0, requests=0, replies=0, customChannelEvents=50}
[32mI[16:20:39,766] [100-CyclonMembership]CyclonMembership:[m Channel Metrics:
In channels:
Out channels:
[32mI[16:20:39,789] [100-CyclonMembership]CyclonMembership:[m Membership Metrics:
Membership: []
ProtocolMetrics{totalEvents=119, messagesIn=0, messagesFailed=0, messagesSent=0, timers=68, notifications=0, requests=0, replies=0, customChannelEvents=51}
[32mI[16:20:39,789] [300-BroadcastApp]BroadcastApp:[m Sending: a9643eda-1dc5-462d-9826-ccf9a59ada04 - ILFKIMSYZK (10)
[32mI[16:20:39,790] [300-BroadcastApp]BroadcastApp:[m Received a9643eda-1dc5-462d-9826-ccf9a59ada04 - ILFKIMSYZK (10) from 172.10.10.0:10000
[32mI[16:20:40,766] [100-CyclonMembership]CyclonMembership:[m Channel Metrics:
In channels:
Out channels:
[32mI[16:20:40,789] [100-CyclonMembership]CyclonMembership:[m Membership Metrics:
Membership: []
ProtocolMetrics{totalEvents=121, messagesIn=0, messagesFailed=0, messagesSent=0, timers=69, notifications=0, requests=0, replies=0, customChannelEvents=52}
[32mI[16:20:40,789] [300-BroadcastApp]BroadcastApp:[m Sending: 3266884a-0b23-4d45-8b4e-c0c540c0f74b - OWVVUQGZDK (10)
[32mI[16:20:40,789] [300-BroadcastApp]BroadcastApp:[m Received 3266884a-0b23-4d45-8b4e-c0c540c0f74b - OWVVUQGZDK (10) from 172.10.10.0:10000
[32mI[16:20:41,765] [100-CyclonMembership]CyclonMembership:[m Channel Metrics:
In channels:
Out channels:
[32mI[16:20:41,789] [100-CyclonMembership]CyclonMembership:[m Membership Metrics:
Membership: []
ProtocolMetrics{totalEvents=123, messagesIn=0, messagesFailed=0, messagesSent=0, timers=70, notifications=0, requests=0, replies=0, customChannelEvents=53}
[32mI[16:20:41,789] [300-BroadcastApp]BroadcastApp:[m Sending: e3744082-19b7-40ee-8917-19e5e074aa22 - RSCCMEGAHV (10)
[32mI[16:20:41,790] [300-BroadcastApp]BroadcastApp:[m Received e3744082-19b7-40ee-8917-19e5e074aa22 - RSCCMEGAHV (10) from 172.10.10.0:10000
[32mI[16:20:42,766] [100-CyclonMembership]CyclonMembership:[m Channel Metrics:
In channels:
Out channels:
[32mI[16:20:42,789] [100-CyclonMembership]CyclonMembership:[m Membership Metrics:
Membership: []
ProtocolMetrics{totalEvents=125, messagesIn=0, messagesFailed=0, messagesSent=0, timers=71, notifications=0, requests=0, replies=0, customChannelEvents=54}
[32mI[16:20:42,790] [300-BroadcastApp]BroadcastApp:[m Sending: f76e6696-67dc-4ee1-9016-2d52805a2cc7 - HFXJVAZUPY (10)
[32mI[16:20:42,790] [300-BroadcastApp]BroadcastApp:[m Received f76e6696-67dc-4ee1-9016-2d52805a2cc7 - HFXJVAZUPY (10) from 172.10.10.0:10000
[32mI[16:20:43,766] [100-CyclonMembership]CyclonMembership:[m Channel Metrics:
In channels:
Out channels:
[32mI[16:20:43,789] [100-CyclonMembership]CyclonMembership:[m Membership Metrics:
Membership: []
ProtocolMetrics{totalEvents=128, messagesIn=0, messagesFailed=0, messagesSent=0, timers=73, notifications=0, requests=0, replies=0, customChannelEvents=55}
[32mI[16:20:43,790] [300-BroadcastApp]BroadcastApp:[m Sending: 8d82a79f-2a91-41b9-8aee-c13f9c0e5b44 - GKRBDJCEUV (10)
[32mI[16:20:43,790] [300-BroadcastApp]BroadcastApp:[m Received 8d82a79f-2a91-41b9-8aee-c13f9c0e5b44 - GKRBDJCEUV (10) from 172.10.10.0:10000
[32mI[16:20:44,765] [100-CyclonMembership]CyclonMembership:[m Channel Metrics:
In channels:
Out channels:
[32mI[16:20:44,790] [100-CyclonMembership]CyclonMembership:[m Membership Metrics:
Membership: []
ProtocolMetrics{totalEvents=130, messagesIn=0, messagesFailed=0, messagesSent=0, timers=74, notifications=0, requests=0, replies=0, customChannelEvents=56}
[32mI[16:20:44,790] [300-BroadcastApp]BroadcastApp:[m Sending: c109ac7d-ee39-4a6c-aea2-3a3fc589551c - VQJFQASALW (10)
[32mI[16:20:44,790] [300-BroadcastApp]BroadcastApp:[m Received c109ac7d-ee39-4a6c-aea2-3a3fc589551c - VQJFQASALW (10) from 172.10.10.0:10000
[32mI[16:20:45,765] [100-CyclonMembership]CyclonMembership:[m Channel Metrics:
In channels:
Out channels:
[32mI[16:20:45,790] [100-CyclonMembership]CyclonMembership:[m Membership Metrics:
Membership: []
ProtocolMetrics{totalEvents=132, messagesIn=0, messagesFailed=0, messagesSent=0, timers=75, notifications=0, requests=0, replies=0, customChannelEvents=57}
[32mI[16:20:45,790] [300-BroadcastApp]BroadcastApp:[m Sending: 23e5ea44-f500-4e2d-8147-c84b34c66b6d - YMUSCVWWOU (10)
[32mI[16:20:45,790] [300-BroadcastApp]BroadcastApp:[m Received 23e5ea44-f500-4e2d-8147-c84b34c66b6d - YMUSCVWWOU (10) from 172.10.10.0:10000
[32mI[16:20:46,765] [100-CyclonMembership]CyclonMembership:[m Channel Metrics:
In channels:
Out channels:
[32mI[16:20:46,790] [100-CyclonMembership]CyclonMembership:[m Membership Metrics:
Membership: []
ProtocolMetrics{totalEvents=135, messagesIn=0, messagesFailed=0, messagesSent=0, timers=77, notifications=0, requests=0, replies=0, customChannelEvents=58}
[32mI[16:20:46,790] [300-BroadcastApp]BroadcastApp:[m Sending: 79ae8e79-d1f6-4b0c-9901-6c710e6bfc1d - AMZBBBTSIS (10)
[32mI[16:20:46,790] [300-BroadcastApp]BroadcastApp:[m Received 79ae8e79-d1f6-4b0c-9901-6c710e6bfc1d - AMZBBBTSIS (10) from 172.10.10.0:10000
[32mI[16:20:47,766] [100-CyclonMembership]CyclonMembership:[m Channel Metrics:
In channels:
Out channels:
[32mI[16:20:47,790] [100-CyclonMembership]CyclonMembership:[m Membership Metrics:
Membership: []
ProtocolMetrics{totalEvents=137, messagesIn=0, messagesFailed=0, messagesSent=0, timers=78, notifications=0, requests=0, replies=0, customChannelEvents=59}
[32mI[16:20:47,790] [300-BroadcastApp]BroadcastApp:[m Sending: 2938309a-01ca-420a-9914-783bbeace855 - JAATUEFSNB (10)
[32mI[16:20:47,791] [300-BroadcastApp]BroadcastApp:[m Received 2938309a-01ca-420a-9914-783bbeace855 - JAATUEFSNB (10) from 172.10.10.0:10000
[32mI[16:20:48,766] [100-CyclonMembership]CyclonMembership:[m Channel Metrics:
In channels:
Out channels:
[32mI[16:20:48,790] [100-CyclonMembership]CyclonMembership:[m Membership Metrics:
Membership: []
ProtocolMetrics{totalEvents=139, messagesIn=0, messagesFailed=0, messagesSent=0, timers=79, notifications=0, requests=0, replies=0, customChannelEvents=60}
[32mI[16:20:48,791] [300-BroadcastApp]BroadcastApp:[m Sending: 1cb3af7a-b0eb-42f1-bcaf-813426b059c7 - OUQKBAVAFH (10)
[32mI[16:20:48,791] [300-BroadcastApp]BroadcastApp:[m Received 1cb3af7a-b0eb-42f1-bcaf-813426b059c7 - OUQKBAVAFH (10) from 172.10.10.0:10000
[32mI[16:20:49,766] [100-CyclonMembership]CyclonMembership:[m Channel Metrics:
In channels:
Out channels:
[32mI[16:20:49,791] [100-CyclonMembership]CyclonMembership:[m Membership Metrics:
Membership: []
ProtocolMetrics{totalEvents=142, messagesIn=0, messagesFailed=0, messagesSent=0, timers=81, notifications=0, requests=0, replies=0, customChannelEvents=61}
[32mI[16:20:49,791] [300-BroadcastApp]BroadcastApp:[m Sending: 4439fb2f-daf9-4da3-9593-680ea625bc33 - XHKHUNJNBS (10)
[32mI[16:20:49,791] [300-BroadcastApp]BroadcastApp:[m Received 4439fb2f-daf9-4da3-9593-680ea625bc33 - XHKHUNJNBS (10) from 172.10.10.0:10000
[32mI[16:20:50,766] [100-CyclonMembership]CyclonMembership:[m Channel Metrics:
In channels:
Out channels:
[32mI[16:20:50,791] [100-CyclonMembership]CyclonMembership:[m Membership Metrics:
Membership: []
ProtocolMetrics{totalEvents=144, messagesIn=0, messagesFailed=0, messagesSent=0, timers=82, notifications=0, requests=0, replies=0, customChannelEvents=62}
[32mI[16:20:50,791] [300-BroadcastApp]BroadcastApp:[m Sending: 7cdc3320-e31a-4792-8acf-3c91171d3475 - XNRCUZMEEG (10)
[32mI[16:20:50,791] [300-BroadcastApp]BroadcastApp:[m Received 7cdc3320-e31a-4792-8acf-3c91171d3475 - XNRCUZMEEG (10) from 172.10.10.0:10000
[32mI[16:20:51,766] [100-CyclonMembership]CyclonMembership:[m Channel Metrics:
In channels:
Out channels:
[32mI[16:20:51,790] [100-CyclonMembership]CyclonMembership:[m Membership Metrics:
Membership: []
ProtocolMetrics{totalEvents=146, messagesIn=0, messagesFailed=0, messagesSent=0, timers=83, notifications=0, requests=0, replies=0, customChannelEvents=63}
[32mI[16:20:51,791] [300-BroadcastApp]BroadcastApp:[m Sending: 102c5e3d-908d-44f0-9a17-ba10aae0694c - EVPFOACTMS (10)
[32mI[16:20:51,792] [300-BroadcastApp]BroadcastApp:[m Received 102c5e3d-908d-44f0-9a17-ba10aae0694c - EVPFOACTMS (10) from 172.10.10.0:10000
[32mI[16:20:52,766] [100-CyclonMembership]CyclonMembership:[m Channel Metrics:
In channels:
Out channels:
[32mI[16:20:52,790] [100-CyclonMembership]CyclonMembership:[m Membership Metrics:
Membership: []
ProtocolMetrics{totalEvents=149, messagesIn=0, messagesFailed=0, messagesSent=0, timers=85, notifications=0, requests=0, replies=0, customChannelEvents=64}
[32mI[16:20:52,792] [300-BroadcastApp]BroadcastApp:[m Sending: c4924301-08be-43fe-90f2-c03d846af542 - NAQAEWWPKK (10)
[32mI[16:20:52,792] [300-BroadcastApp]BroadcastApp:[m Received c4924301-08be-43fe-90f2-c03d846af542 - NAQAEWWPKK (10) from 172.10.10.0:10000
[32mI[16:20:53,766] [100-CyclonMembership]CyclonMembership:[m Channel Metrics:
In channels:
Out channels:
[32mI[16:20:53,785] [300-BroadcastApp]BroadcastApp:[m Stopping broadcasts
[32mI[16:20:53,790] [100-CyclonMembership]CyclonMembership:[m Membership Metrics:
Membership: []
ProtocolMetrics{totalEvents=151, messagesIn=0, messagesFailed=0, messagesSent=0, timers=86, notifications=0, requests=0, replies=0, customChannelEvents=65}
[32mI[16:20:54,766] [100-CyclonMembership]CyclonMembership:[m Channel Metrics:
In channels:
Out channels:
[32mI[16:20:54,790] [100-CyclonMembership]CyclonMembership:[m Membership Metrics:
Membership: []
ProtocolMetrics{totalEvents=154, messagesIn=0, messagesFailed=0, messagesSent=0, timers=88, notifications=0, requests=0, replies=0, customChannelEvents=66}
[32mI[16:20:55,766] [100-CyclonMembership]CyclonMembership:[m Channel Metrics:
In channels:
Out channels:
[32mI[16:20:55,791] [100-CyclonMembership]CyclonMembership:[m Membership Metrics:
Membership: []
ProtocolMetrics{totalEvents=156, messagesIn=0, messagesFailed=0, messagesSent=0, timers=89, notifications=0, requests=0, replies=0, customChannelEvents=67}
[32mI[16:20:56,765] [100-CyclonMembership]CyclonMembership:[m Channel Metrics:
In channels:
Out channels:
[32mI[16:20:56,791] [100-CyclonMembership]CyclonMembership:[m Membership Metrics:
Membership: []
ProtocolMetrics{totalEvents=158, messagesIn=0, messagesFailed=0, messagesSent=0, timers=90, notifications=0, requests=0, replies=0, customChannelEvents=68}
[32mI[16:20:57,766] [100-CyclonMembership]CyclonMembership:[m Channel Metrics:
In channels:
Out channels:
[32mI[16:20:57,791] [100-CyclonMembership]CyclonMembership:[m Membership Metrics:
Membership: []
ProtocolMetrics{totalEvents=161, messagesIn=0, messagesFailed=0, messagesSent=0, timers=92, notifications=0, requests=0, replies=0, customChannelEvents=69}
[32mI[16:20:58,766] [100-CyclonMembership]CyclonMembership:[m Channel Metrics:
In channels:
Out channels:
[32mI[16:20:58,786] [300-BroadcastApp]BroadcastApp:[m Exiting...
[32mI[16:20:58,788] [Thread-1]Main:[m Goodbye
