[32mI[16:51:31,922] [main]Main:[m Hello, I am 172.10.10.0:10000
[32mI[16:51:32,196] [main]BroadcastApp:[m Waiting...
[32mI[16:51:33,192] [100-CyclonMembership]CyclonMembership:[m Channel Metrics:
In channels:
Out channels:
[32mI[16:51:33,200] [100-CyclonMembership]CyclonMembership:[m Membership Metrics:
Membership: []
ProtocolMetrics{totalEvents=2, messagesIn=0, messagesFailed=0, messagesSent=0, timers=1, notifications=0, requests=0, replies=0, customChannelEvents=1}
[32mI[16:51:34,182] [100-CyclonMembership]CyclonMembership:[m Channel Metrics:
In channels:
Out channels:
[32mI[16:51:34,199] [100-CyclonMembership]CyclonMembership:[m Membership Metrics:
Membership: []
ProtocolMetrics{totalEvents=4, messagesIn=0, messagesFailed=0, messagesSent=0, timers=2, notifications=0, requests=0, replies=0, customChannelEvents=2}
[32mI[16:51:35,182] [100-CyclonMembership]CyclonMembership:[m Channel Metrics:
In channels:
Out channels:
[32mI[16:51:35,199] [100-CyclonMembership]CyclonMembership:[m Membership Metrics:
Membership: []
ProtocolMetrics{totalEvents=7, messagesIn=0, messagesFailed=0, messagesSent=0, timers=4, notifications=0, requests=0, replies=0, customChannelEvents=3}
[32mI[16:51:36,182] [100-CyclonMembership]CyclonMembership:[m Channel Metrics:
In channels:
Out channels:
[32mI[16:51:36,199] [100-CyclonMembership]CyclonMembership:[m Membership Metrics:
Membership: []
ProtocolMetrics{totalEvents=9, messagesIn=0, messagesFailed=0, messagesSent=0, timers=5, notifications=0, requests=0, replies=0, customChannelEvents=4}
[32mI[16:51:37,182] [100-CyclonMembership]CyclonMembership:[m Channel Metrics:
In channels:
Out channels:
[32mI[16:51:37,197] [300-BroadcastApp]BroadcastApp:[m Starting
[32mI[16:51:37,200] [100-CyclonMembership]CyclonMembership:[m Membership Metrics:
Membership: []
ProtocolMetrics{totalEvents=11, messagesIn=0, messagesFailed=0, messagesSent=0, timers=6, notifications=0, requests=0, replies=0, customChannelEvents=5}
[32mI[16:51:37,202] [300-BroadcastApp]BroadcastApp:[m Sending: 95d07cec-7605-4627-bf35-a6d0f9ba4ac7 - YMAVQTKWNP (10)
[32mI[16:51:37,203] [300-BroadcastApp]BroadcastApp:[m Received 95d07cec-7605-4627-bf35-a6d0f9ba4ac7 - YMAVQTKWNP (10) from 172.10.10.0:10000
[32mI[16:51:38,182] [100-CyclonMembership]CyclonMembership:[m Channel Metrics:
In channels:
Out channels:
[32mI[16:51:38,199] [100-CyclonMembership]CyclonMembership:[m Membership Metrics:
Membership: []
ProtocolMetrics{totalEvents=13, messagesIn=0, messagesFailed=0, messagesSent=0, timers=7, notifications=0, requests=0, replies=0, customChannelEvents=6}
[32mI[16:51:38,199] [300-BroadcastApp]BroadcastApp:[m Sending: 3debdb23-9e31-4b0c-ba54-f08dc04ffc47 - VJNZTZKUSH (10)
[32mI[16:51:38,200] [300-BroadcastApp]BroadcastApp:[m Received 3debdb23-9e31-4b0c-ba54-f08dc04ffc47 - VJNZTZKUSH (10) from 172.10.10.0:10000
[32mI[16:51:39,182] [100-CyclonMembership]CyclonMembership:[m Channel Metrics:
In channels:
Out channels:
[32mI[16:51:39,199] [100-CyclonMembership]CyclonMembership:[m Membership Metrics:
Membership: []
ProtocolMetrics{totalEvents=16, messagesIn=0, messagesFailed=0, messagesSent=0, timers=9, notifications=0, requests=0, replies=0, customChannelEvents=7}
[32mI[16:51:39,199] [300-BroadcastApp]BroadcastApp:[m Sending: 563dcf8d-2e35-47b9-985c-e0843f1bdc4f - JHROIJDYET (10)
[32mI[16:51:39,200] [300-BroadcastApp]BroadcastApp:[m Received 563dcf8d-2e35-47b9-985c-e0843f1bdc4f - JHROIJDYET (10) from 172.10.10.0:10000
[32mI[16:51:40,182] [100-CyclonMembership]CyclonMembership:[m Channel Metrics:
In channels:
Out channels:
[32mI[16:51:40,199] [100-CyclonMembership]CyclonMembership:[m Membership Metrics:
Membership: []
ProtocolMetrics{totalEvents=18, messagesIn=0, messagesFailed=0, messagesSent=0, timers=10, notifications=0, requests=0, replies=0, customChannelEvents=8}
[32mI[16:51:40,200] [300-BroadcastApp]BroadcastApp:[m Sending: 54da072b-90ac-4a7b-87f6-d40ca963daa9 - NKSWYCMFKT (10)
[32mI[16:51:40,201] [300-BroadcastApp]BroadcastApp:[m Received 54da072b-90ac-4a7b-87f6-d40ca963daa9 - NKSWYCMFKT (10) from 172.10.10.0:10000
[32mI[16:51:41,182] [100-CyclonMembership]CyclonMembership:[m Channel Metrics:
In channels:
Out channels:
[32mI[16:51:41,200] [100-CyclonMembership]CyclonMembership:[m Membership Metrics:
Membership: []
ProtocolMetrics{totalEvents=20, messagesIn=0, messagesFailed=0, messagesSent=0, timers=11, notifications=0, requests=0, replies=0, customChannelEvents=9}
[32mI[16:51:41,200] [300-BroadcastApp]BroadcastApp:[m Sending: 97669aca-a96f-446a-b687-0d0f2469e2e5 - ZSCMGCZAJD (10)
[32mI[16:51:41,201] [300-BroadcastApp]BroadcastApp:[m Received 97669aca-a96f-446a-b687-0d0f2469e2e5 - ZSCMGCZAJD (10) from 172.10.10.0:10000
[32mI[16:51:42,182] [100-CyclonMembership]CyclonMembership:[m Channel Metrics:
In channels:
Out channels:
[32mI[16:51:42,200] [100-CyclonMembership]CyclonMembership:[m Membership Metrics:
Membership: []
ProtocolMetrics{totalEvents=23, messagesIn=0, messagesFailed=0, messagesSent=0, timers=13, notifications=0, requests=0, replies=0, customChannelEvents=10}
[32mI[16:51:42,200] [300-BroadcastApp]BroadcastApp:[m Sending: 1cd7e320-f8f3-45b4-b5e0-12837785afbb - MGGFNKXFZU (10)
[32mI[16:51:42,201] [300-BroadcastApp]BroadcastApp:[m Received 1cd7e320-f8f3-45b4-b5e0-12837785afbb - MGGFNKXFZU (10) from 172.10.10.0:10000
[32mI[16:51:43,182] [100-CyclonMembership]CyclonMembership:[m Channel Metrics:
In channels:
Out channels:
[32mI[16:51:43,200] [100-CyclonMembership]CyclonMembership:[m Membership Metrics:
Membership: []
ProtocolMetrics{totalEvents=25, messagesIn=0, messagesFailed=0, messagesSent=0, timers=14, notifications=0, requests=0, replies=0, customChannelEvents=11}
[32mI[16:51:43,200] [300-BroadcastApp]BroadcastApp:[m Sending: 02c9f2da-402d-4f6a-a8fc-a468ca5dfbff - LEYFIEMVPM (10)
[32mI[16:51:43,201] [300-BroadcastApp]BroadcastApp:[m Received 02c9f2da-402d-4f6a-a8fc-a468ca5dfbff - LEYFIEMVPM (10) from 172.10.10.0:10000
[32mI[16:51:44,182] [100-CyclonMembership]CyclonMembership:[m Channel Metrics:
In channels:
Out channels:
[32mI[16:51:44,200] [100-CyclonMembership]CyclonMembership:[m Membership Metrics:
Membership: []
ProtocolMetrics{totalEvents=28, messagesIn=0, messagesFailed=0, messagesSent=0, timers=16, notifications=0, requests=0, replies=0, customChannelEvents=12}
[32mI[16:51:44,201] [300-BroadcastApp]BroadcastApp:[m Sending: 03f14003-b05b-4a27-8863-19985f01cf01 - RFZFRQUQWP (10)
[32mI[16:51:44,201] [300-BroadcastApp]BroadcastApp:[m Received 03f14003-b05b-4a27-8863-19985f01cf01 - RFZFRQUQWP (10) from 172.10.10.0:10000
[32mI[16:51:45,182] [100-CyclonMembership]CyclonMembership:[m Channel Metrics:
In channels:
Out channels:
[32mI[16:51:45,201] [100-CyclonMembership]CyclonMembership:[m Membership Metrics:
Membership: []
ProtocolMetrics{totalEvents=30, messagesIn=0, messagesFailed=0, messagesSent=0, timers=17, notifications=0, requests=0, replies=0, customChannelEvents=13}
[32mI[16:51:45,201] [300-BroadcastApp]BroadcastApp:[m Sending: d537091a-162e-4425-8011-4c6b05f8274e - LALTYHZDLT (10)
[32mI[16:51:45,202] [300-BroadcastApp]BroadcastApp:[m Received d537091a-162e-4425-8011-4c6b05f8274e - LALTYHZDLT (10) from 172.10.10.0:10000
[32mI[16:51:46,182] [100-CyclonMembership]CyclonMembership:[m Channel Metrics:
In channels:
Out channels:
[32mI[16:51:46,201] [100-CyclonMembership]CyclonMembership:[m Membership Metrics:
Membership: []
ProtocolMetrics{totalEvents=32, messagesIn=0, messagesFailed=0, messagesSent=0, timers=18, notifications=0, requests=0, replies=0, customChannelEvents=14}
[32mI[16:51:46,201] [300-BroadcastApp]BroadcastApp:[m Sending: 64186ac7-b8a1-4bea-8b24-219f7a704b7d - VNPVJMYCHC (10)
[32mI[16:51:46,202] [300-BroadcastApp]BroadcastApp:[m Received 64186ac7-b8a1-4bea-8b24-219f7a704b7d - VNPVJMYCHC (10) from 172.10.10.0:10000
[32mI[16:51:47,182] [100-CyclonMembership]CyclonMembership:[m Channel Metrics:
In channels:
Out channels:
[32mI[16:51:47,201] [100-CyclonMembership]CyclonMembership:[m Membership Metrics:
Membership: []
ProtocolMetrics{totalEvents=35, messagesIn=0, messagesFailed=0, messagesSent=0, timers=20, notifications=0, requests=0, replies=0, customChannelEvents=15}
[32mI[16:51:47,201] [300-BroadcastApp]BroadcastApp:[m Sending: 876a7749-fa63-47ab-abd2-07940ae7b97e - GCPNQDKZQX (10)
[32mI[16:51:47,202] [300-BroadcastApp]BroadcastApp:[m Received 876a7749-fa63-47ab-abd2-07940ae7b97e - GCPNQDKZQX (10) from 172.10.10.0:10000
[32mI[16:51:48,182] [100-CyclonMembership]CyclonMembership:[m Channel Metrics:
In channels:
Out channels:
[32mI[16:51:48,201] [100-CyclonMembership]CyclonMembership:[m Membership Metrics:
Membership: []
ProtocolMetrics{totalEvents=37, messagesIn=0, messagesFailed=0, messagesSent=0, timers=21, notifications=0, requests=0, replies=0, customChannelEvents=16}
[32mI[16:51:48,201] [300-BroadcastApp]BroadcastApp:[m Sending: 54f59163-698b-49dd-9b10-a79f407b92b9 - MFHWEGLCRU (10)
[32mI[16:51:48,202] [300-BroadcastApp]BroadcastApp:[m Received 54f59163-698b-49dd-9b10-a79f407b92b9 - MFHWEGLCRU (10) from 172.10.10.0:10000
[32mI[16:51:49,182] [100-CyclonMembership]CyclonMembership:[m Channel Metrics:
In channels:
Out channels:
[32mI[16:51:49,201] [100-CyclonMembership]CyclonMembership:[m Membership Metrics:
Membership: []
ProtocolMetrics{totalEvents=39, messagesIn=0, messagesFailed=0, messagesSent=0, timers=22, notifications=0, requests=0, replies=0, customChannelEvents=17}
[32mI[16:51:49,202] [300-BroadcastApp]BroadcastApp:[m Sending: 6722eea5-433c-4ca4-84f5-642f1755fdff - YERFXGIGLX (10)
[32mI[16:51:49,202] [300-BroadcastApp]BroadcastApp:[m Received 6722eea5-433c-4ca4-84f5-642f1755fdff - YERFXGIGLX (10) from 172.10.10.0:10000
[32mI[16:51:50,182] [100-CyclonMembership]CyclonMembership:[m Channel Metrics:
In channels:
Out channels:
[32mI[16:51:50,202] [300-BroadcastApp]BroadcastApp:[m Sending: 9e8fa6f5-d5b6-42a0-9861-3c573dfa4ba2 - WSKPLYSMTO (10)
[32mI[16:51:50,202] [100-CyclonMembership]CyclonMembership:[m Membership Metrics:
Membership: []
ProtocolMetrics{totalEvents=42, messagesIn=0, messagesFailed=0, messagesSent=0, timers=24, notifications=0, requests=0, replies=0, customChannelEvents=18}
[32mI[16:51:50,202] [300-BroadcastApp]BroadcastApp:[m Received 9e8fa6f5-d5b6-42a0-9861-3c573dfa4ba2 - WSKPLYSMTO (10) from 172.10.10.0:10000
[32mI[16:51:51,182] [100-CyclonMembership]CyclonMembership:[m Channel Metrics:
In channels:
Out channels:
[32mI[16:51:51,201] [100-CyclonMembership]CyclonMembership:[m Membership Metrics:
Membership: []
ProtocolMetrics{totalEvents=44, messagesIn=0, messagesFailed=0, messagesSent=0, timers=25, notifications=0, requests=0, replies=0, customChannelEvents=19}
[32mI[16:51:51,201] [300-BroadcastApp]BroadcastApp:[m Sending: 208e2329-edd4-45b2-857f-2cd930c663a5 - UQRQRYNNEB (10)
[32mI[16:51:51,202] [300-BroadcastApp]BroadcastApp:[m Received 208e2329-edd4-45b2-857f-2cd930c663a5 - UQRQRYNNEB (10) from 172.10.10.0:10000
[32mI[16:51:52,182] [100-CyclonMembership]CyclonMembership:[m Channel Metrics:
In channels:
Out channels:
[32mI[16:51:52,201] [100-CyclonMembership]CyclonMembership:[m Membership Metrics:
Membership: []
ProtocolMetrics{totalEvents=46, messagesIn=0, messagesFailed=0, messagesSent=0, timers=26, notifications=0, requests=0, replies=0, customChannelEvents=20}
[32mI[16:51:52,201] [300-BroadcastApp]BroadcastApp:[m Sending: 4225254a-0787-42a3-bee2-8b367ae706db - VSUZWQGJMW (10)
[32mI[16:51:52,202] [300-BroadcastApp]BroadcastApp:[m Received 4225254a-0787-42a3-bee2-8b367ae706db - VSUZWQGJMW (10) from 172.10.10.0:10000
[32mI[16:51:53,182] [100-CyclonMembership]CyclonMembership:[m Channel Metrics:
In channels:
Out channels:
[32mI[16:51:53,201] [100-CyclonMembership]CyclonMembership:[m Membership Metrics:
Membership: []
ProtocolMetrics{totalEvents=49, messagesIn=0, messagesFailed=0, messagesSent=0, timers=28, notifications=0, requests=0, replies=0, customChannelEvents=21}
[32mI[16:51:53,202] [300-BroadcastApp]BroadcastApp:[m Sending: 31452a26-86b6-48b2-97d6-69a985cffe17 - XQSSYHPVQC (10)
[32mI[16:51:53,202] [300-BroadcastApp]BroadcastApp:[m Received 31452a26-86b6-48b2-97d6-69a985cffe17 - XQSSYHPVQC (10) from 172.10.10.0:10000
[32mI[16:51:54,182] [100-CyclonMembership]CyclonMembership:[m Channel Metrics:
In channels:
Out channels:
[32mI[16:51:54,201] [100-CyclonMembership]CyclonMembership:[m Membership Metrics:
Membership: []
ProtocolMetrics{totalEvents=51, messagesIn=0, messagesFailed=0, messagesSent=0, timers=29, notifications=0, requests=0, replies=0, customChannelEvents=22}
[32mI[16:51:54,202] [300-BroadcastApp]BroadcastApp:[m Sending: 5d05fd85-22c2-4230-a7ca-e6a738159511 - OWIHMCHFGT (10)
[32mI[16:51:54,202] [300-BroadcastApp]BroadcastApp:[m Received 5d05fd85-22c2-4230-a7ca-e6a738159511 - OWIHMCHFGT (10) from 172.10.10.0:10000
[32mI[16:51:55,182] [100-CyclonMembership]CyclonMembership:[m Channel Metrics:
In channels:
Out channels:
[32mI[16:51:55,202] [100-CyclonMembership]CyclonMembership:[m Membership Metrics:
Membership: []
ProtocolMetrics{totalEvents=53, messagesIn=0, messagesFailed=0, messagesSent=0, timers=30, notifications=0, requests=0, replies=0, customChannelEvents=23}
[32mI[16:51:55,202] [300-BroadcastApp]BroadcastApp:[m Sending: 3d382628-d9c0-4815-bea6-905de9c312d0 - DOIGOFDZLJ (10)
[32mI[16:51:55,202] [300-BroadcastApp]BroadcastApp:[m Received 3d382628-d9c0-4815-bea6-905de9c312d0 - DOIGOFDZLJ (10) from 172.10.10.0:10000
[32mI[16:51:56,182] [100-CyclonMembership]CyclonMembership:[m Channel Metrics:
In channels:
Out channels:
[32mI[16:51:56,201] [100-CyclonMembership]CyclonMembership:[m Membership Metrics:
Membership: []
ProtocolMetrics{totalEvents=56, messagesIn=0, messagesFailed=0, messagesSent=0, timers=32, notifications=0, requests=0, replies=0, customChannelEvents=24}
[32mI[16:51:56,201] [300-BroadcastApp]BroadcastApp:[m Sending: 79f9584e-6db0-45f5-8e1e-37a2b044c925 - SLLMCTREBH (10)
[32mI[16:51:56,202] [300-BroadcastApp]BroadcastApp:[m Received 79f9584e-6db0-45f5-8e1e-37a2b044c925 - SLLMCTREBH (10) from 172.10.10.0:10000
[32mI[16:51:57,182] [100-CyclonMembership]CyclonMembership:[m Channel Metrics:
In channels:
Out channels:
[32mI[16:51:57,201] [100-CyclonMembership]CyclonMembership:[m Membership Metrics:
Membership: []
ProtocolMetrics{totalEvents=58, messagesIn=0, messagesFailed=0, messagesSent=0, timers=33, notifications=0, requests=0, replies=0, customChannelEvents=25}
[32mI[16:51:57,201] [300-BroadcastApp]BroadcastApp:[m Sending: 7265e776-525f-444c-9c62-fff43e3ca455 - WRLPYSFVLM (10)
[32mI[16:51:57,202] [300-BroadcastApp]BroadcastApp:[m Received 7265e776-525f-444c-9c62-fff43e3ca455 - WRLPYSFVLM (10) from 172.10.10.0:10000
[32mI[16:51:58,182] [100-CyclonMembership]CyclonMembership:[m Channel Metrics:
In channels:
Out channels:
[32mI[16:51:58,201] [100-CyclonMembership]CyclonMembership:[m Membership Metrics:
Membership: []
ProtocolMetrics{totalEvents=60, messagesIn=0, messagesFailed=0, messagesSent=0, timers=34, notifications=0, requests=0, replies=0, customChannelEvents=26}
[32mI[16:51:58,202] [300-BroadcastApp]BroadcastApp:[m Sending: f6a26878-3bc8-4bd6-9727-f2e61580b69a - IHZSYAIASF (10)
[32mI[16:51:58,202] [300-BroadcastApp]BroadcastApp:[m Received f6a26878-3bc8-4bd6-9727-f2e61580b69a - IHZSYAIASF (10) from 172.10.10.0:10000
[32mI[16:51:59,182] [100-CyclonMembership]CyclonMembership:[m Channel Metrics:
In channels:
Out channels:
[32mI[16:51:59,202] [100-CyclonMembership]CyclonMembership:[m Membership Metrics:
Membership: []
ProtocolMetrics{totalEvents=63, messagesIn=0, messagesFailed=0, messagesSent=0, timers=36, notifications=0, requests=0, replies=0, customChannelEvents=27}
[32mI[16:51:59,202] [300-BroadcastApp]BroadcastApp:[m Sending: a47326d5-dad1-41c5-a1d7-cc0279e0d0a8 - TSUJWFSHIY (10)
[32mI[16:51:59,202] [300-BroadcastApp]BroadcastApp:[m Received a47326d5-dad1-41c5-a1d7-cc0279e0d0a8 - TSUJWFSHIY (10) from 172.10.10.0:10000
[32mI[16:52:00,182] [100-CyclonMembership]CyclonMembership:[m Channel Metrics:
In channels:
Out channels:
[32mI[16:52:00,201] [300-BroadcastApp]BroadcastApp:[m Sending: 211323a0-bc21-4545-9940-117dfab15383 - MMIOKYTGVM (10)
[32mI[16:52:00,202] [300-BroadcastApp]BroadcastApp:[m Received 211323a0-bc21-4545-9940-117dfab15383 - MMIOKYTGVM (10) from 172.10.10.0:10000
[32mI[16:52:00,202] [100-CyclonMembership]CyclonMembership:[m Membership Metrics:
Membership: []
ProtocolMetrics{totalEvents=65, messagesIn=0, messagesFailed=0, messagesSent=0, timers=37, notifications=0, requests=0, replies=0, customChannelEvents=28}
[32mI[16:52:01,182] [100-CyclonMembership]CyclonMembership:[m Channel Metrics:
In channels:
Out channels:
[32mI[16:52:01,201] [300-BroadcastApp]BroadcastApp:[m Sending: 642f1c7d-fec0-4e33-a299-eb37cc5b1e7d - RMQAJIKGYG (10)
[32mI[16:52:01,202] [300-BroadcastApp]BroadcastApp:[m Received 642f1c7d-fec0-4e33-a299-eb37cc5b1e7d - RMQAJIKGYG (10) from 172.10.10.0:10000
[32mI[16:52:01,202] [100-CyclonMembership]CyclonMembership:[m Membership Metrics:
Membership: []
ProtocolMetrics{totalEvents=67, messagesIn=0, messagesFailed=0, messagesSent=0, timers=38, notifications=0, requests=0, replies=0, customChannelEvents=29}
[32mI[16:52:02,182] [100-CyclonMembership]CyclonMembership:[m Channel Metrics:
In channels:
Out channels:
[32mI[16:52:02,202] [300-BroadcastApp]BroadcastApp:[m Sending: 3ac4f31a-70db-4473-a462-c68ee77421e0 - LQSJLJHKCK (10)
[32mI[16:52:02,203] [300-BroadcastApp]BroadcastApp:[m Received 3ac4f31a-70db-4473-a462-c68ee77421e0 - LQSJLJHKCK (10) from 172.10.10.0:10000
[32mI[16:52:02,203] [100-CyclonMembership]CyclonMembership:[m Membership Metrics:
Membership: []
ProtocolMetrics{totalEvents=70, messagesIn=0, messagesFailed=0, messagesSent=0, timers=40, notifications=0, requests=0, replies=0, customChannelEvents=30}
[32mI[16:52:03,182] [100-CyclonMembership]CyclonMembership:[m Channel Metrics:
In channels:
Out channels:
[32mI[16:52:03,201] [300-BroadcastApp]BroadcastApp:[m Sending: 994cd067-c33f-4247-b52f-e82bca08865a - BOTQGVVUXK (10)
[32mI[16:52:03,202] [300-BroadcastApp]BroadcastApp:[m Received 994cd067-c33f-4247-b52f-e82bca08865a - BOTQGVVUXK (10) from 172.10.10.0:10000
[32mI[16:52:03,203] [100-CyclonMembership]CyclonMembership:[m Membership Metrics:
Membership: []
ProtocolMetrics{totalEvents=72, messagesIn=0, messagesFailed=0, messagesSent=0, timers=41, notifications=0, requests=0, replies=0, customChannelEvents=31}
[32mI[16:52:04,182] [100-CyclonMembership]CyclonMembership:[m Channel Metrics:
In channels:
Out channels:
[32mI[16:52:04,201] [300-BroadcastApp]BroadcastApp:[m Sending: 0a0f5027-be0f-4245-9f39-99ec83dd268a - GGYMNWPEJV (10)
[32mI[16:52:04,202] [300-BroadcastApp]BroadcastApp:[m Received 0a0f5027-be0f-4245-9f39-99ec83dd268a - GGYMNWPEJV (10) from 172.10.10.0:10000
[32mI[16:52:04,203] [100-CyclonMembership]CyclonMembership:[m Membership Metrics:
Membership: []
ProtocolMetrics{totalEvents=74, messagesIn=0, messagesFailed=0, messagesSent=0, timers=42, notifications=0, requests=0, replies=0, customChannelEvents=32}
[32mI[16:52:05,182] [100-CyclonMembership]CyclonMembership:[m Channel Metrics:
In channels:
Out channels:
[32mI[16:52:05,202] [300-BroadcastApp]BroadcastApp:[m Sending: 0af67d17-d6bd-458a-9a8d-7073636d31fb - XRMHCKTEYI (10)
[32mI[16:52:05,203] [300-BroadcastApp]BroadcastApp:[m Received 0af67d17-d6bd-458a-9a8d-7073636d31fb - XRMHCKTEYI (10) from 172.10.10.0:10000
[32mI[16:52:05,203] [100-CyclonMembership]CyclonMembership:[m Membership Metrics:
Membership: []
ProtocolMetrics{totalEvents=77, messagesIn=0, messagesFailed=0, messagesSent=0, timers=44, notifications=0, requests=0, replies=0, customChannelEvents=33}
[32mI[16:52:06,182] [100-CyclonMembership]CyclonMembership:[m Channel Metrics:
In channels:
Out channels:
[32mI[16:52:06,201] [300-BroadcastApp]BroadcastApp:[m Sending: 189e6aae-30da-4690-a57e-687ae28f5456 - WCNCHJEUXR (10)
[32mI[16:52:06,202] [300-BroadcastApp]BroadcastApp:[m Received 189e6aae-30da-4690-a57e-687ae28f5456 - WCNCHJEUXR (10) from 172.10.10.0:10000
[32mI[16:52:06,203] [100-CyclonMembership]CyclonMembership:[m Membership Metrics:
Membership: []
ProtocolMetrics{totalEvents=79, messagesIn=0, messagesFailed=0, messagesSent=0, timers=45, notifications=0, requests=0, replies=0, customChannelEvents=34}
[32mI[16:52:07,182] [100-CyclonMembership]CyclonMembership:[m Channel Metrics:
In channels:
Out channels:
[32mI[16:52:07,202] [300-BroadcastApp]BroadcastApp:[m Sending: 72dc04c6-4723-4c66-af2c-f4ca3f0d5e1a - AWYEXAKMYB (10)
[32mI[16:52:07,202] [300-BroadcastApp]BroadcastApp:[m Received 72dc04c6-4723-4c66-af2c-f4ca3f0d5e1a - AWYEXAKMYB (10) from 172.10.10.0:10000
[32mI[16:52:07,204] [100-CyclonMembership]CyclonMembership:[m Membership Metrics:
Membership: []
ProtocolMetrics{totalEvents=81, messagesIn=0, messagesFailed=0, messagesSent=0, timers=46, notifications=0, requests=0, replies=0, customChannelEvents=35}
[32mI[16:52:08,182] [100-CyclonMembership]CyclonMembership:[m Channel Metrics:
In channels:
Out channels:
[32mI[16:52:08,201] [300-BroadcastApp]BroadcastApp:[m Sending: 3b09e1fb-18cd-409f-91ef-b722d9137e0b - CMLFVSQQFZ (10)
[32mI[16:52:08,202] [300-BroadcastApp]BroadcastApp:[m Received 3b09e1fb-18cd-409f-91ef-b722d9137e0b - CMLFVSQQFZ (10) from 172.10.10.0:10000
[32mI[16:52:08,203] [100-CyclonMembership]CyclonMembership:[m Membership Metrics:
Membership: []
ProtocolMetrics{totalEvents=84, messagesIn=0, messagesFailed=0, messagesSent=0, timers=48, notifications=0, requests=0, replies=0, customChannelEvents=36}
[32mI[16:52:09,182] [100-CyclonMembership]CyclonMembership:[m Channel Metrics:
In channels:
Out channels:
[32mI[16:52:09,201] [300-BroadcastApp]BroadcastApp:[m Sending: 6f296d13-f797-4db8-aa0d-73cfa9f90f86 - AJZGSJAWNR (10)
[32mI[16:52:09,202] [300-BroadcastApp]BroadcastApp:[m Received 6f296d13-f797-4db8-aa0d-73cfa9f90f86 - AJZGSJAWNR (10) from 172.10.10.0:10000
[32mI[16:52:09,203] [100-CyclonMembership]CyclonMembership:[m Membership Metrics:
Membership: []
ProtocolMetrics{totalEvents=86, messagesIn=0, messagesFailed=0, messagesSent=0, timers=49, notifications=0, requests=0, replies=0, customChannelEvents=37}
[32mI[16:52:10,182] [100-CyclonMembership]CyclonMembership:[m Channel Metrics:
In channels:
Out channels:
[32mI[16:52:10,202] [300-BroadcastApp]BroadcastApp:[m Sending: db02ead8-a162-4bad-afde-97ad52b6c878 - CHEMLVUYEI (10)
[32mI[16:52:10,202] [300-BroadcastApp]BroadcastApp:[m Received db02ead8-a162-4bad-afde-97ad52b6c878 - CHEMLVUYEI (10) from 172.10.10.0:10000
[32mI[16:52:10,204] [100-CyclonMembership]CyclonMembership:[m Membership Metrics:
Membership: []
ProtocolMetrics{totalEvents=88, messagesIn=0, messagesFailed=0, messagesSent=0, timers=50, notifications=0, requests=0, replies=0, customChannelEvents=38}
[32mI[16:52:11,182] [100-CyclonMembership]CyclonMembership:[m Channel Metrics:
In channels:
Out channels:
[32mI[16:52:11,201] [300-BroadcastApp]BroadcastApp:[m Sending: b382895f-4fb3-491a-8724-4b3864eb99af - HISVWXYIDU (10)
[32mI[16:52:11,202] [300-BroadcastApp]BroadcastApp:[m Received b382895f-4fb3-491a-8724-4b3864eb99af - HISVWXYIDU (10) from 172.10.10.0:10000
[32mI[16:52:11,203] [100-CyclonMembership]CyclonMembership:[m Membership Metrics:
Membership: []
ProtocolMetrics{totalEvents=91, messagesIn=0, messagesFailed=0, messagesSent=0, timers=52, notifications=0, requests=0, replies=0, customChannelEvents=39}
[32mI[16:52:12,182] [100-CyclonMembership]CyclonMembership:[m Channel Metrics:
In channels:
Out channels:
[32mI[16:52:12,201] [300-BroadcastApp]BroadcastApp:[m Sending: 6aee1b9f-2094-4d8f-a125-26b4fbc7f2b7 - FLHVIBTEGJ (10)
[32mI[16:52:12,202] [300-BroadcastApp]BroadcastApp:[m Received 6aee1b9f-2094-4d8f-a125-26b4fbc7f2b7 - FLHVIBTEGJ (10) from 172.10.10.0:10000
[32mI[16:52:12,203] [100-CyclonMembership]CyclonMembership:[m Membership Metrics:
Membership: []
ProtocolMetrics{totalEvents=93, messagesIn=0, messagesFailed=0, messagesSent=0, timers=53, notifications=0, requests=0, replies=0, customChannelEvents=40}
[32mI[16:52:13,182] [100-CyclonMembership]CyclonMembership:[m Channel Metrics:
In channels:
Out channels:
[32mI[16:52:13,202] [300-BroadcastApp]BroadcastApp:[m Sending: bfdf2ec2-a0c5-464d-b01a-3dba41521958 - ZRIRSDROJU (10)
[32mI[16:52:13,202] [300-BroadcastApp]BroadcastApp:[m Received bfdf2ec2-a0c5-464d-b01a-3dba41521958 - ZRIRSDROJU (10) from 172.10.10.0:10000
[32mI[16:52:13,204] [100-CyclonMembership]CyclonMembership:[m Membership Metrics:
Membership: []
ProtocolMetrics{totalEvents=95, messagesIn=0, messagesFailed=0, messagesSent=0, timers=54, notifications=0, requests=0, replies=0, customChannelEvents=41}
[32mI[16:52:14,182] [100-CyclonMembership]CyclonMembership:[m Channel Metrics:
In channels:
Out channels:
[32mI[16:52:14,201] [300-BroadcastApp]BroadcastApp:[m Sending: ff30474d-a2bd-401a-810e-2e2fefbc803e - KJMPWCYVMU (10)
[32mI[16:52:14,202] [300-BroadcastApp]BroadcastApp:[m Received ff30474d-a2bd-401a-810e-2e2fefbc803e - KJMPWCYVMU (10) from 172.10.10.0:10000
[32mI[16:52:14,204] [100-CyclonMembership]CyclonMembership:[m Membership Metrics:
Membership: []
ProtocolMetrics{totalEvents=98, messagesIn=0, messagesFailed=0, messagesSent=0, timers=56, notifications=0, requests=0, replies=0, customChannelEvents=42}
[32mI[16:52:15,182] [100-CyclonMembership]CyclonMembership:[m Channel Metrics:
In channels:
Out channels:
[32mI[16:52:15,201] [300-BroadcastApp]BroadcastApp:[m Sending: 72b25854-8482-4cd3-b907-c4bc978c7126 - AAGJIWOOZW (10)
[32mI[16:52:15,202] [300-BroadcastApp]BroadcastApp:[m Received 72b25854-8482-4cd3-b907-c4bc978c7126 - AAGJIWOOZW (10) from 172.10.10.0:10000
[32mI[16:52:15,204] [100-CyclonMembership]CyclonMembership:[m Membership Metrics:
Membership: []
ProtocolMetrics{totalEvents=100, messagesIn=0, messagesFailed=0, messagesSent=0, timers=57, notifications=0, requests=0, replies=0, customChannelEvents=43}
[32mI[16:52:16,182] [100-CyclonMembership]CyclonMembership:[m Channel Metrics:
In channels:
Out channels:
[32mI[16:52:16,202] [300-BroadcastApp]BroadcastApp:[m Sending: c1fcf90d-a62f-4c9a-919d-e15c7182c000 - BXOICDAZCV (10)
[32mI[16:52:16,202] [300-BroadcastApp]BroadcastApp:[m Received c1fcf90d-a62f-4c9a-919d-e15c7182c000 - BXOICDAZCV (10) from 172.10.10.0:10000
[32mI[16:52:16,205] [100-CyclonMembership]CyclonMembership:[m Membership Metrics:
Membership: []
ProtocolMetrics{totalEvents=102, messagesIn=0, messagesFailed=0, messagesSent=0, timers=58, notifications=0, requests=0, replies=0, customChannelEvents=44}
[32mI[16:52:17,182] [100-CyclonMembership]CyclonMembership:[m Channel Metrics:
In channels:
Out channels:
[32mI[16:52:17,202] [300-BroadcastApp]BroadcastApp:[m Sending: f33ed563-e3f7-48f0-98a1-6471a68bc5e8 - IIWZZSFEAC (10)
[32mI[16:52:17,203] [300-BroadcastApp]BroadcastApp:[m Received f33ed563-e3f7-48f0-98a1-6471a68bc5e8 - IIWZZSFEAC (10) from 172.10.10.0:10000
[32mI[16:52:17,204] [100-CyclonMembership]CyclonMembership:[m Membership Metrics:
Membership: []
ProtocolMetrics{totalEvents=105, messagesIn=0, messagesFailed=0, messagesSent=0, timers=60, notifications=0, requests=0, replies=0, customChannelEvents=45}
[32mI[16:52:18,182] [100-CyclonMembership]CyclonMembership:[m Channel Metrics:
In channels:
Out channels:
[32mI[16:52:18,202] [300-BroadcastApp]BroadcastApp:[m Sending: 3cdcd332-16ff-421b-8127-908a1923bb03 - XVFLUVHPSA (10)
[32mI[16:52:18,203] [300-BroadcastApp]BroadcastApp:[m Received 3cdcd332-16ff-421b-8127-908a1923bb03 - XVFLUVHPSA (10) from 172.10.10.0:10000
[32mI[16:52:18,204] [100-CyclonMembership]CyclonMembership:[m Membership Metrics:
Membership: []
ProtocolMetrics{totalEvents=107, messagesIn=0, messagesFailed=0, messagesSent=0, timers=61, notifications=0, requests=0, replies=0, customChannelEvents=46}
[32mI[16:52:19,182] [100-CyclonMembership]CyclonMembership:[m Channel Metrics:
In channels:
Out channels:
[32mI[16:52:19,202] [300-BroadcastApp]BroadcastApp:[m Sending: f61689fe-dd55-4236-8b14-623212476645 - MIEUCFQRCR (10)
[32mI[16:52:19,203] [300-BroadcastApp]BroadcastApp:[m Received f61689fe-dd55-4236-8b14-623212476645 - MIEUCFQRCR (10) from 172.10.10.0:10000
[32mI[16:52:19,204] [100-CyclonMembership]CyclonMembership:[m Membership Metrics:
Membership: []
ProtocolMetrics{totalEvents=109, messagesIn=0, messagesFailed=0, messagesSent=0, timers=62, notifications=0, requests=0, replies=0, customChannelEvents=47}
[32mI[16:52:20,182] [100-CyclonMembership]CyclonMembership:[m Channel Metrics:
In channels:
Out channels:
[32mI[16:52:20,203] [300-BroadcastApp]BroadcastApp:[m Sending: b37115e5-fdd8-49b5-be84-4188e6886f20 - RDFDYDHKSO (10)
[32mI[16:52:20,203] [300-BroadcastApp]BroadcastApp:[m Received b37115e5-fdd8-49b5-be84-4188e6886f20 - RDFDYDHKSO (10) from 172.10.10.0:10000
[32mI[16:52:20,204] [100-CyclonMembership]CyclonMembership:[m Membership Metrics:
Membership: []
ProtocolMetrics{totalEvents=112, messagesIn=0, messagesFailed=0, messagesSent=0, timers=64, notifications=0, requests=0, replies=0, customChannelEvents=48}
[32mI[16:52:21,182] [100-CyclonMembership]CyclonMembership:[m Channel Metrics:
In channels:
Out channels:
[32mI[16:52:21,202] [300-BroadcastApp]BroadcastApp:[m Sending: 851d5347-4069-4760-84be-3bb8f46ae7bb - HZXOULEAVD (10)
[32mI[16:52:21,203] [300-BroadcastApp]BroadcastApp:[m Received 851d5347-4069-4760-84be-3bb8f46ae7bb - HZXOULEAVD (10) from 172.10.10.0:10000
[32mI[16:52:21,204] [100-CyclonMembership]CyclonMembership:[m Membership Metrics:
Membership: []
ProtocolMetrics{totalEvents=114, messagesIn=0, messagesFailed=0, messagesSent=0, timers=65, notifications=0, requests=0, replies=0, customChannelEvents=49}
[32mI[16:52:22,182] [100-CyclonMembership]CyclonMembership:[m Channel Metrics:
In channels:
Out channels:
[32mI[16:52:22,202] [300-BroadcastApp]BroadcastApp:[m Sending: 28336540-f2c7-4602-83ec-d408c9e37304 - RXRSAKDSAM (10)
[32mI[16:52:22,203] [300-BroadcastApp]BroadcastApp:[m Received 28336540-f2c7-4602-83ec-d408c9e37304 - RXRSAKDSAM (10) from 172.10.10.0:10000
[32mI[16:52:22,204] [100-CyclonMembership]CyclonMembership:[m Membership Metrics:
Membership: []
ProtocolMetrics{totalEvents=116, messagesIn=0, messagesFailed=0, messagesSent=0, timers=66, notifications=0, requests=0, replies=0, customChannelEvents=50}
[32mI[16:52:23,182] [100-CyclonMembership]CyclonMembership:[m Channel Metrics:
In channels:
Out channels:
[32mI[16:52:23,203] [300-BroadcastApp]BroadcastApp:[m Sending: a7b112c7-80f5-410e-9da8-c9ac7bddcaa2 - KTDLPVTGJF (10)
[32mI[16:52:23,203] [300-BroadcastApp]BroadcastApp:[m Received a7b112c7-80f5-410e-9da8-c9ac7bddcaa2 - KTDLPVTGJF (10) from 172.10.10.0:10000
[32mI[16:52:23,204] [100-CyclonMembership]CyclonMembership:[m Membership Metrics:
Membership: []
ProtocolMetrics{totalEvents=119, messagesIn=0, messagesFailed=0, messagesSent=0, timers=68, notifications=0, requests=0, replies=0, customChannelEvents=51}
[32mI[16:52:24,182] [100-CyclonMembership]CyclonMembership:[m Channel Metrics:
In channels:
Out channels:
[32mI[16:52:24,202] [300-BroadcastApp]BroadcastApp:[m Sending: fc12cf08-cb8d-46d4-8a33-22fd30a823e0 - XCFYQVODOL (10)
[32mI[16:52:24,202] [300-BroadcastApp]BroadcastApp:[m Received fc12cf08-cb8d-46d4-8a33-22fd30a823e0 - XCFYQVODOL (10) from 172.10.10.0:10000
[32mI[16:52:24,204] [100-CyclonMembership]CyclonMembership:[m Membership Metrics:
Membership: []
ProtocolMetrics{totalEvents=121, messagesIn=0, messagesFailed=0, messagesSent=0, timers=69, notifications=0, requests=0, replies=0, customChannelEvents=52}
[32mI[16:52:25,182] [100-CyclonMembership]CyclonMembership:[m Channel Metrics:
In channels:
Out channels:
[32mI[16:52:25,202] [300-BroadcastApp]BroadcastApp:[m Sending: a4cd80c6-b77b-4cbf-ad39-13fe15cc50f6 - YBDGTENODJ (10)
[32mI[16:52:25,203] [300-BroadcastApp]BroadcastApp:[m Received a4cd80c6-b77b-4cbf-ad39-13fe15cc50f6 - YBDGTENODJ (10) from 172.10.10.0:10000
[32mI[16:52:25,204] [100-CyclonMembership]CyclonMembership:[m Membership Metrics:
Membership: []
ProtocolMetrics{totalEvents=123, messagesIn=0, messagesFailed=0, messagesSent=0, timers=70, notifications=0, requests=0, replies=0, customChannelEvents=53}
[32mI[16:52:26,182] [100-CyclonMembership]CyclonMembership:[m Channel Metrics:
In channels:
Out channels:
[32mI[16:52:26,203] [300-BroadcastApp]BroadcastApp:[m Sending: 01647424-2246-40e1-a2a9-7979e5818760 - EIZURPPRML (10)
[32mI[16:52:26,203] [300-BroadcastApp]BroadcastApp:[m Received 01647424-2246-40e1-a2a9-7979e5818760 - EIZURPPRML (10) from 172.10.10.0:10000
[32mI[16:52:26,204] [100-CyclonMembership]CyclonMembership:[m Membership Metrics:
Membership: []
ProtocolMetrics{totalEvents=125, messagesIn=0, messagesFailed=0, messagesSent=0, timers=71, notifications=0, requests=0, replies=0, customChannelEvents=54}
[32mI[16:52:27,182] [100-CyclonMembership]CyclonMembership:[m Channel Metrics:
In channels:
Out channels:
[32mI[16:52:27,203] [300-BroadcastApp]BroadcastApp:[m Sending: 4edb4447-74a8-4dd6-a934-507139d72aca - WMWBDWCDXU (10)
[32mI[16:52:27,203] [300-BroadcastApp]BroadcastApp:[m Received 4edb4447-74a8-4dd6-a934-507139d72aca - WMWBDWCDXU (10) from 172.10.10.0:10000
[32mI[16:52:27,204] [100-CyclonMembership]CyclonMembership:[m Membership Metrics:
Membership: []
ProtocolMetrics{totalEvents=128, messagesIn=0, messagesFailed=0, messagesSent=0, timers=73, notifications=0, requests=0, replies=0, customChannelEvents=55}
[32mI[16:52:28,182] [100-CyclonMembership]CyclonMembership:[m Channel Metrics:
In channels:
Out channels:
[32mI[16:52:28,202] [300-BroadcastApp]BroadcastApp:[m Sending: 91b1e005-0e77-40e6-b713-5b193537f910 - DKTJMWENPA (10)
[32mI[16:52:28,203] [300-BroadcastApp]BroadcastApp:[m Received 91b1e005-0e77-40e6-b713-5b193537f910 - DKTJMWENPA (10) from 172.10.10.0:10000
[32mI[16:52:28,204] [100-CyclonMembership]CyclonMembership:[m Membership Metrics:
Membership: []
ProtocolMetrics{totalEvents=130, messagesIn=0, messagesFailed=0, messagesSent=0, timers=74, notifications=0, requests=0, replies=0, customChannelEvents=56}
[32mI[16:52:29,182] [100-CyclonMembership]CyclonMembership:[m Channel Metrics:
In channels:
Out channels:
[32mI[16:52:29,203] [300-BroadcastApp]BroadcastApp:[m Sending: b81b4134-59ee-4e5e-8ece-ce32a914ddfc - BIGOTPOXFW (10)
[32mI[16:52:29,203] [300-BroadcastApp]BroadcastApp:[m Received b81b4134-59ee-4e5e-8ece-ce32a914ddfc - BIGOTPOXFW (10) from 172.10.10.0:10000
[32mI[16:52:29,205] [100-CyclonMembership]CyclonMembership:[m Membership Metrics:
Membership: []
ProtocolMetrics{totalEvents=132, messagesIn=0, messagesFailed=0, messagesSent=0, timers=75, notifications=0, requests=0, replies=0, customChannelEvents=57}
[32mI[16:52:30,182] [100-CyclonMembership]CyclonMembership:[m Channel Metrics:
In channels:
Out channels:
[32mI[16:52:30,203] [300-BroadcastApp]BroadcastApp:[m Sending: 541cafd6-cff7-4892-bb90-eacf8cb4dacf - ODNUMCHLBL (10)
[32mI[16:52:30,203] [300-BroadcastApp]BroadcastApp:[m Received 541cafd6-cff7-4892-bb90-eacf8cb4dacf - ODNUMCHLBL (10) from 172.10.10.0:10000
[32mI[16:52:30,204] [100-CyclonMembership]CyclonMembership:[m Membership Metrics:
Membership: []
ProtocolMetrics{totalEvents=135, messagesIn=0, messagesFailed=0, messagesSent=0, timers=77, notifications=0, requests=0, replies=0, customChannelEvents=58}
[32mI[16:52:31,182] [100-CyclonMembership]CyclonMembership:[m Channel Metrics:
In channels:
Out channels:
[32mI[16:52:31,202] [300-BroadcastApp]BroadcastApp:[m Sending: af6eb59d-30df-4dc4-9957-03c330b72c87 - SSCDZSSLGM (10)
[32mI[16:52:31,202] [300-BroadcastApp]BroadcastApp:[m Received af6eb59d-30df-4dc4-9957-03c330b72c87 - SSCDZSSLGM (10) from 172.10.10.0:10000
[32mI[16:52:31,204] [100-CyclonMembership]CyclonMembership:[m Membership Metrics:
Membership: []
ProtocolMetrics{totalEvents=137, messagesIn=0, messagesFailed=0, messagesSent=0, timers=78, notifications=0, requests=0, replies=0, customChannelEvents=59}
[32mI[16:52:32,182] [100-CyclonMembership]CyclonMembership:[m Channel Metrics:
In channels:
Out channels:
[32mI[16:52:32,202] [300-BroadcastApp]BroadcastApp:[m Sending: e42840db-fbbb-4775-8386-6f410ed511ae - PWMYQGYWRU (10)
[32mI[16:52:32,203] [300-BroadcastApp]BroadcastApp:[m Received e42840db-fbbb-4775-8386-6f410ed511ae - PWMYQGYWRU (10) from 172.10.10.0:10000
[32mI[16:52:32,204] [100-CyclonMembership]CyclonMembership:[m Membership Metrics:
Membership: []
ProtocolMetrics{totalEvents=139, messagesIn=0, messagesFailed=0, messagesSent=0, timers=79, notifications=0, requests=0, replies=0, customChannelEvents=60}
[32mI[16:52:33,182] [100-CyclonMembership]CyclonMembership:[m Channel Metrics:
In channels:
Out channels:
[32mI[16:52:33,203] [300-BroadcastApp]BroadcastApp:[m Sending: edcfe251-159e-4713-a780-687227f059b1 - SOOMJLSJXU (10)
[32mI[16:52:33,203] [300-BroadcastApp]BroadcastApp:[m Received edcfe251-159e-4713-a780-687227f059b1 - SOOMJLSJXU (10) from 172.10.10.0:10000
[32mI[16:52:33,205] [100-CyclonMembership]CyclonMembership:[m Membership Metrics:
Membership: []
ProtocolMetrics{totalEvents=142, messagesIn=0, messagesFailed=0, messagesSent=0, timers=81, notifications=0, requests=0, replies=0, customChannelEvents=61}
[32mI[16:52:34,182] [100-CyclonMembership]CyclonMembership:[m Channel Metrics:
In channels:
Out channels:
[32mI[16:52:34,203] [300-BroadcastApp]BroadcastApp:[m Sending: fac55be4-18dc-4b5b-af92-b0e916024ba1 - NULFIBUSLY (10)
[32mI[16:52:34,203] [300-BroadcastApp]BroadcastApp:[m Received fac55be4-18dc-4b5b-af92-b0e916024ba1 - NULFIBUSLY (10) from 172.10.10.0:10000
[32mI[16:52:34,204] [100-CyclonMembership]CyclonMembership:[m Membership Metrics:
Membership: []
ProtocolMetrics{totalEvents=144, messagesIn=0, messagesFailed=0, messagesSent=0, timers=82, notifications=0, requests=0, replies=0, customChannelEvents=62}
[32mI[16:52:35,182] [100-CyclonMembership]CyclonMembership:[m Channel Metrics:
In channels:
Out channels:
[32mI[16:52:35,203] [300-BroadcastApp]BroadcastApp:[m Sending: 7d05aa1f-1cb6-4261-a7a4-550906f79510 - PUVXCKAWAG (10)
[32mI[16:52:35,204] [300-BroadcastApp]BroadcastApp:[m Received 7d05aa1f-1cb6-4261-a7a4-550906f79510 - PUVXCKAWAG (10) from 172.10.10.0:10000
[32mI[16:52:35,204] [100-CyclonMembership]CyclonMembership:[m Membership Metrics:
Membership: []
ProtocolMetrics{totalEvents=146, messagesIn=0, messagesFailed=0, messagesSent=0, timers=83, notifications=0, requests=0, replies=0, customChannelEvents=63}
[32mI[16:52:36,182] [100-CyclonMembership]CyclonMembership:[m Channel Metrics:
In channels:
Out channels:
[32mI[16:52:36,204] [300-BroadcastApp]BroadcastApp:[m Sending: 0e3727e1-040f-44f5-8758-fbfd22ce1c11 - ZHKDYMKTOY (10)
[32mI[16:52:36,204] [300-BroadcastApp]BroadcastApp:[m Received 0e3727e1-040f-44f5-8758-fbfd22ce1c11 - ZHKDYMKTOY (10) from 172.10.10.0:10000
[32mI[16:52:36,204] [100-CyclonMembership]CyclonMembership:[m Membership Metrics:
Membership: []
ProtocolMetrics{totalEvents=149, messagesIn=0, messagesFailed=0, messagesSent=0, timers=85, notifications=0, requests=0, replies=0, customChannelEvents=64}
[32mI[16:52:37,182] [100-CyclonMembership]CyclonMembership:[m Channel Metrics:
In channels:
Out channels:
[32mI[16:52:37,199] [300-BroadcastApp]BroadcastApp:[m Stopping broadcasts
[32mI[16:52:37,204] [100-CyclonMembership]CyclonMembership:[m Membership Metrics:
Membership: []
ProtocolMetrics{totalEvents=151, messagesIn=0, messagesFailed=0, messagesSent=0, timers=86, notifications=0, requests=0, replies=0, customChannelEvents=65}
[32mI[16:52:38,182] [100-CyclonMembership]CyclonMembership:[m Channel Metrics:
In channels:
Out channels:
[32mI[16:52:38,205] [100-CyclonMembership]CyclonMembership:[m Membership Metrics:
Membership: []
ProtocolMetrics{totalEvents=154, messagesIn=0, messagesFailed=0, messagesSent=0, timers=88, notifications=0, requests=0, replies=0, customChannelEvents=66}
[32mI[16:52:39,182] [100-CyclonMembership]CyclonMembership:[m Channel Metrics:
In channels:
Out channels:
[32mI[16:52:39,204] [100-CyclonMembership]CyclonMembership:[m Membership Metrics:
Membership: []
ProtocolMetrics{totalEvents=156, messagesIn=0, messagesFailed=0, messagesSent=0, timers=89, notifications=0, requests=0, replies=0, customChannelEvents=67}
[32mI[16:52:40,182] [100-CyclonMembership]CyclonMembership:[m Channel Metrics:
In channels:
Out channels:
[32mI[16:52:40,204] [100-CyclonMembership]CyclonMembership:[m Membership Metrics:
Membership: []
ProtocolMetrics{totalEvents=158, messagesIn=0, messagesFailed=0, messagesSent=0, timers=90, notifications=0, requests=0, replies=0, customChannelEvents=68}
[32mI[16:52:41,182] [100-CyclonMembership]CyclonMembership:[m Channel Metrics:
In channels:
Out channels:
[32mI[16:52:41,204] [100-CyclonMembership]CyclonMembership:[m Membership Metrics:
Membership: []
ProtocolMetrics{totalEvents=161, messagesIn=0, messagesFailed=0, messagesSent=0, timers=92, notifications=0, requests=0, replies=0, customChannelEvents=69}
[32mI[16:52:42,182] [100-CyclonMembership]CyclonMembership:[m Channel Metrics:
In channels:
Out channels:
[32mI[16:52:42,199] [300-BroadcastApp]BroadcastApp:[m Exiting...
[32mI[16:52:42,201] [Thread-1]Main:[m Goodbye
