[32mI[16:47:34,522] [main]Main:[m Hello, I am 172.10.10.0:10000
[32mI[16:47:34,793] [main]BroadcastApp:[m Waiting...
[32mI[16:47:35,789] [100-CyclonMembership]CyclonMembership:[m Channel Metrics:
In channels:
Out channels:
[32mI[16:47:35,797] [100-CyclonMembership]CyclonMembership:[m Membership Metrics:
Membership: []
ProtocolMetrics{totalEvents=2, messagesIn=0, messagesFailed=0, messagesSent=0, timers=1, notifications=0, requests=0, replies=0, customChannelEvents=1}
[32mI[16:47:36,779] [100-CyclonMembership]CyclonMembership:[m Channel Metrics:
In channels:
Out channels:
[32mI[16:47:36,795] [100-CyclonMembership]CyclonMembership:[m Membership Metrics:
Membership: []
ProtocolMetrics{totalEvents=4, messagesIn=0, messagesFailed=0, messagesSent=0, timers=2, notifications=0, requests=0, replies=0, customChannelEvents=2}
[32mI[16:47:37,779] [100-CyclonMembership]CyclonMembership:[m Channel Metrics:
In channels:
Out channels:
[32mI[16:47:37,795] [100-CyclonMembership]CyclonMembership:[m Membership Metrics:
Membership: []
ProtocolMetrics{totalEvents=7, messagesIn=0, messagesFailed=0, messagesSent=0, timers=4, notifications=0, requests=0, replies=0, customChannelEvents=3}
[32mI[16:47:38,779] [100-CyclonMembership]CyclonMembership:[m Channel Metrics:
In channels:
Out channels:
[32mI[16:47:38,795] [100-CyclonMembership]CyclonMembership:[m Membership Metrics:
Membership: []
ProtocolMetrics{totalEvents=9, messagesIn=0, messagesFailed=0, messagesSent=0, timers=5, notifications=0, requests=0, replies=0, customChannelEvents=4}
[32mI[16:47:39,779] [100-CyclonMembership]CyclonMembership:[m Channel Metrics:
In channels:
Out channels:
[32mI[16:47:39,795] [300-BroadcastApp]BroadcastApp:[m Starting
[32mI[16:47:39,796] [100-CyclonMembership]CyclonMembership:[m Membership Metrics:
Membership: []
ProtocolMetrics{totalEvents=11, messagesIn=0, messagesFailed=0, messagesSent=0, timers=6, notifications=0, requests=0, replies=0, customChannelEvents=5}
[32mI[16:47:39,802] [300-BroadcastApp]BroadcastApp:[m Sending: ce078a6e-3eb0-45d6-94cb-65056373ca2b - NPOQPNNXFG (10)
[32mI[16:47:39,803] [300-BroadcastApp]BroadcastApp:[m Received ce078a6e-3eb0-45d6-94cb-65056373ca2b - NPOQPNNXFG (10) from 172.10.10.0:10000
[32mI[16:47:40,779] [100-CyclonMembership]CyclonMembership:[m Channel Metrics:
In channels:
Out channels:
[32mI[16:47:40,795] [100-CyclonMembership]CyclonMembership:[m Membership Metrics:
Membership: []
ProtocolMetrics{totalEvents=13, messagesIn=0, messagesFailed=0, messagesSent=0, timers=7, notifications=0, requests=0, replies=0, customChannelEvents=6}
[32mI[16:47:40,797] [300-BroadcastApp]BroadcastApp:[m Sending: c0b81f83-4b85-4663-8d22-077d0332c011 - MELHKVEUQH (10)
[32mI[16:47:40,798] [300-BroadcastApp]BroadcastApp:[m Received c0b81f83-4b85-4663-8d22-077d0332c011 - MELHKVEUQH (10) from 172.10.10.0:10000
[32mI[16:47:41,779] [100-CyclonMembership]CyclonMembership:[m Channel Metrics:
In channels:
Out channels:
[32mI[16:47:41,795] [100-CyclonMembership]CyclonMembership:[m Membership Metrics:
Membership: []
ProtocolMetrics{totalEvents=16, messagesIn=0, messagesFailed=0, messagesSent=0, timers=9, notifications=0, requests=0, replies=0, customChannelEvents=7}
[32mI[16:47:41,796] [300-BroadcastApp]BroadcastApp:[m Sending: a9d5c40f-88c4-4fb0-9afb-d0cb11040d56 - AVCIVNYQXS (10)
[32mI[16:47:41,797] [300-BroadcastApp]BroadcastApp:[m Received a9d5c40f-88c4-4fb0-9afb-d0cb11040d56 - AVCIVNYQXS (10) from 172.10.10.0:10000
[32mI[16:47:42,779] [100-CyclonMembership]CyclonMembership:[m Channel Metrics:
In channels:
Out channels:
[32mI[16:47:42,795] [100-CyclonMembership]CyclonMembership:[m Membership Metrics:
Membership: []
ProtocolMetrics{totalEvents=18, messagesIn=0, messagesFailed=0, messagesSent=0, timers=10, notifications=0, requests=0, replies=0, customChannelEvents=8}
[32mI[16:47:42,796] [300-BroadcastApp]BroadcastApp:[m Sending: 10cf7cc4-852d-4486-b8d6-10cf04fb5694 - LPIAJMYFWP (10)
[32mI[16:47:42,797] [300-BroadcastApp]BroadcastApp:[m Received 10cf7cc4-852d-4486-b8d6-10cf04fb5694 - LPIAJMYFWP (10) from 172.10.10.0:10000
[32mI[16:47:43,779] [100-CyclonMembership]CyclonMembership:[m Channel Metrics:
In channels:
Out channels:
[32mI[16:47:43,795] [100-CyclonMembership]CyclonMembership:[m Membership Metrics:
Membership: []
ProtocolMetrics{totalEvents=20, messagesIn=0, messagesFailed=0, messagesSent=0, timers=11, notifications=0, requests=0, replies=0, customChannelEvents=9}
[32mI[16:47:43,797] [300-BroadcastApp]BroadcastApp:[m Sending: 448b9010-0b33-4555-b70a-12fcb2eccedd - DOUIRJWYFS (10)
[32mI[16:47:43,797] [300-BroadcastApp]BroadcastApp:[m Received 448b9010-0b33-4555-b70a-12fcb2eccedd - DOUIRJWYFS (10) from 172.10.10.0:10000
[32mI[16:47:44,779] [100-CyclonMembership]CyclonMembership:[m Channel Metrics:
In channels:
Out channels:
[32mI[16:47:44,796] [100-CyclonMembership]CyclonMembership:[m Membership Metrics:
Membership: []
ProtocolMetrics{totalEvents=23, messagesIn=0, messagesFailed=0, messagesSent=0, timers=13, notifications=0, requests=0, replies=0, customChannelEvents=10}
[32mI[16:47:44,796] [300-BroadcastApp]BroadcastApp:[m Sending: 744a38c6-3f32-40f2-a33b-2ff01da2c7dc - EUXJQQVYXL (10)
[32mI[16:47:44,796] [300-BroadcastApp]BroadcastApp:[m Received 744a38c6-3f32-40f2-a33b-2ff01da2c7dc - EUXJQQVYXL (10) from 172.10.10.0:10000
[32mI[16:47:45,779] [100-CyclonMembership]CyclonMembership:[m Channel Metrics:
In channels:
Out channels:
[32mI[16:47:45,796] [100-CyclonMembership]CyclonMembership:[m Membership Metrics:
Membership: []
ProtocolMetrics{totalEvents=25, messagesIn=0, messagesFailed=0, messagesSent=0, timers=14, notifications=0, requests=0, replies=0, customChannelEvents=11}
[32mI[16:47:45,796] [300-BroadcastApp]BroadcastApp:[m Sending: 18421497-0e90-4397-8fcd-c5c11591bc4e - IVYOBILCDA (10)
[32mI[16:47:45,797] [300-BroadcastApp]BroadcastApp:[m Received 18421497-0e90-4397-8fcd-c5c11591bc4e - IVYOBILCDA (10) from 172.10.10.0:10000
[32mI[16:47:46,779] [100-CyclonMembership]CyclonMembership:[m Channel Metrics:
In channels:
Out channels:
[32mI[16:47:46,796] [100-CyclonMembership]CyclonMembership:[m Membership Metrics:
Membership: []
ProtocolMetrics{totalEvents=28, messagesIn=0, messagesFailed=0, messagesSent=0, timers=16, notifications=0, requests=0, replies=0, customChannelEvents=12}
[32mI[16:47:46,796] [300-BroadcastApp]BroadcastApp:[m Sending: 3e49f6bf-fd2e-4561-a99e-d2c5e821441a - VQAHWEFMHS (10)
[32mI[16:47:46,797] [300-BroadcastApp]BroadcastApp:[m Received 3e49f6bf-fd2e-4561-a99e-d2c5e821441a - VQAHWEFMHS (10) from 172.10.10.0:10000
[32mI[16:47:47,779] [100-CyclonMembership]CyclonMembership:[m Channel Metrics:
In channels:
Out channels:
[32mI[16:47:47,796] [100-CyclonMembership]CyclonMembership:[m Membership Metrics:
Membership: []
ProtocolMetrics{totalEvents=30, messagesIn=0, messagesFailed=0, messagesSent=0, timers=17, notifications=0, requests=0, replies=0, customChannelEvents=13}
[32mI[16:47:47,797] [300-BroadcastApp]BroadcastApp:[m Sending: 3eba1205-14c5-46ef-ad9d-449747529d1a - ZQFLQFRHDG (10)
[32mI[16:47:47,797] [300-BroadcastApp]BroadcastApp:[m Received 3eba1205-14c5-46ef-ad9d-449747529d1a - ZQFLQFRHDG (10) from 172.10.10.0:10000
[32mI[16:47:48,779] [100-CyclonMembership]CyclonMembership:[m Channel Metrics:
In channels:
Out channels:
[32mI[16:47:48,797] [100-CyclonMembership]CyclonMembership:[m Membership Metrics:
Membership: []
ProtocolMetrics{totalEvents=32, messagesIn=0, messagesFailed=0, messagesSent=0, timers=18, notifications=0, requests=0, replies=0, customChannelEvents=14}
[32mI[16:47:48,797] [300-BroadcastApp]BroadcastApp:[m Sending: a8e3f496-d65c-4213-a44f-1c8e6dac692b - OKJJKSUDOY (10)
[32mI[16:47:48,797] [300-BroadcastApp]BroadcastApp:[m Received a8e3f496-d65c-4213-a44f-1c8e6dac692b - OKJJKSUDOY (10) from 172.10.10.0:10000
[32mI[16:47:49,779] [100-CyclonMembership]CyclonMembership:[m Channel Metrics:
In channels:
Out channels:
[32mI[16:47:49,796] [100-CyclonMembership]CyclonMembership:[m Membership Metrics:
Membership: []
ProtocolMetrics{totalEvents=35, messagesIn=0, messagesFailed=0, messagesSent=0, timers=20, notifications=0, requests=0, replies=0, customChannelEvents=15}
[32mI[16:47:49,796] [300-BroadcastApp]BroadcastApp:[m Sending: 9d93efd5-9ba0-45a2-ba60-bf816552c55d - LMUQRTBLFR (10)
[32mI[16:47:49,796] [300-BroadcastApp]BroadcastApp:[m Received 9d93efd5-9ba0-45a2-ba60-bf816552c55d - LMUQRTBLFR (10) from 172.10.10.0:10000
[32mI[16:47:50,779] [100-CyclonMembership]CyclonMembership:[m Channel Metrics:
In channels:
Out channels:
[32mI[16:47:50,796] [100-CyclonMembership]CyclonMembership:[m Membership Metrics:
Membership: []
ProtocolMetrics{totalEvents=37, messagesIn=0, messagesFailed=0, messagesSent=0, timers=21, notifications=0, requests=0, replies=0, customChannelEvents=16}
[32mI[16:47:50,796] [300-BroadcastApp]BroadcastApp:[m Sending: 001b16ef-3d63-49c5-a57b-4747bda4515d - WQQMOUKODQ (10)
[32mI[16:47:50,797] [300-BroadcastApp]BroadcastApp:[m Received 001b16ef-3d63-49c5-a57b-4747bda4515d - WQQMOUKODQ (10) from 172.10.10.0:10000
[32mI[16:47:51,779] [100-CyclonMembership]CyclonMembership:[m Channel Metrics:
In channels:
Out channels:
[32mI[16:47:51,796] [100-CyclonMembership]CyclonMembership:[m Membership Metrics:
Membership: []
ProtocolMetrics{totalEvents=39, messagesIn=0, messagesFailed=0, messagesSent=0, timers=22, notifications=0, requests=0, replies=0, customChannelEvents=17}
[32mI[16:47:51,796] [300-BroadcastApp]BroadcastApp:[m Sending: aaf279fa-7069-4100-a001-357e02fc6047 - PZVKRNPCQW (10)
[32mI[16:47:51,797] [300-BroadcastApp]BroadcastApp:[m Received aaf279fa-7069-4100-a001-357e02fc6047 - PZVKRNPCQW (10) from 172.10.10.0:10000
[32mI[16:47:52,779] [100-CyclonMembership]CyclonMembership:[m Channel Metrics:
In channels:
Out channels:
[32mI[16:47:52,796] [100-CyclonMembership]CyclonMembership:[m Membership Metrics:
Membership: []
ProtocolMetrics{totalEvents=41, messagesIn=0, messagesFailed=0, messagesSent=0, timers=23, notifications=0, requests=0, replies=0, customChannelEvents=18}
[32mI[16:47:52,796] [300-BroadcastApp]BroadcastApp:[m Sending: 3039eb53-6605-441a-b4b0-7314a7802c31 - LYFZILETLD (10)
[32mI[16:47:52,797] [300-BroadcastApp]BroadcastApp:[m Received 3039eb53-6605-441a-b4b0-7314a7802c31 - LYFZILETLD (10) from 172.10.10.0:10000
[32mI[16:47:53,779] [100-CyclonMembership]CyclonMembership:[m Channel Metrics:
In channels:
Out channels:
[32mI[16:47:53,797] [100-CyclonMembership]CyclonMembership:[m Membership Metrics:
Membership: []
ProtocolMetrics{totalEvents=44, messagesIn=0, messagesFailed=0, messagesSent=0, timers=25, notifications=0, requests=0, replies=0, customChannelEvents=19}
[32mI[16:47:53,797] [300-BroadcastApp]BroadcastApp:[m Sending: 76724044-cba3-426f-bf96-5b1951b26b06 - BTEZRLHZCR (10)
[32mI[16:47:53,797] [300-BroadcastApp]BroadcastApp:[m Received 76724044-cba3-426f-bf96-5b1951b26b06 - BTEZRLHZCR (10) from 172.10.10.0:10000
[32mI[16:47:54,779] [100-CyclonMembership]CyclonMembership:[m Channel Metrics:
In channels:
Out channels:
[32mI[16:47:54,797] [100-CyclonMembership]CyclonMembership:[m Membership Metrics:
Membership: []
ProtocolMetrics{totalEvents=46, messagesIn=0, messagesFailed=0, messagesSent=0, timers=26, notifications=0, requests=0, replies=0, customChannelEvents=20}
[32mI[16:47:54,797] [300-BroadcastApp]BroadcastApp:[m Sending: c7c3e3e5-730e-4b2b-bd17-06f8e52165ef - YZLHANMTYJ (10)
[32mI[16:47:54,797] [300-BroadcastApp]BroadcastApp:[m Received c7c3e3e5-730e-4b2b-bd17-06f8e52165ef - YZLHANMTYJ (10) from 172.10.10.0:10000
[32mI[16:47:55,779] [100-CyclonMembership]CyclonMembership:[m Channel Metrics:
In channels:
Out channels:
[32mI[16:47:55,796] [300-BroadcastApp]BroadcastApp:[m Sending: b80b912e-fe00-47cd-aede-bd564e49741e - HVCOTZGIOD (10)
[32mI[16:47:55,797] [300-BroadcastApp]BroadcastApp:[m Received b80b912e-fe00-47cd-aede-bd564e49741e - HVCOTZGIOD (10) from 172.10.10.0:10000
[32mI[16:47:55,797] [100-CyclonMembership]CyclonMembership:[m Membership Metrics:
Membership: []
ProtocolMetrics{totalEvents=49, messagesIn=0, messagesFailed=0, messagesSent=0, timers=28, notifications=0, requests=0, replies=0, customChannelEvents=21}
[32mI[16:47:56,779] [100-CyclonMembership]CyclonMembership:[m Channel Metrics:
In channels:
Out channels:
[32mI[16:47:56,797] [300-BroadcastApp]BroadcastApp:[m Sending: 51c89a99-e3a8-4295-bf24-6ea97d41ee21 - MVOSXRBROH (10)
[32mI[16:47:56,797] [300-BroadcastApp]BroadcastApp:[m Received 51c89a99-e3a8-4295-bf24-6ea97d41ee21 - MVOSXRBROH (10) from 172.10.10.0:10000
[32mI[16:47:56,797] [100-CyclonMembership]CyclonMembership:[m Membership Metrics:
Membership: []
ProtocolMetrics{totalEvents=51, messagesIn=0, messagesFailed=0, messagesSent=0, timers=29, notifications=0, requests=0, replies=0, customChannelEvents=22}
[32mI[16:47:57,779] [100-CyclonMembership]CyclonMembership:[m Channel Metrics:
In channels:
Out channels:
[32mI[16:47:57,797] [300-BroadcastApp]BroadcastApp:[m Sending: 24cd5fdd-9015-4b5f-ba46-e61c61584568 - EKROMPVPHQ (10)
[32mI[16:47:57,797] [300-BroadcastApp]BroadcastApp:[m Received 24cd5fdd-9015-4b5f-ba46-e61c61584568 - EKROMPVPHQ (10) from 172.10.10.0:10000
[32mI[16:47:57,798] [100-CyclonMembership]CyclonMembership:[m Membership Metrics:
Membership: []
ProtocolMetrics{totalEvents=53, messagesIn=0, messagesFailed=0, messagesSent=0, timers=30, notifications=0, requests=0, replies=0, customChannelEvents=23}
[32mI[16:47:58,779] [100-CyclonMembership]CyclonMembership:[m Channel Metrics:
In channels:
Out channels:
[32mI[16:47:58,797] [100-CyclonMembership]CyclonMembership:[m Membership Metrics:
Membership: []
ProtocolMetrics{totalEvents=56, messagesIn=0, messagesFailed=0, messagesSent=0, timers=32, notifications=0, requests=0, replies=0, customChannelEvents=24}
[32mI[16:47:58,797] [300-BroadcastApp]BroadcastApp:[m Sending: 3a5094b5-d43f-492b-98d5-6074d739e150 - TMXDXAWLFH (10)
[32mI[16:47:58,798] [300-BroadcastApp]BroadcastApp:[m Received 3a5094b5-d43f-492b-98d5-6074d739e150 - TMXDXAWLFH (10) from 172.10.10.0:10000
[32mI[16:47:59,779] [100-CyclonMembership]CyclonMembership:[m Channel Metrics:
In channels:
Out channels:
[32mI[16:47:59,797] [100-CyclonMembership]CyclonMembership:[m Membership Metrics:
Membership: []
ProtocolMetrics{totalEvents=58, messagesIn=0, messagesFailed=0, messagesSent=0, timers=33, notifications=0, requests=0, replies=0, customChannelEvents=25}
[32mI[16:47:59,797] [300-BroadcastApp]BroadcastApp:[m Sending: 3cad3edd-cdcd-4509-9c3c-cca35d5feaaa - XWHZNFPQUD (10)
[32mI[16:47:59,797] [300-BroadcastApp]BroadcastApp:[m Received 3cad3edd-cdcd-4509-9c3c-cca35d5feaaa - XWHZNFPQUD (10) from 172.10.10.0:10000
[32mI[16:48:00,779] [100-CyclonMembership]CyclonMembership:[m Channel Metrics:
In channels:
Out channels:
[32mI[16:48:00,797] [100-CyclonMembership]CyclonMembership:[m Membership Metrics:
Membership: []
ProtocolMetrics{totalEvents=60, messagesIn=0, messagesFailed=0, messagesSent=0, timers=34, notifications=0, requests=0, replies=0, customChannelEvents=26}
[32mI[16:48:00,797] [300-BroadcastApp]BroadcastApp:[m Sending: 4c35a029-66bb-4fe8-97b0-fe8cee5b7104 - FXPBTTETQZ (10)
[32mI[16:48:00,798] [300-BroadcastApp]BroadcastApp:[m Received 4c35a029-66bb-4fe8-97b0-fe8cee5b7104 - FXPBTTETQZ (10) from 172.10.10.0:10000
[32mI[16:48:01,779] [100-CyclonMembership]CyclonMembership:[m Channel Metrics:
In channels:
Out channels:
[32mI[16:48:01,797] [100-CyclonMembership]CyclonMembership:[m Membership Metrics:
Membership: []
ProtocolMetrics{totalEvents=62, messagesIn=0, messagesFailed=0, messagesSent=0, timers=35, notifications=0, requests=0, replies=0, customChannelEvents=27}
[32mI[16:48:01,797] [300-BroadcastApp]BroadcastApp:[m Sending: ee14936c-e2af-430f-9b99-c8abc8c3045b - TZDWRVVOJV (10)
[32mI[16:48:01,798] [300-BroadcastApp]BroadcastApp:[m Received ee14936c-e2af-430f-9b99-c8abc8c3045b - TZDWRVVOJV (10) from 172.10.10.0:10000
[32mI[16:48:02,779] [100-CyclonMembership]CyclonMembership:[m Channel Metrics:
In channels:
Out channels:
[32mI[16:48:02,797] [100-CyclonMembership]CyclonMembership:[m Membership Metrics:
Membership: []
ProtocolMetrics{totalEvents=65, messagesIn=0, messagesFailed=0, messagesSent=0, timers=37, notifications=0, requests=0, replies=0, customChannelEvents=28}
[32mI[16:48:02,798] [300-BroadcastApp]BroadcastApp:[m Sending: 078b580e-fc8d-4ceb-a4a2-64efd3f1d955 - PIDNQLSMAG (10)
[32mI[16:48:02,798] [300-BroadcastApp]BroadcastApp:[m Received 078b580e-fc8d-4ceb-a4a2-64efd3f1d955 - PIDNQLSMAG (10) from 172.10.10.0:10000
[32mI[16:48:03,779] [100-CyclonMembership]CyclonMembership:[m Channel Metrics:
In channels:
Out channels:
[32mI[16:48:03,798] [100-CyclonMembership]CyclonMembership:[m Membership Metrics:
Membership: []
ProtocolMetrics{totalEvents=67, messagesIn=0, messagesFailed=0, messagesSent=0, timers=38, notifications=0, requests=0, replies=0, customChannelEvents=29}
[32mI[16:48:03,798] [300-BroadcastApp]BroadcastApp:[m Sending: 5664f831-9282-4654-b65e-ea13224dca6f - WZNXATESXI (10)
[32mI[16:48:03,798] [300-BroadcastApp]BroadcastApp:[m Received 5664f831-9282-4654-b65e-ea13224dca6f - WZNXATESXI (10) from 172.10.10.0:10000
[32mI[16:48:04,779] [100-CyclonMembership]CyclonMembership:[m Channel Metrics:
In channels:
Out channels:
[32mI[16:48:04,798] [100-CyclonMembership]CyclonMembership:[m Membership Metrics:
Membership: []
ProtocolMetrics{totalEvents=69, messagesIn=0, messagesFailed=0, messagesSent=0, timers=39, notifications=0, requests=0, replies=0, customChannelEvents=30}
[32mI[16:48:04,798] [300-BroadcastApp]BroadcastApp:[m Sending: 03cfedae-d21e-45dd-baff-59feb1941708 - EGUWAWJLIJ (10)
[32mI[16:48:04,798] [300-BroadcastApp]BroadcastApp:[m Received 03cfedae-d21e-45dd-baff-59feb1941708 - EGUWAWJLIJ (10) from 172.10.10.0:10000
[32mI[16:48:05,779] [100-CyclonMembership]CyclonMembership:[m Channel Metrics:
In channels:
Out channels:
[32mI[16:48:05,798] [100-CyclonMembership]CyclonMembership:[m Membership Metrics:
Membership: []
ProtocolMetrics{totalEvents=72, messagesIn=0, messagesFailed=0, messagesSent=0, timers=41, notifications=0, requests=0, replies=0, customChannelEvents=31}
[32mI[16:48:05,798] [300-BroadcastApp]BroadcastApp:[m Sending: a7af3830-8d2b-4fa5-82be-3acb9c89ba26 - PPILERBMME (10)
[32mI[16:48:05,799] [300-BroadcastApp]BroadcastApp:[m Received a7af3830-8d2b-4fa5-82be-3acb9c89ba26 - PPILERBMME (10) from 172.10.10.0:10000
[32mI[16:48:06,779] [100-CyclonMembership]CyclonMembership:[m Channel Metrics:
In channels:
Out channels:
[32mI[16:48:06,798] [100-CyclonMembership]CyclonMembership:[m Membership Metrics:
Membership: []
ProtocolMetrics{totalEvents=74, messagesIn=0, messagesFailed=0, messagesSent=0, timers=42, notifications=0, requests=0, replies=0, customChannelEvents=32}
[32mI[16:48:06,798] [300-BroadcastApp]BroadcastApp:[m Sending: a3b18ed2-1f03-4483-ad82-6697db927f77 - QEDPXQTDLL (10)
[32mI[16:48:06,799] [300-BroadcastApp]BroadcastApp:[m Received a3b18ed2-1f03-4483-ad82-6697db927f77 - QEDPXQTDLL (10) from 172.10.10.0:10000
[32mI[16:48:07,779] [100-CyclonMembership]CyclonMembership:[m Channel Metrics:
In channels:
Out channels:
[32mI[16:48:07,798] [100-CyclonMembership]CyclonMembership:[m Membership Metrics:
Membership: []
ProtocolMetrics{totalEvents=76, messagesIn=0, messagesFailed=0, messagesSent=0, timers=43, notifications=0, requests=0, replies=0, customChannelEvents=33}
[32mI[16:48:07,798] [300-BroadcastApp]BroadcastApp:[m Sending: 2954cf06-2aae-4b7a-a562-c3afbbac8af7 - XNCCMLNYGM (10)
[32mI[16:48:07,799] [300-BroadcastApp]BroadcastApp:[m Received 2954cf06-2aae-4b7a-a562-c3afbbac8af7 - XNCCMLNYGM (10) from 172.10.10.0:10000
[32mI[16:48:08,779] [100-CyclonMembership]CyclonMembership:[m Channel Metrics:
In channels:
Out channels:
[32mI[16:48:08,798] [100-CyclonMembership]CyclonMembership:[m Membership Metrics:
Membership: []
ProtocolMetrics{totalEvents=79, messagesIn=0, messagesFailed=0, messagesSent=0, timers=45, notifications=0, requests=0, replies=0, customChannelEvents=34}
[32mI[16:48:08,799] [300-BroadcastApp]BroadcastApp:[m Sending: cf72cc2f-6fbd-4cf9-99bd-fbe19610461f - QZMENVDRNT (10)
[32mI[16:48:08,799] [300-BroadcastApp]BroadcastApp:[m Received cf72cc2f-6fbd-4cf9-99bd-fbe19610461f - QZMENVDRNT (10) from 172.10.10.0:10000
[32mI[16:48:09,779] [100-CyclonMembership]CyclonMembership:[m Channel Metrics:
In channels:
Out channels:
[32mI[16:48:09,799] [100-CyclonMembership]CyclonMembership:[m Membership Metrics:
Membership: []
ProtocolMetrics{totalEvents=81, messagesIn=0, messagesFailed=0, messagesSent=0, timers=46, notifications=0, requests=0, replies=0, customChannelEvents=35}
[32mI[16:48:09,799] [300-BroadcastApp]BroadcastApp:[m Sending: d9b9f494-07eb-4659-baad-2210e9c44d01 - DPWKCGCUTW (10)
[32mI[16:48:09,799] [300-BroadcastApp]BroadcastApp:[m Received d9b9f494-07eb-4659-baad-2210e9c44d01 - DPWKCGCUTW (10) from 172.10.10.0:10000
[32mI[16:48:10,779] [100-CyclonMembership]CyclonMembership:[m Channel Metrics:
In channels:
Out channels:
[32mI[16:48:10,798] [100-CyclonMembership]CyclonMembership:[m Membership Metrics:
Membership: []
ProtocolMetrics{totalEvents=83, messagesIn=0, messagesFailed=0, messagesSent=0, timers=47, notifications=0, requests=0, replies=0, customChannelEvents=36}
[32mI[16:48:10,799] [300-BroadcastApp]BroadcastApp:[m Sending: 9c55da9a-f9cd-490b-8d39-df60a1a3a918 - SSPOSUQYTT (10)
[32mI[16:48:10,800] [300-BroadcastApp]BroadcastApp:[m Received 9c55da9a-f9cd-490b-8d39-df60a1a3a918 - SSPOSUQYTT (10) from 172.10.10.0:10000
[32mI[16:48:11,779] [100-CyclonMembership]CyclonMembership:[m Channel Metrics:
In channels:
Out channels:
[32mI[16:48:11,798] [100-CyclonMembership]CyclonMembership:[m Membership Metrics:
Membership: []
ProtocolMetrics{totalEvents=86, messagesIn=0, messagesFailed=0, messagesSent=0, timers=49, notifications=0, requests=0, replies=0, customChannelEvents=37}
[32mI[16:48:11,800] [300-BroadcastApp]BroadcastApp:[m Sending: 3b68154e-d570-44a4-94a1-6c9664b4bb4b - XNBAEAOSIC (10)
[32mI[16:48:11,800] [300-BroadcastApp]BroadcastApp:[m Received 3b68154e-d570-44a4-94a1-6c9664b4bb4b - XNBAEAOSIC (10) from 172.10.10.0:10000
[32mI[16:48:12,779] [100-CyclonMembership]CyclonMembership:[m Channel Metrics:
In channels:
Out channels:
[32mI[16:48:12,798] [100-CyclonMembership]CyclonMembership:[m Membership Metrics:
Membership: []
ProtocolMetrics{totalEvents=88, messagesIn=0, messagesFailed=0, messagesSent=0, timers=50, notifications=0, requests=0, replies=0, customChannelEvents=38}
[32mI[16:48:12,800] [300-BroadcastApp]BroadcastApp:[m Sending: 18303c83-aeae-4bb2-ba4b-3a12caaffabd - KTLYRSOQAJ (10)
[32mI[16:48:12,800] [300-BroadcastApp]BroadcastApp:[m Received 18303c83-aeae-4bb2-ba4b-3a12caaffabd - KTLYRSOQAJ (10) from 172.10.10.0:10000
[32mI[16:48:13,779] [100-CyclonMembership]CyclonMembership:[m Channel Metrics:
In channels:
Out channels:
[32mI[16:48:13,798] [100-CyclonMembership]CyclonMembership:[m Membership Metrics:
Membership: []
ProtocolMetrics{totalEvents=90, messagesIn=0, messagesFailed=0, messagesSent=0, timers=51, notifications=0, requests=0, replies=0, customChannelEvents=39}
[32mI[16:48:13,799] [300-BroadcastApp]BroadcastApp:[m Sending: 6e0f4887-5f3f-4690-b808-6475297b5c67 - RILCXVSXHK (10)
[32mI[16:48:13,800] [300-BroadcastApp]BroadcastApp:[m Received 6e0f4887-5f3f-4690-b808-6475297b5c67 - RILCXVSXHK (10) from 172.10.10.0:10000
[32mI[16:48:14,779] [100-CyclonMembership]CyclonMembership:[m Channel Metrics:
In channels:
Out channels:
[32mI[16:48:14,798] [100-CyclonMembership]CyclonMembership:[m Membership Metrics:
Membership: []
ProtocolMetrics{totalEvents=93, messagesIn=0, messagesFailed=0, messagesSent=0, timers=53, notifications=0, requests=0, replies=0, customChannelEvents=40}
[32mI[16:48:14,800] [300-BroadcastApp]BroadcastApp:[m Sending: 716a49e3-9b29-4354-8bb9-2e314cf8b0fb - YIHUSSANYF (10)
[32mI[16:48:14,800] [300-BroadcastApp]BroadcastApp:[m Received 716a49e3-9b29-4354-8bb9-2e314cf8b0fb - YIHUSSANYF (10) from 172.10.10.0:10000
[32mI[16:48:15,779] [100-CyclonMembership]CyclonMembership:[m Channel Metrics:
In channels:
Out channels:
[32mI[16:48:15,799] [100-CyclonMembership]CyclonMembership:[m Membership Metrics:
Membership: []
ProtocolMetrics{totalEvents=95, messagesIn=0, messagesFailed=0, messagesSent=0, timers=54, notifications=0, requests=0, replies=0, customChannelEvents=41}
[32mI[16:48:15,800] [300-BroadcastApp]BroadcastApp:[m Sending: e61898ce-c2ba-4742-a435-0821c492ba0a - DAQVAMDVTV (10)
[32mI[16:48:15,801] [300-BroadcastApp]BroadcastApp:[m Received e61898ce-c2ba-4742-a435-0821c492ba0a - DAQVAMDVTV (10) from 172.10.10.0:10000
[32mI[16:48:16,779] [100-CyclonMembership]CyclonMembership:[m Channel Metrics:
In channels:
Out channels:
[32mI[16:48:16,798] [100-CyclonMembership]CyclonMembership:[m Membership Metrics:
Membership: []
ProtocolMetrics{totalEvents=97, messagesIn=0, messagesFailed=0, messagesSent=0, timers=55, notifications=0, requests=0, replies=0, customChannelEvents=42}
[32mI[16:48:16,800] [300-BroadcastApp]BroadcastApp:[m Sending: d56189f1-5874-4e4b-a346-d1357287e7f8 - YUASHPQYSY (10)
[32mI[16:48:16,801] [300-BroadcastApp]BroadcastApp:[m Received d56189f1-5874-4e4b-a346-d1357287e7f8 - YUASHPQYSY (10) from 172.10.10.0:10000
[32mI[16:48:17,779] [100-CyclonMembership]CyclonMembership:[m Channel Metrics:
In channels:
Out channels:
[32mI[16:48:17,798] [100-CyclonMembership]CyclonMembership:[m Membership Metrics:
Membership: []
ProtocolMetrics{totalEvents=100, messagesIn=0, messagesFailed=0, messagesSent=0, timers=57, notifications=0, requests=0, replies=0, customChannelEvents=43}
[32mI[16:48:17,800] [300-BroadcastApp]BroadcastApp:[m Sending: 134707bf-cafd-4b9c-908e-a3849741b4bd - FCYDJPPVNW (10)
[32mI[16:48:17,801] [300-BroadcastApp]BroadcastApp:[m Received 134707bf-cafd-4b9c-908e-a3849741b4bd - FCYDJPPVNW (10) from 172.10.10.0:10000
[32mI[16:48:18,779] [100-CyclonMembership]CyclonMembership:[m Channel Metrics:
In channels:
Out channels:
[32mI[16:48:18,798] [100-CyclonMembership]CyclonMembership:[m Membership Metrics:
Membership: []
ProtocolMetrics{totalEvents=102, messagesIn=0, messagesFailed=0, messagesSent=0, timers=58, notifications=0, requests=0, replies=0, customChannelEvents=44}
[32mI[16:48:18,801] [300-BroadcastApp]BroadcastApp:[m Sending: b79854c6-c46c-441c-9ad7-fcf0825aeae7 - ENNUGWRUUU (10)
[32mI[16:48:18,801] [300-BroadcastApp]BroadcastApp:[m Received b79854c6-c46c-441c-9ad7-fcf0825aeae7 - ENNUGWRUUU (10) from 172.10.10.0:10000
[32mI[16:48:19,779] [100-CyclonMembership]CyclonMembership:[m Channel Metrics:
In channels:
Out channels:
[32mI[16:48:19,799] [100-CyclonMembership]CyclonMembership:[m Membership Metrics:
Membership: []
ProtocolMetrics{totalEvents=104, messagesIn=0, messagesFailed=0, messagesSent=0, timers=59, notifications=0, requests=0, replies=0, customChannelEvents=45}
[32mI[16:48:19,801] [300-BroadcastApp]BroadcastApp:[m Sending: c16c606f-7e09-4615-bb6b-5d46afbad7fc - PLGFDWYBKO (10)
[32mI[16:48:19,801] [300-BroadcastApp]BroadcastApp:[m Received c16c606f-7e09-4615-bb6b-5d46afbad7fc - PLGFDWYBKO (10) from 172.10.10.0:10000
[32mI[16:48:20,779] [100-CyclonMembership]CyclonMembership:[m Channel Metrics:
In channels:
Out channels:
[32mI[16:48:20,798] [100-CyclonMembership]CyclonMembership:[m Membership Metrics:
Membership: []
ProtocolMetrics{totalEvents=107, messagesIn=0, messagesFailed=0, messagesSent=0, timers=61, notifications=0, requests=0, replies=0, customChannelEvents=46}
[32mI[16:48:20,800] [300-BroadcastApp]BroadcastApp:[m Sending: 91d3b335-20bd-4489-b1aa-59c497317b3d - BHQNEKPMZJ (10)
[32mI[16:48:20,801] [300-BroadcastApp]BroadcastApp:[m Received 91d3b335-20bd-4489-b1aa-59c497317b3d - BHQNEKPMZJ (10) from 172.10.10.0:10000
[32mI[16:48:21,779] [100-CyclonMembership]CyclonMembership:[m Channel Metrics:
In channels:
Out channels:
[32mI[16:48:21,798] [100-CyclonMembership]CyclonMembership:[m Membership Metrics:
Membership: []
ProtocolMetrics{totalEvents=109, messagesIn=0, messagesFailed=0, messagesSent=0, timers=62, notifications=0, requests=0, replies=0, customChannelEvents=47}
[32mI[16:48:21,800] [300-BroadcastApp]BroadcastApp:[m Sending: 1ae8e3b3-30ee-4297-be8a-7b2882a766a5 - BVKKJZDMQD (10)
[32mI[16:48:21,801] [300-BroadcastApp]BroadcastApp:[m Received 1ae8e3b3-30ee-4297-be8a-7b2882a766a5 - BVKKJZDMQD (10) from 172.10.10.0:10000
[32mI[16:48:22,779] [100-CyclonMembership]CyclonMembership:[m Channel Metrics:
In channels:
Out channels:
[32mI[16:48:22,798] [100-CyclonMembership]CyclonMembership:[m Membership Metrics:
Membership: []
ProtocolMetrics{totalEvents=111, messagesIn=0, messagesFailed=0, messagesSent=0, timers=63, notifications=0, requests=0, replies=0, customChannelEvents=48}
[32mI[16:48:22,801] [300-BroadcastApp]BroadcastApp:[m Sending: 2db9b94f-4987-48fd-a762-b6b208f0b245 - KZOIHGMLKL (10)
[32mI[16:48:22,801] [300-BroadcastApp]BroadcastApp:[m Received 2db9b94f-4987-48fd-a762-b6b208f0b245 - KZOIHGMLKL (10) from 172.10.10.0:10000
[32mI[16:48:23,779] [100-CyclonMembership]CyclonMembership:[m Channel Metrics:
In channels:
Out channels:
[32mI[16:48:23,799] [100-CyclonMembership]CyclonMembership:[m Membership Metrics:
Membership: []
ProtocolMetrics{totalEvents=114, messagesIn=0, messagesFailed=0, messagesSent=0, timers=65, notifications=0, requests=0, replies=0, customChannelEvents=49}
[32mI[16:48:23,801] [300-BroadcastApp]BroadcastApp:[m Sending: 4caf1f72-c765-4dc9-908b-e55fe19c68e7 - JXSZIGRSKQ (10)
[32mI[16:48:23,801] [300-BroadcastApp]BroadcastApp:[m Received 4caf1f72-c765-4dc9-908b-e55fe19c68e7 - JXSZIGRSKQ (10) from 172.10.10.0:10000
[32mI[16:48:24,779] [100-CyclonMembership]CyclonMembership:[m Channel Metrics:
In channels:
Out channels:
[32mI[16:48:24,798] [100-CyclonMembership]CyclonMembership:[m Membership Metrics:
Membership: []
ProtocolMetrics{totalEvents=116, messagesIn=0, messagesFailed=0, messagesSent=0, timers=66, notifications=0, requests=0, replies=0, customChannelEvents=50}
[32mI[16:48:24,801] [300-BroadcastApp]BroadcastApp:[m Sending: 11346e46-cdba-427b-a185-98990460a068 - HPCLSTOQFQ (10)
[32mI[16:48:24,801] [300-BroadcastApp]BroadcastApp:[m Received 11346e46-cdba-427b-a185-98990460a068 - HPCLSTOQFQ (10) from 172.10.10.0:10000
[32mI[16:48:25,779] [100-CyclonMembership]CyclonMembership:[m Channel Metrics:
In channels:
Out channels:
[32mI[16:48:25,798] [100-CyclonMembership]CyclonMembership:[m Membership Metrics:
Membership: []
ProtocolMetrics{totalEvents=118, messagesIn=0, messagesFailed=0, messagesSent=0, timers=67, notifications=0, requests=0, replies=0, customChannelEvents=51}
[32mI[16:48:25,801] [300-BroadcastApp]BroadcastApp:[m Sending: 9bdbc196-0b82-41fe-8053-e66bf9293689 - LBOBCOGDYQ (10)
[32mI[16:48:25,802] [300-BroadcastApp]BroadcastApp:[m Received 9bdbc196-0b82-41fe-8053-e66bf9293689 - LBOBCOGDYQ (10) from 172.10.10.0:10000
[32mI[16:48:26,779] [100-CyclonMembership]CyclonMembership:[m Channel Metrics:
In channels:
Out channels:
[32mI[16:48:26,798] [100-CyclonMembership]CyclonMembership:[m Membership Metrics:
Membership: []
ProtocolMetrics{totalEvents=121, messagesIn=0, messagesFailed=0, messagesSent=0, timers=69, notifications=0, requests=0, replies=0, customChannelEvents=52}
[32mI[16:48:26,802] [300-BroadcastApp]BroadcastApp:[m Sending: d4c615c7-2fa0-4f68-bdcd-06edecf08903 - BAONNRPZWJ (10)
[32mI[16:48:26,802] [300-BroadcastApp]BroadcastApp:[m Received d4c615c7-2fa0-4f68-bdcd-06edecf08903 - BAONNRPZWJ (10) from 172.10.10.0:10000
[32mI[16:48:27,779] [100-CyclonMembership]CyclonMembership:[m Channel Metrics:
In channels:
Out channels:
[32mI[16:48:27,799] [100-CyclonMembership]CyclonMembership:[m Membership Metrics:
Membership: []
ProtocolMetrics{totalEvents=123, messagesIn=0, messagesFailed=0, messagesSent=0, timers=70, notifications=0, requests=0, replies=0, customChannelEvents=53}
[32mI[16:48:27,802] [300-BroadcastApp]BroadcastApp:[m Sending: 08326fc8-1169-4583-8a32-6acee315e9f8 - DNDCMFAPZU (10)
[32mI[16:48:27,802] [300-BroadcastApp]BroadcastApp:[m Received 08326fc8-1169-4583-8a32-6acee315e9f8 - DNDCMFAPZU (10) from 172.10.10.0:10000
[32mI[16:48:28,779] [100-CyclonMembership]CyclonMembership:[m Channel Metrics:
In channels:
Out channels:
[32mI[16:48:28,798] [100-CyclonMembership]CyclonMembership:[m Membership Metrics:
Membership: []
ProtocolMetrics{totalEvents=125, messagesIn=0, messagesFailed=0, messagesSent=0, timers=71, notifications=0, requests=0, replies=0, customChannelEvents=54}
[32mI[16:48:28,802] [300-BroadcastApp]BroadcastApp:[m Sending: e8448b5d-8dd5-4328-85f1-008a245bb413 - NRSLOLFBJQ (10)
[32mI[16:48:28,803] [300-BroadcastApp]BroadcastApp:[m Received e8448b5d-8dd5-4328-85f1-008a245bb413 - NRSLOLFBJQ (10) from 172.10.10.0:10000
[32mI[16:48:29,779] [100-CyclonMembership]CyclonMembership:[m Channel Metrics:
In channels:
Out channels:
[32mI[16:48:29,798] [100-CyclonMembership]CyclonMembership:[m Membership Metrics:
Membership: []
ProtocolMetrics{totalEvents=128, messagesIn=0, messagesFailed=0, messagesSent=0, timers=73, notifications=0, requests=0, replies=0, customChannelEvents=55}
[32mI[16:48:29,802] [300-BroadcastApp]BroadcastApp:[m Sending: 5653e0d9-0919-4910-bec0-5a6546ca17fa - MXLQHKRNRY (10)
[32mI[16:48:29,803] [300-BroadcastApp]BroadcastApp:[m Received 5653e0d9-0919-4910-bec0-5a6546ca17fa - MXLQHKRNRY (10) from 172.10.10.0:10000
[32mI[16:48:30,779] [100-CyclonMembership]CyclonMembership:[m Channel Metrics:
In channels:
Out channels:
[32mI[16:48:30,798] [100-CyclonMembership]CyclonMembership:[m Membership Metrics:
Membership: []
ProtocolMetrics{totalEvents=130, messagesIn=0, messagesFailed=0, messagesSent=0, timers=74, notifications=0, requests=0, replies=0, customChannelEvents=56}
[32mI[16:48:30,803] [300-BroadcastApp]BroadcastApp:[m Sending: e11ebdaf-667b-49fc-8597-5358d3cde7a3 - UKAPDMVTQQ (10)
[32mI[16:48:30,803] [300-BroadcastApp]BroadcastApp:[m Received e11ebdaf-667b-49fc-8597-5358d3cde7a3 - UKAPDMVTQQ (10) from 172.10.10.0:10000
[32mI[16:48:31,779] [100-CyclonMembership]CyclonMembership:[m Channel Metrics:
In channels:
Out channels:
[32mI[16:48:31,799] [100-CyclonMembership]CyclonMembership:[m Membership Metrics:
Membership: []
ProtocolMetrics{totalEvents=132, messagesIn=0, messagesFailed=0, messagesSent=0, timers=75, notifications=0, requests=0, replies=0, customChannelEvents=57}
[32mI[16:48:31,802] [300-BroadcastApp]BroadcastApp:[m Sending: 502d7253-38af-4d8d-b30f-430da514d779 - TZQXZVCLGB (10)
[32mI[16:48:31,802] [300-BroadcastApp]BroadcastApp:[m Received 502d7253-38af-4d8d-b30f-430da514d779 - TZQXZVCLGB (10) from 172.10.10.0:10000
[32mI[16:48:32,779] [100-CyclonMembership]CyclonMembership:[m Channel Metrics:
In channels:
Out channels:
[32mI[16:48:32,799] [100-CyclonMembership]CyclonMembership:[m Membership Metrics:
Membership: []
ProtocolMetrics{totalEvents=135, messagesIn=0, messagesFailed=0, messagesSent=0, timers=77, notifications=0, requests=0, replies=0, customChannelEvents=58}
[32mI[16:48:32,802] [300-BroadcastApp]BroadcastApp:[m Sending: 90d3c720-6dad-4dd2-8824-00501224b703 - BCLAQIEWLM (10)
[32mI[16:48:32,803] [300-BroadcastApp]BroadcastApp:[m Received 90d3c720-6dad-4dd2-8824-00501224b703 - BCLAQIEWLM (10) from 172.10.10.0:10000
[32mI[16:48:33,779] [100-CyclonMembership]CyclonMembership:[m Channel Metrics:
In channels:
Out channels:
[32mI[16:48:33,799] [100-CyclonMembership]CyclonMembership:[m Membership Metrics:
Membership: []
ProtocolMetrics{totalEvents=137, messagesIn=0, messagesFailed=0, messagesSent=0, timers=78, notifications=0, requests=0, replies=0, customChannelEvents=59}
[32mI[16:48:33,803] [300-BroadcastApp]BroadcastApp:[m Sending: f131e844-84d9-4ff8-be7e-a1694196a688 - NCROFOWRZQ (10)
[32mI[16:48:33,803] [300-BroadcastApp]BroadcastApp:[m Received f131e844-84d9-4ff8-be7e-a1694196a688 - NCROFOWRZQ (10) from 172.10.10.0:10000
[32mI[16:48:34,779] [100-CyclonMembership]CyclonMembership:[m Channel Metrics:
In channels:
Out channels:
[32mI[16:48:34,800] [100-CyclonMembership]CyclonMembership:[m Membership Metrics:
Membership: []
ProtocolMetrics{totalEvents=139, messagesIn=0, messagesFailed=0, messagesSent=0, timers=79, notifications=0, requests=0, replies=0, customChannelEvents=60}
[32mI[16:48:34,803] [300-BroadcastApp]BroadcastApp:[m Sending: 3d87cabe-29ec-4dd6-940e-3872a6ca5c96 - TZXQRIWCOE (10)
[32mI[16:48:34,803] [300-BroadcastApp]BroadcastApp:[m Received 3d87cabe-29ec-4dd6-940e-3872a6ca5c96 - TZXQRIWCOE (10) from 172.10.10.0:10000
[32mI[16:48:35,779] [100-CyclonMembership]CyclonMembership:[m Channel Metrics:
In channels:
Out channels:
[32mI[16:48:35,799] [100-CyclonMembership]CyclonMembership:[m Membership Metrics:
Membership: []
ProtocolMetrics{totalEvents=142, messagesIn=0, messagesFailed=0, messagesSent=0, timers=81, notifications=0, requests=0, replies=0, customChannelEvents=61}
[32mI[16:48:35,803] [300-BroadcastApp]BroadcastApp:[m Sending: 313953e4-148e-470e-a16d-94c0a9b9f6d2 - UINCRJGHGA (10)
[32mI[16:48:35,804] [300-BroadcastApp]BroadcastApp:[m Received 313953e4-148e-470e-a16d-94c0a9b9f6d2 - UINCRJGHGA (10) from 172.10.10.0:10000
[32mI[16:48:36,779] [100-CyclonMembership]CyclonMembership:[m Channel Metrics:
In channels:
Out channels:
[32mI[16:48:36,799] [100-CyclonMembership]CyclonMembership:[m Membership Metrics:
Membership: []
ProtocolMetrics{totalEvents=144, messagesIn=0, messagesFailed=0, messagesSent=0, timers=82, notifications=0, requests=0, replies=0, customChannelEvents=62}
[32mI[16:48:36,803] [300-BroadcastApp]BroadcastApp:[m Sending: eddb32a3-1986-4a8d-8d87-975d935c7827 - OJSUKBXFVR (10)
[32mI[16:48:36,804] [300-BroadcastApp]BroadcastApp:[m Received eddb32a3-1986-4a8d-8d87-975d935c7827 - OJSUKBXFVR (10) from 172.10.10.0:10000
[32mI[16:48:37,779] [100-CyclonMembership]CyclonMembership:[m Channel Metrics:
In channels:
Out channels:
[32mI[16:48:37,799] [100-CyclonMembership]CyclonMembership:[m Membership Metrics:
Membership: []
ProtocolMetrics{totalEvents=146, messagesIn=0, messagesFailed=0, messagesSent=0, timers=83, notifications=0, requests=0, replies=0, customChannelEvents=63}
[32mI[16:48:37,804] [300-BroadcastApp]BroadcastApp:[m Sending: c55bf008-51b3-4436-9548-9e3e11e462dd - LSXFGRRZKX (10)
[32mI[16:48:37,804] [300-BroadcastApp]BroadcastApp:[m Received c55bf008-51b3-4436-9548-9e3e11e462dd - LSXFGRRZKX (10) from 172.10.10.0:10000
[32mI[16:48:38,779] [100-CyclonMembership]CyclonMembership:[m Channel Metrics:
In channels:
Out channels:
[32mI[16:48:38,800] [100-CyclonMembership]CyclonMembership:[m Membership Metrics:
Membership: []
ProtocolMetrics{totalEvents=149, messagesIn=0, messagesFailed=0, messagesSent=0, timers=85, notifications=0, requests=0, replies=0, customChannelEvents=64}
[32mI[16:48:38,804] [300-BroadcastApp]BroadcastApp:[m Sending: 097bf227-51a0-4f1d-a8f8-1d64ffa844df - KCJYKHOOWD (10)
[32mI[16:48:38,804] [300-BroadcastApp]BroadcastApp:[m Received 097bf227-51a0-4f1d-a8f8-1d64ffa844df - KCJYKHOOWD (10) from 172.10.10.0:10000
[32mI[16:48:39,779] [100-CyclonMembership]CyclonMembership:[m Channel Metrics:
In channels:
Out channels:
[32mI[16:48:39,796] [300-BroadcastApp]BroadcastApp:[m Stopping broadcasts
[32mI[16:48:39,799] [100-CyclonMembership]CyclonMembership:[m Membership Metrics:
Membership: []
ProtocolMetrics{totalEvents=151, messagesIn=0, messagesFailed=0, messagesSent=0, timers=86, notifications=0, requests=0, replies=0, customChannelEvents=65}
[32mI[16:48:40,779] [100-CyclonMembership]CyclonMembership:[m Channel Metrics:
In channels:
Out channels:
[32mI[16:48:40,800] [100-CyclonMembership]CyclonMembership:[m Membership Metrics:
Membership: []
ProtocolMetrics{totalEvents=154, messagesIn=0, messagesFailed=0, messagesSent=0, timers=88, notifications=0, requests=0, replies=0, customChannelEvents=66}
[32mI[16:48:41,779] [100-CyclonMembership]CyclonMembership:[m Channel Metrics:
In channels:
Out channels:
[32mI[16:48:41,800] [100-CyclonMembership]CyclonMembership:[m Membership Metrics:
Membership: []
ProtocolMetrics{totalEvents=156, messagesIn=0, messagesFailed=0, messagesSent=0, timers=89, notifications=0, requests=0, replies=0, customChannelEvents=67}
[32mI[16:48:42,779] [100-CyclonMembership]CyclonMembership:[m Channel Metrics:
In channels:
Out channels:
[32mI[16:48:42,799] [100-CyclonMembership]CyclonMembership:[m Membership Metrics:
Membership: []
ProtocolMetrics{totalEvents=158, messagesIn=0, messagesFailed=0, messagesSent=0, timers=90, notifications=0, requests=0, replies=0, customChannelEvents=68}
[32mI[16:48:43,779] [100-CyclonMembership]CyclonMembership:[m Channel Metrics:
In channels:
Out channels:
[32mI[16:48:43,799] [100-CyclonMembership]CyclonMembership:[m Membership Metrics:
Membership: []
ProtocolMetrics{totalEvents=161, messagesIn=0, messagesFailed=0, messagesSent=0, timers=92, notifications=0, requests=0, replies=0, customChannelEvents=69}
[32mI[16:48:44,779] [100-CyclonMembership]CyclonMembership:[m Channel Metrics:
In channels:
Out channels:
[32mI[16:48:44,796] [300-BroadcastApp]BroadcastApp:[m Exiting...
[32mI[16:48:44,797] [Thread-1]Main:[m Goodbye
