[32mI[16:35:43,389] [main]Main:[m Hello, I am 172.10.10.0:10000
[32mI[16:35:43,680] [main]BroadcastApp:[m Waiting...
[32mI[16:35:44,675] [100-CyclonMembership]CyclonMembership:[m Channel Metrics:
In channels:
Out channels:
[32mI[16:35:44,683] [100-CyclonMembership]CyclonMembership:[m Membership Metrics:
Membership: []
ProtocolMetrics{totalEvents=2, messagesIn=0, messagesFailed=0, messagesSent=0, timers=1, notifications=0, requests=0, replies=0, customChannelEvents=1}
[32mI[16:35:45,666] [100-CyclonMembership]CyclonMembership:[m Channel Metrics:
In channels:
Out channels:
[32mI[16:35:45,682] [100-CyclonMembership]CyclonMembership:[m Membership Metrics:
Membership: []
ProtocolMetrics{totalEvents=4, messagesIn=0, messagesFailed=0, messagesSent=0, timers=2, notifications=0, requests=0, replies=0, customChannelEvents=2}
[32mI[16:35:46,666] [100-CyclonMembership]CyclonMembership:[m Channel Metrics:
In channels:
Out channels:
[32mI[16:35:46,682] [100-CyclonMembership]CyclonMembership:[m Membership Metrics:
Membership: []
ProtocolMetrics{totalEvents=7, messagesIn=0, messagesFailed=0, messagesSent=0, timers=4, notifications=0, requests=0, replies=0, customChannelEvents=3}
[32mI[16:35:47,666] [100-CyclonMembership]CyclonMembership:[m Channel Metrics:
In channels:
Out channels:
[32mI[16:35:47,683] [100-CyclonMembership]CyclonMembership:[m Membership Metrics:
Membership: []
ProtocolMetrics{totalEvents=9, messagesIn=0, messagesFailed=0, messagesSent=0, timers=5, notifications=0, requests=0, replies=0, customChannelEvents=4}
[32mI[16:35:48,666] [100-CyclonMembership]CyclonMembership:[m Channel Metrics:
In channels:
Out channels:
[32mI[16:35:48,683] [100-CyclonMembership]CyclonMembership:[m Membership Metrics:
Membership: []
ProtocolMetrics{totalEvents=11, messagesIn=0, messagesFailed=0, messagesSent=0, timers=6, notifications=0, requests=0, replies=0, customChannelEvents=5}
[32mI[16:35:48,683] [300-BroadcastApp]BroadcastApp:[m Starting
[32mI[16:35:48,692] [300-BroadcastApp]BroadcastApp:[m Sending: ee41fafb-9f31-4404-8ec8-3fb7807364f3 - AYBKMPZHED (10)
[32mI[16:35:48,693] [300-BroadcastApp]BroadcastApp:[m Received ee41fafb-9f31-4404-8ec8-3fb7807364f3 - AYBKMPZHED (10) from 172.10.10.0:10000
[32mI[16:35:49,666] [100-CyclonMembership]CyclonMembership:[m Channel Metrics:
In channels:
Out channels:
[32mI[16:35:49,684] [100-CyclonMembership]CyclonMembership:[m Membership Metrics:
Membership: []
ProtocolMetrics{totalEvents=14, messagesIn=0, messagesFailed=0, messagesSent=0, timers=8, notifications=0, requests=0, replies=0, customChannelEvents=6}
[32mI[16:35:49,686] [300-BroadcastApp]BroadcastApp:[m Sending: aeb6efdc-152b-47c0-b345-658eda26b7a4 - OPFQFAEMHE (10)
[32mI[16:35:49,687] [300-BroadcastApp]BroadcastApp:[m Received aeb6efdc-152b-47c0-b345-658eda26b7a4 - OPFQFAEMHE (10) from 172.10.10.0:10000
[32mI[16:35:50,666] [100-CyclonMembership]CyclonMembership:[m Channel Metrics:
In channels:
Out channels:
[32mI[16:35:50,683] [100-CyclonMembership]CyclonMembership:[m Membership Metrics:
Membership: []
ProtocolMetrics{totalEvents=16, messagesIn=0, messagesFailed=0, messagesSent=0, timers=9, notifications=0, requests=0, replies=0, customChannelEvents=7}
[32mI[16:35:50,686] [300-BroadcastApp]BroadcastApp:[m Sending: 48302183-4d6e-4a3a-ad3c-964d0eb7dacd - NTXDKBKMZR (10)
[32mI[16:35:50,687] [300-BroadcastApp]BroadcastApp:[m Received 48302183-4d6e-4a3a-ad3c-964d0eb7dacd - NTXDKBKMZR (10) from 172.10.10.0:10000
[32mI[16:35:51,666] [100-CyclonMembership]CyclonMembership:[m Channel Metrics:
In channels:
Out channels:
[32mI[16:35:51,683] [100-CyclonMembership]CyclonMembership:[m Membership Metrics:
Membership: []
ProtocolMetrics{totalEvents=18, messagesIn=0, messagesFailed=0, messagesSent=0, timers=10, notifications=0, requests=0, replies=0, customChannelEvents=8}
[32mI[16:35:51,686] [300-BroadcastApp]BroadcastApp:[m Sending: bd20282e-10cf-40c5-8ca2-e8d94f71bd77 - IKPTNITCDY (10)
[32mI[16:35:51,687] [300-BroadcastApp]BroadcastApp:[m Received bd20282e-10cf-40c5-8ca2-e8d94f71bd77 - IKPTNITCDY (10) from 172.10.10.0:10000
[32mI[16:35:52,666] [100-CyclonMembership]CyclonMembership:[m Channel Metrics:
In channels:
Out channels:
[32mI[16:35:52,684] [100-CyclonMembership]CyclonMembership:[m Membership Metrics:
Membership: []
ProtocolMetrics{totalEvents=21, messagesIn=0, messagesFailed=0, messagesSent=0, timers=12, notifications=0, requests=0, replies=0, customChannelEvents=9}
[32mI[16:35:52,686] [300-BroadcastApp]BroadcastApp:[m Sending: c4ad685f-46b1-478d-b782-419b96d0fef1 - LUYKOMBCVR (10)
[32mI[16:35:52,687] [300-BroadcastApp]BroadcastApp:[m Received c4ad685f-46b1-478d-b782-419b96d0fef1 - LUYKOMBCVR (10) from 172.10.10.0:10000
[32mI[16:35:53,666] [100-CyclonMembership]CyclonMembership:[m Channel Metrics:
In channels:
Out channels:
[32mI[16:35:53,684] [100-CyclonMembership]CyclonMembership:[m Membership Metrics:
Membership: []
ProtocolMetrics{totalEvents=23, messagesIn=0, messagesFailed=0, messagesSent=0, timers=13, notifications=0, requests=0, replies=0, customChannelEvents=10}
[32mI[16:35:53,687] [300-BroadcastApp]BroadcastApp:[m Sending: d921b44d-344b-4f9c-858d-99737d2c764e - QGZWGDEIXK (10)
[32mI[16:35:53,687] [300-BroadcastApp]BroadcastApp:[m Received d921b44d-344b-4f9c-858d-99737d2c764e - QGZWGDEIXK (10) from 172.10.10.0:10000
[32mI[16:35:54,666] [100-CyclonMembership]CyclonMembership:[m Channel Metrics:
In channels:
Out channels:
[32mI[16:35:54,685] [100-CyclonMembership]CyclonMembership:[m Membership Metrics:
Membership: []
ProtocolMetrics{totalEvents=25, messagesIn=0, messagesFailed=0, messagesSent=0, timers=14, notifications=0, requests=0, replies=0, customChannelEvents=11}
[32mI[16:35:54,687] [300-BroadcastApp]BroadcastApp:[m Sending: 65bf94f9-997b-43d4-b2b8-292b8d29344c - QTUEYTKXYQ (10)
[32mI[16:35:54,688] [300-BroadcastApp]BroadcastApp:[m Received 65bf94f9-997b-43d4-b2b8-292b8d29344c - QTUEYTKXYQ (10) from 172.10.10.0:10000
[32mI[16:35:55,666] [100-CyclonMembership]CyclonMembership:[m Channel Metrics:
In channels:
Out channels:
[32mI[16:35:55,684] [100-CyclonMembership]CyclonMembership:[m Membership Metrics:
Membership: []
ProtocolMetrics{totalEvents=28, messagesIn=0, messagesFailed=0, messagesSent=0, timers=16, notifications=0, requests=0, replies=0, customChannelEvents=12}
[32mI[16:35:55,686] [300-BroadcastApp]BroadcastApp:[m Sending: 8eba0c70-9f47-4ef5-b4c0-4dff9acd9a8c - MDOCNTEUIJ (10)
[32mI[16:35:55,687] [300-BroadcastApp]BroadcastApp:[m Received 8eba0c70-9f47-4ef5-b4c0-4dff9acd9a8c - MDOCNTEUIJ (10) from 172.10.10.0:10000
[32mI[16:35:56,666] [100-CyclonMembership]CyclonMembership:[m Channel Metrics:
In channels:
Out channels:
[32mI[16:35:56,684] [100-CyclonMembership]CyclonMembership:[m Membership Metrics:
Membership: []
ProtocolMetrics{totalEvents=30, messagesIn=0, messagesFailed=0, messagesSent=0, timers=17, notifications=0, requests=0, replies=0, customChannelEvents=13}
[32mI[16:35:56,687] [300-BroadcastApp]BroadcastApp:[m Sending: dc831464-b323-4c88-9402-634bc81c779e - WYEVULLPEC (10)
[32mI[16:35:56,687] [300-BroadcastApp]BroadcastApp:[m Received dc831464-b323-4c88-9402-634bc81c779e - WYEVULLPEC (10) from 172.10.10.0:10000
[32mI[16:35:57,666] [100-CyclonMembership]CyclonMembership:[m Channel Metrics:
In channels:
Out channels:
[32mI[16:35:57,685] [100-CyclonMembership]CyclonMembership:[m Membership Metrics:
Membership: []
ProtocolMetrics{totalEvents=32, messagesIn=0, messagesFailed=0, messagesSent=0, timers=18, notifications=0, requests=0, replies=0, customChannelEvents=14}
[32mI[16:35:57,686] [300-BroadcastApp]BroadcastApp:[m Sending: 5fdcc62e-fee7-4331-badb-3fb0f9108f06 - PVOYMZEDFU (10)
[32mI[16:35:57,687] [300-BroadcastApp]BroadcastApp:[m Received 5fdcc62e-fee7-4331-badb-3fb0f9108f06 - PVOYMZEDFU (10) from 172.10.10.0:10000
[32mI[16:35:58,666] [100-CyclonMembership]CyclonMembership:[m Channel Metrics:
In channels:
Out channels:
[32mI[16:35:58,684] [100-CyclonMembership]CyclonMembership:[m Membership Metrics:
Membership: []
ProtocolMetrics{totalEvents=35, messagesIn=0, messagesFailed=0, messagesSent=0, timers=20, notifications=0, requests=0, replies=0, customChannelEvents=15}
[32mI[16:35:58,686] [300-BroadcastApp]BroadcastApp:[m Sending: dc39395c-df38-4bdc-a4c7-ce12ef26cbae - EFWBDZSDUZ (10)
[32mI[16:35:58,687] [300-BroadcastApp]BroadcastApp:[m Received dc39395c-df38-4bdc-a4c7-ce12ef26cbae - EFWBDZSDUZ (10) from 172.10.10.0:10000
[32mI[16:35:59,666] [100-CyclonMembership]CyclonMembership:[m Channel Metrics:
In channels:
Out channels:
[32mI[16:35:59,684] [100-CyclonMembership]CyclonMembership:[m Membership Metrics:
Membership: []
ProtocolMetrics{totalEvents=37, messagesIn=0, messagesFailed=0, messagesSent=0, timers=21, notifications=0, requests=0, replies=0, customChannelEvents=16}
[32mI[16:35:59,687] [300-BroadcastApp]BroadcastApp:[m Sending: 5fc8fde4-e5a5-4892-8b78-ade38bcbbb5e - QJGKGFYIQC (10)
[32mI[16:35:59,688] [300-BroadcastApp]BroadcastApp:[m Received 5fc8fde4-e5a5-4892-8b78-ade38bcbbb5e - QJGKGFYIQC (10) from 172.10.10.0:10000
[32mI[16:36:00,666] [100-CyclonMembership]CyclonMembership:[m Channel Metrics:
In channels:
Out channels:
[32mI[16:36:00,685] [100-CyclonMembership]CyclonMembership:[m Membership Metrics:
Membership: []
ProtocolMetrics{totalEvents=39, messagesIn=0, messagesFailed=0, messagesSent=0, timers=22, notifications=0, requests=0, replies=0, customChannelEvents=17}
[32mI[16:36:00,687] [300-BroadcastApp]BroadcastApp:[m Sending: b385ee44-6f22-45d3-9718-dedd614dd964 - UYGIJCIHGX (10)
[32mI[16:36:00,687] [300-BroadcastApp]BroadcastApp:[m Received b385ee44-6f22-45d3-9718-dedd614dd964 - UYGIJCIHGX (10) from 172.10.10.0:10000
[32mI[16:36:01,666] [100-CyclonMembership]CyclonMembership:[m Channel Metrics:
In channels:
Out channels:
[32mI[16:36:01,684] [100-CyclonMembership]CyclonMembership:[m Membership Metrics:
Membership: []
ProtocolMetrics{totalEvents=42, messagesIn=0, messagesFailed=0, messagesSent=0, timers=24, notifications=0, requests=0, replies=0, customChannelEvents=18}
[32mI[16:36:01,687] [300-BroadcastApp]BroadcastApp:[m Sending: 04ec2702-5be8-4d80-a3a4-8c9f3a163b5e - XDZIYATBMC (10)
[32mI[16:36:01,688] [300-BroadcastApp]BroadcastApp:[m Received 04ec2702-5be8-4d80-a3a4-8c9f3a163b5e - XDZIYATBMC (10) from 172.10.10.0:10000
[32mI[16:36:02,666] [100-CyclonMembership]CyclonMembership:[m Channel Metrics:
In channels:
Out channels:
[32mI[16:36:02,684] [100-CyclonMembership]CyclonMembership:[m Membership Metrics:
Membership: []
ProtocolMetrics{totalEvents=44, messagesIn=0, messagesFailed=0, messagesSent=0, timers=25, notifications=0, requests=0, replies=0, customChannelEvents=19}
[32mI[16:36:02,688] [300-BroadcastApp]BroadcastApp:[m Sending: ceb28e91-3b47-4a75-8166-9674a8b9215c - HMNMLBLQUA (10)
[32mI[16:36:02,689] [300-BroadcastApp]BroadcastApp:[m Received ceb28e91-3b47-4a75-8166-9674a8b9215c - HMNMLBLQUA (10) from 172.10.10.0:10000
[32mI[16:36:03,666] [100-CyclonMembership]CyclonMembership:[m Channel Metrics:
In channels:
Out channels:
[32mI[16:36:03,685] [100-CyclonMembership]CyclonMembership:[m Membership Metrics:
Membership: []
ProtocolMetrics{totalEvents=46, messagesIn=0, messagesFailed=0, messagesSent=0, timers=26, notifications=0, requests=0, replies=0, customChannelEvents=20}
[32mI[16:36:03,687] [300-BroadcastApp]BroadcastApp:[m Sending: 651d759d-d4cf-4748-b985-f2feec613551 - IGRFVFSRHO (10)
[32mI[16:36:03,687] [300-BroadcastApp]BroadcastApp:[m Received 651d759d-d4cf-4748-b985-f2feec613551 - IGRFVFSRHO (10) from 172.10.10.0:10000
[32mI[16:36:04,666] [100-CyclonMembership]CyclonMembership:[m Channel Metrics:
In channels:
Out channels:
[32mI[16:36:04,684] [100-CyclonMembership]CyclonMembership:[m Membership Metrics:
Membership: []
ProtocolMetrics{totalEvents=49, messagesIn=0, messagesFailed=0, messagesSent=0, timers=28, notifications=0, requests=0, replies=0, customChannelEvents=21}
[32mI[16:36:04,688] [300-BroadcastApp]BroadcastApp:[m Sending: d23a47a6-8d63-4735-9d34-b2f89f6722be - UEFHMEIMSS (10)
[32mI[16:36:04,688] [300-BroadcastApp]BroadcastApp:[m Received d23a47a6-8d63-4735-9d34-b2f89f6722be - UEFHMEIMSS (10) from 172.10.10.0:10000
[32mI[16:36:05,666] [100-CyclonMembership]CyclonMembership:[m Channel Metrics:
In channels:
Out channels:
[32mI[16:36:05,684] [100-CyclonMembership]CyclonMembership:[m Membership Metrics:
Membership: []
ProtocolMetrics{totalEvents=51, messagesIn=0, messagesFailed=0, messagesSent=0, timers=29, notifications=0, requests=0, replies=0, customChannelEvents=22}
[32mI[16:36:05,688] [300-BroadcastApp]BroadcastApp:[m Sending: 357c82dc-03fc-4b15-a250-24289a73536c - PNNOUKZBRK (10)
[32mI[16:36:05,688] [300-BroadcastApp]BroadcastApp:[m Received 357c82dc-03fc-4b15-a250-24289a73536c - PNNOUKZBRK (10) from 172.10.10.0:10000
[32mI[16:36:06,666] [100-CyclonMembership]CyclonMembership:[m Channel Metrics:
In channels:
Out channels:
[32mI[16:36:06,685] [100-CyclonMembership]CyclonMembership:[m Membership Metrics:
Membership: []
ProtocolMetrics{totalEvents=53, messagesIn=0, messagesFailed=0, messagesSent=0, timers=30, notifications=0, requests=0, replies=0, customChannelEvents=23}
[32mI[16:36:06,688] [300-BroadcastApp]BroadcastApp:[m Sending: c18d7605-a4f9-44b0-a90b-1c80cbfca796 - KBYMHSERUV (10)
[32mI[16:36:06,688] [300-BroadcastApp]BroadcastApp:[m Received c18d7605-a4f9-44b0-a90b-1c80cbfca796 - KBYMHSERUV (10) from 172.10.10.0:10000
[32mI[16:36:07,666] [100-CyclonMembership]CyclonMembership:[m Channel Metrics:
In channels:
Out channels:
[32mI[16:36:07,684] [100-CyclonMembership]CyclonMembership:[m Membership Metrics:
Membership: []
ProtocolMetrics{totalEvents=56, messagesIn=0, messagesFailed=0, messagesSent=0, timers=32, notifications=0, requests=0, replies=0, customChannelEvents=24}
[32mI[16:36:07,688] [300-BroadcastApp]BroadcastApp:[m Sending: 80bba116-f95d-4971-a86a-30bf41679f19 - DOYLUOBPWW (10)
[32mI[16:36:07,689] [300-BroadcastApp]BroadcastApp:[m Received 80bba116-f95d-4971-a86a-30bf41679f19 - DOYLUOBPWW (10) from 172.10.10.0:10000
[32mI[16:36:08,666] [100-CyclonMembership]CyclonMembership:[m Channel Metrics:
In channels:
Out channels:
[32mI[16:36:08,684] [100-CyclonMembership]CyclonMembership:[m Membership Metrics:
Membership: []
ProtocolMetrics{totalEvents=58, messagesIn=0, messagesFailed=0, messagesSent=0, timers=33, notifications=0, requests=0, replies=0, customChannelEvents=25}
[32mI[16:36:08,689] [300-BroadcastApp]BroadcastApp:[m Sending: 58cc944e-04f7-4e51-90b8-a6745d700abd - GTOZJDTBQT (10)
[32mI[16:36:08,689] [300-BroadcastApp]BroadcastApp:[m Received 58cc944e-04f7-4e51-90b8-a6745d700abd - GTOZJDTBQT (10) from 172.10.10.0:10000
[32mI[16:36:09,666] [100-CyclonMembership]CyclonMembership:[m Channel Metrics:
In channels:
Out channels:
[32mI[16:36:09,685] [100-CyclonMembership]CyclonMembership:[m Membership Metrics:
Membership: []
ProtocolMetrics{totalEvents=60, messagesIn=0, messagesFailed=0, messagesSent=0, timers=34, notifications=0, requests=0, replies=0, customChannelEvents=26}
[32mI[16:36:09,689] [300-BroadcastApp]BroadcastApp:[m Sending: 2e8e05e1-5b1a-4dc0-9740-63468ab3e8a3 - LOQSECACAB (10)
[32mI[16:36:09,689] [300-BroadcastApp]BroadcastApp:[m Received 2e8e05e1-5b1a-4dc0-9740-63468ab3e8a3 - LOQSECACAB (10) from 172.10.10.0:10000
[32mI[16:36:10,666] [100-CyclonMembership]CyclonMembership:[m Channel Metrics:
In channels:
Out channels:
[32mI[16:36:10,684] [100-CyclonMembership]CyclonMembership:[m Membership Metrics:
Membership: []
ProtocolMetrics{totalEvents=63, messagesIn=0, messagesFailed=0, messagesSent=0, timers=36, notifications=0, requests=0, replies=0, customChannelEvents=27}
[32mI[16:36:10,688] [300-BroadcastApp]BroadcastApp:[m Sending: d5e804c4-0f88-410f-b115-ddb39674e289 - UPBNQTHLQD (10)
[32mI[16:36:10,689] [300-BroadcastApp]BroadcastApp:[m Received d5e804c4-0f88-410f-b115-ddb39674e289 - UPBNQTHLQD (10) from 172.10.10.0:10000
[32mI[16:36:11,666] [100-CyclonMembership]CyclonMembership:[m Channel Metrics:
In channels:
Out channels:
[32mI[16:36:11,684] [100-CyclonMembership]CyclonMembership:[m Membership Metrics:
Membership: []
ProtocolMetrics{totalEvents=65, messagesIn=0, messagesFailed=0, messagesSent=0, timers=37, notifications=0, requests=0, replies=0, customChannelEvents=28}
[32mI[16:36:11,689] [300-BroadcastApp]BroadcastApp:[m Sending: 776ce63e-f07b-4f6c-8593-fafbaa9daec3 - DJLQDUVYTY (10)
[32mI[16:36:11,689] [300-BroadcastApp]BroadcastApp:[m Received 776ce63e-f07b-4f6c-8593-fafbaa9daec3 - DJLQDUVYTY (10) from 172.10.10.0:10000
[32mI[16:36:12,666] [100-CyclonMembership]CyclonMembership:[m Channel Metrics:
In channels:
Out channels:
[32mI[16:36:12,684] [100-CyclonMembership]CyclonMembership:[m Membership Metrics:
Membership: []
ProtocolMetrics{totalEvents=67, messagesIn=0, messagesFailed=0, messagesSent=0, timers=38, notifications=0, requests=0, replies=0, customChannelEvents=29}
[32mI[16:36:12,689] [300-BroadcastApp]BroadcastApp:[m Sending: 1ab3cb2e-53ac-4faa-934b-275fb8b930b0 - WHEVXCZQIC (10)
[32mI[16:36:12,690] [300-BroadcastApp]BroadcastApp:[m Received 1ab3cb2e-53ac-4faa-934b-275fb8b930b0 - WHEVXCZQIC (10) from 172.10.10.0:10000
[32mI[16:36:13,666] [100-CyclonMembership]CyclonMembership:[m Channel Metrics:
In channels:
Out channels:
[32mI[16:36:13,684] [100-CyclonMembership]CyclonMembership:[m Membership Metrics:
Membership: []
ProtocolMetrics{totalEvents=70, messagesIn=0, messagesFailed=0, messagesSent=0, timers=40, notifications=0, requests=0, replies=0, customChannelEvents=30}
[32mI[16:36:13,688] [300-BroadcastApp]BroadcastApp:[m Sending: 68b10a84-b685-4e68-a0c6-72c617d32455 - ZBONNEVRDH (10)
[32mI[16:36:13,689] [300-BroadcastApp]BroadcastApp:[m Received 68b10a84-b685-4e68-a0c6-72c617d32455 - ZBONNEVRDH (10) from 172.10.10.0:10000
[32mI[16:36:14,666] [100-CyclonMembership]CyclonMembership:[m Channel Metrics:
In channels:
Out channels:
[32mI[16:36:14,684] [100-CyclonMembership]CyclonMembership:[m Membership Metrics:
Membership: []
ProtocolMetrics{totalEvents=72, messagesIn=0, messagesFailed=0, messagesSent=0, timers=41, notifications=0, requests=0, replies=0, customChannelEvents=31}
[32mI[16:36:14,689] [300-BroadcastApp]BroadcastApp:[m Sending: 259c5586-278e-46d8-bec5-f3962ffa3c8d - SUWWWWOEDX (10)
[32mI[16:36:14,689] [300-BroadcastApp]BroadcastApp:[m Received 259c5586-278e-46d8-bec5-f3962ffa3c8d - SUWWWWOEDX (10) from 172.10.10.0:10000
[32mI[16:36:15,666] [100-CyclonMembership]CyclonMembership:[m Channel Metrics:
In channels:
Out channels:
[32mI[16:36:15,684] [100-CyclonMembership]CyclonMembership:[m Membership Metrics:
Membership: []
ProtocolMetrics{totalEvents=74, messagesIn=0, messagesFailed=0, messagesSent=0, timers=42, notifications=0, requests=0, replies=0, customChannelEvents=32}
[32mI[16:36:15,689] [300-BroadcastApp]BroadcastApp:[m Sending: acd5462e-4707-45c8-8d76-431f99a00ad4 - XTOGCPUMNM (10)
[32mI[16:36:15,689] [300-BroadcastApp]BroadcastApp:[m Received acd5462e-4707-45c8-8d76-431f99a00ad4 - XTOGCPUMNM (10) from 172.10.10.0:10000
[32mI[16:36:16,666] [100-CyclonMembership]CyclonMembership:[m Channel Metrics:
In channels:
Out channels:
[32mI[16:36:16,685] [100-CyclonMembership]CyclonMembership:[m Membership Metrics:
Membership: []
ProtocolMetrics{totalEvents=76, messagesIn=0, messagesFailed=0, messagesSent=0, timers=43, notifications=0, requests=0, replies=0, customChannelEvents=33}
[32mI[16:36:16,689] [300-BroadcastApp]BroadcastApp:[m Sending: 6a31bd9a-e4c5-407f-b90a-8d8192a36350 - RZLYOWXNKM (10)
[32mI[16:36:16,689] [300-BroadcastApp]BroadcastApp:[m Received 6a31bd9a-e4c5-407f-b90a-8d8192a36350 - RZLYOWXNKM (10) from 172.10.10.0:10000
[32mI[16:36:17,666] [100-CyclonMembership]CyclonMembership:[m Channel Metrics:
In channels:
Out channels:
[32mI[16:36:17,684] [100-CyclonMembership]CyclonMembership:[m Membership Metrics:
Membership: []
ProtocolMetrics{totalEvents=79, messagesIn=0, messagesFailed=0, messagesSent=0, timers=45, notifications=0, requests=0, replies=0, customChannelEvents=34}
[32mI[16:36:17,689] [300-BroadcastApp]BroadcastApp:[m Sending: 8203f730-b7cc-4119-8e76-7f18074bd29f - YDUKZDJQNM (10)
[32mI[16:36:17,690] [300-BroadcastApp]BroadcastApp:[m Received 8203f730-b7cc-4119-8e76-7f18074bd29f - YDUKZDJQNM (10) from 172.10.10.0:10000
[32mI[16:36:18,666] [100-CyclonMembership]CyclonMembership:[m Channel Metrics:
In channels:
Out channels:
[32mI[16:36:18,684] [100-CyclonMembership]CyclonMembership:[m Membership Metrics:
Membership: []
ProtocolMetrics{totalEvents=81, messagesIn=0, messagesFailed=0, messagesSent=0, timers=46, notifications=0, requests=0, replies=0, customChannelEvents=35}
[32mI[16:36:18,689] [300-BroadcastApp]BroadcastApp:[m Sending: ebe4d9ce-3ffc-4c6f-b036-86a74fa4dcfd - SNEHCUURAS (10)
[32mI[16:36:18,690] [300-BroadcastApp]BroadcastApp:[m Received ebe4d9ce-3ffc-4c6f-b036-86a74fa4dcfd - SNEHCUURAS (10) from 172.10.10.0:10000
[32mI[16:36:19,666] [100-CyclonMembership]CyclonMembership:[m Channel Metrics:
In channels:
Out channels:
[32mI[16:36:19,685] [100-CyclonMembership]CyclonMembership:[m Membership Metrics:
Membership: []
ProtocolMetrics{totalEvents=83, messagesIn=0, messagesFailed=0, messagesSent=0, timers=47, notifications=0, requests=0, replies=0, customChannelEvents=36}
[32mI[16:36:19,690] [300-BroadcastApp]BroadcastApp:[m Sending: 86a5d1e3-a754-4870-a644-e768e90b125a - VMHFZYGYMM (10)
[32mI[16:36:19,691] [300-BroadcastApp]BroadcastApp:[m Received 86a5d1e3-a754-4870-a644-e768e90b125a - VMHFZYGYMM (10) from 172.10.10.0:10000
[32mI[16:36:20,666] [100-CyclonMembership]CyclonMembership:[m Channel Metrics:
In channels:
Out channels:
[32mI[16:36:20,684] [100-CyclonMembership]CyclonMembership:[m Membership Metrics:
Membership: []
ProtocolMetrics{totalEvents=86, messagesIn=0, messagesFailed=0, messagesSent=0, timers=49, notifications=0, requests=0, replies=0, customChannelEvents=37}
[32mI[16:36:20,690] [300-BroadcastApp]BroadcastApp:[m Sending: d8ee940e-4bd8-45cd-9a51-737f7988bc86 - LOHBQQXMEW (10)
[32mI[16:36:20,691] [300-BroadcastApp]BroadcastApp:[m Received d8ee940e-4bd8-45cd-9a51-737f7988bc86 - LOHBQQXMEW (10) from 172.10.10.0:10000
[32mI[16:36:21,666] [100-CyclonMembership]CyclonMembership:[m Channel Metrics:
In channels:
Out channels:
[32mI[16:36:21,684] [100-CyclonMembership]CyclonMembership:[m Membership Metrics:
Membership: []
ProtocolMetrics{totalEvents=88, messagesIn=0, messagesFailed=0, messagesSent=0, timers=50, notifications=0, requests=0, replies=0, customChannelEvents=38}
[32mI[16:36:21,691] [300-BroadcastApp]BroadcastApp:[m Sending: 472ecc07-8f67-462a-a368-a893f327d7f5 - FUOHKOXHTP (10)
[32mI[16:36:21,691] [300-BroadcastApp]BroadcastApp:[m Received 472ecc07-8f67-462a-a368-a893f327d7f5 - FUOHKOXHTP (10) from 172.10.10.0:10000
[32mI[16:36:22,666] [100-CyclonMembership]CyclonMembership:[m Channel Metrics:
In channels:
Out channels:
[32mI[16:36:22,685] [100-CyclonMembership]CyclonMembership:[m Membership Metrics:
Membership: []
ProtocolMetrics{totalEvents=90, messagesIn=0, messagesFailed=0, messagesSent=0, timers=51, notifications=0, requests=0, replies=0, customChannelEvents=39}
[32mI[16:36:22,691] [300-BroadcastApp]BroadcastApp:[m Sending: 31bfeba1-a473-4c4a-9b8c-0cc8cacb2125 - WHNGDKZMTV (10)
[32mI[16:36:22,691] [300-BroadcastApp]BroadcastApp:[m Received 31bfeba1-a473-4c4a-9b8c-0cc8cacb2125 - WHNGDKZMTV (10) from 172.10.10.0:10000
[32mI[16:36:23,666] [100-CyclonMembership]CyclonMembership:[m Channel Metrics:
In channels:
Out channels:
[32mI[16:36:23,684] [100-CyclonMembership]CyclonMembership:[m Membership Metrics:
Membership: []
ProtocolMetrics{totalEvents=93, messagesIn=0, messagesFailed=0, messagesSent=0, timers=53, notifications=0, requests=0, replies=0, customChannelEvents=40}
[32mI[16:36:23,691] [300-BroadcastApp]BroadcastApp:[m Sending: 0b1fe168-2332-43bc-a29a-a2b279d8a588 - AURQEMNVNL (10)
[32mI[16:36:23,691] [300-BroadcastApp]BroadcastApp:[m Received 0b1fe168-2332-43bc-a29a-a2b279d8a588 - AURQEMNVNL (10) from 172.10.10.0:10000
[32mI[16:36:24,666] [100-CyclonMembership]CyclonMembership:[m Channel Metrics:
In channels:
Out channels:
[32mI[16:36:24,684] [100-CyclonMembership]CyclonMembership:[m Membership Metrics:
Membership: []
ProtocolMetrics{totalEvents=95, messagesIn=0, messagesFailed=0, messagesSent=0, timers=54, notifications=0, requests=0, replies=0, customChannelEvents=41}
[32mI[16:36:24,692] [300-BroadcastApp]BroadcastApp:[m Sending: cceb5308-19b6-4c39-9709-da78326cc7a1 - LGCNIXMIRH (10)
[32mI[16:36:24,692] [300-BroadcastApp]BroadcastApp:[m Received cceb5308-19b6-4c39-9709-da78326cc7a1 - LGCNIXMIRH (10) from 172.10.10.0:10000
[32mI[16:36:25,666] [100-CyclonMembership]CyclonMembership:[m Channel Metrics:
In channels:
Out channels:
[32mI[16:36:25,684] [100-CyclonMembership]CyclonMembership:[m Membership Metrics:
Membership: []
ProtocolMetrics{totalEvents=97, messagesIn=0, messagesFailed=0, messagesSent=0, timers=55, notifications=0, requests=0, replies=0, customChannelEvents=42}
[32mI[16:36:25,692] [300-BroadcastApp]BroadcastApp:[m Sending: b32d7cb9-a383-46dd-8354-55c7830824fd - EKWZVRBLGX (10)
[32mI[16:36:25,693] [300-BroadcastApp]BroadcastApp:[m Received b32d7cb9-a383-46dd-8354-55c7830824fd - EKWZVRBLGX (10) from 172.10.10.0:10000
[32mI[16:36:26,666] [100-CyclonMembership]CyclonMembership:[m Channel Metrics:
In channels:
Out channels:
[32mI[16:36:26,685] [100-CyclonMembership]CyclonMembership:[m Membership Metrics:
Membership: []
ProtocolMetrics{totalEvents=100, messagesIn=0, messagesFailed=0, messagesSent=0, timers=57, notifications=0, requests=0, replies=0, customChannelEvents=43}
[32mI[16:36:26,691] [300-BroadcastApp]BroadcastApp:[m Sending: 74d4dcd1-41a4-41f7-be71-f5844f1d397a - SFVVMWXMWG (10)
[32mI[16:36:26,691] [300-BroadcastApp]BroadcastApp:[m Received 74d4dcd1-41a4-41f7-be71-f5844f1d397a - SFVVMWXMWG (10) from 172.10.10.0:10000
[32mI[16:36:27,666] [100-CyclonMembership]CyclonMembership:[m Channel Metrics:
In channels:
Out channels:
[32mI[16:36:27,685] [100-CyclonMembership]CyclonMembership:[m Membership Metrics:
Membership: []
ProtocolMetrics{totalEvents=102, messagesIn=0, messagesFailed=0, messagesSent=0, timers=58, notifications=0, requests=0, replies=0, customChannelEvents=44}
[32mI[16:36:27,691] [300-BroadcastApp]BroadcastApp:[m Sending: 6aa25892-bc96-4c8e-88f0-d1aa5857f36e - EGFHDTJFGW (10)
[32mI[16:36:27,692] [300-BroadcastApp]BroadcastApp:[m Received 6aa25892-bc96-4c8e-88f0-d1aa5857f36e - EGFHDTJFGW (10) from 172.10.10.0:10000
[32mI[16:36:28,666] [100-CyclonMembership]CyclonMembership:[m Channel Metrics:
In channels:
Out channels:
[32mI[16:36:28,685] [100-CyclonMembership]CyclonMembership:[m Membership Metrics:
Membership: []
ProtocolMetrics{totalEvents=105, messagesIn=0, messagesFailed=0, messagesSent=0, timers=60, notifications=0, requests=0, replies=0, customChannelEvents=45}
[32mI[16:36:28,692] [300-BroadcastApp]BroadcastApp:[m Sending: 49d92db5-8a1d-4f3d-9f8a-67e1925ac2b4 - ANYRCWXGSP (10)
[32mI[16:36:28,692] [300-BroadcastApp]BroadcastApp:[m Received 49d92db5-8a1d-4f3d-9f8a-67e1925ac2b4 - ANYRCWXGSP (10) from 172.10.10.0:10000
[32mI[16:36:29,666] [100-CyclonMembership]CyclonMembership:[m Channel Metrics:
In channels:
Out channels:
[32mI[16:36:29,686] [100-CyclonMembership]CyclonMembership:[m Membership Metrics:
Membership: []
ProtocolMetrics{totalEvents=107, messagesIn=0, messagesFailed=0, messagesSent=0, timers=61, notifications=0, requests=0, replies=0, customChannelEvents=46}
[32mI[16:36:29,692] [300-BroadcastApp]BroadcastApp:[m Sending: 78be3074-e521-4154-8e32-7befe900277e - QZSXWOYVWR (10)
[32mI[16:36:29,693] [300-BroadcastApp]BroadcastApp:[m Received 78be3074-e521-4154-8e32-7befe900277e - QZSXWOYVWR (10) from 172.10.10.0:10000
[32mI[16:36:30,666] [100-CyclonMembership]CyclonMembership:[m Channel Metrics:
In channels:
Out channels:
[32mI[16:36:30,685] [100-CyclonMembership]CyclonMembership:[m Membership Metrics:
Membership: []
ProtocolMetrics{totalEvents=109, messagesIn=0, messagesFailed=0, messagesSent=0, timers=62, notifications=0, requests=0, replies=0, customChannelEvents=47}
[32mI[16:36:30,692] [300-BroadcastApp]BroadcastApp:[m Sending: ec729e57-652a-4323-a710-490e67fe6b67 - TYXCVLINUP (10)
[32mI[16:36:30,692] [300-BroadcastApp]BroadcastApp:[m Received ec729e57-652a-4323-a710-490e67fe6b67 - TYXCVLINUP (10) from 172.10.10.0:10000
[32mI[16:36:31,666] [100-CyclonMembership]CyclonMembership:[m Channel Metrics:
In channels:
Out channels:
[32mI[16:36:31,685] [100-CyclonMembership]CyclonMembership:[m Membership Metrics:
Membership: []
ProtocolMetrics{totalEvents=112, messagesIn=0, messagesFailed=0, messagesSent=0, timers=64, notifications=0, requests=0, replies=0, customChannelEvents=48}
[32mI[16:36:31,692] [300-BroadcastApp]BroadcastApp:[m Sending: 890f710b-82b6-42fb-a73c-c03bd5f8167d - ADPFTCAJAB (10)
[32mI[16:36:31,693] [300-BroadcastApp]BroadcastApp:[m Received 890f710b-82b6-42fb-a73c-c03bd5f8167d - ADPFTCAJAB (10) from 172.10.10.0:10000
[32mI[16:36:32,666] [100-CyclonMembership]CyclonMembership:[m Channel Metrics:
In channels:
Out channels:
[32mI[16:36:32,685] [100-CyclonMembership]CyclonMembership:[m Membership Metrics:
Membership: []
ProtocolMetrics{totalEvents=114, messagesIn=0, messagesFailed=0, messagesSent=0, timers=65, notifications=0, requests=0, replies=0, customChannelEvents=49}
[32mI[16:36:32,693] [300-BroadcastApp]BroadcastApp:[m Sending: aab81f2a-a7a6-4c1d-ab77-d9da101a97d1 - ZNICEHADFK (10)
[32mI[16:36:32,693] [300-BroadcastApp]BroadcastApp:[m Received aab81f2a-a7a6-4c1d-ab77-d9da101a97d1 - ZNICEHADFK (10) from 172.10.10.0:10000
[32mI[16:36:33,666] [100-CyclonMembership]CyclonMembership:[m Channel Metrics:
In channels:
Out channels:
[32mI[16:36:33,686] [100-CyclonMembership]CyclonMembership:[m Membership Metrics:
Membership: []
ProtocolMetrics{totalEvents=116, messagesIn=0, messagesFailed=0, messagesSent=0, timers=66, notifications=0, requests=0, replies=0, customChannelEvents=50}
[32mI[16:36:33,692] [300-BroadcastApp]BroadcastApp:[m Sending: f042cf8b-2057-4935-bb8b-94b37f01895f - DORQXTNOFI (10)
[32mI[16:36:33,692] [300-BroadcastApp]BroadcastApp:[m Received f042cf8b-2057-4935-bb8b-94b37f01895f - DORQXTNOFI (10) from 172.10.10.0:10000
[32mI[16:36:34,666] [100-CyclonMembership]CyclonMembership:[m Channel Metrics:
In channels:
Out channels:
[32mI[16:36:34,685] [100-CyclonMembership]CyclonMembership:[m Membership Metrics:
Membership: []
ProtocolMetrics{totalEvents=119, messagesIn=0, messagesFailed=0, messagesSent=0, timers=68, notifications=0, requests=0, replies=0, customChannelEvents=51}
[32mI[16:36:34,693] [300-BroadcastApp]BroadcastApp:[m Sending: 179c429d-a418-4dff-b729-5ee03272b643 - SJRTOWFGOR (10)
[32mI[16:36:34,693] [300-BroadcastApp]BroadcastApp:[m Received 179c429d-a418-4dff-b729-5ee03272b643 - SJRTOWFGOR (10) from 172.10.10.0:10000
[32mI[16:36:35,666] [100-CyclonMembership]CyclonMembership:[m Channel Metrics:
In channels:
Out channels:
[32mI[16:36:35,685] [100-CyclonMembership]CyclonMembership:[m Membership Metrics:
Membership: []
ProtocolMetrics{totalEvents=121, messagesIn=0, messagesFailed=0, messagesSent=0, timers=69, notifications=0, requests=0, replies=0, customChannelEvents=52}
[32mI[16:36:35,693] [300-BroadcastApp]BroadcastApp:[m Sending: 85fb5132-2e89-4477-ab80-724245d0523e - OMYXRKTJRN (10)
[32mI[16:36:35,693] [300-BroadcastApp]BroadcastApp:[m Received 85fb5132-2e89-4477-ab80-724245d0523e - OMYXRKTJRN (10) from 172.10.10.0:10000
[32mI[16:36:36,666] [100-CyclonMembership]CyclonMembership:[m Channel Metrics:
In channels:
Out channels:
[32mI[16:36:36,686] [100-CyclonMembership]CyclonMembership:[m Membership Metrics:
Membership: []
ProtocolMetrics{totalEvents=123, messagesIn=0, messagesFailed=0, messagesSent=0, timers=70, notifications=0, requests=0, replies=0, customChannelEvents=53}
[32mI[16:36:36,692] [300-BroadcastApp]BroadcastApp:[m Sending: 44af0af7-481b-47d2-8f46-46c959e518df - ZPYJCXBQJI (10)
[32mI[16:36:36,692] [300-BroadcastApp]BroadcastApp:[m Received 44af0af7-481b-47d2-8f46-46c959e518df - ZPYJCXBQJI (10) from 172.10.10.0:10000
[32mI[16:36:37,666] [100-CyclonMembership]CyclonMembership:[m Channel Metrics:
In channels:
Out channels:
[32mI[16:36:37,686] [100-CyclonMembership]CyclonMembership:[m Membership Metrics:
Membership: []
ProtocolMetrics{totalEvents=126, messagesIn=0, messagesFailed=0, messagesSent=0, timers=72, notifications=0, requests=0, replies=0, customChannelEvents=54}
[32mI[16:36:37,692] [300-BroadcastApp]BroadcastApp:[m Sending: 91fb21d2-68d7-4b8c-ba51-c0bd67d06c2b - HLTPUFEWLK (10)
[32mI[16:36:37,693] [300-BroadcastApp]BroadcastApp:[m Received 91fb21d2-68d7-4b8c-ba51-c0bd67d06c2b - HLTPUFEWLK (10) from 172.10.10.0:10000
[32mI[16:36:38,666] [100-CyclonMembership]CyclonMembership:[m Channel Metrics:
In channels:
Out channels:
[32mI[16:36:38,686] [100-CyclonMembership]CyclonMembership:[m Membership Metrics:
Membership: []
ProtocolMetrics{totalEvents=128, messagesIn=0, messagesFailed=0, messagesSent=0, timers=73, notifications=0, requests=0, replies=0, customChannelEvents=55}
[32mI[16:36:38,693] [300-BroadcastApp]BroadcastApp:[m Sending: 85323bad-4992-4f8a-8942-4832d6801064 - XPKDAASSAS (10)
[32mI[16:36:38,693] [300-BroadcastApp]BroadcastApp:[m Received 85323bad-4992-4f8a-8942-4832d6801064 - XPKDAASSAS (10) from 172.10.10.0:10000
[32mI[16:36:39,666] [100-CyclonMembership]CyclonMembership:[m Channel Metrics:
In channels:
Out channels:
[32mI[16:36:39,687] [100-CyclonMembership]CyclonMembership:[m Membership Metrics:
Membership: []
ProtocolMetrics{totalEvents=130, messagesIn=0, messagesFailed=0, messagesSent=0, timers=74, notifications=0, requests=0, replies=0, customChannelEvents=56}
[32mI[16:36:39,692] [300-BroadcastApp]BroadcastApp:[m Sending: e2292d86-411d-48e9-8be4-56539b6a8ee8 - VBRALXLCLN (10)
[32mI[16:36:39,692] [300-BroadcastApp]BroadcastApp:[m Received e2292d86-411d-48e9-8be4-56539b6a8ee8 - VBRALXLCLN (10) from 172.10.10.0:10000
[32mI[16:36:40,666] [100-CyclonMembership]CyclonMembership:[m Channel Metrics:
In channels:
Out channels:
[32mI[16:36:40,686] [100-CyclonMembership]CyclonMembership:[m Membership Metrics:
Membership: []
ProtocolMetrics{totalEvents=133, messagesIn=0, messagesFailed=0, messagesSent=0, timers=76, notifications=0, requests=0, replies=0, customChannelEvents=57}
[32mI[16:36:40,692] [300-BroadcastApp]BroadcastApp:[m Sending: ce9552b8-1656-4674-8f85-23429a710719 - CLMORRMFNI (10)
[32mI[16:36:40,693] [300-BroadcastApp]BroadcastApp:[m Received ce9552b8-1656-4674-8f85-23429a710719 - CLMORRMFNI (10) from 172.10.10.0:10000
[32mI[16:36:41,666] [100-CyclonMembership]CyclonMembership:[m Channel Metrics:
In channels:
Out channels:
[32mI[16:36:41,686] [100-CyclonMembership]CyclonMembership:[m Membership Metrics:
Membership: []
ProtocolMetrics{totalEvents=135, messagesIn=0, messagesFailed=0, messagesSent=0, timers=77, notifications=0, requests=0, replies=0, customChannelEvents=58}
[32mI[16:36:41,693] [300-BroadcastApp]BroadcastApp:[m Sending: 8e72371b-34ee-4afc-9ad2-30805b70eb43 - ABXMBAXTHG (10)
[32mI[16:36:41,693] [300-BroadcastApp]BroadcastApp:[m Received 8e72371b-34ee-4afc-9ad2-30805b70eb43 - ABXMBAXTHG (10) from 172.10.10.0:10000
[32mI[16:36:42,666] [100-CyclonMembership]CyclonMembership:[m Channel Metrics:
In channels:
Out channels:
[32mI[16:36:42,687] [100-CyclonMembership]CyclonMembership:[m Membership Metrics:
Membership: []
ProtocolMetrics{totalEvents=137, messagesIn=0, messagesFailed=0, messagesSent=0, timers=78, notifications=0, requests=0, replies=0, customChannelEvents=59}
[32mI[16:36:42,692] [300-BroadcastApp]BroadcastApp:[m Sending: dd70589c-12bf-44ad-9001-6502e2d83152 - CMZVQEZDRN (10)
[32mI[16:36:42,692] [300-BroadcastApp]BroadcastApp:[m Received dd70589c-12bf-44ad-9001-6502e2d83152 - CMZVQEZDRN (10) from 172.10.10.0:10000
[32mI[16:36:43,666] [100-CyclonMembership]CyclonMembership:[m Channel Metrics:
In channels:
Out channels:
[32mI[16:36:43,687] [100-CyclonMembership]CyclonMembership:[m Membership Metrics:
Membership: []
ProtocolMetrics{totalEvents=140, messagesIn=0, messagesFailed=0, messagesSent=0, timers=80, notifications=0, requests=0, replies=0, customChannelEvents=60}
[32mI[16:36:43,692] [300-BroadcastApp]BroadcastApp:[m Sending: 7f1f5e94-b291-481a-9155-311a3a607713 - DHOUJGETOK (10)
[32mI[16:36:43,693] [300-BroadcastApp]BroadcastApp:[m Received 7f1f5e94-b291-481a-9155-311a3a607713 - DHOUJGETOK (10) from 172.10.10.0:10000
[32mI[16:36:44,666] [100-CyclonMembership]CyclonMembership:[m Channel Metrics:
In channels:
Out channels:
[32mI[16:36:44,687] [100-CyclonMembership]CyclonMembership:[m Membership Metrics:
Membership: []
ProtocolMetrics{totalEvents=142, messagesIn=0, messagesFailed=0, messagesSent=0, timers=81, notifications=0, requests=0, replies=0, customChannelEvents=61}
[32mI[16:36:44,693] [300-BroadcastApp]BroadcastApp:[m Sending: c57278c2-5e30-4dfb-81af-9e341dcb8e1b - ZCUFIQEIOY (10)
[32mI[16:36:44,693] [300-BroadcastApp]BroadcastApp:[m Received c57278c2-5e30-4dfb-81af-9e341dcb8e1b - ZCUFIQEIOY (10) from 172.10.10.0:10000
[32mI[16:36:45,666] [100-CyclonMembership]CyclonMembership:[m Channel Metrics:
In channels:
Out channels:
[32mI[16:36:45,688] [100-CyclonMembership]CyclonMembership:[m Membership Metrics:
Membership: []
ProtocolMetrics{totalEvents=144, messagesIn=0, messagesFailed=0, messagesSent=0, timers=82, notifications=0, requests=0, replies=0, customChannelEvents=62}
[32mI[16:36:45,692] [300-BroadcastApp]BroadcastApp:[m Sending: faec8f04-4e61-4665-961a-82bfe60c65de - HWZGABYBVB (10)
[32mI[16:36:45,692] [300-BroadcastApp]BroadcastApp:[m Received faec8f04-4e61-4665-961a-82bfe60c65de - HWZGABYBVB (10) from 172.10.10.0:10000
[32mI[16:36:46,666] [100-CyclonMembership]CyclonMembership:[m Channel Metrics:
In channels:
Out channels:
[32mI[16:36:46,687] [100-CyclonMembership]CyclonMembership:[m Membership Metrics:
Membership: []
ProtocolMetrics{totalEvents=147, messagesIn=0, messagesFailed=0, messagesSent=0, timers=84, notifications=0, requests=0, replies=0, customChannelEvents=63}
[32mI[16:36:46,692] [300-BroadcastApp]BroadcastApp:[m Sending: 5c87c0fd-8c3f-48e3-b7c9-fde51e24b931 - QOIWVBNCIX (10)
[32mI[16:36:46,693] [300-BroadcastApp]BroadcastApp:[m Received 5c87c0fd-8c3f-48e3-b7c9-fde51e24b931 - QOIWVBNCIX (10) from 172.10.10.0:10000
[32mI[16:36:47,666] [100-CyclonMembership]CyclonMembership:[m Channel Metrics:
In channels:
Out channels:
[32mI[16:36:47,687] [100-CyclonMembership]CyclonMembership:[m Membership Metrics:
Membership: []
ProtocolMetrics{totalEvents=149, messagesIn=0, messagesFailed=0, messagesSent=0, timers=85, notifications=0, requests=0, replies=0, customChannelEvents=64}
[32mI[16:36:47,693] [300-BroadcastApp]BroadcastApp:[m Sending: 0483685c-f5a9-4b4c-9deb-9993ffdf95bf - HAIGGZYJOM (10)
[32mI[16:36:47,693] [300-BroadcastApp]BroadcastApp:[m Received 0483685c-f5a9-4b4c-9deb-9993ffdf95bf - HAIGGZYJOM (10) from 172.10.10.0:10000
[32mI[16:36:48,666] [100-CyclonMembership]CyclonMembership:[m Channel Metrics:
In channels:
Out channels:
[32mI[16:36:48,685] [300-BroadcastApp]BroadcastApp:[m Stopping broadcasts
[32mI[16:36:48,687] [100-CyclonMembership]CyclonMembership:[m Membership Metrics:
Membership: []
ProtocolMetrics{totalEvents=151, messagesIn=0, messagesFailed=0, messagesSent=0, timers=86, notifications=0, requests=0, replies=0, customChannelEvents=65}
[32mI[16:36:49,666] [100-CyclonMembership]CyclonMembership:[m Channel Metrics:
In channels:
Out channels:
[32mI[16:36:49,687] [100-CyclonMembership]CyclonMembership:[m Membership Metrics:
Membership: []
ProtocolMetrics{totalEvents=154, messagesIn=0, messagesFailed=0, messagesSent=0, timers=88, notifications=0, requests=0, replies=0, customChannelEvents=66}
[32mI[16:36:50,666] [100-CyclonMembership]CyclonMembership:[m Channel Metrics:
In channels:
Out channels:
[32mI[16:36:50,688] [100-CyclonMembership]CyclonMembership:[m Membership Metrics:
Membership: []
ProtocolMetrics{totalEvents=156, messagesIn=0, messagesFailed=0, messagesSent=0, timers=89, notifications=0, requests=0, replies=0, customChannelEvents=67}
[32mI[16:36:51,666] [100-CyclonMembership]CyclonMembership:[m Channel Metrics:
In channels:
Out channels:
[32mI[16:36:51,688] [100-CyclonMembership]CyclonMembership:[m Membership Metrics:
Membership: []
ProtocolMetrics{totalEvents=158, messagesIn=0, messagesFailed=0, messagesSent=0, timers=90, notifications=0, requests=0, replies=0, customChannelEvents=68}
[32mI[16:36:52,666] [100-CyclonMembership]CyclonMembership:[m Channel Metrics:
In channels:
Out channels:
[32mI[16:36:52,688] [100-CyclonMembership]CyclonMembership:[m Membership Metrics:
Membership: []
ProtocolMetrics{totalEvents=161, messagesIn=0, messagesFailed=0, messagesSent=0, timers=92, notifications=0, requests=0, replies=0, customChannelEvents=69}
[32mI[16:36:53,666] [100-CyclonMembership]CyclonMembership:[m Channel Metrics:
In channels:
Out channels:
[32mI[16:36:53,686] [300-BroadcastApp]BroadcastApp:[m Exiting...
[32mI[16:36:53,687] [Thread-1]Main:[m Goodbye
